2020-09-09 17:27:06,218 - 智能上传 - INFO - 判断如果已存在文件则跳过信息填写
2020-09-09 17:27:07,931 - 智能上传 - INFO - 点击上传
2020-09-09 17:27:08,709 - 智能上传 - INFO - 上传文件D:\用例文件\华通热力-半年报-19年半年报\04财务报表附注.doc
2020-09-09 17:27:11,584 - 智能上传 - INFO - 判断上传进度
2020-09-09 17:27:11,995 - 智能上传 - INFO - 100%成功
2020-09-09 17:27:12,868 - 智能上传 - INFO - 点击上传
2020-09-09 17:27:13,434 - 智能上传 - INFO - 上传文件D:\用例文件\华通热力-半年报-19年半年报\2019年半年度报告全文.doc
2020-09-09 17:27:15,953 - 智能上传 - INFO - 判断上传进度
2020-09-09 17:27:18,243 - 智能上传 - INFO - 100%成功
2020-09-09 17:27:19,153 - 智能上传 - INFO - 点击上传
2020-09-09 17:27:19,704 - 智能上传 - INFO - 上传文件D:\用例文件\华通热力-半年报-19年半年报\华通2019630审阅财务报表.xlsx
2020-09-09 17:27:22,236 - 智能上传 - INFO - 判断上传进度
2020-09-09 17:27:22,589 - 智能上传 - INFO - 100%成功
2020-09-09 17:27:36,212 - 智能上传 - INFO - 判断如果已存在文件则跳过信息填写
2020-09-09 17:27:36,212 - 智能上传 - INFO - 判断如果已存在文件则跳过信息填写
2020-09-09 17:27:38,286 - 智能上传 - INFO - 点击上传
2020-09-09 17:27:38,286 - 智能上传 - INFO - 点击上传
2020-09-09 17:27:38,938 - 智能上传 - INFO - 上传文件D:\用例文件\华通热力-年报-18年年报\cover.doc
2020-09-09 17:27:38,938 - 智能上传 - INFO - 上传文件D:\用例文件\华通热力-年报-18年年报\cover.doc
2020-09-09 17:27:41,847 - 智能上传 - INFO - 判断上传进度
2020-09-09 17:27:41,847 - 智能上传 - INFO - 判断上传进度
2020-09-09 17:27:42,314 - 智能上传 - INFO - 100%成功
2020-09-09 17:27:42,314 - 智能上传 - INFO - 100%成功
2020-09-09 17:27:43,289 - 智能上传 - INFO - 点击上传
2020-09-09 17:27:43,289 - 智能上传 - INFO - 点击上传
2020-09-09 17:27:43,868 - 智能上传 - INFO - 上传文件D:\用例文件\华通热力-年报-18年年报\审计报告.doc
2020-09-09 17:27:43,868 - 智能上传 - INFO - 上传文件D:\用例文件\华通热力-年报-18年年报\审计报告.doc
2020-09-09 17:27:46,531 - 智能上传 - INFO - 判断上传进度
2020-09-09 17:27:46,531 - 智能上传 - INFO - 判断上传进度
2020-09-09 17:27:46,815 - 智能上传 - INFO - 100%成功
2020-09-09 17:27:46,815 - 智能上传 - INFO - 100%成功
2020-09-09 17:27:47,792 - 智能上传 - INFO - 点击上传
2020-09-09 17:27:47,792 - 智能上传 - INFO - 点击上传
2020-09-09 17:27:48,350 - 智能上传 - INFO - 上传文件D:\用例文件\华通热力-年报-18年年报\财务报表(2018)华通热力.xlsx
2020-09-09 17:27:48,350 - 智能上传 - INFO - 上传文件D:\用例文件\华通热力-年报-18年年报\财务报表(2018)华通热力.xlsx
2020-09-09 17:27:51,093 - 智能上传 - INFO - 判断上传进度
2020-09-09 17:27:51,093 - 智能上传 - INFO - 判断上传进度
2020-09-09 17:27:51,267 - 智能上传 - INFO - 100%成功
2020-09-09 17:27:51,267 - 智能上传 - INFO - 100%成功
2020-09-09 17:27:52,244 - 智能上传 - INFO - 点击上传
2020-09-09 17:27:52,244 - 智能上传 - INFO - 点击上传
2020-09-09 17:27:52,800 - 智能上传 - INFO - 上传文件D:\用例文件\华通热力-年报-18年年报\财务报表附注(2018)华通热.doc
2020-09-09 17:27:52,800 - 智能上传 - INFO - 上传文件D:\用例文件\华通热力-年报-18年年报\财务报表附注(2018)华通热.doc
2020-09-09 17:27:55,343 - 智能上传 - INFO - 判断上传进度
2020-09-09 17:27:55,343 - 智能上传 - INFO - 判断上传进度
2020-09-09 17:27:55,663 - 智能上传 - INFO - 100%成功
2020-09-09 17:27:55,663 - 智能上传 - INFO - 100%成功
2020-09-09 17:28:10,183 - 智能上传 - INFO - 判断如果已存在文件则跳过信息填写
2020-09-09 17:28:10,183 - 智能上传 - INFO - 判断如果已存在文件则跳过信息填写
2020-09-09 17:28:12,613 - 智能上传 - INFO - 点击上传
2020-09-09 17:28:12,613 - 智能上传 - INFO - 点击上传
2020-09-09 17:28:13,400 - 智能上传 - INFO - 上传文件D:\用例文件\宝明科技-创业板\招股说明书.doc
2020-09-09 17:28:13,400 - 智能上传 - INFO - 上传文件D:\用例文件\宝明科技-创业板\招股说明书.doc
2020-09-09 17:28:15,959 - 智能上传 - INFO - 判断上传进度
2020-09-09 17:28:15,959 - 智能上传 - INFO - 判断上传进度
2020-09-09 17:28:16,773 - 智能上传 - INFO - 100%成功
2020-09-09 17:28:16,773 - 智能上传 - INFO - 100%成功
2020-09-09 17:28:18,095 - 智能上传 - INFO - 点击上传
2020-09-09 17:28:18,095 - 智能上传 - INFO - 点击上传
2020-09-09 17:28:18,641 - 智能上传 - INFO - 上传文件D:\用例文件\宝明科技-创业板\财务报表.xls
2020-09-09 17:28:18,641 - 智能上传 - INFO - 上传文件D:\用例文件\宝明科技-创业板\财务报表.xls
2020-09-09 17:28:21,240 - 智能上传 - INFO - 判断上传进度
2020-09-09 17:28:21,240 - 智能上传 - INFO - 判断上传进度
