2020-08-28 22:26:17,110 - 测试真实姓名输入浮点数点保存时 - INFO - 登录账号
2020-08-28 22:26:21,951 - 测试真实姓名输入浮点数点保存时 - INFO - 进入个人信息编辑页
2020-08-28 22:26:24,184 - 测试真实姓名输入浮点数点保存时 - INFO - 真实姓名输入3.1415
2020-08-28 22:26:24,421 - 测试真实姓名输入浮点数点保存时 - INFO - 输入内容3.1415
2020-08-28 22:26:24,421 - 测试真实姓名输入浮点数点保存时 - INFO - 点保存
2020-08-28 22:26:24,500 - 测试真实姓名输入浮点数点保存时 - INFO - 验证结果
2020-08-28 22:26:26,138 - 测试真实姓名输入浮点数点保存时 - INFO - 保存交互正常
2020-08-28 22:26:27,337 - 测试真实姓名输入浮点数点保存时 - INFO - 保存数据正常
2020-08-28 22:26:35,711 - 测试真实姓名输入混合类型数据时 - INFO - 登录账号
2020-08-28 22:26:42,368 - 测试真实姓名输入混合类型数据时 - INFO - 进入个人信息编辑页
2020-08-28 22:26:44,720 - 测试真实姓名输入混合类型数据时 - INFO - 真实姓名输入@123#$撒大大
2020-08-28 22:26:44,929 - 测试真实姓名输入混合类型数据时 - INFO - 输入内容@123#$撒大大
2020-08-28 22:26:44,929 - 测试真实姓名输入混合类型数据时 - INFO - 验证结果
2020-08-28 22:26:45,966 - 测试真实姓名输入混合类型数据时 - INFO - 正常
2020-08-28 22:26:53,576 - 测试真实姓名输入混合类型数据点保存时 - INFO - 登录账号
2020-08-28 22:26:58,153 - 测试真实姓名输入混合类型数据点保存时 - INFO - 进入个人信息编辑页
2020-08-28 22:27:00,383 - 测试真实姓名输入混合类型数据点保存时 - INFO - 真实姓名输入@123#$撒大大
2020-08-28 22:27:00,664 - 测试真实姓名输入混合类型数据点保存时 - INFO - 输入内容@123#$撒大大
2020-08-28 22:27:00,664 - 测试真实姓名输入混合类型数据点保存时 - INFO - 点保存
2020-08-28 22:27:00,802 - 测试真实姓名输入混合类型数据点保存时 - INFO - 验证结果
2020-08-28 22:27:01,877 - 测试真实姓名输入混合类型数据点保存时 - INFO - 保存交互正常
2020-08-28 22:27:02,933 - 测试真实姓名输入混合类型数据点保存时 - INFO - 保存数据正常
