2020-08-18 19:37:02,339 - 测试真实姓名输入特殊字符点保存时 - INFO - 登录账号
2020-08-18 19:37:07,593 - 测试真实姓名输入特殊字符点保存时 - INFO - 进入个人信息编辑页
2020-08-18 19:37:09,994 - 测试真实姓名输入特殊字符点保存时 - INFO - 真实姓名输入@
2020-08-18 19:37:10,259 - 测试真实姓名输入特殊字符点保存时 - INFO - 点保存
2020-08-18 19:37:10,382 - 测试真实姓名输入特殊字符点保存时 - INFO - 验证结果
2020-08-18 19:37:11,516 - 测试真实姓名输入特殊字符点保存时 - INFO - 正常
2020-08-18 19:37:18,448 - 测试真实姓名输入整数时 - INFO - 登录账号
2020-08-18 19:37:23,885 - 测试真实姓名输入整数时 - INFO - 进入个人信息编辑页
2020-08-18 19:37:26,233 - 测试真实姓名输入整数时 - INFO - 真实姓名输入12312
2020-08-18 19:37:26,537 - 测试真实姓名输入整数时 - INFO - 点保存
2020-08-18 19:37:26,650 - 测试真实姓名输入整数时 - INFO - 验证结果
2020-08-18 19:37:27,690 - 测试真实姓名输入整数时 - INFO - 没有提示只限中文字符
2020-08-18 19:37:37,140 - 测试真实姓名输入整数点保存时 - INFO - 登录账号
2020-08-18 19:37:43,168 - 测试真实姓名输入整数点保存时 - INFO - 进入个人信息编辑页
2020-08-18 19:37:45,685 - 测试真实姓名输入整数点保存时 - INFO - 真实姓名输入12312
2020-08-18 19:37:46,022 - 测试真实姓名输入整数点保存时 - INFO - 点保存
2020-08-18 19:37:46,175 - 测试真实姓名输入整数点保存时 - INFO - 验证结果
2020-08-18 19:37:47,220 - 测试真实姓名输入整数点保存时 - INFO - 正常
2020-08-18 19:37:53,808 - 测试真实姓名输入浮点数时 - INFO - 登录账号
2020-08-18 19:38:01,073 - 测试真实姓名输入浮点数时 - INFO - 进入个人信息编辑页
2020-08-18 19:38:03,578 - 测试真实姓名输入浮点数时 - INFO - 真实姓名输入3.1415
2020-08-18 19:38:03,977 - 测试真实姓名输入浮点数时 - INFO - 点保存
2020-08-18 19:38:04,195 - 测试真实姓名输入浮点数时 - INFO - 验证结果
2020-08-18 19:38:05,236 - 测试真实姓名输入浮点数时 - INFO - 没有提示只限中文字符
