2020-08-28 22:28:14,648 - 测试公司名字输入特殊字符时 - INFO - 登录账号
2020-08-28 22:28:19,579 - 测试公司名字输入特殊字符时 - INFO - 进入个人信息编辑页
2020-08-28 22:28:21,919 - 测试公司名字输入特殊字符时 - INFO - 昵称输入@
2020-08-28 22:28:22,111 - 测试公司名字输入特殊字符时 - INFO - 验证
2020-08-28 22:28:22,112 - 测试公司名字输入特殊字符时 - INFO - 验证结果
2020-08-28 22:28:23,149 - 测试公司名字输入特殊字符时 - INFO - 正常
2020-08-28 22:28:28,807 - 测试公司名字输入特殊字符点保存时 - INFO - 登录账号
2020-08-28 22:28:33,220 - 测试公司名字输入特殊字符点保存时 - INFO - 进入个人信息编辑页
2020-08-28 22:28:35,445 - 测试公司名字输入特殊字符点保存时 - INFO - 昵称输入@
2020-08-28 22:28:35,581 - 测试公司名字输入特殊字符点保存时 - INFO - 点保存
2020-08-28 22:28:36,713 - 测试公司名字输入特殊字符点保存时 - INFO - 验证结果
2020-08-28 22:28:37,757 - 测试公司名字输入特殊字符点保存时 - INFO - 保存交互正常
2020-08-28 22:28:38,812 - 测试公司名字输入特殊字符点保存时 - INFO - 保存数据正常
2020-08-28 22:28:44,675 - 测试公司名字输入整数时 - INFO - 登录账号
2020-08-28 22:28:49,534 - 测试公司名字输入整数时 - INFO - 进入个人信息编辑页
2020-08-28 22:28:51,893 - 测试公司名字输入整数时 - INFO - 昵称输入12312
2020-08-28 22:28:52,081 - 测试公司名字输入整数时 - INFO - 验证
2020-08-28 22:28:52,081 - 测试公司名字输入整数时 - INFO - 验证结果
2020-08-28 22:28:53,120 - 测试公司名字输入整数时 - INFO - 正常
2020-08-28 22:28:58,719 - 测试公司名字输入整数点保存时 - INFO - 登录账号
2020-08-28 22:29:03,128 - 测试公司名字输入整数点保存时 - INFO - 进入个人信息编辑页
2020-08-28 22:29:05,337 - 测试公司名字输入整数点保存时 - INFO - 昵称输入12312
2020-08-28 22:29:05,510 - 测试公司名字输入整数点保存时 - INFO - 点保存
2020-08-28 22:29:06,746 - 测试公司名字输入整数点保存时 - INFO - 验证结果
2020-08-28 22:29:07,804 - 测试公司名字输入整数点保存时 - INFO - 保存交互正常
2020-08-28 22:29:08,898 - 测试公司名字输入整数点保存时 - INFO - 保存数据正常
