2020-08-18 19:49:05,914 - 测试真实姓名输入整数点保存时 - INFO - 登录账号
2020-08-18 19:49:11,664 - 测试真实姓名输入整数点保存时 - INFO - 进入个人信息编辑页
2020-08-18 19:49:14,145 - 测试真实姓名输入整数点保存时 - INFO - 真实姓名输入12312
2020-08-18 19:49:14,793 - 测试真实姓名输入整数点保存时 - INFO - 点保存
2020-08-18 19:49:15,034 - 测试真实姓名输入整数点保存时 - INFO - 验证结果
2020-08-18 19:49:16,078 - 测试真实姓名输入整数点保存时 - INFO - 正常
2020-08-18 19:49:23,539 - 测试真实姓名输入浮点数时 - INFO - 登录账号
2020-08-18 19:49:27,855 - 测试真实姓名输入浮点数时 - INFO - 进入个人信息编辑页
2020-08-18 19:49:30,130 - 测试真实姓名输入浮点数时 - INFO - 真实姓名输入3.1415
2020-08-18 19:49:30,583 - 测试真实姓名输入浮点数时 - INFO - 验证结果
2020-08-18 19:49:31,624 - 测试真实姓名输入浮点数时 - INFO - 正常
2020-08-18 19:49:39,086 - 测试真实姓名输入浮点数点保存时 - INFO - 登录账号
2020-08-18 19:49:43,790 - 测试真实姓名输入浮点数点保存时 - INFO - 进入个人信息编辑页
2020-08-18 19:49:46,154 - 测试真实姓名输入浮点数点保存时 - INFO - 真实姓名输入3.1415
2020-08-18 19:49:46,392 - 测试真实姓名输入浮点数点保存时 - INFO - 点保存
2020-08-18 19:49:46,485 - 测试真实姓名输入浮点数点保存时 - INFO - 验证结果
2020-08-18 19:49:47,537 - 测试真实姓名输入浮点数点保存时 - INFO - 正常
2020-08-18 19:49:54,207 - 测试真实姓名输入混合类型数据时 - INFO - 登录账号
2020-08-18 19:49:58,862 - 测试真实姓名输入混合类型数据时 - INFO - 进入个人信息编辑页
2020-08-18 19:50:01,337 - 测试真实姓名输入混合类型数据时 - INFO - 真实姓名输入@123#$撒大大
2020-08-18 19:50:01,939 - 测试真实姓名输入混合类型数据时 - INFO - 验证结果
2020-08-18 19:50:02,988 - 测试真实姓名输入混合类型数据时 - INFO - 正常
