2020-09-03 10:20:12,231 - 测试【邮箱账号】有必填项单选入【重组报告】保存 - INFO - 使用【邮箱】登录
2020-09-03 10:20:17,735 - 测试【邮箱账号】有必填项单选入【重组报告】保存 - INFO - 进入意见页面
2020-09-03 10:20:19,483 - 测试【邮箱账号】有必填项单选入【重组报告】保存 - INFO - 输入必填项【哇哇哇】
2020-09-03 10:20:22,795 - 测试【邮箱账号】有必填项单选入【重组报告】保存 - INFO - 勾选【重组报告】
2020-09-03 10:20:27,865 - 测试【邮箱账号】有必填项单选入【重组报告】保存 - INFO - 点击保存
2020-09-03 10:20:27,958 - 测试【邮箱账号】有必填项单选入【重组报告】保存 - INFO - 验证提示
2020-09-03 10:20:28,607 - 测试【邮箱账号】有必填项单选入【重组报告】保存 - INFO - 提示验证成功
2020-09-03 10:20:28,607 - 测试【邮箱账号】有必填项单选入【重组报告】保存 - INFO - 验证数据
2020-09-03 10:20:28,723 - 测试【邮箱账号】有必填项单选入【重组报告】保存 - INFO - 数据验证成功
2020-09-03 10:20:36,163 - 测试【邮箱账号】有必填项单选入【基金募集报告】保存 - INFO - 使用【邮箱】登录
2020-09-03 10:20:40,624 - 测试【邮箱账号】有必填项单选入【基金募集报告】保存 - INFO - 进入意见页面
2020-09-03 10:20:42,315 - 测试【邮箱账号】有必填项单选入【基金募集报告】保存 - INFO - 输入必填项【哇哇哇】
2020-09-03 10:20:45,281 - 测试【邮箱账号】有必填项单选入【基金募集报告】保存 - INFO - 勾选【基金募集报告】
2020-09-03 10:20:50,396 - 测试【邮箱账号】有必填项单选入【基金募集报告】保存 - INFO - 点击保存
2020-09-03 10:20:50,493 - 测试【邮箱账号】有必填项单选入【基金募集报告】保存 - INFO - 验证提示
2020-09-03 10:20:51,344 - 测试【邮箱账号】有必填项单选入【基金募集报告】保存 - INFO - 提示验证成功
2020-09-03 10:20:51,344 - 测试【邮箱账号】有必填项单选入【基金募集报告】保存 - INFO - 验证数据
2020-09-03 10:20:51,461 - 测试【邮箱账号】有必填项单选入【基金募集报告】保存 - INFO - 数据验证成功
2020-09-03 10:20:58,787 - 测试【邮箱账号】有必填项单选入【其他再融资报告】保存 - INFO - 使用【邮箱】登录
2020-09-03 10:21:03,344 - 测试【邮箱账号】有必填项单选入【其他再融资报告】保存 - INFO - 进入意见页面
2020-09-03 10:21:04,958 - 测试【邮箱账号】有必填项单选入【其他再融资报告】保存 - INFO - 输入必填项【哇哇哇】
2020-09-03 10:21:07,907 - 测试【邮箱账号】有必填项单选入【其他再融资报告】保存 - INFO - 勾选【其他再融资报告】
2020-09-03 10:21:12,991 - 测试【邮箱账号】有必填项单选入【其他再融资报告】保存 - INFO - 点击保存
2020-09-03 10:21:13,088 - 测试【邮箱账号】有必填项单选入【其他再融资报告】保存 - INFO - 验证提示
2020-09-03 10:21:13,697 - 测试【邮箱账号】有必填项单选入【其他再融资报告】保存 - INFO - 提示验证成功
2020-09-03 10:21:13,697 - 测试【邮箱账号】有必填项单选入【其他再融资报告】保存 - INFO - 验证数据
2020-09-03 10:21:13,815 - 测试【邮箱账号】有必填项单选入【其他再融资报告】保存 - INFO - 数据验证成功
