2020-09-09 18:16:10,988 - 测试真实姓名输入整数点保存时 - INFO - 登录账号
2020-09-09 18:16:15,174 - 测试真实姓名输入整数点保存时 - INFO - 进入个人信息编辑页
2020-09-09 18:16:17,415 - 测试真实姓名输入整数点保存时 - INFO - 真实姓名输入12312
2020-09-09 18:16:17,619 - 测试真实姓名输入整数点保存时 - INFO - 输入内容12312
2020-09-09 18:16:17,619 - 测试真实姓名输入整数点保存时 - INFO - 点保存
2020-09-09 18:16:17,706 - 测试真实姓名输入整数点保存时 - INFO - 验证结果
2020-09-09 18:16:18,754 - 测试真实姓名输入整数点保存时 - INFO - 保存交互正常
2020-09-09 18:16:20,306 - 测试真实姓名输入整数点保存时 - INFO - 保存数据正常
2020-09-09 18:16:26,858 - 测试真实姓名输入浮点数时 - INFO - 登录账号
2020-09-09 18:16:31,197 - 测试真实姓名输入浮点数时 - INFO - 进入个人信息编辑页
2020-09-09 18:16:33,380 - 测试真实姓名输入浮点数时 - INFO - 真实姓名输入3.1415
2020-09-09 18:16:33,546 - 测试真实姓名输入浮点数时 - INFO - 输入内容3.1415
2020-09-09 18:16:33,546 - 测试真实姓名输入浮点数时 - INFO - 验证结果
2020-09-09 18:16:34,570 - 测试真实姓名输入浮点数时 - INFO - 正常
2020-09-09 18:16:40,846 - 测试真实姓名输入浮点数点保存时 - INFO - 登录账号
2020-09-09 18:16:45,044 - 测试真实姓名输入浮点数点保存时 - INFO - 进入个人信息编辑页
2020-09-09 18:16:47,341 - 测试真实姓名输入浮点数点保存时 - INFO - 真实姓名输入3.1415
2020-09-09 18:16:47,534 - 测试真实姓名输入浮点数点保存时 - INFO - 输入内容3.1415
2020-09-09 18:16:47,534 - 测试真实姓名输入浮点数点保存时 - INFO - 点保存
2020-09-09 18:16:47,616 - 测试真实姓名输入浮点数点保存时 - INFO - 验证结果
2020-09-09 18:16:48,650 - 测试真实姓名输入浮点数点保存时 - INFO - 保存交互正常
2020-09-09 18:16:50,216 - 测试真实姓名输入浮点数点保存时 - INFO - 保存数据正常
2020-09-09 18:16:56,488 - 测试真实姓名输入混合类型数据时 - INFO - 登录账号
2020-09-09 18:17:00,643 - 测试真实姓名输入混合类型数据时 - INFO - 进入个人信息编辑页
2020-09-09 18:17:02,874 - 测试真实姓名输入混合类型数据时 - INFO - 真实姓名输入@123#$撒大大
2020-09-09 18:17:03,120 - 测试真实姓名输入混合类型数据时 - INFO - 输入内容@123#$撒大大
2020-09-09 18:17:03,121 - 测试真实姓名输入混合类型数据时 - INFO - 验证结果
2020-09-09 18:17:04,159 - 测试真实姓名输入混合类型数据时 - INFO - 正常
