2020-09-07 16:47:18,870 - name - INFO - 登录账号
2020-09-07 16:47:24,205 - name - INFO - 进入积分充值页
2020-09-07 16:47:25,500 - name - INFO - 金额输入框输入1
2020-09-07 16:47:27,583 - name - INFO - 邮政编码输入“7”位数
2020-09-07 16:47:29,873 - name - INFO - 验证实际输入个数
2020-09-07 16:47:29,889 - name - INFO - 没有位数限制
2020-09-07 16:47:37,964 - name - INFO - 登录账号
2020-09-07 16:47:37,964 - name - INFO - 登录账号
2020-09-07 16:47:43,526 - name - INFO - 进入积分充值页
2020-09-07 16:47:43,526 - name - INFO - 进入积分充值页
2020-09-07 16:47:45,129 - name - INFO - 金额输入框输入1
2020-09-07 16:47:45,129 - name - INFO - 金额输入框输入1
2020-09-07 16:47:47,337 - name - INFO - 联系人输入“11”位数
2020-09-07 16:47:47,337 - name - INFO - 联系人输入“11”位数
2020-09-07 16:47:49,676 - name - INFO - 验证实际输入个数
2020-09-07 16:47:49,676 - name - INFO - 验证实际输入个数
2020-09-07 16:47:49,689 - name - INFO - 没有位数限制
2020-09-07 16:47:49,689 - name - INFO - 没有位数限制
2020-09-07 16:47:57,882 - name - INFO - 登录账号
2020-09-07 16:47:57,882 - name - INFO - 登录账号
2020-09-07 16:47:57,882 - name - INFO - 登录账号
2020-09-07 16:48:03,240 - name - INFO - 进入积分充值页
2020-09-07 16:48:03,240 - name - INFO - 进入积分充值页
2020-09-07 16:48:03,240 - name - INFO - 进入积分充值页
2020-09-07 16:48:04,715 - name - INFO - 金额输入框输入1
2020-09-07 16:48:04,715 - name - INFO - 金额输入框输入1
2020-09-07 16:48:04,715 - name - INFO - 金额输入框输入1
2020-09-07 16:48:06,794 - name - INFO - 手机号输入“12”位数
2020-09-07 16:48:06,794 - name - INFO - 手机号输入“12”位数
2020-09-07 16:48:06,794 - name - INFO - 手机号输入“12”位数
2020-09-07 16:48:09,140 - name - INFO - 验证实际输入个数
2020-09-07 16:48:09,140 - name - INFO - 验证实际输入个数
2020-09-07 16:48:09,140 - name - INFO - 验证实际输入个数
2020-09-07 16:48:09,152 - name - INFO - 没有位数限制
2020-09-07 16:48:09,152 - name - INFO - 没有位数限制
2020-09-07 16:48:09,152 - name - INFO - 没有位数限制
