2020-07-10 19:05:43,034 - 智能上传 - INFO - 判断如果已存在文件则跳过信息填写
2020-07-10 19:06:13,156 - 智能上传 - INFO - 点击上传
2020-07-10 19:06:13,751 - 智能上传 - INFO - 上传文件D:\用例文件\先融期货-新三板-公转书\公开转让说明书-先融期货.docx
2020-07-10 19:06:16,567 - 智能上传 - INFO - 判断上传进度
2020-07-10 19:06:17,548 - 智能上传 - INFO - 100%成功
2020-07-10 19:06:18,334 - 智能上传 - INFO - 点击上传
2020-07-10 19:06:18,882 - 智能上传 - INFO - 上传文件D:\用例文件\先融期货-新三板-公转书\财务报表-.xlsx
2020-07-10 19:06:21,658 - 智能上传 - INFO - 判断上传进度
2020-07-10 19:06:21,725 - 智能上传 - INFO - 100%成功
2020-07-10 19:06:22,369 - 智能上传 - INFO - 点击上传
2020-07-10 19:06:22,914 - 智能上传 - INFO - 上传文件D:\用例文件\先融期货-新三板-公转书\财务报表附注-.docx
2020-07-10 19:06:25,570 - 智能上传 - INFO - 判断上传进度
2020-07-10 19:06:25,805 - 智能上传 - INFO - 100%成功
2020-07-10 19:06:25,805 - 智能上传 - INFO - 获取现有积分
2020-07-10 19:06:26,876 - 智能上传 - INFO - 点击开始核查
2020-07-10 19:06:26,951 - 智能上传 - INFO - 判断进度
2020-07-10 19:09:08,684 - 智能上传 - INFO - 解析完成
2020-07-10 19:09:11,120 - 智能上传 - INFO - 结果成功3个分别是['公开转让说明书-先融期货.docx', '财务报表-.xlsx', '财务报表附注-.docx']文件，
失败0个分别是[]文件,
建议['没有建议']

2020-07-10 19:09:12,121 - 智能上传 - INFO - 判断如果已存在文件则跳过信息填写
