2020-09-05 16:25:15,025 - 测试真实姓名输入如框为空点保存时 - INFO - 登录账号
2020-09-05 16:25:20,021 - 测试真实姓名输入如框为空点保存时 - INFO - 进入个人信息编辑页
2020-09-05 16:25:22,363 - 测试真实姓名输入如框为空点保存时 - INFO - 真实姓名输入【空】
2020-09-05 16:25:22,757 - 测试真实姓名输入如框为空点保存时 - INFO - 输入内容
2020-09-05 16:25:22,758 - 测试真实姓名输入如框为空点保存时 - INFO - 点保存
2020-09-05 16:25:22,834 - 测试真实姓名输入如框为空点保存时 - INFO - 验证结果
2020-09-05 16:25:23,874 - 测试真实姓名输入如框为空点保存时 - INFO - 保存交互正常
2020-09-05 16:25:25,424 - 测试真实姓名输入如框为空点保存时 - INFO - 保存数据正常
2020-09-05 16:25:32,197 - 测试真实姓名输入特殊字符时 - INFO - 登录账号
2020-09-05 16:25:36,689 - 测试真实姓名输入特殊字符时 - INFO - 进入个人信息编辑页
2020-09-05 16:25:39,014 - 测试真实姓名输入特殊字符时 - INFO - 真实姓名输入@
2020-09-05 16:25:39,305 - 测试真实姓名输入特殊字符时 - INFO - 输入内容@
2020-09-05 16:25:39,305 - 测试真实姓名输入特殊字符时 - INFO - 验证结果
2020-09-05 16:25:40,339 - 测试真实姓名输入特殊字符时 - INFO - 正常
2020-09-05 16:25:47,046 - 测试真实姓名输入特殊字符点保存时 - INFO - 登录账号
2020-09-05 16:25:52,047 - 测试真实姓名输入特殊字符点保存时 - INFO - 进入个人信息编辑页
2020-09-05 16:25:54,271 - 测试真实姓名输入特殊字符点保存时 - INFO - 真实姓名输入@
2020-09-05 16:25:54,471 - 测试真实姓名输入特殊字符点保存时 - INFO - 输入内容@
2020-09-05 16:25:54,471 - 测试真实姓名输入特殊字符点保存时 - INFO - 点保存
2020-09-05 16:25:54,552 - 测试真实姓名输入特殊字符点保存时 - INFO - 验证结果
2020-09-05 16:25:55,586 - 测试真实姓名输入特殊字符点保存时 - INFO - 保存交互正常
2020-09-05 16:25:57,137 - 测试真实姓名输入特殊字符点保存时 - INFO - 保存数据正常
