2020-09-09 18:17:11,105 - 测试公司名字输入混合类型数据点保存时 - INFO - 登录账号
2020-09-09 18:17:15,321 - 测试公司名字输入混合类型数据点保存时 - INFO - 进入个人信息编辑页
2020-09-09 18:17:17,631 - 测试公司名字输入混合类型数据点保存时 - INFO - 昵称输入@123#$撒大大
2020-09-09 18:17:17,925 - 测试公司名字输入混合类型数据点保存时 - INFO - 点保存
2020-09-09 18:17:19,603 - 测试公司名字输入混合类型数据点保存时 - INFO - 验证结果
2020-09-09 18:17:20,659 - 测试公司名字输入混合类型数据点保存时 - INFO - 保存交互正常
2020-09-09 18:17:22,213 - 测试公司名字输入混合类型数据点保存时 - INFO - 保存数据正常
2020-09-09 18:17:28,580 - 测试公司名字输入如框为空时 - INFO - 登录账号
2020-09-09 18:17:32,717 - 测试公司名字输入如框为空时 - INFO - 进入个人信息编辑页
2020-09-09 18:17:34,990 - 测试公司名字输入如框为空时 - INFO - 昵称输入【空】
2020-09-09 18:17:35,655 - 测试公司名字输入如框为空时 - INFO - 验证
2020-09-09 18:17:35,656 - 测试公司名字输入如框为空时 - INFO - 验证结果
2020-09-09 18:17:36,693 - 测试公司名字输入如框为空时 - INFO - 正常
2020-09-09 18:17:43,085 - 测试公司名字输入如框为空点保存时 - INFO - 登录账号
2020-09-09 18:17:47,405 - 测试公司名字输入如框为空点保存时 - INFO - 进入个人信息编辑页
2020-09-09 18:17:49,785 - 测试公司名字输入如框为空点保存时 - INFO - 昵称输入【空】
2020-09-09 18:17:50,332 - 测试公司名字输入如框为空点保存时 - INFO - 点保存
2020-09-09 18:17:51,947 - 测试公司名字输入如框为空点保存时 - INFO - 验证结果
2020-09-09 18:17:52,980 - 测试公司名字输入如框为空点保存时 - INFO - 保存交互正常
2020-09-09 18:17:54,521 - 测试公司名字输入如框为空点保存时 - INFO - 保存数据正常
