2020-09-03 10:24:01,493 - 测试【邮箱账号】有必填项单选入【其他股/债申报底稿】保存 - INFO - 使用【邮箱】登录
2020-09-03 10:24:06,115 - 测试【邮箱账号】有必填项单选入【其他股/债申报底稿】保存 - INFO - 进入意见页面
2020-09-03 10:24:07,749 - 测试【邮箱账号】有必填项单选入【其他股/债申报底稿】保存 - INFO - 输入必填项【哇哇哇】
2020-09-03 10:24:10,367 - 测试【邮箱账号】有必填项单选入【其他股/债申报底稿】保存 - INFO - 勾选【其他股/债申报底稿】
2020-09-03 10:24:15,436 - 测试【邮箱账号】有必填项单选入【其他股/债申报底稿】保存 - INFO - 点击保存
2020-09-03 10:24:15,553 - 测试【邮箱账号】有必填项单选入【其他股/债申报底稿】保存 - INFO - 验证提示
2020-09-03 10:24:16,529 - 测试【邮箱账号】有必填项单选入【其他股/债申报底稿】保存 - INFO - 提示验证成功
2020-09-03 10:24:16,529 - 测试【邮箱账号】有必填项单选入【其他股/债申报底稿】保存 - INFO - 验证数据
2020-09-03 10:24:16,660 - 测试【邮箱账号】有必填项单选入【其他股/债申报底稿】保存 - INFO - 数据验证成功
2020-09-03 10:24:24,006 - 测试【邮箱账号】有必填项单选入【数据一致性】保存 - INFO - 使用【邮箱】登录
2020-09-03 10:24:29,286 - 测试【邮箱账号】有必填项单选入【数据一致性】保存 - INFO - 进入意见页面
2020-09-03 10:24:30,995 - 测试【邮箱账号】有必填项单选入【数据一致性】保存 - INFO - 输入必填项【哇哇哇】
2020-09-03 10:24:33,631 - 测试【邮箱账号】有必填项单选入【数据一致性】保存 - INFO - 勾选【数据一致性】
2020-09-03 10:24:38,704 - 测试【邮箱账号】有必填项单选入【数据一致性】保存 - INFO - 点击保存
2020-09-03 10:24:38,805 - 测试【邮箱账号】有必填项单选入【数据一致性】保存 - INFO - 验证提示
2020-09-03 10:24:39,515 - 测试【邮箱账号】有必填项单选入【数据一致性】保存 - INFO - 提示验证成功
2020-09-03 10:24:39,515 - 测试【邮箱账号】有必填项单选入【数据一致性】保存 - INFO - 验证数据
2020-09-03 10:24:39,643 - 测试【邮箱账号】有必填项单选入【数据一致性】保存 - INFO - 数据验证成功
2020-09-03 10:24:46,937 - 测试【邮箱账号】有必填项单选入【财务指标】保存 - INFO - 使用【邮箱】登录
2020-09-03 10:24:51,532 - 测试【邮箱账号】有必填项单选入【财务指标】保存 - INFO - 进入意见页面
2020-09-03 10:24:53,133 - 测试【邮箱账号】有必填项单选入【财务指标】保存 - INFO - 输入必填项【哇哇哇】
2020-09-03 10:24:55,855 - 测试【邮箱账号】有必填项单选入【财务指标】保存 - INFO - 勾选【财务指标】
2020-09-03 10:25:00,933 - 测试【邮箱账号】有必填项单选入【财务指标】保存 - INFO - 点击保存
2020-09-03 10:25:01,043 - 测试【邮箱账号】有必填项单选入【财务指标】保存 - INFO - 验证提示
2020-09-03 10:25:01,821 - 测试【邮箱账号】有必填项单选入【财务指标】保存 - INFO - 提示验证成功
2020-09-03 10:25:01,821 - 测试【邮箱账号】有必填项单选入【财务指标】保存 - INFO - 验证数据
2020-09-03 10:25:01,946 - 测试【邮箱账号】有必填项单选入【财务指标】保存 - INFO - 数据验证成功
