2020-09-24 15:54:01,343 - 测试选择“银行/保险/信托/期货等金融机构” - INFO - 登录账号
2020-09-24 15:54:06,273 - 测试选择“银行/保险/信托/期货等金融机构” - INFO - 进入个人信息编辑页
2020-09-24 15:54:08,499 - 测试选择“银行/保险/信托/期货等金融机构” - INFO - 职业选择“银行/保险/信托/期货等金融机构”
2020-09-24 15:54:10,685 - 测试选择“银行/保险/信托/期货等金融机构” - INFO - 验证
2020-09-24 15:54:10,685 - 测试选择“银行/保险/信托/期货等金融机构” - INFO - 验证结果
2020-09-24 15:54:12,232 - 测试选择“银行/保险/信托/期货等金融机构” - INFO - 正常
2020-09-24 15:54:19,280 - 测试保存选择“银行/保险/信托/期货等金融机构” - INFO - 登录账号
2020-09-24 15:54:23,495 - 测试保存选择“银行/保险/信托/期货等金融机构” - INFO - 进入个人信息编辑页
2020-09-24 15:54:25,714 - 测试保存选择“银行/保险/信托/期货等金融机构” - INFO - 职业选择“银行/保险/信托/期货等金融机构”
2020-09-24 15:54:27,964 - 测试保存选择“银行/保险/信托/期货等金融机构” - INFO - 保存
2020-09-24 15:54:27,964 - 测试保存选择“银行/保险/信托/期货等金融机构” - INFO - 点保存
2020-09-24 15:54:29,513 - 测试保存选择“银行/保险/信托/期货等金融机构” - INFO - 正常
2020-09-24 15:54:36,266 - 测试选择“基金公司” - INFO - 登录账号
2020-09-24 15:54:40,507 - 测试选择“基金公司” - INFO - 进入个人信息编辑页
2020-09-24 15:54:42,852 - 测试选择“基金公司” - INFO - 职业选择“基金公司”
2020-09-24 15:54:45,085 - 测试选择“基金公司” - INFO - 验证
2020-09-24 15:54:45,085 - 测试选择“基金公司” - INFO - 验证结果
2020-09-24 15:54:46,638 - 测试选择“基金公司” - INFO - 正常
2020-09-24 15:54:53,489 - 测试保存选择“基金公司” - INFO - 登录账号
2020-09-24 15:54:58,068 - 测试保存选择“基金公司” - INFO - 进入个人信息编辑页
2020-09-24 15:55:00,290 - 测试保存选择“基金公司” - INFO - 职业选择“基金公司”
2020-09-24 15:55:02,491 - 测试保存选择“基金公司” - INFO - 保存
2020-09-24 15:55:02,491 - 测试保存选择“基金公司” - INFO - 点保存
2020-09-24 15:55:04,036 - 测试保存选择“基金公司” - INFO - 正常
