2020-09-09 18:32:12,759 - 测试【邮箱账号】有必填项单选入【其他股/债申报底稿】保存 - INFO - 使用【邮箱】登录
2020-09-09 18:32:17,063 - 测试【邮箱账号】有必填项单选入【其他股/债申报底稿】保存 - INFO - 进入意见页面
2020-09-09 18:32:18,693 - 测试【邮箱账号】有必填项单选入【其他股/债申报底稿】保存 - INFO - 输入必填项【哇哇哇】
2020-09-09 18:32:20,894 - 测试【邮箱账号】有必填项单选入【其他股/债申报底稿】保存 - INFO - 勾选【其他股/债申报底稿】
2020-09-09 18:32:25,952 - 测试【邮箱账号】有必填项单选入【其他股/债申报底稿】保存 - INFO - 点击保存
2020-09-09 18:32:26,045 - 测试【邮箱账号】有必填项单选入【其他股/债申报底稿】保存 - INFO - 验证提示
2020-09-09 18:32:26,558 - 测试【邮箱账号】有必填项单选入【其他股/债申报底稿】保存 - INFO - 提示验证成功
2020-09-09 18:32:26,559 - 测试【邮箱账号】有必填项单选入【其他股/债申报底稿】保存 - INFO - 验证数据
2020-09-09 18:32:26,675 - 测试【邮箱账号】有必填项单选入【其他股/债申报底稿】保存 - INFO - 数据保存失败
2020-09-09 18:32:33,199 - 测试【邮箱账号】有必填项单选入【数据一致性】保存 - INFO - 使用【邮箱】登录
2020-09-09 18:32:37,506 - 测试【邮箱账号】有必填项单选入【数据一致性】保存 - INFO - 进入意见页面
2020-09-09 18:32:39,176 - 测试【邮箱账号】有必填项单选入【数据一致性】保存 - INFO - 输入必填项【哇哇哇】
2020-09-09 18:32:41,533 - 测试【邮箱账号】有必填项单选入【数据一致性】保存 - INFO - 勾选【数据一致性】
2020-09-09 18:32:46,601 - 测试【邮箱账号】有必填项单选入【数据一致性】保存 - INFO - 点击保存
2020-09-09 18:32:46,693 - 测试【邮箱账号】有必填项单选入【数据一致性】保存 - INFO - 验证提示
2020-09-09 18:32:47,223 - 测试【邮箱账号】有必填项单选入【数据一致性】保存 - INFO - 提示验证成功
2020-09-09 18:32:47,224 - 测试【邮箱账号】有必填项单选入【数据一致性】保存 - INFO - 验证数据
2020-09-09 18:32:47,342 - 测试【邮箱账号】有必填项单选入【数据一致性】保存 - INFO - 数据保存失败
2020-09-09 18:32:54,154 - 测试【邮箱账号】有必填项单选入【财务指标】保存 - INFO - 使用【邮箱】登录
2020-09-09 18:32:58,335 - 测试【邮箱账号】有必填项单选入【财务指标】保存 - INFO - 进入意见页面
2020-09-09 18:33:00,004 - 测试【邮箱账号】有必填项单选入【财务指标】保存 - INFO - 输入必填项【哇哇哇】
2020-09-09 18:33:02,433 - 测试【邮箱账号】有必填项单选入【财务指标】保存 - INFO - 勾选【财务指标】
2020-09-09 18:33:07,524 - 测试【邮箱账号】有必填项单选入【财务指标】保存 - INFO - 点击保存
2020-09-09 18:33:07,616 - 测试【邮箱账号】有必填项单选入【财务指标】保存 - INFO - 验证提示
2020-09-09 18:33:08,153 - 测试【邮箱账号】有必填项单选入【财务指标】保存 - INFO - 提示验证成功
2020-09-09 18:33:08,154 - 测试【邮箱账号】有必填项单选入【财务指标】保存 - INFO - 验证数据
2020-09-09 18:33:08,284 - 测试【邮箱账号】有必填项单选入【财务指标】保存 - INFO - 数据保存失败
