2020-09-09 18:27:00,246 - 测试选择“会计师事务所/税务师事务所” - INFO - 登录账号
2020-09-09 18:27:04,422 - 测试选择“会计师事务所/税务师事务所” - INFO - 进入个人信息编辑页
2020-09-09 18:27:06,691 - 测试选择“会计师事务所/税务师事务所” - INFO - 职业选择“会计师事务所/税务师事务所”
2020-09-09 18:27:08,397 - 测试选择“会计师事务所/税务师事务所” - INFO - 验证
2020-09-09 18:27:08,397 - 测试选择“会计师事务所/税务师事务所” - INFO - 验证结果
2020-09-09 18:27:09,956 - 测试选择“会计师事务所/税务师事务所” - INFO - 正常
2020-09-09 18:27:16,366 - 测试保存选择“会计师事务所/税务师事务所” - INFO - 登录账号
2020-09-09 18:27:20,641 - 测试保存选择“会计师事务所/税务师事务所” - INFO - 进入个人信息编辑页
2020-09-09 18:27:22,950 - 测试保存选择“会计师事务所/税务师事务所” - INFO - 职业选择“会计师事务所/税务师事务所”
2020-09-09 18:27:24,629 - 测试保存选择“会计师事务所/税务师事务所” - INFO - 保存
2020-09-09 18:27:24,630 - 测试保存选择“会计师事务所/税务师事务所” - INFO - 点保存
2020-09-09 18:27:26,188 - 测试保存选择“会计师事务所/税务师事务所” - INFO - 正常
2020-09-09 18:27:32,331 - 测试选择“A股上市企业/新三板挂牌企业” - INFO - 登录账号
2020-09-09 18:27:36,533 - 测试选择“A股上市企业/新三板挂牌企业” - INFO - 进入个人信息编辑页
2020-09-09 18:27:38,809 - 测试选择“A股上市企业/新三板挂牌企业” - INFO - 职业选择“A股上市企业/新三板挂牌企业”
2020-09-09 18:27:40,494 - 测试选择“A股上市企业/新三板挂牌企业” - INFO - 验证
2020-09-09 18:27:40,494 - 测试选择“A股上市企业/新三板挂牌企业” - INFO - 验证结果
2020-09-09 18:27:42,035 - 测试选择“A股上市企业/新三板挂牌企业” - INFO - 正常
2020-09-09 18:27:48,423 - 测试保存选择“A股上市企业/新三板挂牌企业” - INFO - 登录账号
2020-09-09 18:27:52,699 - 测试保存选择“A股上市企业/新三板挂牌企业” - INFO - 进入个人信息编辑页
2020-09-09 18:27:54,903 - 测试保存选择“A股上市企业/新三板挂牌企业” - INFO - 职业选择“A股上市企业/新三板挂牌企业”
2020-09-09 18:27:56,587 - 测试保存选择“A股上市企业/新三板挂牌企业” - INFO - 保存
2020-09-09 18:27:56,587 - 测试保存选择“A股上市企业/新三板挂牌企业” - INFO - 点保存
2020-09-09 18:27:58,145 - 测试保存选择“A股上市企业/新三板挂牌企业” - INFO - 正常
