2020-09-17 09:26:33,958 - 智能上传 - INFO - 判断如果已存在文件则跳过信息填写
2020-09-17 09:27:04,173 - 智能上传 - INFO - 点击上传
2020-09-17 09:27:04,775 - 智能上传 - INFO - 上传文件D:\用例文件\宝明科技-创业板\招股说明书.doc
2020-09-17 09:27:07,649 - 智能上传 - INFO - 判断上传进度
2020-09-17 09:27:09,207 - 智能上传 - INFO - 100%成功
2020-09-17 09:27:09,888 - 智能上传 - INFO - 点击上传
2020-09-17 09:27:10,473 - 智能上传 - INFO - 上传文件D:\用例文件\宝明科技-创业板\财务报表.xls
2020-09-17 09:27:13,232 - 智能上传 - INFO - 判断上传进度
2020-09-17 09:27:13,960 - 智能上传 - INFO - 100%成功
2020-09-17 09:27:14,938 - 智能上传 - INFO - 点击上传
2020-09-17 09:27:15,487 - 智能上传 - INFO - 上传文件D:\用例文件\宝明科技-创业板\财务报表附注.docx
2020-09-17 09:27:17,979 - 智能上传 - INFO - 判断上传进度
2020-09-17 09:27:18,370 - 智能上传 - INFO - 100%成功
2020-09-17 09:27:31,755 - 智能上传 - INFO - 判断如果已存在文件则跳过信息填写
2020-09-17 09:28:02,019 - 智能上传 - INFO - 点击上传
2020-09-17 09:28:02,654 - 智能上传 - INFO - 上传文件D:\用例文件\山东玻纤-科创版-国信证券\合并报表.xlsx
2020-09-17 09:28:05,434 - 智能上传 - INFO - 判断上传进度
2020-09-17 09:28:05,854 - 智能上传 - INFO - 100%成功
2020-09-17 09:28:06,485 - 智能上传 - INFO - 点击上传
2020-09-17 09:28:07,045 - 智能上传 - INFO - 上传文件D:\用例文件\山东玻纤-科创版-国信证券\山东玻纤招股说明书.doc
2020-09-17 09:28:09,871 - 智能上传 - INFO - 判断上传进度
2020-09-17 09:28:12,227 - 智能上传 - INFO - 100%成功
2020-09-17 09:28:12,900 - 智能上传 - INFO - 点击上传
2020-09-17 09:28:13,446 - 智能上传 - INFO - 上传文件D:\用例文件\山东玻纤-科创版-国信证券\玻纤合并报告附注.doc
2020-09-17 09:28:16,153 - 智能上传 - INFO - 判断上传进度
2020-09-17 09:28:16,847 - 智能上传 - INFO - 100%成功
2020-09-17 09:28:30,617 - 智能上传 - INFO - 判断如果已存在文件则跳过信息填写
2020-09-17 09:29:00,878 - 智能上传 - INFO - 点击上传
2020-09-17 09:29:01,491 - 智能上传 - INFO - 上传文件D:\用例文件\青岛海尔-公司债\保荐机构尽职调查报告.doc
2020-09-17 09:29:04,374 - 智能上传 - INFO - 判断上传进度
2020-09-17 09:29:05,499 - 智能上传 - INFO - 100%成功
2020-09-17 09:29:06,448 - 智能上传 - INFO - 点击上传
2020-09-17 09:29:07,012 - 智能上传 - INFO - 上传文件D:\用例文件\青岛海尔-公司债\北京市金.doc
2020-09-17 09:29:09,557 - 智能上传 - INFO - 判断上传进度
2020-09-17 09:29:10,137 - 智能上传 - INFO - 100%成功
2020-09-17 09:29:10,889 - 智能上传 - INFO - 点击上传
2020-09-17 09:29:11,441 - 智能上传 - INFO - 上传文件D:\用例文件\青岛海尔-公司债\证券发行保荐书.doc
2020-09-17 09:29:14,010 - 智能上传 - INFO - 判断上传进度
2020-09-17 09:29:14,167 - 智能上传 - INFO - 100%成功
2020-09-17 09:29:15,092 - 智能上传 - INFO - 点击上传
2020-09-17 09:29:15,635 - 智能上传 - INFO - 上传文件D:\用例文件\青岛海尔-公司债\青岛海尔公开发行.doc
2020-09-17 09:29:18,074 - 智能上传 - INFO - 判断上传进度
2020-09-17 09:29:18,361 - 智能上传 - INFO - 100%成功
2020-09-17 09:29:18,987 - 智能上传 - INFO - 点击上传
2020-09-17 09:29:19,561 - 智能上传 - INFO - 上传文件D:\用例文件\青岛海尔-公司债\青岛海尔股份有限公司公开发行A股可转换公司债券募集说明书.docx
2020-09-17 09:29:22,021 - 智能上传 - INFO - 判断上传进度
2020-09-17 09:29:22,735 - 智能上传 - INFO - 100%成功
