2020-09-21 10:29:05,441 - 智能上传 - INFO - 判断如果已存在文件则跳过信息填写
2020-09-21 10:29:35,762 - 智能上传 - INFO - 点击上传
2020-09-21 10:29:36,541 - 智能上传 - INFO - 上传文件D:\用例文件\华通热力-半年报-19年半年报\04财务报表附注.doc
2020-09-21 10:29:39,227 - 智能上传 - INFO - 判断上传进度
2020-09-21 10:29:40,512 - 智能上传 - INFO - 100%成功
2020-09-21 10:29:41,273 - 智能上传 - INFO - 点击上传
2020-09-21 10:29:42,048 - 智能上传 - INFO - 上传文件D:\用例文件\华通热力-半年报-19年半年报\2019年半年度报告全文.doc
2020-09-21 10:29:44,748 - 智能上传 - INFO - 判断上传进度
2020-09-21 10:29:46,954 - 智能上传 - INFO - 100%成功
2020-09-21 10:29:47,635 - 智能上传 - INFO - 点击上传
2020-09-21 10:29:48,185 - 智能上传 - INFO - 上传文件D:\用例文件\华通热力-半年报-19年半年报\华通2019630审阅财务报表.xlsx
2020-09-21 10:29:50,651 - 智能上传 - INFO - 判断上传进度
2020-09-21 10:29:51,035 - 智能上传 - INFO - 100%成功
2020-09-21 10:30:07,649 - 智能上传 - INFO - 判断如果已存在文件则跳过信息填写
2020-09-21 10:30:37,845 - 智能上传 - INFO - 点击上传
2020-09-21 10:30:38,480 - 智能上传 - INFO - 上传文件D:\用例文件\华通热力-年报-18年年报\cover.doc
2020-09-21 10:30:41,014 - 智能上传 - INFO - 判断上传进度
2020-09-21 10:30:41,398 - 智能上传 - INFO - 100%成功
2020-09-21 10:30:42,121 - 智能上传 - INFO - 点击上传
2020-09-21 10:30:42,784 - 智能上传 - INFO - 上传文件D:\用例文件\华通热力-年报-18年年报\审计报告.doc
2020-09-21 10:30:45,668 - 智能上传 - INFO - 判断上传进度
2020-09-21 10:30:45,900 - 智能上传 - INFO - 100%成功
2020-09-21 10:30:46,486 - 智能上传 - INFO - 点击上传
2020-09-21 10:30:47,094 - 智能上传 - INFO - 上传文件D:\用例文件\华通热力-年报-18年年报\财务报表(2018)华通热力.xlsx
2020-09-21 10:30:49,526 - 智能上传 - INFO - 判断上传进度
2020-09-21 10:30:50,006 - 智能上传 - INFO - 100%成功
2020-09-21 10:30:50,612 - 智能上传 - INFO - 点击上传
2020-09-21 10:30:51,173 - 智能上传 - INFO - 上传文件D:\用例文件\华通热力-年报-18年年报\财务报表附注(2018)华通热.doc
2020-09-21 10:30:53,629 - 智能上传 - INFO - 判断上传进度
2020-09-21 10:30:54,193 - 智能上传 - INFO - 100%成功
2020-09-21 10:31:07,748 - 智能上传 - INFO - 判断如果已存在文件则跳过信息填写
2020-09-21 10:31:37,951 - 智能上传 - INFO - 点击上传
2020-09-21 10:31:38,554 - 智能上传 - INFO - 上传文件D:\用例文件\宝明科技-创业板\招股说明书.doc
2020-09-21 10:31:41,161 - 智能上传 - INFO - 判断上传进度
2020-09-21 10:31:42,666 - 智能上传 - INFO - 100%成功
2020-09-21 10:31:43,301 - 智能上传 - INFO - 点击上传
2020-09-21 10:31:43,892 - 智能上传 - INFO - 上传文件D:\用例文件\宝明科技-创业板\财务报表.xls
2020-09-21 10:31:46,380 - 智能上传 - INFO - 判断上传进度
2020-09-21 10:31:46,995 - 智能上传 - INFO - 100%成功
2020-09-21 10:31:48,021 - 智能上传 - INFO - 点击上传
2020-09-21 10:31:48,563 - 智能上传 - INFO - 上传文件D:\用例文件\宝明科技-创业板\财务报表附注.docx
2020-09-21 10:31:51,162 - 智能上传 - INFO - 判断上传进度
2020-09-21 10:31:51,256 - 智能上传 - INFO - 100%成功
2020-09-21 10:32:03,995 - 智能上传 - INFO - 判断如果已存在文件则跳过信息填写
2020-09-21 10:32:34,204 - 智能上传 - INFO - 点击上传
2020-09-21 10:32:34,792 - 智能上传 - INFO - 上传文件D:\用例文件\山东玻纤-科创版-国信证券\合并报表.xlsx
2020-09-21 10:32:37,364 - 智能上传 - INFO - 判断上传进度
2020-09-21 10:32:37,822 - 智能上传 - INFO - 100%成功
2020-09-21 10:32:38,392 - 智能上传 - INFO - 点击上传
2020-09-21 10:32:39,057 - 智能上传 - INFO - 上传文件D:\用例文件\山东玻纤-科创版-国信证券\山东玻纤招股说明书.doc
2020-09-21 10:32:41,601 - 智能上传 - INFO - 判断上传进度
2020-09-21 10:32:44,139 - 智能上传 - INFO - 100%成功
2020-09-21 10:32:45,100 - 智能上传 - INFO - 点击上传
2020-09-21 10:32:45,644 - 智能上传 - INFO - 上传文件D:\用例文件\山东玻纤-科创版-国信证券\玻纤合并报告附注.doc
2020-09-21 10:32:48,040 - 智能上传 - INFO - 判断上传进度
2020-09-21 10:32:48,927 - 智能上传 - INFO - 100%成功
2020-09-21 10:33:01,449 - 智能上传 - INFO - 判断如果已存在文件则跳过信息填写
2020-09-21 10:33:31,692 - 智能上传 - INFO - 点击上传
2020-09-21 10:33:32,392 - 智能上传 - INFO - 上传文件D:\用例文件\青岛海尔-公司债\保荐机构尽职调查报告.doc
2020-09-21 10:33:34,946 - 智能上传 - INFO - 判断上传进度
2020-09-21 10:33:36,101 - 智能上传 - INFO - 100%成功
2020-09-21 10:33:37,113 - 智能上传 - INFO - 点击上传
2020-09-21 10:33:37,707 - 智能上传 - INFO - 上传文件D:\用例文件\青岛海尔-公司债\北京市金.doc
2020-09-21 10:33:40,344 - 智能上传 - INFO - 判断上传进度
2020-09-21 10:33:41,461 - 智能上传 - INFO - 100%成功
2020-09-21 10:33:42,092 - 智能上传 - INFO - 点击上传
2020-09-21 10:33:42,637 - 智能上传 - INFO - 上传文件D:\用例文件\青岛海尔-公司债\证券发行保荐书.doc
2020-09-21 10:33:45,265 - 智能上传 - INFO - 判断上传进度
2020-09-21 10:33:45,413 - 智能上传 - INFO - 100%成功
2020-09-21 10:33:46,336 - 智能上传 - INFO - 点击上传
2020-09-21 10:33:46,877 - 智能上传 - INFO - 上传文件D:\用例文件\青岛海尔-公司债\青岛海尔公开发行.doc
2020-09-21 10:33:49,541 - 智能上传 - INFO - 判断上传进度
2020-09-21 10:33:49,707 - 智能上传 - INFO - 100%成功
2020-09-21 10:33:50,355 - 智能上传 - INFO - 点击上传
2020-09-21 10:33:50,924 - 智能上传 - INFO - 上传文件D:\用例文件\青岛海尔-公司债\青岛海尔股份有限公司公开发行A股可转换公司债券募集说明书.docx
2020-09-21 10:33:53,404 - 智能上传 - INFO - 判断上传进度
2020-09-21 10:33:54,414 - 智能上传 - INFO - 100%成功
