2020-08-28 22:10:00,992 - 测试真实姓名输入如框为空点保存时 - INFO - 登录账号
2020-08-28 22:10:07,218 - 测试真实姓名输入如框为空点保存时 - INFO - 进入个人信息编辑页
2020-08-28 22:10:09,537 - 测试真实姓名输入如框为空点保存时 - INFO - 真实姓名输入【空】
2020-08-28 22:10:10,011 - 测试真实姓名输入如框为空点保存时 - INFO - 输入内容
2020-08-28 22:10:10,011 - 测试真实姓名输入如框为空点保存时 - INFO - 点保存
2020-08-28 22:10:10,113 - 测试真实姓名输入如框为空点保存时 - INFO - 验证结果
2020-08-28 22:10:11,167 - 测试真实姓名输入如框为空点保存时 - INFO - 保存交互正常
2020-08-28 22:10:12,217 - 测试真实姓名输入如框为空点保存时 - INFO - 保存数据正常
2020-08-28 22:10:19,654 - 测试真实姓名输入特殊字符时 - INFO - 登录账号
2020-08-28 22:10:24,351 - 测试真实姓名输入特殊字符时 - INFO - 进入个人信息编辑页
2020-08-28 22:10:26,840 - 测试真实姓名输入特殊字符时 - INFO - 真实姓名输入@
2020-08-28 22:10:27,135 - 测试真实姓名输入特殊字符时 - INFO - 输入内容@
2020-08-28 22:10:27,135 - 测试真实姓名输入特殊字符时 - INFO - 验证结果
2020-08-28 22:10:28,173 - 测试真实姓名输入特殊字符时 - INFO - 正常
2020-08-28 22:10:35,195 - 测试真实姓名输入特殊字符点保存时 - INFO - 登录账号
2020-08-28 22:10:39,836 - 测试真实姓名输入特殊字符点保存时 - INFO - 进入个人信息编辑页
2020-08-28 22:10:42,349 - 测试真实姓名输入特殊字符点保存时 - INFO - 真实姓名输入@
2020-08-28 22:10:42,597 - 测试真实姓名输入特殊字符点保存时 - INFO - 输入内容@
2020-08-28 22:10:42,597 - 测试真实姓名输入特殊字符点保存时 - INFO - 点保存
2020-08-28 22:10:42,706 - 测试真实姓名输入特殊字符点保存时 - INFO - 验证结果
2020-08-28 22:10:43,746 - 测试真实姓名输入特殊字符点保存时 - INFO - 保存交互正常
2020-08-28 22:10:44,811 - 测试真实姓名输入特殊字符点保存时 - INFO - 保存数据正常
2020-08-28 22:10:51,918 - 测试真实姓名输入整数时 - INFO - 登录账号
2020-08-28 22:10:58,014 - 测试真实姓名输入整数时 - INFO - 进入个人信息编辑页
2020-08-28 22:11:00,370 - 测试真实姓名输入整数时 - INFO - 真实姓名输入12312
2020-08-28 22:11:00,596 - 测试真实姓名输入整数时 - INFO - 输入内容12312
2020-08-28 22:11:00,596 - 测试真实姓名输入整数时 - INFO - 验证结果
2020-08-28 22:11:01,631 - 测试真实姓名输入整数时 - INFO - 正常
