2020-09-09 18:39:11,706 - 测试【邮箱账号】有必填项单选入【中介文件一致性引用】保存 - INFO - 使用【邮箱】登录
2020-09-09 18:39:15,938 - 测试【邮箱账号】有必填项单选入【中介文件一致性引用】保存 - INFO - 进入意见页面
2020-09-09 18:39:17,641 - 测试【邮箱账号】有必填项单选入【中介文件一致性引用】保存 - INFO - 输入必填项【哇哇哇】
2020-09-09 18:39:20,242 - 测试【邮箱账号】有必填项单选入【中介文件一致性引用】保存 - INFO - 勾选【中介文件一致性引用】
2020-09-09 18:39:25,309 - 测试【邮箱账号】有必填项单选入【中介文件一致性引用】保存 - INFO - 点击保存
2020-09-09 18:39:25,416 - 测试【邮箱账号】有必填项单选入【中介文件一致性引用】保存 - INFO - 验证提示
2020-09-09 18:39:25,933 - 测试【邮箱账号】有必填项单选入【中介文件一致性引用】保存 - INFO - 提示验证成功
2020-09-09 18:39:25,934 - 测试【邮箱账号】有必填项单选入【中介文件一致性引用】保存 - INFO - 验证数据
2020-09-09 18:39:26,046 - 测试【邮箱账号】有必填项单选入【中介文件一致性引用】保存 - INFO - 数据保存失败
2020-09-09 18:39:32,965 - 测试【邮箱账号】有必填项单选入【信披完备性】保存 - INFO - 使用【邮箱】登录
2020-09-09 18:39:37,160 - 测试【邮箱账号】有必填项单选入【信披完备性】保存 - INFO - 进入意见页面
2020-09-09 18:39:38,769 - 测试【邮箱账号】有必填项单选入【信披完备性】保存 - INFO - 输入必填项【哇哇哇】
2020-09-09 18:39:41,250 - 测试【邮箱账号】有必填项单选入【信披完备性】保存 - INFO - 勾选【信披完备性】
2020-09-09 18:39:46,333 - 测试【邮箱账号】有必填项单选入【信披完备性】保存 - INFO - 点击保存
2020-09-09 18:39:46,432 - 测试【邮箱账号】有必填项单选入【信披完备性】保存 - INFO - 验证提示
2020-09-09 18:39:46,955 - 测试【邮箱账号】有必填项单选入【信披完备性】保存 - INFO - 提示验证成功
2020-09-09 18:39:46,955 - 测试【邮箱账号】有必填项单选入【信披完备性】保存 - INFO - 验证数据
2020-09-09 18:39:47,076 - 测试【邮箱账号】有必填项单选入【信披完备性】保存 - INFO - 数据保存失败
2020-09-09 18:39:53,930 - 测试【邮箱账号】有必填项单选入【语句/段落描述完整性】保存 - INFO - 使用【邮箱】登录
2020-09-09 18:39:58,109 - 测试【邮箱账号】有必填项单选入【语句/段落描述完整性】保存 - INFO - 进入意见页面
2020-09-09 18:39:59,733 - 测试【邮箱账号】有必填项单选入【语句/段落描述完整性】保存 - INFO - 输入必填项【哇哇哇】
2020-09-09 18:40:02,415 - 测试【邮箱账号】有必填项单选入【语句/段落描述完整性】保存 - INFO - 勾选【语句/段落描述完整性】
2020-09-09 18:40:07,514 - 测试【邮箱账号】有必填项单选入【语句/段落描述完整性】保存 - INFO - 点击保存
2020-09-09 18:40:07,616 - 测试【邮箱账号】有必填项单选入【语句/段落描述完整性】保存 - INFO - 验证提示
2020-09-09 18:40:08,314 - 测试【邮箱账号】有必填项单选入【语句/段落描述完整性】保存 - INFO - 提示验证成功
2020-09-09 18:40:08,314 - 测试【邮箱账号】有必填项单选入【语句/段落描述完整性】保存 - INFO - 验证数据
2020-09-09 18:40:08,437 - 测试【邮箱账号】有必填项单选入【语句/段落描述完整性】保存 - INFO - 数据保存失败
