2020-09-21 10:33:01,449 - 智能上传 - INFO - 判断如果已存在文件则跳过信息填写
2020-09-21 10:33:31,692 - 智能上传 - INFO - 点击上传
2020-09-21 10:33:32,392 - 智能上传 - INFO - 上传文件D:\用例文件\青岛海尔-公司债\保荐机构尽职调查报告.doc
2020-09-21 10:33:34,946 - 智能上传 - INFO - 判断上传进度
2020-09-21 10:33:36,101 - 智能上传 - INFO - 100%成功
2020-09-21 10:33:37,113 - 智能上传 - INFO - 点击上传
2020-09-21 10:33:37,707 - 智能上传 - INFO - 上传文件D:\用例文件\青岛海尔-公司债\北京市金.doc
2020-09-21 10:33:40,344 - 智能上传 - INFO - 判断上传进度
2020-09-21 10:33:41,461 - 智能上传 - INFO - 100%成功
2020-09-21 10:33:42,092 - 智能上传 - INFO - 点击上传
2020-09-21 10:33:42,637 - 智能上传 - INFO - 上传文件D:\用例文件\青岛海尔-公司债\证券发行保荐书.doc
2020-09-21 10:33:45,265 - 智能上传 - INFO - 判断上传进度
2020-09-21 10:33:45,413 - 智能上传 - INFO - 100%成功
2020-09-21 10:33:46,336 - 智能上传 - INFO - 点击上传
2020-09-21 10:33:46,877 - 智能上传 - INFO - 上传文件D:\用例文件\青岛海尔-公司债\青岛海尔公开发行.doc
2020-09-21 10:33:49,541 - 智能上传 - INFO - 判断上传进度
2020-09-21 10:33:49,707 - 智能上传 - INFO - 100%成功
2020-09-21 10:33:50,355 - 智能上传 - INFO - 点击上传
2020-09-21 10:33:50,924 - 智能上传 - INFO - 上传文件D:\用例文件\青岛海尔-公司债\青岛海尔股份有限公司公开发行A股可转换公司债券募集说明书.docx
2020-09-21 10:33:53,404 - 智能上传 - INFO - 判断上传进度
2020-09-21 10:33:54,414 - 智能上传 - INFO - 100%成功
