2020-09-09 18:18:00,813 - 测试公司名字输入特殊字符时 - INFO - 登录账号
2020-09-09 18:18:05,167 - 测试公司名字输入特殊字符时 - INFO - 进入个人信息编辑页
2020-09-09 18:18:07,518 - 测试公司名字输入特殊字符时 - INFO - 昵称输入@
2020-09-09 18:18:07,701 - 测试公司名字输入特殊字符时 - INFO - 验证
2020-09-09 18:18:07,701 - 测试公司名字输入特殊字符时 - INFO - 验证结果
2020-09-09 18:18:08,744 - 测试公司名字输入特殊字符时 - INFO - 正常
2020-09-09 18:18:15,058 - 测试公司名字输入特殊字符点保存时 - INFO - 登录账号
2020-09-09 18:18:19,264 - 测试公司名字输入特殊字符点保存时 - INFO - 进入个人信息编辑页
2020-09-09 18:18:21,480 - 测试公司名字输入特殊字符点保存时 - INFO - 昵称输入@
2020-09-09 18:18:21,596 - 测试公司名字输入特殊字符点保存时 - INFO - 点保存
2020-09-09 18:18:23,236 - 测试公司名字输入特殊字符点保存时 - INFO - 验证结果
2020-09-09 18:18:24,286 - 测试公司名字输入特殊字符点保存时 - INFO - 保存交互正常
2020-09-09 18:18:25,841 - 测试公司名字输入特殊字符点保存时 - INFO - 保存数据正常
2020-09-09 18:18:32,269 - 测试公司名字输入整数时 - INFO - 登录账号
2020-09-09 18:18:36,588 - 测试公司名字输入整数时 - INFO - 进入个人信息编辑页
2020-09-09 18:18:38,883 - 测试公司名字输入整数时 - INFO - 昵称输入12312
2020-09-09 18:18:39,143 - 测试公司名字输入整数时 - INFO - 验证
2020-09-09 18:18:39,143 - 测试公司名字输入整数时 - INFO - 验证结果
2020-09-09 18:18:40,178 - 测试公司名字输入整数时 - INFO - 正常
2020-09-09 18:18:46,595 - 测试公司名字输入整数点保存时 - INFO - 登录账号
2020-09-09 18:18:50,902 - 测试公司名字输入整数点保存时 - INFO - 进入个人信息编辑页
2020-09-09 18:18:53,194 - 测试公司名字输入整数点保存时 - INFO - 昵称输入12312
2020-09-09 18:18:53,351 - 测试公司名字输入整数点保存时 - INFO - 点保存
2020-09-09 18:18:55,009 - 测试公司名字输入整数点保存时 - INFO - 验证结果
2020-09-09 18:18:56,027 - 测试公司名字输入整数点保存时 - INFO - 保存交互正常
2020-09-09 18:18:57,703 - 测试公司名字输入整数点保存时 - INFO - 保存数据正常
