2020-08-18 17:39:05,625 - 测试昵称输入如框为空时 - INFO - 登录账号
2020-08-18 17:39:10,586 - 测试昵称输入如框为空时 - INFO - 进入个人信息编辑页
2020-08-18 17:39:13,140 - 测试昵称输入如框为空时 - INFO - 昵称输入内容
2020-08-18 17:39:13,751 - 测试昵称输入如框为空时 - INFO - 验证结果
2020-08-18 17:39:14,797 - 测试昵称输入如框为空时 - INFO - 正常
2020-08-18 17:39:22,561 - 测试昵称输入如框为空点保存时 - INFO - 登录账号
2020-08-18 17:39:27,482 - 测试昵称输入如框为空点保存时 - INFO - 进入个人信息编辑页
2020-08-18 17:39:29,947 - 测试昵称输入如框为空点保存时 - INFO - 昵称输入内容
2020-08-18 17:39:30,485 - 测试昵称输入如框为空点保存时 - INFO - 点保存
2020-08-18 17:39:30,570 - 测试昵称输入如框为空点保存时 - INFO - 验证结果
2020-08-18 17:39:31,613 - 测试昵称输入如框为空点保存时 - INFO - 正常
2020-08-18 17:39:38,099 - 测测试昵称输入特殊字符时 - INFO - 登录账号
2020-08-18 17:39:43,925 - 测测试昵称输入特殊字符时 - INFO - 进入个人信息编辑页
2020-08-18 17:39:46,289 - 测测试昵称输入特殊字符时 - INFO - 昵称输入内容
2020-08-18 17:39:46,557 - 测测试昵称输入特殊字符时 - INFO - 验证结果
2020-08-18 17:39:47,606 - 测测试昵称输入特殊字符时 - INFO - 正常
2020-08-18 17:39:55,535 - 测测试昵称输入特殊字符点保存时 - INFO - 登录账号
2020-08-18 17:40:00,855 - 测测试昵称输入特殊字符点保存时 - INFO - 进入个人信息编辑页
2020-08-18 17:40:03,488 - 测测试昵称输入特殊字符点保存时 - INFO - 昵称输入内容
2020-08-18 17:40:03,802 - 测测试昵称输入特殊字符点保存时 - INFO - 点保存
2020-08-18 17:40:04,083 - 测测试昵称输入特殊字符点保存时 - INFO - 验证结果
2020-08-18 17:40:05,121 - 测测试昵称输入特殊字符点保存时 - INFO - 正常
