2020-09-09 18:50:11,886 - name - INFO - 登录账号
2020-09-09 18:50:16,044 - name - INFO - 进入积分充值页
2020-09-09 18:50:17,399 - name - INFO - 金额输入框输入1
2020-09-09 18:50:19,503 - name - INFO - 邮政编码输入“7”位数
2020-09-09 18:50:21,828 - name - INFO - 验证实际输入个数
2020-09-09 18:50:21,839 - name - INFO - 位数限制正确
2020-09-09 18:50:27,958 - name - INFO - 登录账号
2020-09-09 18:50:27,958 - name - INFO - 登录账号
2020-09-09 18:50:32,161 - name - INFO - 进入积分充值页
2020-09-09 18:50:32,161 - name - INFO - 进入积分充值页
2020-09-09 18:50:33,350 - name - INFO - 金额输入框输入1
2020-09-09 18:50:33,350 - name - INFO - 金额输入框输入1
2020-09-09 18:50:35,430 - name - INFO - 联系人输入“11”位数
2020-09-09 18:50:35,430 - name - INFO - 联系人输入“11”位数
2020-09-09 18:50:37,795 - name - INFO - 验证实际输入个数
2020-09-09 18:50:37,795 - name - INFO - 验证实际输入个数
2020-09-09 18:50:37,812 - name - INFO - 位数限制正确
2020-09-09 18:50:37,812 - name - INFO - 位数限制正确
2020-09-09 18:50:44,105 - name - INFO - 登录账号
2020-09-09 18:50:44,105 - name - INFO - 登录账号
2020-09-09 18:50:44,105 - name - INFO - 登录账号
2020-09-09 18:50:48,292 - name - INFO - 进入积分充值页
2020-09-09 18:50:48,292 - name - INFO - 进入积分充值页
2020-09-09 18:50:48,292 - name - INFO - 进入积分充值页
2020-09-09 18:50:49,550 - name - INFO - 金额输入框输入1
2020-09-09 18:50:49,550 - name - INFO - 金额输入框输入1
2020-09-09 18:50:49,550 - name - INFO - 金额输入框输入1
2020-09-09 18:50:51,645 - name - INFO - 手机号输入“12”位数
2020-09-09 18:50:51,645 - name - INFO - 手机号输入“12”位数
2020-09-09 18:50:51,645 - name - INFO - 手机号输入“12”位数
2020-09-09 18:50:54,027 - name - INFO - 验证实际输入个数
2020-09-09 18:50:54,027 - name - INFO - 验证实际输入个数
2020-09-09 18:50:54,027 - name - INFO - 验证实际输入个数
2020-09-09 18:50:54,048 - name - INFO - 位数限制正确
2020-09-09 18:50:54,048 - name - INFO - 位数限制正确
2020-09-09 18:50:54,048 - name - INFO - 位数限制正确
