2020-08-22 15:25:07,687 - 测试公司名字输入如框为空点保存时 - INFO - 登录账号
2020-08-22 15:25:11,982 - 测试公司名字输入如框为空点保存时 - INFO - 进入个人信息编辑页
2020-08-22 15:25:14,207 - 测试公司名字输入如框为空点保存时 - INFO - 昵称输入【空】
2020-08-22 15:25:14,577 - 测试公司名字输入如框为空点保存时 - INFO - 点保存
2020-08-22 15:25:14,716 - 测试公司名字输入如框为空点保存时 - INFO - 验证结果
2020-08-22 15:25:15,752 - 测试公司名字输入如框为空点保存时 - INFO - 没有限制为空点保存时提示
2020-08-22 15:25:21,520 - 测试公司名字输入特殊字符时 - INFO - 登录账号
2020-08-22 15:25:25,831 - 测试公司名字输入特殊字符时 - INFO - 进入个人信息编辑页
2020-08-22 15:25:28,077 - 测试公司名字输入特殊字符时 - INFO - 昵称输入@
2020-08-22 15:25:28,150 - 测试公司名字输入特殊字符时 - INFO - 验证结果
2020-08-22 15:25:28,150 - 测试公司名字输入特殊字符时 - INFO - 没有限制特殊字符时提示
2020-08-22 15:25:33,955 - 测试公司名字输入特殊字符点保存时 - INFO - 登录账号
2020-08-22 15:25:38,466 - 测试公司名字输入特殊字符点保存时 - INFO - 进入个人信息编辑页
2020-08-22 15:25:40,695 - 测试公司名字输入特殊字符点保存时 - INFO - 昵称输入@
2020-08-22 15:25:40,767 - 测试公司名字输入特殊字符点保存时 - INFO - 点保存
2020-08-22 15:25:40,863 - 测试公司名字输入特殊字符点保存时 - INFO - 验证结果
2020-08-22 15:25:41,896 - 测试公司名字输入特殊字符点保存时 - INFO - 没有限制特殊字符点保存时提示
2020-08-22 15:25:48,609 - 测试公司名字输入整数时 - INFO - 登录账号
2020-08-22 15:25:56,385 - 测试公司名字输入如框为空时 - INFO - 登录账号
2020-08-22 15:26:00,652 - 测试公司名字输入如框为空时 - INFO - 进入个人信息编辑页
2020-08-22 15:26:02,873 - 测试公司名字输入如框为空时 - INFO - 昵称输入【空】
2020-08-22 15:26:03,220 - 测试公司名字输入如框为空时 - INFO - 验证结果
2020-08-22 15:26:04,256 - 测试公司名字输入如框为空时 - INFO - 没有限制为空时提示
