2020-08-22 14:44:11,436 - 测试不修改内容点保存 - INFO - 登录'sj17600446278@163.com','a123456'
2020-08-22 14:44:15,641 - 测试不修改内容点保存 - INFO - 点修改用户信息
2020-08-22 14:44:17,858 - 测试不修改内容点保存 - INFO - 点保存
2020-08-22 14:44:28,675 - 测试真实姓名输入混合类型数据点保存时 - INFO - 登录账号
2020-08-22 14:44:33,066 - 测试真实姓名输入混合类型数据点保存时 - INFO - 进入个人信息编辑页
2020-08-22 14:44:35,299 - 测试真实姓名输入混合类型数据点保存时 - INFO - 真实姓名输入@123#$撒大大
2020-08-22 14:44:35,483 - 测试真实姓名输入混合类型数据点保存时 - INFO - 点保存
2020-08-22 14:44:35,570 - 测试真实姓名输入混合类型数据点保存时 - INFO - 验证结果
2020-08-22 14:44:36,645 - 测试真实姓名输入混合类型数据点保存时 - INFO - 保存交互正常
2020-08-22 14:44:37,713 - 测试真实姓名输入混合类型数据点保存时 - INFO - 数据保存失败
2020-08-22 14:44:43,485 - 测试真实姓名输入中文时 - INFO - 登录账号
2020-08-22 14:44:47,788 - 测试真实姓名输入中文时 - INFO - 进入个人信息编辑页
2020-08-22 14:44:50,032 - 测试真实姓名输入中文时 - INFO - 真实姓名输入中文
2020-08-22 14:44:50,261 - 测试真实姓名输入中文时 - INFO - 验证结果
2020-08-22 14:44:51,304 - 测试真实姓名输入中文时 - INFO - 正常
2020-08-22 14:44:57,731 - 测试真实姓名输入中文点保存时 - INFO - 登录账号
2020-08-22 14:45:01,934 - 测试真实姓名输入中文点保存时 - INFO - 进入个人信息编辑页
2020-08-22 14:45:04,191 - 测试真实姓名输入中文点保存时 - INFO - 真实姓名输入中文
2020-08-22 14:45:04,326 - 测试真实姓名输入中文点保存时 - INFO - 点保存
2020-08-22 14:45:04,413 - 测试真实姓名输入中文点保存时 - INFO - 验证结果
2020-08-22 14:45:05,448 - 测试真实姓名输入中文点保存时 - INFO - 保存交互正常
2020-08-22 14:45:06,590 - 测试真实姓名输入中文点保存时 - INFO - 数据保存失败
