2020-09-09 18:41:19,340 - 测试【邮箱账号】有必填项单选入【在线充值】保存 - INFO - 使用【邮箱】登录
2020-09-09 18:41:23,636 - 测试【邮箱账号】有必填项单选入【在线充值】保存 - INFO - 进入意见页面
2020-09-09 18:41:25,243 - 测试【邮箱账号】有必填项单选入【在线充值】保存 - INFO - 输入必填项【哇哇哇】
2020-09-09 18:41:27,480 - 测试【邮箱账号】有必填项单选入【在线充值】保存 - INFO - 勾选【在线充值】
2020-09-09 18:41:32,555 - 测试【邮箱账号】有必填项单选入【在线充值】保存 - INFO - 点击保存
2020-09-09 18:41:32,646 - 测试【邮箱账号】有必填项单选入【在线充值】保存 - INFO - 验证提示
2020-09-09 18:41:33,183 - 测试【邮箱账号】有必填项单选入【在线充值】保存 - INFO - 提示验证成功
2020-09-09 18:41:33,183 - 测试【邮箱账号】有必填项单选入【在线充值】保存 - INFO - 验证数据
2020-09-09 18:41:33,304 - 测试【邮箱账号】有必填项单选入【在线充值】保存 - INFO - 数据验证成功
2020-09-09 18:41:39,670 - 测试不修改内容点保存 - INFO - 登录'sj17600446278@163.com','a123456'
2020-09-09 18:41:43,824 - 测试不修改内容点保存 - INFO - 点修改用户信息
2020-09-09 18:41:45,541 - 测试不修改内容点保存 - INFO - 点退出按钮
2020-09-09 18:41:47,657 - 测试不修改内容点保存 - INFO - 退出成功
2020-09-09 18:41:53,976 - 测试【机构名称】输入框位数限制 - INFO - 登录【手机】账号
2020-09-09 18:41:58,314 - 测试【机构名称】输入框位数限制 - INFO - 进入意见反馈页
2020-09-09 18:42:15,664 - 测试【机构名称】输入框位数限制 - INFO - 登录【邮箱】账号
2020-09-09 18:42:19,870 - 测试【机构名称】输入框位数限制 - INFO - 进入意见反馈页
2020-09-09 18:42:21,480 - 测试【机构名称】输入框位数限制 - INFO - 【机构名称】输入【51】位数
2020-09-09 18:42:23,349 - 测试【机构名称】输入框位数限制 - INFO - 验证提示
2020-09-09 18:42:23,819 - 测试【机构名称】输入框位数限制 - INFO - 提示验证成功
2020-09-09 18:42:23,819 - 测试【机构名称】输入框位数限制 - INFO - 验证数据
2020-09-09 18:42:23,835 - 测试【机构名称】输入框位数限制 - INFO - 数据验证成功
