2020-09-09 18:40:15,321 - 测试【邮箱账号】有必填项单选入【其他低级错误类型（含错别字、符号、变动计算等）】保存 - INFO - 使用【邮箱】登录
2020-09-09 18:40:19,528 - 测试【邮箱账号】有必填项单选入【其他低级错误类型（含错别字、符号、变动计算等）】保存 - INFO - 进入意见页面
2020-09-09 18:40:21,236 - 测试【邮箱账号】有必填项单选入【其他低级错误类型（含错别字、符号、变动计算等）】保存 - INFO - 输入必填项【哇哇哇】
2020-09-09 18:40:23,730 - 测试【邮箱账号】有必填项单选入【其他低级错误类型（含错别字、符号、变动计算等）】保存 - INFO - 勾选【其他低级错误类型（含错别字、符号、变动计算等）】
2020-09-09 18:40:28,798 - 测试【邮箱账号】有必填项单选入【其他低级错误类型（含错别字、符号、变动计算等）】保存 - INFO - 点击保存
2020-09-09 18:40:28,889 - 测试【邮箱账号】有必填项单选入【其他低级错误类型（含错别字、符号、变动计算等）】保存 - INFO - 验证提示
2020-09-09 18:40:29,382 - 测试【邮箱账号】有必填项单选入【其他低级错误类型（含错别字、符号、变动计算等）】保存 - INFO - 提示验证成功
2020-09-09 18:40:29,382 - 测试【邮箱账号】有必填项单选入【其他低级错误类型（含错别字、符号、变动计算等）】保存 - INFO - 验证数据
2020-09-09 18:40:29,499 - 测试【邮箱账号】有必填项单选入【其他低级错误类型（含错别字、符号、变动计算等）】保存 - INFO - 数据保存失败
2020-09-09 18:40:36,067 - 测试【邮箱账号】有必填项单选入【跨版本对比核查】保存 - INFO - 使用【邮箱】登录
2020-09-09 18:40:40,392 - 测试【邮箱账号】有必填项单选入【跨版本对比核查】保存 - INFO - 进入意见页面
2020-09-09 18:40:42,027 - 测试【邮箱账号】有必填项单选入【跨版本对比核查】保存 - INFO - 输入必填项【哇哇哇】
2020-09-09 18:40:44,878 - 测试【邮箱账号】有必填项单选入【跨版本对比核查】保存 - INFO - 勾选【跨版本对比核查】
2020-09-09 18:40:49,995 - 测试【邮箱账号】有必填项单选入【跨版本对比核查】保存 - INFO - 点击保存
2020-09-09 18:40:50,103 - 测试【邮箱账号】有必填项单选入【跨版本对比核查】保存 - INFO - 验证提示
2020-09-09 18:40:50,688 - 测试【邮箱账号】有必填项单选入【跨版本对比核查】保存 - INFO - 提示验证成功
2020-09-09 18:40:50,688 - 测试【邮箱账号】有必填项单选入【跨版本对比核查】保存 - INFO - 验证数据
2020-09-09 18:40:50,804 - 测试【邮箱账号】有必填项单选入【跨版本对比核查】保存 - INFO - 数据保存失败
2020-09-09 18:40:57,947 - 测试【邮箱账号】有必填项单选入【本地化部署】保存 - INFO - 使用【邮箱】登录
2020-09-09 18:41:02,346 - 测试【邮箱账号】有必填项单选入【本地化部署】保存 - INFO - 进入意见页面
2020-09-09 18:41:03,948 - 测试【邮箱账号】有必填项单选入【本地化部署】保存 - INFO - 输入必填项【哇哇哇】
2020-09-09 18:41:06,457 - 测试【邮箱账号】有必填项单选入【本地化部署】保存 - INFO - 勾选【本地化部署】
2020-09-09 18:41:11,518 - 测试【邮箱账号】有必填项单选入【本地化部署】保存 - INFO - 点击保存
2020-09-09 18:41:11,609 - 测试【邮箱账号】有必填项单选入【本地化部署】保存 - INFO - 验证提示
2020-09-09 18:41:12,326 - 测试【邮箱账号】有必填项单选入【本地化部署】保存 - INFO - 提示验证成功
2020-09-09 18:41:12,327 - 测试【邮箱账号】有必填项单选入【本地化部署】保存 - INFO - 验证数据
2020-09-09 18:41:12,437 - 测试【邮箱账号】有必填项单选入【本地化部署】保存 - INFO - 数据保存失败
