2020-09-09 18:42:15,664 - 测试【机构名称】输入框位数限制 - INFO - 登录【邮箱】账号
2020-09-09 18:42:19,870 - 测试【机构名称】输入框位数限制 - INFO - 进入意见反馈页
2020-09-09 18:42:21,480 - 测试【机构名称】输入框位数限制 - INFO - 【机构名称】输入【51】位数
2020-09-09 18:42:23,349 - 测试【机构名称】输入框位数限制 - INFO - 验证提示
2020-09-09 18:42:23,819 - 测试【机构名称】输入框位数限制 - INFO - 提示验证成功
2020-09-09 18:42:23,819 - 测试【机构名称】输入框位数限制 - INFO - 验证数据
2020-09-09 18:42:23,835 - 测试【机构名称】输入框位数限制 - INFO - 数据验证成功
2020-09-09 18:42:31,446 - 测试【联系人】输入框位数限制 - INFO - 登录【邮箱】账号
2020-09-09 18:42:35,656 - 测试【联系人】输入框位数限制 - INFO - 进入意见反馈页
2020-09-09 18:42:37,255 - 测试【联系人】输入框位数限制 - INFO - 【联系人】输入【16】位数
2020-09-09 18:42:37,939 - 测试【联系人】输入框位数限制 - INFO - 验证提示
2020-09-09 18:42:38,417 - 测试【联系人】输入框位数限制 - INFO - 提示验证成功
2020-09-09 18:42:38,417 - 测试【联系人】输入框位数限制 - INFO - 验证数据
2020-09-09 18:42:38,433 - 测试【联系人】输入框位数限制 - INFO - 数据验证成功
2020-09-09 18:42:44,780 - 测试【联系电话】输入框位数限制 - INFO - 登录【邮箱】账号
2020-09-09 18:42:48,974 - 测试【联系电话】输入框位数限制 - INFO - 进入意见反馈页
2020-09-09 18:42:50,589 - 测试【联系电话】输入框位数限制 - INFO - 【联系电话】输入【12】位数
2020-09-09 18:42:51,195 - 测试【联系电话】输入框位数限制 - INFO - 验证提示
2020-09-09 18:42:51,711 - 测试【联系电话】输入框位数限制 - INFO - 提示验证成功
2020-09-09 18:42:51,711 - 测试【联系电话】输入框位数限制 - INFO - 验证数据
2020-09-09 18:42:51,728 - 测试【联系电话】输入框位数限制 - INFO - 数据验证成功
2020-09-09 18:42:58,219 - 测试【联系地址】输入框位数限制 - INFO - 登录【邮箱】账号
2020-09-09 18:43:02,489 - 测试【联系地址】输入框位数限制 - INFO - 进入意见反馈页
2020-09-09 18:43:04,125 - 测试【联系地址】输入框位数限制 - INFO - 【联系地址】输入【51】位数
2020-09-09 18:43:06,430 - 测试【联系地址】输入框位数限制 - INFO - 验证提示
2020-09-09 18:43:06,900 - 测试【联系地址】输入框位数限制 - INFO - 提示验证成功
2020-09-09 18:43:06,900 - 测试【联系地址】输入框位数限制 - INFO - 验证数据
2020-09-09 18:43:06,916 - 测试【联系地址】输入框位数限制 - INFO - 数据验证成功
2020-09-09 18:43:59,476 - 测试【联系人】输入框位数限制 - INFO - 登录【手机】账号
2020-09-09 18:44:03,832 - 测试【联系人】输入框位数限制 - INFO - 进入意见反馈页
2020-09-09 18:44:43,156 - 测试【联系地址】输入框位数限制 - INFO - 登录【手机】账号
2020-09-09 18:44:47,409 - 测试【联系地址】输入框位数限制 - INFO - 进入意见反馈页
