2020-09-22 23:46:34,581 - 智能上传 - INFO - 判断如果已存在文件则跳过信息填写
2020-09-22 23:47:04,813 - 智能上传 - INFO - 点击上传
2020-09-22 23:47:05,404 - 智能上传 - INFO - 上传文件D:\用例文件\华通热力-半年报-19年半年报\04财务报表附注.doc
2020-09-22 23:47:08,083 - 智能上传 - INFO - 判断上传进度
2020-09-22 23:47:08,602 - 智能上传 - INFO - 100%成功
2020-09-22 23:47:09,597 - 智能上传 - INFO - 点击上传
2020-09-22 23:47:10,161 - 智能上传 - INFO - 上传文件D:\用例文件\华通热力-半年报-19年半年报\2019年半年度报告全文.doc
2020-09-22 23:47:12,867 - 智能上传 - INFO - 判断上传进度
2020-09-22 23:47:14,491 - 智能上传 - INFO - 100%成功
2020-09-22 23:47:15,142 - 智能上传 - INFO - 点击上传
2020-09-22 23:47:15,685 - 智能上传 - INFO - 上传文件D:\用例文件\华通热力-半年报-19年半年报\华通2019630审阅财务报表.xlsx
2020-09-22 23:47:18,393 - 智能上传 - INFO - 判断上传进度
2020-09-22 23:47:48,696 - 智能上传 - INFO - 100%成功
2020-09-22 23:48:03,187 - 智能上传 - INFO - 判断如果已存在文件则跳过信息填写
2020-09-22 23:48:33,418 - 智能上传 - INFO - 点击上传
2020-09-22 23:48:34,111 - 智能上传 - INFO - 上传文件D:\用例文件\华通热力-年报-18年年报\cover.doc
2020-09-22 23:48:36,664 - 智能上传 - INFO - 判断上传进度
2020-09-22 23:48:37,134 - 智能上传 - INFO - 100%成功
2020-09-22 23:48:37,744 - 智能上传 - INFO - 点击上传
2020-09-22 23:48:38,366 - 智能上传 - INFO - 上传文件D:\用例文件\华通热力-年报-18年年报\审计报告.doc
2020-09-22 23:48:41,031 - 智能上传 - INFO - 判断上传进度
2020-09-22 23:48:41,298 - 智能上传 - INFO - 100%成功
2020-09-22 23:48:41,972 - 智能上传 - INFO - 点击上传
2020-09-22 23:48:42,554 - 智能上传 - INFO - 上传文件D:\用例文件\华通热力-年报-18年年报\财务报表(2018)华通热力.xlsx
2020-09-22 23:48:45,212 - 智能上传 - INFO - 判断上传进度
2020-09-22 23:48:45,407 - 智能上传 - INFO - 100%成功
2020-09-22 23:48:46,046 - 智能上传 - INFO - 点击上传
2020-09-22 23:48:46,635 - 智能上传 - INFO - 上传文件D:\用例文件\华通热力-年报-18年年报\财务报表附注(2018)华通热.doc
2020-09-22 23:48:49,174 - 智能上传 - INFO - 判断上传进度
2020-09-22 23:48:49,675 - 智能上传 - INFO - 100%成功
2020-09-22 23:49:02,384 - 智能上传 - INFO - 判断如果已存在文件则跳过信息填写
2020-09-22 23:49:32,622 - 智能上传 - INFO - 点击上传
2020-09-22 23:49:33,228 - 智能上传 - INFO - 上传文件D:\用例文件\宝明科技-创业板\招股说明书.doc
2020-09-22 23:49:36,160 - 智能上传 - INFO - 判断上传进度
2020-09-22 23:50:40,626 - 智能上传 - INFO - 100%成功
2020-09-22 23:50:41,484 - 智能上传 - INFO - 点击上传
2020-09-22 23:50:42,143 - 智能上传 - INFO - 上传文件D:\用例文件\宝明科技-创业板\财务报表.xls
2020-09-22 23:50:45,129 - 智能上传 - INFO - 判断上传进度
2020-09-22 23:50:45,181 - 智能上传 - INFO - 100%成功
2020-09-22 23:50:46,043 - 智能上传 - INFO - 点击上传
2020-09-22 23:50:46,596 - 智能上传 - INFO - 上传文件D:\用例文件\宝明科技-创业板\财务报表附注.docx
2020-09-22 23:50:49,166 - 智能上传 - INFO - 判断上传进度
2020-09-22 23:50:49,566 - 智能上传 - INFO - 100%成功
2020-09-22 23:51:03,752 - 智能上传 - INFO - 判断如果已存在文件则跳过信息填写
