2020-08-22 15:00:07,036 - 测试昵称输入如框为空点保存时 - INFO - 登录账号
2020-08-22 15:00:11,646 - 测试昵称输入如框为空点保存时 - INFO - 进入个人信息编辑页
2020-08-22 15:00:13,875 - 测试昵称输入如框为空点保存时 - INFO - 昵称输入【空】
2020-08-22 15:00:14,216 - 测试昵称输入如框为空点保存时 - INFO - 点保存
2020-08-22 15:00:14,291 - 测试昵称输入如框为空点保存时 - INFO - 验证结果
2020-08-22 15:00:15,327 - 测试昵称输入如框为空点保存时 - INFO - 保存交互正常
2020-08-22 15:00:16,379 - 测试昵称输入如框为空点保存时 - INFO - 保存数据正常
2020-08-22 15:00:21,812 - 测试昵称输入特殊字符时 - INFO - 登录账号
2020-08-22 15:00:26,151 - 测试昵称输入特殊字符时 - INFO - 进入个人信息编辑页
2020-08-22 15:00:28,464 - 测试昵称输入特殊字符时 - INFO - 昵称输入@
2020-08-22 15:00:28,640 - 测试昵称输入特殊字符时 - INFO - 验证结果
2020-08-22 15:00:29,688 - 测试昵称输入特殊字符时 - INFO - 正常
2020-08-22 15:00:35,260 - 测试昵称输入特殊字符点保存时 - INFO - 登录账号
2020-08-22 15:00:39,909 - 测试昵称输入特殊字符点保存时 - INFO - 进入个人信息编辑页
2020-08-22 15:00:42,136 - 测试昵称输入特殊字符点保存时 - INFO - 昵称输入@
2020-08-22 15:00:42,287 - 测试昵称输入特殊字符点保存时 - INFO - 点保存
2020-08-22 15:00:42,373 - 测试昵称输入特殊字符点保存时 - INFO - 验证结果
2020-08-22 15:00:43,408 - 测试昵称输入特殊字符点保存时 - INFO - 保存交互正常
2020-08-22 15:00:44,459 - 测试昵称输入特殊字符点保存时 - INFO - 保存数据正常
2020-08-22 15:00:50,158 - 测试昵称输入整数时 - INFO - 登录账号
2020-08-22 15:00:54,604 - 测试昵称输入整数时 - INFO - 进入个人信息编辑页
2020-08-22 15:00:56,871 - 测试昵称输入整数时 - INFO - 昵称输入12312
2020-08-22 15:00:57,038 - 测试昵称输入整数时 - INFO - 验证结果
2020-08-22 15:00:58,077 - 测试昵称输入整数时 - INFO - 正常
