2020-09-19 11:24:41,685 - 智能上传 - INFO - 判断如果已存在文件则跳过信息填写
2020-09-19 11:25:12,022 - 智能上传 - INFO - 点击上传
2020-09-19 11:25:12,726 - 智能上传 - INFO - 上传文件D:\用例文件\宝明科技-创业板\招股说明书.doc
2020-09-19 11:25:15,277 - 智能上传 - INFO - 判断上传进度
2020-09-19 11:25:16,585 - 智能上传 - INFO - 100%成功
2020-09-19 11:25:17,186 - 智能上传 - INFO - 点击上传
2020-09-19 11:25:17,745 - 智能上传 - INFO - 上传文件D:\用例文件\宝明科技-创业板\财务报表.xls
2020-09-19 11:25:20,403 - 智能上传 - INFO - 判断上传进度
2020-09-19 11:25:20,750 - 智能上传 - INFO - 100%成功
2020-09-19 11:25:21,828 - 智能上传 - INFO - 点击上传
2020-09-19 11:25:22,377 - 智能上传 - INFO - 上传文件D:\用例文件\宝明科技-创业板\财务报表附注.docx
2020-09-19 11:25:25,033 - 智能上传 - INFO - 判断上传进度
2020-09-19 11:25:25,341 - 智能上传 - INFO - 100%成功
2020-09-19 11:25:37,967 - 智能上传 - INFO - 判断如果已存在文件则跳过信息填写
2020-09-19 11:26:08,230 - 智能上传 - INFO - 点击上传
2020-09-19 11:26:08,889 - 智能上传 - INFO - 上传文件D:\用例文件\山东玻纤-科创版-国信证券\合并报表.xlsx
2020-09-19 11:26:11,366 - 智能上传 - INFO - 判断上传进度
2020-09-19 11:26:11,748 - 智能上传 - INFO - 100%成功
2020-09-19 11:26:12,399 - 智能上传 - INFO - 点击上传
2020-09-19 11:26:12,973 - 智能上传 - INFO - 上传文件D:\用例文件\山东玻纤-科创版-国信证券\山东玻纤招股说明书.doc
2020-09-19 11:26:15,503 - 智能上传 - INFO - 判断上传进度
2020-09-19 11:26:17,953 - 智能上传 - INFO - 100%成功
2020-09-19 11:26:18,961 - 智能上传 - INFO - 点击上传
2020-09-19 11:26:19,503 - 智能上传 - INFO - 上传文件D:\用例文件\山东玻纤-科创版-国信证券\玻纤合并报告附注.doc
2020-09-19 11:26:21,933 - 智能上传 - INFO - 判断上传进度
2020-09-19 11:26:22,950 - 智能上传 - INFO - 100%成功
2020-09-19 11:26:36,287 - 智能上传 - INFO - 判断如果已存在文件则跳过信息填写
2020-09-19 11:26:37,955 - 智能上传 - INFO - 点击上传
2020-09-19 11:26:38,929 - 智能上传 - INFO - 上传文件D:\用例文件\青岛海尔-公司债\保荐机构尽职调查报告.doc
2020-09-19 11:26:41,308 - 智能上传 - INFO - 判断上传进度
2020-09-19 11:26:42,684 - 智能上传 - INFO - 100%成功
2020-09-19 11:26:53,207 - 智能上传 - INFO - 点击上传
