2020-07-11 10:44:39,117 - 智能上传 - INFO - 判断如果已存在文件则跳过信息填写
2020-07-11 10:45:09,173 - 智能上传 - INFO - 点击上传
2020-07-11 10:45:09,781 - 智能上传 - INFO - 上传文件D:\用例文件\宝明科技-创业板\招股说明书.doc
2020-07-11 10:45:12,259 - 智能上传 - INFO - 判断上传进度
2020-07-11 10:45:13,265 - 智能上传 - INFO - 100%成功
2020-07-11 10:45:13,949 - 智能上传 - INFO - 点击上传
2020-07-11 10:45:14,504 - 智能上传 - INFO - 上传文件D:\用例文件\宝明科技-创业板\财务报表.xls
2020-07-11 10:45:17,117 - 智能上传 - INFO - 判断上传进度
2020-07-11 10:45:17,201 - 智能上传 - INFO - 100%成功
2020-07-11 10:45:18,160 - 智能上传 - INFO - 点击上传
2020-07-11 10:45:18,697 - 智能上传 - INFO - 上传文件D:\用例文件\宝明科技-创业板\财务报表附注.docx
2020-07-11 10:45:21,185 - 智能上传 - INFO - 判断上传进度
2020-07-11 10:45:21,352 - 智能上传 - INFO - 100%成功
2020-07-11 10:45:21,352 - 智能上传 - INFO - 获取现有积分
2020-07-11 10:45:22,393 - 智能上传 - INFO - 点击开始核查
2020-07-11 10:45:22,456 - 智能上传 - INFO - 判断进度
2020-07-11 10:49:14,085 - 智能上传 - INFO - 解析完成
2020-07-11 10:49:16,759 - 智能上传 - INFO - 结果成功3个分别是['招股说明书.doc', '财务报表.xls', '财务报表附注.docx']文件，
失败0个分别是[]文件,
建议['没有建议']

2020-07-11 10:49:31,521 - 智能上传 - INFO - 判断如果已存在文件则跳过信息填写
2020-07-11 10:50:01,693 - 智能上传 - INFO - 点击上传
2020-07-11 10:50:02,314 - 智能上传 - INFO - 上传文件D:\用例文件\山东玻纤-科创版-国信证券\合并报表.xlsx
2020-07-11 10:50:04,819 - 智能上传 - INFO - 判断上传进度
2020-07-11 10:50:05,156 - 智能上传 - INFO - 100%成功
2020-07-11 10:50:05,718 - 智能上传 - INFO - 点击上传
2020-07-11 10:50:06,277 - 智能上传 - INFO - 上传文件D:\用例文件\山东玻纤-科创版-国信证券\山东玻纤招股说明书.doc
2020-07-11 10:50:08,744 - 智能上传 - INFO - 判断上传进度
2020-07-11 10:50:11,244 - 智能上传 - INFO - 100%成功
2020-07-11 10:50:11,933 - 智能上传 - INFO - 点击上传
2020-07-11 10:50:12,473 - 智能上传 - INFO - 上传文件D:\用例文件\山东玻纤-科创版-国信证券\玻纤合并报告附注.doc
2020-07-11 10:50:15,128 - 智能上传 - INFO - 判断上传进度
2020-07-11 10:50:15,926 - 智能上传 - INFO - 100%成功
2020-07-11 10:50:15,926 - 智能上传 - INFO - 获取现有积分
2020-07-11 10:50:16,967 - 智能上传 - INFO - 点击开始核查
2020-07-11 10:50:17,038 - 智能上传 - INFO - 判断进度
2020-07-11 10:54:43,794 - 智能上传 - INFO - 解析完成
2020-07-11 10:54:46,522 - 智能上传 - INFO - 结果成功3个分别是['合并报表.xlsx', '山东玻纤招股说明书.doc', '玻纤合并报告附注.doc']文件，
失败0个分别是[]文件,
建议['没有建议']

2020-07-11 10:55:04,209 - 智能上传 - INFO - 判断如果已存在文件则跳过信息填写
2020-07-11 10:55:34,321 - 智能上传 - INFO - 点击上传
2020-07-11 10:55:34,937 - 智能上传 - INFO - 上传文件D:\用例文件\青岛海尔-公司债\保荐机构尽职调查报告.doc
2020-07-11 10:55:37,844 - 智能上传 - INFO - 判断上传进度
2020-07-11 10:55:39,419 - 智能上传 - INFO - 100%成功
2020-07-11 10:55:40,098 - 智能上传 - INFO - 点击上传
2020-07-11 10:55:40,647 - 智能上传 - INFO - 上传文件D:\用例文件\青岛海尔-公司债\北京市金.doc
2020-07-11 10:55:43,583 - 智能上传 - INFO - 判断上传进度
2020-07-11 10:55:44,077 - 智能上传 - INFO - 100%成功
2020-07-11 10:55:44,809 - 智能上传 - INFO - 点击上传
2020-07-11 10:55:45,372 - 智能上传 - INFO - 上传文件D:\用例文件\青岛海尔-公司债\证券发行保荐书.doc
2020-07-11 10:55:48,076 - 智能上传 - INFO - 判断上传进度
2020-07-11 10:55:48,197 - 智能上传 - INFO - 100%成功
2020-07-11 10:55:49,132 - 智能上传 - INFO - 点击上传
2020-07-11 10:55:49,679 - 智能上传 - INFO - 上传文件D:\用例文件\青岛海尔-公司债\青岛海尔公开发行.doc
2020-07-11 10:55:52,310 - 智能上传 - INFO - 判断上传进度
2020-07-11 10:55:52,449 - 智能上传 - INFO - 100%成功
2020-07-11 10:55:53,154 - 智能上传 - INFO - 点击上传
2020-07-11 10:55:53,694 - 智能上传 - INFO - 上传文件D:\用例文件\青岛海尔-公司债\青岛海尔股份有限公司公开发行A股可转换公司债券募集说明书.docx
2020-07-11 10:55:56,383 - 智能上传 - INFO - 判断上传进度
2020-07-11 10:55:56,975 - 智能上传 - INFO - 100%成功
2020-07-11 10:55:56,976 - 智能上传 - INFO - 获取现有积分
2020-07-11 10:55:58,019 - 智能上传 - INFO - 点击开始核查
2020-07-11 10:55:58,088 - 智能上传 - INFO - 判断进度
2020-07-11 10:56:26,288 - 智能上传 - INFO - 结果成功0个分别是[]文件，
失败5个分别是['保荐机构尽职调查报告.doc', '北京市金.doc', '证券发行保荐书.doc', '青岛海尔公开发行.doc', '青岛海尔股份有限公司公开发行A股可转换公司债券募集说明书.docx']文件,
建议['上传文件组合不符合要求，包含2个或以上重复文件（股、债、半年报、附注、审计报告、财务报表）！']

