2020-09-03 10:29:10,228 - 测试【邮箱账号】有必填项单选入【主要客户/供应商基本信息】保存 - INFO - 使用【邮箱】登录
2020-09-03 10:29:14,672 - 测试【邮箱账号】有必填项单选入【主要客户/供应商基本信息】保存 - INFO - 进入意见页面
2020-09-03 10:29:16,290 - 测试【邮箱账号】有必填项单选入【主要客户/供应商基本信息】保存 - INFO - 输入必填项【哇哇哇】
2020-09-03 10:29:19,028 - 测试【邮箱账号】有必填项单选入【主要客户/供应商基本信息】保存 - INFO - 勾选【主要客户/供应商基本信息】
2020-09-03 10:29:24,105 - 测试【邮箱账号】有必填项单选入【主要客户/供应商基本信息】保存 - INFO - 点击保存
2020-09-03 10:29:24,208 - 测试【邮箱账号】有必填项单选入【主要客户/供应商基本信息】保存 - INFO - 验证提示
2020-09-03 10:29:24,981 - 测试【邮箱账号】有必填项单选入【主要客户/供应商基本信息】保存 - INFO - 提示验证成功
2020-09-03 10:29:24,981 - 测试【邮箱账号】有必填项单选入【主要客户/供应商基本信息】保存 - INFO - 验证数据
2020-09-03 10:29:25,105 - 测试【邮箱账号】有必填项单选入【主要客户/供应商基本信息】保存 - INFO - 数据验证成功
2020-09-03 10:29:31,900 - 测试【邮箱账号】有必填项单选入【专利信息】保存 - INFO - 使用【邮箱】登录
2020-09-03 10:29:36,225 - 测试【邮箱账号】有必填项单选入【专利信息】保存 - INFO - 进入意见页面
2020-09-03 10:29:37,836 - 测试【邮箱账号】有必填项单选入【专利信息】保存 - INFO - 输入必填项【哇哇哇】
2020-09-03 10:29:40,539 - 测试【邮箱账号】有必填项单选入【专利信息】保存 - INFO - 勾选【专利信息】
2020-09-03 10:29:45,609 - 测试【邮箱账号】有必填项单选入【专利信息】保存 - INFO - 点击保存
2020-09-03 10:29:45,713 - 测试【邮箱账号】有必填项单选入【专利信息】保存 - INFO - 验证提示
2020-09-03 10:29:46,491 - 测试【邮箱账号】有必填项单选入【专利信息】保存 - INFO - 提示验证成功
2020-09-03 10:29:46,491 - 测试【邮箱账号】有必填项单选入【专利信息】保存 - INFO - 验证数据
2020-09-03 10:29:46,701 - 测试【邮箱账号】有必填项单选入【专利信息】保存 - INFO - 数据验证成功
2020-09-03 10:29:54,555 - 测试【邮箱账号】有必填项单选入【合同编号】保存 - INFO - 使用【邮箱】登录
2020-09-03 10:29:58,978 - 测试【邮箱账号】有必填项单选入【合同编号】保存 - INFO - 进入意见页面
2020-09-03 10:30:00,897 - 测试【邮箱账号】有必填项单选入【合同编号】保存 - INFO - 输入必填项【哇哇哇】
2020-09-03 10:30:03,969 - 测试【邮箱账号】有必填项单选入【合同编号】保存 - INFO - 勾选【合同编号】
2020-09-03 10:30:09,050 - 测试【邮箱账号】有必填项单选入【合同编号】保存 - INFO - 点击保存
2020-09-03 10:30:09,156 - 测试【邮箱账号】有必填项单选入【合同编号】保存 - INFO - 验证提示
2020-09-03 10:30:09,701 - 测试【邮箱账号】有必填项单选入【合同编号】保存 - INFO - 提示验证成功
2020-09-03 10:30:09,701 - 测试【邮箱账号】有必填项单选入【合同编号】保存 - INFO - 验证数据
2020-09-03 10:30:09,819 - 测试【邮箱账号】有必填项单选入【合同编号】保存 - INFO - 数据验证成功
