2020-09-09 18:49:05,513 - name - INFO - 登录账号
2020-09-09 18:49:09,690 - name - INFO - 进入积分充值页
2020-09-09 18:49:11,075 - name - INFO - 金额输入框输入1
2020-09-09 18:49:13,155 - name - INFO - 公司地址输入“51”位数
2020-09-09 18:49:15,693 - name - INFO - 验证实际输入个数
2020-09-09 18:49:15,703 - name - INFO - 位数限制正确
2020-09-09 18:49:22,057 - name - INFO - 登录账号
2020-09-09 18:49:22,057 - name - INFO - 登录账号
2020-09-09 18:49:26,202 - name - INFO - 进入积分充值页
2020-09-09 18:49:26,202 - name - INFO - 进入积分充值页
2020-09-09 18:49:27,628 - name - INFO - 金额输入框输入1
2020-09-09 18:49:27,628 - name - INFO - 金额输入框输入1
2020-09-09 18:49:29,719 - name - INFO - 开户银行输入“31”位数
2020-09-09 18:49:29,719 - name - INFO - 开户银行输入“31”位数
2020-09-09 18:49:32,197 - name - INFO - 验证实际输入个数
2020-09-09 18:49:32,197 - name - INFO - 验证实际输入个数
2020-09-09 18:49:32,210 - name - INFO - 位数限制正确
2020-09-09 18:49:32,210 - name - INFO - 位数限制正确
2020-09-09 18:49:38,542 - name - INFO - 登录账号
2020-09-09 18:49:38,542 - name - INFO - 登录账号
2020-09-09 18:49:38,542 - name - INFO - 登录账号
2020-09-09 18:49:42,812 - name - INFO - 进入积分充值页
2020-09-09 18:49:42,812 - name - INFO - 进入积分充值页
2020-09-09 18:49:42,812 - name - INFO - 进入积分充值页
2020-09-09 18:49:44,442 - name - INFO - 金额输入框输入1
2020-09-09 18:49:44,442 - name - INFO - 金额输入框输入1
2020-09-09 18:49:44,442 - name - INFO - 金额输入框输入1
2020-09-09 18:49:46,505 - name - INFO - 账户输入“21”位数
2020-09-09 18:49:46,505 - name - INFO - 账户输入“21”位数
2020-09-09 18:49:46,505 - name - INFO - 账户输入“21”位数
2020-09-09 18:49:48,880 - name - INFO - 验证实际输入个数
2020-09-09 18:49:48,880 - name - INFO - 验证实际输入个数
2020-09-09 18:49:48,880 - name - INFO - 验证实际输入个数
2020-09-09 18:49:48,890 - name - INFO - 位数限制正确
2020-09-09 18:49:48,890 - name - INFO - 位数限制正确
2020-09-09 18:49:48,890 - name - INFO - 位数限制正确
2020-09-09 18:49:55,265 - name - INFO - 登录账号
2020-09-09 18:49:55,265 - name - INFO - 登录账号
2020-09-09 18:49:55,265 - name - INFO - 登录账号
2020-09-09 18:49:55,265 - name - INFO - 登录账号
2020-09-09 18:49:59,436 - name - INFO - 进入积分充值页
2020-09-09 18:49:59,436 - name - INFO - 进入积分充值页
2020-09-09 18:49:59,436 - name - INFO - 进入积分充值页
2020-09-09 18:49:59,436 - name - INFO - 进入积分充值页
2020-09-09 18:50:00,964 - name - INFO - 金额输入框输入1
2020-09-09 18:50:00,964 - name - INFO - 金额输入框输入1
2020-09-09 18:50:00,964 - name - INFO - 金额输入框输入1
2020-09-09 18:50:00,964 - name - INFO - 金额输入框输入1
2020-09-09 18:50:03,042 - name - INFO - 邮寄地址输入“61”位数
2020-09-09 18:50:03,042 - name - INFO - 邮寄地址输入“61”位数
2020-09-09 18:50:03,042 - name - INFO - 邮寄地址输入“61”位数
2020-09-09 18:50:03,042 - name - INFO - 邮寄地址输入“61”位数
2020-09-09 18:50:05,655 - name - INFO - 验证实际输入个数
2020-09-09 18:50:05,655 - name - INFO - 验证实际输入个数
2020-09-09 18:50:05,655 - name - INFO - 验证实际输入个数
2020-09-09 18:50:05,655 - name - INFO - 验证实际输入个数
2020-09-09 18:50:05,667 - name - INFO - 位数限制正确
2020-09-09 18:50:05,667 - name - INFO - 位数限制正确
2020-09-09 18:50:05,667 - name - INFO - 位数限制正确
2020-09-09 18:50:05,667 - name - INFO - 位数限制正确
2020-09-09 18:50:11,886 - name - INFO - 登录账号
2020-09-09 18:50:11,886 - name - INFO - 登录账号
2020-09-09 18:50:11,886 - name - INFO - 登录账号
2020-09-09 18:50:11,886 - name - INFO - 登录账号
2020-09-09 18:50:16,044 - name - INFO - 进入积分充值页
2020-09-09 18:50:16,044 - name - INFO - 进入积分充值页
2020-09-09 18:50:16,044 - name - INFO - 进入积分充值页
2020-09-09 18:50:16,044 - name - INFO - 进入积分充值页
2020-09-09 18:50:17,399 - name - INFO - 金额输入框输入1
2020-09-09 18:50:17,399 - name - INFO - 金额输入框输入1
2020-09-09 18:50:17,399 - name - INFO - 金额输入框输入1
2020-09-09 18:50:17,399 - name - INFO - 金额输入框输入1
2020-09-09 18:50:19,503 - name - INFO - 邮政编码输入“7”位数
2020-09-09 18:50:19,503 - name - INFO - 邮政编码输入“7”位数
2020-09-09 18:50:19,503 - name - INFO - 邮政编码输入“7”位数
2020-09-09 18:50:19,503 - name - INFO - 邮政编码输入“7”位数
2020-09-09 18:50:21,828 - name - INFO - 验证实际输入个数
2020-09-09 18:50:21,828 - name - INFO - 验证实际输入个数
2020-09-09 18:50:21,828 - name - INFO - 验证实际输入个数
2020-09-09 18:50:21,828 - name - INFO - 验证实际输入个数
2020-09-09 18:50:21,839 - name - INFO - 位数限制正确
2020-09-09 18:50:21,839 - name - INFO - 位数限制正确
2020-09-09 18:50:21,839 - name - INFO - 位数限制正确
2020-09-09 18:50:21,839 - name - INFO - 位数限制正确
2020-09-09 18:50:27,958 - name - INFO - 登录账号
2020-09-09 18:50:27,958 - name - INFO - 登录账号
2020-09-09 18:50:27,958 - name - INFO - 登录账号
2020-09-09 18:50:27,958 - name - INFO - 登录账号
2020-09-09 18:50:32,161 - name - INFO - 进入积分充值页
2020-09-09 18:50:32,161 - name - INFO - 进入积分充值页
2020-09-09 18:50:32,161 - name - INFO - 进入积分充值页
2020-09-09 18:50:32,161 - name - INFO - 进入积分充值页
2020-09-09 18:50:33,350 - name - INFO - 金额输入框输入1
2020-09-09 18:50:33,350 - name - INFO - 金额输入框输入1
2020-09-09 18:50:33,350 - name - INFO - 金额输入框输入1
2020-09-09 18:50:33,350 - name - INFO - 金额输入框输入1
2020-09-09 18:50:35,430 - name - INFO - 联系人输入“11”位数
2020-09-09 18:50:35,430 - name - INFO - 联系人输入“11”位数
2020-09-09 18:50:35,430 - name - INFO - 联系人输入“11”位数
2020-09-09 18:50:35,430 - name - INFO - 联系人输入“11”位数
2020-09-09 18:50:37,795 - name - INFO - 验证实际输入个数
2020-09-09 18:50:37,795 - name - INFO - 验证实际输入个数
2020-09-09 18:50:37,795 - name - INFO - 验证实际输入个数
2020-09-09 18:50:37,795 - name - INFO - 验证实际输入个数
2020-09-09 18:50:37,812 - name - INFO - 位数限制正确
2020-09-09 18:50:37,812 - name - INFO - 位数限制正确
2020-09-09 18:50:37,812 - name - INFO - 位数限制正确
2020-09-09 18:50:37,812 - name - INFO - 位数限制正确
2020-09-09 18:50:44,105 - name - INFO - 登录账号
2020-09-09 18:50:44,105 - name - INFO - 登录账号
2020-09-09 18:50:44,105 - name - INFO - 登录账号
2020-09-09 18:50:44,105 - name - INFO - 登录账号
2020-09-09 18:50:48,292 - name - INFO - 进入积分充值页
2020-09-09 18:50:48,292 - name - INFO - 进入积分充值页
2020-09-09 18:50:48,292 - name - INFO - 进入积分充值页
2020-09-09 18:50:48,292 - name - INFO - 进入积分充值页
2020-09-09 18:50:49,550 - name - INFO - 金额输入框输入1
2020-09-09 18:50:49,550 - name - INFO - 金额输入框输入1
2020-09-09 18:50:49,550 - name - INFO - 金额输入框输入1
2020-09-09 18:50:49,550 - name - INFO - 金额输入框输入1
2020-09-09 18:50:51,645 - name - INFO - 手机号输入“12”位数
2020-09-09 18:50:51,645 - name - INFO - 手机号输入“12”位数
2020-09-09 18:50:51,645 - name - INFO - 手机号输入“12”位数
2020-09-09 18:50:51,645 - name - INFO - 手机号输入“12”位数
2020-09-09 18:50:54,027 - name - INFO - 验证实际输入个数
2020-09-09 18:50:54,027 - name - INFO - 验证实际输入个数
2020-09-09 18:50:54,027 - name - INFO - 验证实际输入个数
2020-09-09 18:50:54,027 - name - INFO - 验证实际输入个数
2020-09-09 18:50:54,048 - name - INFO - 位数限制正确
2020-09-09 18:50:54,048 - name - INFO - 位数限制正确
2020-09-09 18:50:54,048 - name - INFO - 位数限制正确
2020-09-09 18:50:54,048 - name - INFO - 位数限制正确
