2020-09-14 09:27:48,900 - 智能上传 - INFO - 判断如果已存在文件则跳过信息填写
2020-09-14 09:28:37,635 - 智能上传 - INFO - 点击上传
2020-09-14 09:28:38,230 - 智能上传 - INFO - 上传文件D:\用例文件\宝明科技-创业板\招股说明书.doc
2020-09-14 09:28:40,818 - 智能上传 - INFO - 判断上传进度
2020-09-14 09:28:42,220 - 智能上传 - INFO - 100%成功
2020-09-14 09:28:43,325 - 智能上传 - INFO - 点击上传
2020-09-14 09:28:43,877 - 智能上传 - INFO - 上传文件D:\用例文件\宝明科技-创业板\财务报表.xls
2020-09-14 09:28:46,376 - 智能上传 - INFO - 判断上传进度
2020-09-14 09:28:46,733 - 智能上传 - INFO - 100%成功
2020-09-14 09:28:47,734 - 智能上传 - INFO - 点击上传
2020-09-14 09:28:48,303 - 智能上传 - INFO - 上传文件D:\用例文件\宝明科技-创业板\财务报表附注.docx
2020-09-14 09:28:50,900 - 智能上传 - INFO - 判断上传进度
2020-09-14 09:28:51,210 - 智能上传 - INFO - 100%成功
2020-09-14 09:29:06,209 - 智能上传 - INFO - 判断如果已存在文件则跳过信息填写
2020-09-14 09:29:54,415 - 智能上传 - INFO - 点击上传
2020-09-14 09:29:55,022 - 智能上传 - INFO - 上传文件D:\用例文件\山东玻纤-科创版-国信证券\合并报表.xlsx
2020-09-14 09:29:57,829 - 智能上传 - INFO - 判断上传进度
2020-09-14 09:29:58,216 - 智能上传 - INFO - 100%成功
2020-09-14 09:29:59,180 - 智能上传 - INFO - 点击上传
2020-09-14 09:29:59,733 - 智能上传 - INFO - 上传文件D:\用例文件\山东玻纤-科创版-国信证券\山东玻纤招股说明书.doc
2020-09-14 09:30:02,657 - 智能上传 - INFO - 判断上传进度
2020-09-14 09:30:03,955 - 智能上传 - INFO - 100%成功
2020-09-14 09:30:05,752 - 智能上传 - INFO - 点击上传
2020-09-14 09:30:06,315 - 智能上传 - INFO - 上传文件D:\用例文件\山东玻纤-科创版-国信证券\玻纤合并报告附注.doc
2020-09-14 09:30:09,064 - 智能上传 - INFO - 判断上传进度
2020-09-14 09:30:09,222 - 智能上传 - INFO - 100%成功
2020-09-14 09:30:23,093 - 智能上传 - INFO - 判断如果已存在文件则跳过信息填写
2020-09-14 09:31:11,490 - 智能上传 - INFO - 点击上传
2020-09-14 09:31:12,123 - 智能上传 - INFO - 上传文件D:\用例文件\青岛海尔-公司债\保荐机构尽职调查报告.doc
2020-09-14 09:31:14,910 - 智能上传 - INFO - 判断上传进度
2020-09-14 09:31:16,248 - 智能上传 - INFO - 100%成功
2020-09-14 09:31:17,830 - 智能上传 - INFO - 点击上传
2020-09-14 09:31:18,383 - 智能上传 - INFO - 上传文件D:\用例文件\青岛海尔-公司债\北京市金.doc
2020-09-14 09:31:21,223 - 智能上传 - INFO - 判断上传进度
2020-09-14 09:31:21,848 - 智能上传 - INFO - 100%成功
2020-09-14 09:31:22,608 - 智能上传 - INFO - 点击上传
2020-09-14 09:31:23,158 - 智能上传 - INFO - 上传文件D:\用例文件\青岛海尔-公司债\证券发行保荐书.doc
2020-09-14 09:31:25,886 - 智能上传 - INFO - 判断上传进度
2020-09-14 09:31:26,309 - 智能上传 - INFO - 100%成功
2020-09-14 09:31:27,095 - 智能上传 - INFO - 点击上传
2020-09-14 09:31:27,649 - 智能上传 - INFO - 上传文件D:\用例文件\青岛海尔-公司债\青岛海尔公开发行.doc
2020-09-14 09:31:30,367 - 智能上传 - INFO - 判断上传进度
2020-09-14 09:31:30,580 - 智能上传 - INFO - 100%成功
2020-09-14 09:31:31,474 - 智能上传 - INFO - 点击上传
2020-09-14 09:31:32,022 - 智能上传 - INFO - 上传文件D:\用例文件\青岛海尔-公司债\青岛海尔股份有限公司公开发行A股可转换公司债券募集说明书.docx
2020-09-14 09:31:34,602 - 智能上传 - INFO - 判断上传进度
2020-09-14 09:31:35,025 - 智能上传 - INFO - 100%成功
