2020-09-05 16:32:06,654 - 测试性别选择为女时 - INFO - 登录账号
2020-09-05 16:32:11,240 - 测试性别选择为女时 - INFO - 进入个人信息编辑页
2020-09-05 16:32:13,583 - 测试性别选择为女时 - INFO - 选择女
2020-09-05 16:32:13,895 - 测试性别选择为女时 - INFO - 点保存
2020-09-05 16:32:13,996 - 测试性别选择为女时 - INFO - 验证结果
2020-09-05 16:32:15,030 - 测试性别选择为女时 - INFO - 保存交互正常
2020-09-05 16:32:18,156 - 测试性别选择为女时 - INFO - 保存数据正常
2020-09-05 16:32:25,423 - 测试保存选择“拟上市及拟挂牌企业” - INFO - 登录账号
2020-09-05 16:32:30,102 - 测试保存选择“拟上市及拟挂牌企业” - INFO - 进入个人信息编辑页
2020-09-05 16:32:32,525 - 测试保存选择“拟上市及拟挂牌企业” - INFO - 职业选择“拟上市及拟挂牌企业”
2020-09-05 16:32:34,228 - 测试保存选择“拟上市及拟挂牌企业” - INFO - 保存
2020-09-05 16:32:34,229 - 测试保存选择“拟上市及拟挂牌企业” - INFO - 点保存
2020-09-05 16:32:35,775 - 测试保存选择“拟上市及拟挂牌企业” - INFO - 正常
2020-09-05 16:32:42,597 - 测试选择“银行/保险/信托/期货等金融机构” - INFO - 登录账号
2020-09-05 16:32:47,066 - 测试选择“银行/保险/信托/期货等金融机构” - INFO - 进入个人信息编辑页
2020-09-05 16:32:49,363 - 测试选择“银行/保险/信托/期货等金融机构” - INFO - 职业选择“银行/保险/信托/期货等金融机构”
2020-09-05 16:32:51,068 - 测试选择“银行/保险/信托/期货等金融机构” - INFO - 验证
2020-09-05 16:32:51,068 - 测试选择“银行/保险/信托/期货等金融机构” - INFO - 验证结果
2020-09-05 16:32:52,611 - 测试选择“银行/保险/信托/期货等金融机构” - INFO - 正常
2020-09-05 16:32:59,401 - 测试保存选择“银行/保险/信托/期货等金融机构” - INFO - 登录账号
2020-09-05 16:33:04,124 - 测试保存选择“银行/保险/信托/期货等金融机构” - INFO - 进入个人信息编辑页
2020-09-05 16:33:06,496 - 测试保存选择“银行/保险/信托/期货等金融机构” - INFO - 职业选择“银行/保险/信托/期货等金融机构”
2020-09-05 16:33:08,243 - 测试保存选择“银行/保险/信托/期货等金融机构” - INFO - 保存
2020-09-05 16:33:08,244 - 测试保存选择“银行/保险/信托/期货等金融机构” - INFO - 点保存
2020-09-05 16:33:09,787 - 测试保存选择“银行/保险/信托/期货等金融机构” - INFO - 正常
