2020-09-09 18:47:01,850 - name - INFO - 登录账号
2020-09-09 18:47:06,034 - name - INFO - 进入积分充值页
2020-09-09 18:47:07,236 - name - INFO - 金额输入框输入1
2020-09-09 18:47:09,312 - name - INFO - 邮寄地址输入“61”位数
2020-09-09 18:47:13,822 - name - INFO - 验证实际输入个数
2020-09-09 18:47:13,831 - name - INFO - 位数限制正确
2020-09-09 18:47:20,231 - name - INFO - 登录账号
2020-09-09 18:47:20,231 - name - INFO - 登录账号
2020-09-09 18:47:24,394 - name - INFO - 进入积分充值页
2020-09-09 18:47:24,394 - name - INFO - 进入积分充值页
2020-09-09 18:47:25,818 - name - INFO - 金额输入框输入1
2020-09-09 18:47:25,818 - name - INFO - 金额输入框输入1
2020-09-09 18:47:27,893 - name - INFO - 邮政编码输入“7”位数
2020-09-09 18:47:27,893 - name - INFO - 邮政编码输入“7”位数
2020-09-09 18:47:32,174 - name - INFO - 验证实际输入个数
2020-09-09 18:47:32,174 - name - INFO - 验证实际输入个数
2020-09-09 18:47:32,184 - name - INFO - 位数限制正确
2020-09-09 18:47:32,184 - name - INFO - 位数限制正确
2020-09-09 18:47:38,699 - name - INFO - 登录账号
2020-09-09 18:47:38,699 - name - INFO - 登录账号
2020-09-09 18:47:38,699 - name - INFO - 登录账号
2020-09-09 18:47:43,030 - name - INFO - 进入积分充值页
2020-09-09 18:47:43,030 - name - INFO - 进入积分充值页
2020-09-09 18:47:43,030 - name - INFO - 进入积分充值页
2020-09-09 18:47:44,224 - name - INFO - 金额输入框输入1
2020-09-09 18:47:44,224 - name - INFO - 金额输入框输入1
2020-09-09 18:47:44,224 - name - INFO - 金额输入框输入1
2020-09-09 18:47:46,312 - name - INFO - 联系人输入“11”位数
2020-09-09 18:47:46,312 - name - INFO - 联系人输入“11”位数
2020-09-09 18:47:46,312 - name - INFO - 联系人输入“11”位数
2020-09-09 18:47:50,558 - name - INFO - 验证实际输入个数
2020-09-09 18:47:50,558 - name - INFO - 验证实际输入个数
2020-09-09 18:47:50,558 - name - INFO - 验证实际输入个数
2020-09-09 18:47:50,568 - name - INFO - 位数限制正确
2020-09-09 18:47:50,568 - name - INFO - 位数限制正确
2020-09-09 18:47:50,568 - name - INFO - 位数限制正确
2020-09-09 18:47:56,904 - name - INFO - 登录账号
2020-09-09 18:47:56,904 - name - INFO - 登录账号
2020-09-09 18:47:56,904 - name - INFO - 登录账号
2020-09-09 18:47:56,904 - name - INFO - 登录账号
2020-09-09 18:48:01,317 - name - INFO - 进入积分充值页
2020-09-09 18:48:01,317 - name - INFO - 进入积分充值页
2020-09-09 18:48:01,317 - name - INFO - 进入积分充值页
2020-09-09 18:48:01,317 - name - INFO - 进入积分充值页
2020-09-09 18:48:02,749 - name - INFO - 金额输入框输入1
2020-09-09 18:48:02,749 - name - INFO - 金额输入框输入1
2020-09-09 18:48:02,749 - name - INFO - 金额输入框输入1
2020-09-09 18:48:02,749 - name - INFO - 金额输入框输入1
2020-09-09 18:48:04,826 - name - INFO - 手机号输入“12”位数
2020-09-09 18:48:04,826 - name - INFO - 手机号输入“12”位数
2020-09-09 18:48:04,826 - name - INFO - 手机号输入“12”位数
2020-09-09 18:48:04,826 - name - INFO - 手机号输入“12”位数
2020-09-09 18:48:09,111 - name - INFO - 验证实际输入个数
2020-09-09 18:48:09,111 - name - INFO - 验证实际输入个数
2020-09-09 18:48:09,111 - name - INFO - 验证实际输入个数
2020-09-09 18:48:09,111 - name - INFO - 验证实际输入个数
2020-09-09 18:48:09,124 - name - INFO - 位数限制正确
2020-09-09 18:48:09,124 - name - INFO - 位数限制正确
2020-09-09 18:48:09,124 - name - INFO - 位数限制正确
2020-09-09 18:48:09,124 - name - INFO - 位数限制正确
2020-09-09 18:48:15,091 - name - INFO - 登录账号
2020-09-09 18:48:15,091 - name - INFO - 登录账号
2020-09-09 18:48:15,091 - name - INFO - 登录账号
2020-09-09 18:48:15,091 - name - INFO - 登录账号
2020-09-09 18:48:19,301 - name - INFO - 进入积分充值页
2020-09-09 18:48:19,301 - name - INFO - 进入积分充值页
2020-09-09 18:48:19,301 - name - INFO - 进入积分充值页
2020-09-09 18:48:19,301 - name - INFO - 进入积分充值页
2020-09-09 18:48:20,488 - name - INFO - 金额输入框输入1
2020-09-09 18:48:20,488 - name - INFO - 金额输入框输入1
2020-09-09 18:48:20,488 - name - INFO - 金额输入框输入1
2020-09-09 18:48:20,488 - name - INFO - 金额输入框输入1
2020-09-09 18:48:22,573 - name - INFO - 公司名输入“51”位数
2020-09-09 18:48:22,573 - name - INFO - 公司名输入“51”位数
2020-09-09 18:48:22,573 - name - INFO - 公司名输入“51”位数
2020-09-09 18:48:22,573 - name - INFO - 公司名输入“51”位数
2020-09-09 18:48:25,185 - name - INFO - 验证实际输入个数
2020-09-09 18:48:25,185 - name - INFO - 验证实际输入个数
2020-09-09 18:48:25,185 - name - INFO - 验证实际输入个数
2020-09-09 18:48:25,185 - name - INFO - 验证实际输入个数
2020-09-09 18:48:25,194 - name - INFO - 位数限制正确
2020-09-09 18:48:25,194 - name - INFO - 位数限制正确
2020-09-09 18:48:25,194 - name - INFO - 位数限制正确
2020-09-09 18:48:25,194 - name - INFO - 位数限制正确
2020-09-09 18:48:31,348 - name - INFO - 登录账号
2020-09-09 18:48:31,348 - name - INFO - 登录账号
2020-09-09 18:48:31,348 - name - INFO - 登录账号
2020-09-09 18:48:31,348 - name - INFO - 登录账号
2020-09-09 18:48:35,575 - name - INFO - 进入积分充值页
2020-09-09 18:48:35,575 - name - INFO - 进入积分充值页
2020-09-09 18:48:35,575 - name - INFO - 进入积分充值页
2020-09-09 18:48:35,575 - name - INFO - 进入积分充值页
2020-09-09 18:48:37,147 - name - INFO - 金额输入框输入1
2020-09-09 18:48:37,147 - name - INFO - 金额输入框输入1
2020-09-09 18:48:37,147 - name - INFO - 金额输入框输入1
2020-09-09 18:48:37,147 - name - INFO - 金额输入框输入1
2020-09-09 18:48:39,216 - name - INFO - 纳税人识输入“21”位数
2020-09-09 18:48:39,216 - name - INFO - 纳税人识输入“21”位数
2020-09-09 18:48:39,216 - name - INFO - 纳税人识输入“21”位数
2020-09-09 18:48:39,216 - name - INFO - 纳税人识输入“21”位数
2020-09-09 18:48:41,598 - name - INFO - 验证实际输入个数
2020-09-09 18:48:41,598 - name - INFO - 验证实际输入个数
2020-09-09 18:48:41,598 - name - INFO - 验证实际输入个数
2020-09-09 18:48:41,598 - name - INFO - 验证实际输入个数
2020-09-09 18:48:41,608 - name - INFO - 位数限制正确
2020-09-09 18:48:41,608 - name - INFO - 位数限制正确
2020-09-09 18:48:41,608 - name - INFO - 位数限制正确
2020-09-09 18:48:41,608 - name - INFO - 位数限制正确
2020-09-09 18:48:47,949 - name - INFO - 登录账号
2020-09-09 18:48:47,949 - name - INFO - 登录账号
2020-09-09 18:48:47,949 - name - INFO - 登录账号
2020-09-09 18:48:47,949 - name - INFO - 登录账号
2020-09-09 18:48:52,194 - name - INFO - 进入积分充值页
2020-09-09 18:48:52,194 - name - INFO - 进入积分充值页
2020-09-09 18:48:52,194 - name - INFO - 进入积分充值页
2020-09-09 18:48:52,194 - name - INFO - 进入积分充值页
2020-09-09 18:48:53,538 - name - INFO - 金额输入框输入1
2020-09-09 18:48:53,538 - name - INFO - 金额输入框输入1
2020-09-09 18:48:53,538 - name - INFO - 金额输入框输入1
2020-09-09 18:48:53,538 - name - INFO - 金额输入框输入1
2020-09-09 18:48:55,617 - name - INFO - 手机输入“21”位数
2020-09-09 18:48:55,617 - name - INFO - 手机输入“21”位数
2020-09-09 18:48:55,617 - name - INFO - 手机输入“21”位数
2020-09-09 18:48:55,617 - name - INFO - 手机输入“21”位数
2020-09-09 18:48:58,036 - name - INFO - 验证实际输入个数
2020-09-09 18:48:58,036 - name - INFO - 验证实际输入个数
2020-09-09 18:48:58,036 - name - INFO - 验证实际输入个数
2020-09-09 18:48:58,036 - name - INFO - 验证实际输入个数
2020-09-09 18:48:58,049 - name - INFO - 没有位数限制
2020-09-09 18:48:58,049 - name - INFO - 没有位数限制
2020-09-09 18:48:58,049 - name - INFO - 没有位数限制
2020-09-09 18:48:58,049 - name - INFO - 没有位数限制
2020-09-09 18:49:05,513 - name - INFO - 登录账号
2020-09-09 18:49:05,513 - name - INFO - 登录账号
2020-09-09 18:49:05,513 - name - INFO - 登录账号
2020-09-09 18:49:05,513 - name - INFO - 登录账号
2020-09-09 18:49:09,690 - name - INFO - 进入积分充值页
2020-09-09 18:49:09,690 - name - INFO - 进入积分充值页
2020-09-09 18:49:09,690 - name - INFO - 进入积分充值页
2020-09-09 18:49:09,690 - name - INFO - 进入积分充值页
2020-09-09 18:49:11,075 - name - INFO - 金额输入框输入1
2020-09-09 18:49:11,075 - name - INFO - 金额输入框输入1
2020-09-09 18:49:11,075 - name - INFO - 金额输入框输入1
2020-09-09 18:49:11,075 - name - INFO - 金额输入框输入1
2020-09-09 18:49:13,155 - name - INFO - 公司地址输入“51”位数
2020-09-09 18:49:13,155 - name - INFO - 公司地址输入“51”位数
2020-09-09 18:49:13,155 - name - INFO - 公司地址输入“51”位数
2020-09-09 18:49:13,155 - name - INFO - 公司地址输入“51”位数
2020-09-09 18:49:15,693 - name - INFO - 验证实际输入个数
2020-09-09 18:49:15,693 - name - INFO - 验证实际输入个数
2020-09-09 18:49:15,693 - name - INFO - 验证实际输入个数
2020-09-09 18:49:15,693 - name - INFO - 验证实际输入个数
2020-09-09 18:49:15,703 - name - INFO - 位数限制正确
2020-09-09 18:49:15,703 - name - INFO - 位数限制正确
2020-09-09 18:49:15,703 - name - INFO - 位数限制正确
2020-09-09 18:49:15,703 - name - INFO - 位数限制正确
2020-09-09 18:49:22,057 - name - INFO - 登录账号
2020-09-09 18:49:22,057 - name - INFO - 登录账号
2020-09-09 18:49:22,057 - name - INFO - 登录账号
2020-09-09 18:49:22,057 - name - INFO - 登录账号
2020-09-09 18:49:26,202 - name - INFO - 进入积分充值页
2020-09-09 18:49:26,202 - name - INFO - 进入积分充值页
2020-09-09 18:49:26,202 - name - INFO - 进入积分充值页
2020-09-09 18:49:26,202 - name - INFO - 进入积分充值页
2020-09-09 18:49:27,628 - name - INFO - 金额输入框输入1
2020-09-09 18:49:27,628 - name - INFO - 金额输入框输入1
2020-09-09 18:49:27,628 - name - INFO - 金额输入框输入1
2020-09-09 18:49:27,628 - name - INFO - 金额输入框输入1
2020-09-09 18:49:29,719 - name - INFO - 开户银行输入“31”位数
2020-09-09 18:49:29,719 - name - INFO - 开户银行输入“31”位数
2020-09-09 18:49:29,719 - name - INFO - 开户银行输入“31”位数
2020-09-09 18:49:29,719 - name - INFO - 开户银行输入“31”位数
2020-09-09 18:49:32,197 - name - INFO - 验证实际输入个数
2020-09-09 18:49:32,197 - name - INFO - 验证实际输入个数
2020-09-09 18:49:32,197 - name - INFO - 验证实际输入个数
2020-09-09 18:49:32,197 - name - INFO - 验证实际输入个数
2020-09-09 18:49:32,210 - name - INFO - 位数限制正确
2020-09-09 18:49:32,210 - name - INFO - 位数限制正确
2020-09-09 18:49:32,210 - name - INFO - 位数限制正确
2020-09-09 18:49:32,210 - name - INFO - 位数限制正确
2020-09-09 18:49:38,542 - name - INFO - 登录账号
2020-09-09 18:49:38,542 - name - INFO - 登录账号
2020-09-09 18:49:38,542 - name - INFO - 登录账号
2020-09-09 18:49:38,542 - name - INFO - 登录账号
2020-09-09 18:49:42,812 - name - INFO - 进入积分充值页
2020-09-09 18:49:42,812 - name - INFO - 进入积分充值页
2020-09-09 18:49:42,812 - name - INFO - 进入积分充值页
2020-09-09 18:49:42,812 - name - INFO - 进入积分充值页
2020-09-09 18:49:44,442 - name - INFO - 金额输入框输入1
2020-09-09 18:49:44,442 - name - INFO - 金额输入框输入1
2020-09-09 18:49:44,442 - name - INFO - 金额输入框输入1
2020-09-09 18:49:44,442 - name - INFO - 金额输入框输入1
2020-09-09 18:49:46,505 - name - INFO - 账户输入“21”位数
2020-09-09 18:49:46,505 - name - INFO - 账户输入“21”位数
2020-09-09 18:49:46,505 - name - INFO - 账户输入“21”位数
2020-09-09 18:49:46,505 - name - INFO - 账户输入“21”位数
2020-09-09 18:49:48,880 - name - INFO - 验证实际输入个数
2020-09-09 18:49:48,880 - name - INFO - 验证实际输入个数
2020-09-09 18:49:48,880 - name - INFO - 验证实际输入个数
2020-09-09 18:49:48,880 - name - INFO - 验证实际输入个数
2020-09-09 18:49:48,890 - name - INFO - 位数限制正确
2020-09-09 18:49:48,890 - name - INFO - 位数限制正确
2020-09-09 18:49:48,890 - name - INFO - 位数限制正确
2020-09-09 18:49:48,890 - name - INFO - 位数限制正确
2020-09-09 18:49:55,265 - name - INFO - 登录账号
2020-09-09 18:49:55,265 - name - INFO - 登录账号
2020-09-09 18:49:55,265 - name - INFO - 登录账号
2020-09-09 18:49:55,265 - name - INFO - 登录账号
2020-09-09 18:49:59,436 - name - INFO - 进入积分充值页
2020-09-09 18:49:59,436 - name - INFO - 进入积分充值页
2020-09-09 18:49:59,436 - name - INFO - 进入积分充值页
2020-09-09 18:49:59,436 - name - INFO - 进入积分充值页
2020-09-09 18:50:00,964 - name - INFO - 金额输入框输入1
2020-09-09 18:50:00,964 - name - INFO - 金额输入框输入1
2020-09-09 18:50:00,964 - name - INFO - 金额输入框输入1
2020-09-09 18:50:00,964 - name - INFO - 金额输入框输入1
2020-09-09 18:50:03,042 - name - INFO - 邮寄地址输入“61”位数
2020-09-09 18:50:03,042 - name - INFO - 邮寄地址输入“61”位数
2020-09-09 18:50:03,042 - name - INFO - 邮寄地址输入“61”位数
2020-09-09 18:50:03,042 - name - INFO - 邮寄地址输入“61”位数
2020-09-09 18:50:05,655 - name - INFO - 验证实际输入个数
2020-09-09 18:50:05,655 - name - INFO - 验证实际输入个数
2020-09-09 18:50:05,655 - name - INFO - 验证实际输入个数
2020-09-09 18:50:05,655 - name - INFO - 验证实际输入个数
2020-09-09 18:50:05,667 - name - INFO - 位数限制正确
2020-09-09 18:50:05,667 - name - INFO - 位数限制正确
2020-09-09 18:50:05,667 - name - INFO - 位数限制正确
2020-09-09 18:50:05,667 - name - INFO - 位数限制正确
2020-09-09 18:50:11,886 - name - INFO - 登录账号
2020-09-09 18:50:11,886 - name - INFO - 登录账号
2020-09-09 18:50:11,886 - name - INFO - 登录账号
2020-09-09 18:50:11,886 - name - INFO - 登录账号
2020-09-09 18:50:16,044 - name - INFO - 进入积分充值页
2020-09-09 18:50:16,044 - name - INFO - 进入积分充值页
2020-09-09 18:50:16,044 - name - INFO - 进入积分充值页
2020-09-09 18:50:16,044 - name - INFO - 进入积分充值页
2020-09-09 18:50:17,399 - name - INFO - 金额输入框输入1
2020-09-09 18:50:17,399 - name - INFO - 金额输入框输入1
2020-09-09 18:50:17,399 - name - INFO - 金额输入框输入1
2020-09-09 18:50:17,399 - name - INFO - 金额输入框输入1
2020-09-09 18:50:19,503 - name - INFO - 邮政编码输入“7”位数
2020-09-09 18:50:19,503 - name - INFO - 邮政编码输入“7”位数
2020-09-09 18:50:19,503 - name - INFO - 邮政编码输入“7”位数
2020-09-09 18:50:19,503 - name - INFO - 邮政编码输入“7”位数
2020-09-09 18:50:21,828 - name - INFO - 验证实际输入个数
2020-09-09 18:50:21,828 - name - INFO - 验证实际输入个数
2020-09-09 18:50:21,828 - name - INFO - 验证实际输入个数
2020-09-09 18:50:21,828 - name - INFO - 验证实际输入个数
2020-09-09 18:50:21,839 - name - INFO - 位数限制正确
2020-09-09 18:50:21,839 - name - INFO - 位数限制正确
2020-09-09 18:50:21,839 - name - INFO - 位数限制正确
2020-09-09 18:50:21,839 - name - INFO - 位数限制正确
2020-09-09 18:50:27,958 - name - INFO - 登录账号
2020-09-09 18:50:27,958 - name - INFO - 登录账号
2020-09-09 18:50:27,958 - name - INFO - 登录账号
2020-09-09 18:50:27,958 - name - INFO - 登录账号
2020-09-09 18:50:32,161 - name - INFO - 进入积分充值页
2020-09-09 18:50:32,161 - name - INFO - 进入积分充值页
2020-09-09 18:50:32,161 - name - INFO - 进入积分充值页
2020-09-09 18:50:32,161 - name - INFO - 进入积分充值页
2020-09-09 18:50:33,350 - name - INFO - 金额输入框输入1
2020-09-09 18:50:33,350 - name - INFO - 金额输入框输入1
2020-09-09 18:50:33,350 - name - INFO - 金额输入框输入1
2020-09-09 18:50:33,350 - name - INFO - 金额输入框输入1
2020-09-09 18:50:35,430 - name - INFO - 联系人输入“11”位数
2020-09-09 18:50:35,430 - name - INFO - 联系人输入“11”位数
2020-09-09 18:50:35,430 - name - INFO - 联系人输入“11”位数
2020-09-09 18:50:35,430 - name - INFO - 联系人输入“11”位数
2020-09-09 18:50:37,795 - name - INFO - 验证实际输入个数
2020-09-09 18:50:37,795 - name - INFO - 验证实际输入个数
2020-09-09 18:50:37,795 - name - INFO - 验证实际输入个数
2020-09-09 18:50:37,795 - name - INFO - 验证实际输入个数
2020-09-09 18:50:37,812 - name - INFO - 位数限制正确
2020-09-09 18:50:37,812 - name - INFO - 位数限制正确
2020-09-09 18:50:37,812 - name - INFO - 位数限制正确
2020-09-09 18:50:37,812 - name - INFO - 位数限制正确
2020-09-09 18:50:44,105 - name - INFO - 登录账号
2020-09-09 18:50:44,105 - name - INFO - 登录账号
2020-09-09 18:50:44,105 - name - INFO - 登录账号
2020-09-09 18:50:44,105 - name - INFO - 登录账号
2020-09-09 18:50:48,292 - name - INFO - 进入积分充值页
2020-09-09 18:50:48,292 - name - INFO - 进入积分充值页
2020-09-09 18:50:48,292 - name - INFO - 进入积分充值页
2020-09-09 18:50:48,292 - name - INFO - 进入积分充值页
2020-09-09 18:50:49,550 - name - INFO - 金额输入框输入1
2020-09-09 18:50:49,550 - name - INFO - 金额输入框输入1
2020-09-09 18:50:49,550 - name - INFO - 金额输入框输入1
2020-09-09 18:50:49,550 - name - INFO - 金额输入框输入1
2020-09-09 18:50:51,645 - name - INFO - 手机号输入“12”位数
2020-09-09 18:50:51,645 - name - INFO - 手机号输入“12”位数
2020-09-09 18:50:51,645 - name - INFO - 手机号输入“12”位数
2020-09-09 18:50:51,645 - name - INFO - 手机号输入“12”位数
2020-09-09 18:50:54,027 - name - INFO - 验证实际输入个数
2020-09-09 18:50:54,027 - name - INFO - 验证实际输入个数
2020-09-09 18:50:54,027 - name - INFO - 验证实际输入个数
2020-09-09 18:50:54,027 - name - INFO - 验证实际输入个数
2020-09-09 18:50:54,048 - name - INFO - 位数限制正确
2020-09-09 18:50:54,048 - name - INFO - 位数限制正确
2020-09-09 18:50:54,048 - name - INFO - 位数限制正确
2020-09-09 18:50:54,048 - name - INFO - 位数限制正确
