2020-09-02 11:02:32,691 - 测试【机构名称】输入框位数限制 - INFO - 登录【邮箱】账号
2020-09-02 11:02:37,159 - 测试【机构名称】输入框位数限制 - INFO - 进入意见反馈页
2020-09-02 11:02:38,276 - 测试【机构名称】输入框位数限制 - INFO - 【机构名称】输入【51】位数
2020-09-02 11:02:40,233 - 测试【机构名称】输入框位数限制 - INFO - 验证提示
2020-09-02 11:02:40,715 - 测试【机构名称】输入框位数限制 - INFO - 提示验证成功
2020-09-02 11:02:40,716 - 测试【机构名称】输入框位数限制 - INFO - 验证数据
2020-09-02 11:02:40,732 - 测试【机构名称】输入框位数限制 - INFO - 数据验证成功
2020-09-02 11:02:47,408 - 测试【联系人】输入框位数限制 - INFO - 登录【邮箱】账号
2020-09-02 11:02:51,791 - 测试【联系人】输入框位数限制 - INFO - 进入意见反馈页
2020-09-02 11:02:52,934 - 测试【联系人】输入框位数限制 - INFO - 【联系人】输入【16】位数
2020-09-02 11:02:53,613 - 测试【联系人】输入框位数限制 - INFO - 验证提示
2020-09-02 11:02:54,100 - 测试【联系人】输入框位数限制 - INFO - 提示验证成功
2020-09-02 11:02:54,100 - 测试【联系人】输入框位数限制 - INFO - 验证数据
2020-09-02 11:02:54,119 - 测试【联系人】输入框位数限制 - INFO - 数据验证成功
2020-09-02 11:02:59,826 - 测试【联系电话】输入框位数限制 - INFO - 登录【邮箱】账号
2020-09-02 11:03:04,265 - 测试【联系电话】输入框位数限制 - INFO - 进入意见反馈页
2020-09-02 11:03:05,385 - 测试【联系电话】输入框位数限制 - INFO - 【联系电话】输入【12】位数
2020-09-02 11:03:05,996 - 测试【联系电话】输入框位数限制 - INFO - 验证提示
2020-09-02 11:03:06,483 - 测试【联系电话】输入框位数限制 - INFO - 提示验证成功
2020-09-02 11:03:06,483 - 测试【联系电话】输入框位数限制 - INFO - 验证数据
2020-09-02 11:03:06,508 - 测试【联系电话】输入框位数限制 - INFO - 数据验证成功
2020-09-02 11:04:13,529 - 测试【机构名称】输入框位数限制 - INFO - 登录【手机】账号
2020-09-02 11:04:17,795 - 测试【机构名称】输入框位数限制 - INFO - 进入意见反馈页
2020-09-02 11:04:33,937 - 测试【联系人】输入框位数限制 - INFO - 登录【手机】账号
2020-09-02 11:04:38,326 - 测试【联系人】输入框位数限制 - INFO - 进入意见反馈页
