2020-08-28 22:12:01,179 - 测试真实姓名输入混合类型数据时 - INFO - 登录账号
2020-08-28 22:12:05,851 - 测试真实姓名输入混合类型数据时 - INFO - 进入个人信息编辑页
2020-08-28 22:12:08,101 - 测试真实姓名输入混合类型数据时 - INFO - 真实姓名输入@123#$撒大大
2020-08-28 22:12:08,614 - 测试真实姓名输入混合类型数据时 - INFO - 输入内容@123#$撒大大
2020-08-28 22:12:08,614 - 测试真实姓名输入混合类型数据时 - INFO - 验证结果
2020-08-28 22:12:09,803 - 测试真实姓名输入混合类型数据时 - INFO - 正常
2020-08-28 22:12:18,441 - 测试真实姓名输入混合类型数据点保存时 - INFO - 登录账号
2020-08-28 22:12:23,122 - 测试真实姓名输入混合类型数据点保存时 - INFO - 进入个人信息编辑页
2020-08-28 22:12:25,423 - 测试真实姓名输入混合类型数据点保存时 - INFO - 真实姓名输入@123#$撒大大
2020-08-28 22:12:25,704 - 测试真实姓名输入混合类型数据点保存时 - INFO - 输入内容@123#$撒大大
2020-08-28 22:12:25,704 - 测试真实姓名输入混合类型数据点保存时 - INFO - 点保存
2020-08-28 22:12:25,773 - 测试真实姓名输入混合类型数据点保存时 - INFO - 验证结果
2020-08-28 22:12:26,812 - 测试真实姓名输入混合类型数据点保存时 - INFO - 保存交互正常
2020-08-28 22:12:27,864 - 测试真实姓名输入混合类型数据点保存时 - INFO - 保存数据正常
2020-08-28 22:12:35,986 - 测试真实姓名输入中文时 - INFO - 登录账号
2020-08-28 22:12:41,360 - 测试真实姓名输入中文时 - INFO - 进入个人信息编辑页
2020-08-28 22:12:43,821 - 测试真实姓名输入中文时 - INFO - 真实姓名输入中文
2020-08-28 22:12:44,049 - 测试真实姓名输入中文时 - INFO - 输入内容中文
2020-08-28 22:12:44,049 - 测试真实姓名输入中文时 - INFO - 验证结果
2020-08-28 22:12:45,093 - 测试真实姓名输入中文时 - INFO - 正常
2020-08-28 22:12:52,348 - 测试真实姓名输入中文点保存时 - INFO - 登录账号
2020-08-28 22:12:57,025 - 测试真实姓名输入中文点保存时 - INFO - 进入个人信息编辑页
2020-08-28 22:12:59,577 - 测试真实姓名输入中文点保存时 - INFO - 真实姓名输入中文
2020-08-28 22:12:59,826 - 测试真实姓名输入中文点保存时 - INFO - 输入内容中文
2020-08-28 22:12:59,826 - 测试真实姓名输入中文点保存时 - INFO - 点保存
2020-08-28 22:12:59,934 - 测试真实姓名输入中文点保存时 - INFO - 验证结果
2020-08-28 22:13:00,969 - 测试真实姓名输入中文点保存时 - INFO - 保存交互正常
2020-08-28 22:13:02,067 - 测试真实姓名输入中文点保存时 - INFO - 保存数据正常
