2020-08-22 14:54:03,229 - 测试真实姓名输入浮点数时 - INFO - 登录账号
2020-08-22 14:54:07,940 - 测试真实姓名输入浮点数时 - INFO - 进入个人信息编辑页
2020-08-22 14:54:10,191 - 测试真实姓名输入浮点数时 - INFO - 真实姓名输入3.1415
2020-08-22 14:54:10,359 - 测试真实姓名输入浮点数时 - INFO - 验证结果
2020-08-22 14:54:11,405 - 测试真实姓名输入浮点数时 - INFO - 正常
2020-08-22 14:54:16,962 - 测试真实姓名输入浮点数点保存时 - INFO - 登录账号
2020-08-22 14:54:21,393 - 测试真实姓名输入浮点数点保存时 - INFO - 进入个人信息编辑页
2020-08-22 14:54:23,659 - 测试真实姓名输入浮点数点保存时 - INFO - 真实姓名输入3.1415
2020-08-22 14:54:23,822 - 测试真实姓名输入浮点数点保存时 - INFO - 点保存
2020-08-22 14:54:23,907 - 测试真实姓名输入浮点数点保存时 - INFO - 验证结果
2020-08-22 14:54:24,942 - 测试真实姓名输入浮点数点保存时 - INFO - 保存交互正常
2020-08-22 14:54:26,007 - 测试真实姓名输入浮点数点保存时 - INFO - 保存数据正常
2020-08-22 14:54:31,424 - 测试真实姓名输入混合类型数据时 - INFO - 登录账号
2020-08-22 14:54:35,874 - 测试真实姓名输入混合类型数据时 - INFO - 进入个人信息编辑页
2020-08-22 14:54:38,136 - 测试真实姓名输入混合类型数据时 - INFO - 真实姓名输入@123#$撒大大
2020-08-22 14:54:38,307 - 测试真实姓名输入混合类型数据时 - INFO - 验证结果
2020-08-22 14:54:39,351 - 测试真实姓名输入混合类型数据时 - INFO - 正常
2020-08-22 14:54:44,729 - 测试昵称输入混合类型数据点保存时 - INFO - 登录账号
2020-08-22 14:54:49,123 - 测试昵称输入混合类型数据点保存时 - INFO - 进入个人信息编辑页
2020-08-22 14:54:51,370 - 测试昵称输入混合类型数据点保存时 - INFO - 昵称输入@123#$撒大大
2020-08-22 14:54:51,555 - 测试昵称输入混合类型数据点保存时 - INFO - 点保存
2020-08-22 14:54:51,636 - 测试昵称输入混合类型数据点保存时 - INFO - 限制错误混合类型数据属于非特殊字符
2020-08-22 14:54:58,354 - 测试昵称输入如框为空时 - INFO - 登录账号
2020-08-22 14:55:02,894 - 测试昵称输入如框为空时 - INFO - 进入个人信息编辑页
2020-08-22 14:55:05,148 - 测试昵称输入如框为空时 - INFO - 昵称输入【空】
2020-08-22 14:55:05,477 - 测试昵称输入如框为空时 - INFO - 没有限制为空时提示
