2020-08-28 22:25:00,751 - 测试真实姓名输入特殊字符时 - INFO - 登录账号
2020-08-28 22:25:05,125 - 测试真实姓名输入特殊字符时 - INFO - 进入个人信息编辑页
2020-08-28 22:25:07,374 - 测试真实姓名输入特殊字符时 - INFO - 真实姓名输入@
2020-08-28 22:25:07,503 - 测试真实姓名输入特殊字符时 - INFO - 输入内容@
2020-08-28 22:25:07,504 - 测试真实姓名输入特殊字符时 - INFO - 验证结果
2020-08-28 22:25:08,544 - 测试真实姓名输入特殊字符时 - INFO - 正常
2020-08-28 22:25:15,330 - 测试真实姓名输入特殊字符点保存时 - INFO - 登录账号
2020-08-28 22:25:19,773 - 测试真实姓名输入特殊字符点保存时 - INFO - 进入个人信息编辑页
2020-08-28 22:25:22,059 - 测试真实姓名输入特殊字符点保存时 - INFO - 真实姓名输入@
2020-08-28 22:25:22,192 - 测试真实姓名输入特殊字符点保存时 - INFO - 输入内容@
2020-08-28 22:25:22,192 - 测试真实姓名输入特殊字符点保存时 - INFO - 点保存
2020-08-28 22:25:22,271 - 测试真实姓名输入特殊字符点保存时 - INFO - 验证结果
2020-08-28 22:25:23,304 - 测试真实姓名输入特殊字符点保存时 - INFO - 保存交互正常
2020-08-28 22:25:24,372 - 测试真实姓名输入特殊字符点保存时 - INFO - 保存数据正常
2020-08-28 22:25:30,012 - 测试真实姓名输入整数时 - INFO - 登录账号
2020-08-28 22:25:34,423 - 测试真实姓名输入整数时 - INFO - 进入个人信息编辑页
2020-08-28 22:25:36,636 - 测试真实姓名输入整数时 - INFO - 真实姓名输入12312
2020-08-28 22:25:36,789 - 测试真实姓名输入整数时 - INFO - 输入内容12312
2020-08-28 22:25:36,789 - 测试真实姓名输入整数时 - INFO - 验证结果
2020-08-28 22:25:37,831 - 测试真实姓名输入整数时 - INFO - 正常
2020-08-28 22:25:43,517 - 测试真实姓名输入整数点保存时 - INFO - 登录账号
2020-08-28 22:25:47,921 - 测试真实姓名输入整数点保存时 - INFO - 进入个人信息编辑页
2020-08-28 22:25:50,234 - 测试真实姓名输入整数点保存时 - INFO - 真实姓名输入12312
2020-08-28 22:25:50,388 - 测试真实姓名输入整数点保存时 - INFO - 输入内容12312
2020-08-28 22:25:50,389 - 测试真实姓名输入整数点保存时 - INFO - 点保存
2020-08-28 22:25:50,468 - 测试真实姓名输入整数点保存时 - INFO - 验证结果
2020-08-28 22:25:51,506 - 测试真实姓名输入整数点保存时 - INFO - 保存交互正常
2020-08-28 22:25:52,571 - 测试真实姓名输入整数点保存时 - INFO - 保存数据正常
2020-08-28 22:25:59,222 - 测试真实姓名输入浮点数时 - INFO - 登录账号
2020-08-28 22:26:03,738 - 测试真实姓名输入浮点数时 - INFO - 进入个人信息编辑页
2020-08-28 22:26:06,018 - 测试真实姓名输入浮点数时 - INFO - 真实姓名输入3.1415
2020-08-28 22:26:06,186 - 测试真实姓名输入浮点数时 - INFO - 输入内容3.1415
2020-08-28 22:26:06,186 - 测试真实姓名输入浮点数时 - INFO - 验证结果
2020-08-28 22:26:07,226 - 测试真实姓名输入浮点数时 - INFO - 正常
