2020-09-09 18:31:09,589 - 测试【邮箱账号】有必填项单选入【固收报告】保存 - INFO - 使用【邮箱】登录
2020-09-09 18:31:13,763 - 测试【邮箱账号】有必填项单选入【固收报告】保存 - INFO - 进入意见页面
2020-09-09 18:31:15,379 - 测试【邮箱账号】有必填项单选入【固收报告】保存 - INFO - 输入必填项【哇哇哇】
2020-09-09 18:31:17,873 - 测试【邮箱账号】有必填项单选入【固收报告】保存 - INFO - 勾选【固收报告】
2020-09-09 18:31:22,948 - 测试【邮箱账号】有必填项单选入【固收报告】保存 - INFO - 点击保存
2020-09-09 18:31:23,045 - 测试【邮箱账号】有必填项单选入【固收报告】保存 - INFO - 验证提示
2020-09-09 18:31:23,522 - 测试【邮箱账号】有必填项单选入【固收报告】保存 - INFO - 提示验证成功
2020-09-09 18:31:23,522 - 测试【邮箱账号】有必填项单选入【固收报告】保存 - INFO - 验证数据
2020-09-09 18:31:23,643 - 测试【邮箱账号】有必填项单选入【固收报告】保存 - INFO - 数据保存失败
2020-09-09 18:31:30,521 - 测试【邮箱账号】有必填项单选入【行研报告】保存 - INFO - 使用【邮箱】登录
2020-09-09 18:31:34,688 - 测试【邮箱账号】有必填项单选入【行研报告】保存 - INFO - 进入意见页面
2020-09-09 18:31:36,296 - 测试【邮箱账号】有必填项单选入【行研报告】保存 - INFO - 输入必填项【哇哇哇】
2020-09-09 18:31:38,613 - 测试【邮箱账号】有必填项单选入【行研报告】保存 - INFO - 勾选【行研报告】
2020-09-09 18:31:43,674 - 测试【邮箱账号】有必填项单选入【行研报告】保存 - INFO - 点击保存
2020-09-09 18:31:43,772 - 测试【邮箱账号】有必填项单选入【行研报告】保存 - INFO - 验证提示
2020-09-09 18:31:44,286 - 测试【邮箱账号】有必填项单选入【行研报告】保存 - INFO - 提示验证成功
2020-09-09 18:31:44,286 - 测试【邮箱账号】有必填项单选入【行研报告】保存 - INFO - 验证数据
2020-09-09 18:31:44,426 - 测试【邮箱账号】有必填项单选入【行研报告】保存 - INFO - 数据保存失败
2020-09-09 18:31:51,261 - 测试【邮箱账号】有必填项单选入【债券发行报告（公司债、企业债、可转债、金融债、PPN等）】保存 - INFO - 使用【邮箱】登录
2020-09-09 18:31:55,436 - 测试【邮箱账号】有必填项单选入【债券发行报告（公司债、企业债、可转债、金融债、PPN等）】保存 - INFO - 进入意见页面
2020-09-09 18:31:57,133 - 测试【邮箱账号】有必填项单选入【债券发行报告（公司债、企业债、可转债、金融债、PPN等）】保存 - INFO - 输入必填项【哇哇哇】
2020-09-09 18:31:59,673 - 测试【邮箱账号】有必填项单选入【债券发行报告（公司债、企业债、可转债、金融债、PPN等）】保存 - INFO - 勾选【债券发行报告（公司债、企业债、可转债、金融债、PPN等）】
2020-09-09 18:32:04,762 - 测试【邮箱账号】有必填项单选入【债券发行报告（公司债、企业债、可转债、金融债、PPN等）】保存 - INFO - 点击保存
2020-09-09 18:32:04,857 - 测试【邮箱账号】有必填项单选入【债券发行报告（公司债、企业债、可转债、金融债、PPN等）】保存 - INFO - 验证提示
2020-09-09 18:32:05,581 - 测试【邮箱账号】有必填项单选入【债券发行报告（公司债、企业债、可转债、金融债、PPN等）】保存 - INFO - 提示验证成功
2020-09-09 18:32:05,581 - 测试【邮箱账号】有必填项单选入【债券发行报告（公司债、企业债、可转债、金融债、PPN等）】保存 - INFO - 验证数据
2020-09-09 18:32:05,697 - 测试【邮箱账号】有必填项单选入【债券发行报告（公司债、企业债、可转债、金融债、PPN等）】保存 - INFO - 数据保存失败
2020-09-09 18:35:00,285 - 测试【邮箱账号】有必填项单选入【固收报告】保存 - INFO - 使用【邮箱】登录
2020-09-09 18:35:04,583 - 测试【邮箱账号】有必填项单选入【固收报告】保存 - INFO - 进入意见页面
2020-09-09 18:35:06,221 - 测试【邮箱账号】有必填项单选入【固收报告】保存 - INFO - 输入必填项【哇哇哇】
2020-09-09 18:35:08,615 - 测试【邮箱账号】有必填项单选入【固收报告】保存 - INFO - 勾选【固收报告】
2020-09-09 18:35:13,682 - 测试【邮箱账号】有必填项单选入【固收报告】保存 - INFO - 点击保存
2020-09-09 18:35:13,776 - 测试【邮箱账号】有必填项单选入【固收报告】保存 - INFO - 验证提示
2020-09-09 18:35:14,464 - 测试【邮箱账号】有必填项单选入【固收报告】保存 - INFO - 提示验证成功
2020-09-09 18:35:14,464 - 测试【邮箱账号】有必填项单选入【固收报告】保存 - INFO - 验证数据
2020-09-09 18:35:14,575 - 测试【邮箱账号】有必填项单选入【固收报告】保存 - INFO - 数据保存失败
2020-09-09 18:35:21,246 - 测试【邮箱账号】有必填项单选入【行研报告】保存 - INFO - 使用【邮箱】登录
2020-09-09 18:35:25,437 - 测试【邮箱账号】有必填项单选入【行研报告】保存 - INFO - 进入意见页面
2020-09-09 18:35:27,035 - 测试【邮箱账号】有必填项单选入【行研报告】保存 - INFO - 输入必填项【哇哇哇】
2020-09-09 18:35:29,466 - 测试【邮箱账号】有必填项单选入【行研报告】保存 - INFO - 勾选【行研报告】
2020-09-09 18:35:34,541 - 测试【邮箱账号】有必填项单选入【行研报告】保存 - INFO - 点击保存
2020-09-09 18:35:34,637 - 测试【邮箱账号】有必填项单选入【行研报告】保存 - INFO - 验证提示
2020-09-09 18:35:35,156 - 测试【邮箱账号】有必填项单选入【行研报告】保存 - INFO - 提示验证成功
2020-09-09 18:35:35,157 - 测试【邮箱账号】有必填项单选入【行研报告】保存 - INFO - 验证数据
2020-09-09 18:35:35,273 - 测试【邮箱账号】有必填项单选入【行研报告】保存 - INFO - 数据保存失败
