2020-09-05 16:24:10,109 - 测试真实姓名输入混合类型数据点保存时 - INFO - 登录账号
2020-09-05 16:24:14,654 - 测试真实姓名输入混合类型数据点保存时 - INFO - 进入个人信息编辑页
2020-09-05 16:24:16,840 - 测试真实姓名输入混合类型数据点保存时 - INFO - 真实姓名输入@123#$撒大大
2020-09-05 16:24:17,040 - 测试真实姓名输入混合类型数据点保存时 - INFO - 输入内容@123#$撒大大
2020-09-05 16:24:17,040 - 测试真实姓名输入混合类型数据点保存时 - INFO - 点保存
2020-09-05 16:24:17,114 - 测试真实姓名输入混合类型数据点保存时 - INFO - 验证结果
2020-09-05 16:24:18,149 - 测试真实姓名输入混合类型数据点保存时 - INFO - 保存交互正常
2020-09-05 16:24:19,697 - 测试真实姓名输入混合类型数据点保存时 - INFO - 保存数据正常
2020-09-05 16:24:26,460 - 测试真实姓名输入中文时 - INFO - 登录账号
2020-09-05 16:24:30,768 - 测试真实姓名输入中文时 - INFO - 进入个人信息编辑页
2020-09-05 16:24:32,989 - 测试真实姓名输入中文时 - INFO - 真实姓名输入中文
2020-09-05 16:24:33,217 - 测试真实姓名输入中文时 - INFO - 输入内容中文
2020-09-05 16:24:33,217 - 测试真实姓名输入中文时 - INFO - 验证结果
2020-09-05 16:24:34,276 - 测试真实姓名输入中文时 - INFO - 正常
2020-09-05 16:24:42,486 - 测试真实姓名输入中文点保存时 - INFO - 登录账号
2020-09-05 16:24:46,892 - 测试真实姓名输入中文点保存时 - INFO - 进入个人信息编辑页
2020-09-05 16:24:49,163 - 测试真实姓名输入中文点保存时 - INFO - 真实姓名输入中文
2020-09-05 16:24:49,512 - 测试真实姓名输入中文点保存时 - INFO - 输入内容中文
2020-09-05 16:24:49,512 - 测试真实姓名输入中文点保存时 - INFO - 点保存
2020-09-05 16:24:49,630 - 测试真实姓名输入中文点保存时 - INFO - 验证结果
2020-09-05 16:24:50,667 - 测试真实姓名输入中文点保存时 - INFO - 保存交互正常
2020-09-05 16:24:52,256 - 测试真实姓名输入中文点保存时 - INFO - 保存数据正常
2020-09-05 16:24:59,434 - 测试真实姓名输入如框为空时 - INFO - 登录账号
2020-09-05 16:25:04,476 - 测试真实姓名输入如框为空时 - INFO - 进入个人信息编辑页
2020-09-05 16:25:06,685 - 测试真实姓名输入如框为空时 - INFO - 真实姓名输入【空】
2020-09-05 16:25:07,099 - 测试真实姓名输入如框为空时 - INFO - 输入内容
2020-09-05 16:25:07,099 - 测试真实姓名输入如框为空时 - INFO - 验证结果
2020-09-05 16:25:08,134 - 测试真实姓名输入如框为空时 - INFO - 正常
