2020-09-05 16:27:09,691 - 测试真实姓名输入混合类型数据时 - INFO - 登录账号
2020-09-05 16:27:14,287 - 测试真实姓名输入混合类型数据时 - INFO - 进入个人信息编辑页
2020-09-05 16:27:16,671 - 测试真实姓名输入混合类型数据时 - INFO - 真实姓名输入@123#$撒大大
2020-09-05 16:27:17,007 - 测试真实姓名输入混合类型数据时 - INFO - 输入内容@123#$撒大大
2020-09-05 16:27:17,008 - 测试真实姓名输入混合类型数据时 - INFO - 验证结果
2020-09-05 16:27:18,079 - 测试真实姓名输入混合类型数据时 - INFO - 正常
2020-09-05 16:27:25,476 - 测试公司名字输入混合类型数据点保存时 - INFO - 登录账号
2020-09-05 16:27:30,200 - 测试公司名字输入混合类型数据点保存时 - INFO - 进入个人信息编辑页
2020-09-05 16:27:32,551 - 测试公司名字输入混合类型数据点保存时 - INFO - 昵称输入@123#$撒大大
2020-09-05 16:27:32,827 - 测试公司名字输入混合类型数据点保存时 - INFO - 点保存
2020-09-05 16:27:34,506 - 测试公司名字输入混合类型数据点保存时 - INFO - 验证结果
2020-09-05 16:27:35,539 - 测试公司名字输入混合类型数据点保存时 - INFO - 保存交互正常
2020-09-05 16:27:37,080 - 测试公司名字输入混合类型数据点保存时 - INFO - 保存数据正常
2020-09-05 16:27:43,798 - 测试公司名字输入如框为空时 - INFO - 登录账号
2020-09-05 16:27:48,283 - 测试公司名字输入如框为空时 - INFO - 进入个人信息编辑页
2020-09-05 16:27:50,589 - 测试公司名字输入如框为空时 - INFO - 昵称输入【空】
2020-09-05 16:27:51,391 - 测试公司名字输入如框为空时 - INFO - 验证
2020-09-05 16:27:51,391 - 测试公司名字输入如框为空时 - INFO - 验证结果
2020-09-05 16:27:52,443 - 测试公司名字输入如框为空时 - INFO - 正常
2020-09-05 16:27:59,278 - 测试公司名字输入如框为空点保存时 - INFO - 登录账号
2020-09-05 16:28:03,879 - 测试公司名字输入如框为空点保存时 - INFO - 进入个人信息编辑页
2020-09-05 16:28:06,105 - 测试公司名字输入如框为空点保存时 - INFO - 昵称输入【空】
2020-09-05 16:28:06,915 - 测试公司名字输入如框为空点保存时 - INFO - 点保存
2020-09-05 16:28:08,532 - 测试公司名字输入如框为空点保存时 - INFO - 验证结果
2020-09-05 16:28:09,570 - 测试公司名字输入如框为空点保存时 - INFO - 保存交互正常
2020-09-05 16:28:11,113 - 测试公司名字输入如框为空点保存时 - INFO - 保存数据正常
