2020-09-09 17:42:48,921 - 智能上传 - INFO - 判断如果已存在文件则跳过信息填写
2020-09-09 17:43:37,131 - 智能上传 - INFO - 点击上传
2020-09-09 17:43:37,726 - 智能上传 - INFO - 上传文件D:\用例文件\青岛海尔-公司债\保荐机构尽职调查报告.doc
2020-09-09 17:43:40,809 - 智能上传 - INFO - 判断上传进度
2020-09-09 17:43:41,531 - 智能上传 - INFO - 100%成功
2020-09-09 17:43:43,098 - 智能上传 - INFO - 点击上传
2020-09-09 17:43:43,648 - 智能上传 - INFO - 上传文件D:\用例文件\青岛海尔-公司债\北京市金.doc
2020-09-09 17:43:46,246 - 智能上传 - INFO - 判断上传进度
2020-09-09 17:43:46,342 - 智能上传 - INFO - 100%成功
2020-09-09 17:43:47,454 - 智能上传 - INFO - 点击上传
2020-09-09 17:43:48,003 - 智能上传 - INFO - 上传文件D:\用例文件\青岛海尔-公司债\证券发行保荐书.doc
2020-09-09 17:43:50,652 - 智能上传 - INFO - 判断上传进度
2020-09-09 17:43:50,773 - 智能上传 - INFO - 100%成功
2020-09-09 17:43:51,672 - 智能上传 - INFO - 点击上传
2020-09-09 17:43:52,210 - 智能上传 - INFO - 上传文件D:\用例文件\青岛海尔-公司债\青岛海尔公开发行.doc
2020-09-09 17:43:54,848 - 智能上传 - INFO - 判断上传进度
2020-09-09 17:43:54,934 - 智能上传 - INFO - 100%成功
2020-09-09 17:43:55,803 - 智能上传 - INFO - 点击上传
2020-09-09 17:43:56,341 - 智能上传 - INFO - 上传文件D:\用例文件\青岛海尔-公司债\青岛海尔股份有限公司公开发行A股可转换公司债券募集说明书.docx
2020-09-09 17:43:58,834 - 智能上传 - INFO - 判断上传进度
2020-09-09 17:43:59,088 - 智能上传 - INFO - 100%成功
