2020-09-09 18:20:04,822 - 测试“昵称”输入个数限制 - INFO - 登录账号
2020-09-09 18:20:09,155 - 测试“昵称”输入个数限制 - INFO - 进入个人信息编辑页
2020-09-09 18:20:11,354 - 测试“昵称”输入个数限制 - INFO - 昵称输入“11”位数
2020-09-09 18:20:11,557 - 测试“昵称”输入个数限制 - INFO - 验证实际输入个数
2020-09-09 18:20:13,113 - 测试“昵称”输入个数限制 - INFO - 位数限制正常
2020-09-09 18:20:19,198 - 测试“真实名字”输入个数限制 - INFO - 登录账号
2020-09-09 18:20:23,395 - 测试“真实名字”输入个数限制 - INFO - 进入个人信息编辑页
2020-09-09 18:20:25,602 - 测试“真实名字”输入个数限制 - INFO - 真实名字输入“11”位数
2020-09-09 18:20:25,882 - 测试“真实名字”输入个数限制 - INFO - 验证实际输入个数
2020-09-09 18:20:27,450 - 测试“真实名字”输入个数限制 - INFO - 位数限制正常
2020-09-09 18:20:34,695 - 测试“公司名”输入个数限制 - INFO - 登录账号
2020-09-09 18:20:38,941 - 测试“公司名”输入个数限制 - INFO - 进入个人信息编辑页
2020-09-09 18:20:41,232 - 测试“公司名”输入个数限制 - INFO - 公司名输入“17”位数
2020-09-09 18:20:41,541 - 测试“公司名”输入个数限制 - INFO - 验证实际输入个数
2020-09-09 18:20:43,101 - 测试“公司名”输入个数限制 - INFO - 位数限制正常
2020-09-09 18:20:49,428 - 测试“所属部门”输入个数限制 - INFO - 登录账号
2020-09-09 18:20:53,718 - 测试“所属部门”输入个数限制 - INFO - 进入个人信息编辑页
2020-09-09 18:20:55,994 - 测试“所属部门”输入个数限制 - INFO - 所属部门输入“21”位数
2020-09-09 18:20:56,325 - 测试“所属部门”输入个数限制 - INFO - 验证实际输入个数
2020-09-09 18:20:57,891 - 测试“所属部门”输入个数限制 - INFO - 位数限制正常
