2020-09-22 23:06:59,565 - 智能上传 - INFO - 判断如果已存在文件则跳过信息填写
2020-09-22 23:07:30,195 - 智能上传 - INFO - 点击上传
2020-09-22 23:07:30,965 - 智能上传 - INFO - 上传文件D:\用例文件\先融期货-新三板-公转书\公开转让说明书-先融期货.docx
2020-09-22 23:07:35,470 - 智能上传 - INFO - 判断上传进度
2020-09-22 23:07:35,983 - 智能上传 - INFO - 100%成功
2020-09-22 23:07:36,675 - 智能上传 - INFO - 点击上传
2020-09-22 23:07:37,262 - 智能上传 - INFO - 上传文件D:\用例文件\先融期货-新三板-公转书\财务报表-.xlsx
2020-09-22 23:07:40,988 - 智能上传 - INFO - 判断上传进度
2020-09-22 23:09:10,871 - 智能上传 - INFO - 判断如果已存在文件则跳过信息填写
2020-09-22 23:09:41,561 - 智能上传 - INFO - 点击上传
2020-09-22 23:09:42,345 - 智能上传 - INFO - 上传文件D:\用例文件\华通热力-半年报-19年半年报\04财务报表附注.doc
2020-09-22 23:09:45,121 - 智能上传 - INFO - 判断上传进度
2020-09-22 23:09:46,104 - 智能上传 - INFO - 100%成功
2020-09-22 23:09:46,740 - 智能上传 - INFO - 点击上传
2020-09-22 23:09:47,332 - 智能上传 - INFO - 上传文件D:\用例文件\华通热力-半年报-19年半年报\2019年半年度报告全文.doc
2020-09-22 23:09:50,007 - 智能上传 - INFO - 判断上传进度
2020-09-22 23:09:52,441 - 智能上传 - INFO - 100%成功
2020-09-22 23:09:53,557 - 智能上传 - INFO - 点击上传
2020-09-22 23:09:54,112 - 智能上传 - INFO - 上传文件D:\用例文件\华通热力-半年报-19年半年报\华通2019630审阅财务报表.xlsx
2020-09-22 23:09:57,057 - 智能上传 - INFO - 判断上传进度
