2020-09-09 18:14:06,097 - 测试真实姓名输入混合类型数据点保存时 - INFO - 登录账号
2020-09-09 18:14:10,734 - 测试真实姓名输入混合类型数据点保存时 - INFO - 进入个人信息编辑页
2020-09-09 18:14:12,941 - 测试真实姓名输入混合类型数据点保存时 - INFO - 真实姓名输入@123#$撒大大
2020-09-09 18:14:13,147 - 测试真实姓名输入混合类型数据点保存时 - INFO - 输入内容@123#$撒大大
2020-09-09 18:14:13,147 - 测试真实姓名输入混合类型数据点保存时 - INFO - 点保存
2020-09-09 18:14:13,223 - 测试真实姓名输入混合类型数据点保存时 - INFO - 验证结果
2020-09-09 18:14:14,267 - 测试真实姓名输入混合类型数据点保存时 - INFO - 保存交互正常
2020-09-09 18:14:15,813 - 测试真实姓名输入混合类型数据点保存时 - INFO - 保存数据正常
2020-09-09 18:14:22,228 - 测试真实姓名输入中文时 - INFO - 登录账号
2020-09-09 18:14:26,545 - 测试真实姓名输入中文时 - INFO - 进入个人信息编辑页
2020-09-09 18:14:28,762 - 测试真实姓名输入中文时 - INFO - 真实姓名输入中文
2020-09-09 18:14:28,919 - 测试真实姓名输入中文时 - INFO - 输入内容中文
2020-09-09 18:14:28,919 - 测试真实姓名输入中文时 - INFO - 验证结果
2020-09-09 18:14:30,006 - 测试真实姓名输入中文时 - INFO - 正常
2020-09-09 18:14:36,380 - 测试真实姓名输入中文点保存时 - INFO - 登录账号
2020-09-09 18:14:40,947 - 测试真实姓名输入中文点保存时 - INFO - 进入个人信息编辑页
2020-09-09 18:14:43,219 - 测试真实姓名输入中文点保存时 - INFO - 真实姓名输入中文
2020-09-09 18:14:43,439 - 测试真实姓名输入中文点保存时 - INFO - 输入内容中文
2020-09-09 18:14:43,440 - 测试真实姓名输入中文点保存时 - INFO - 点保存
2020-09-09 18:14:43,560 - 测试真实姓名输入中文点保存时 - INFO - 验证结果
2020-09-09 18:14:44,609 - 测试真实姓名输入中文点保存时 - INFO - 保存交互正常
2020-09-09 18:14:46,211 - 测试真实姓名输入中文点保存时 - INFO - 保存数据正常
2020-09-09 18:14:52,836 - 测试真实姓名输入如框为空时 - INFO - 登录账号
2020-09-09 18:14:57,267 - 测试真实姓名输入如框为空时 - INFO - 进入个人信息编辑页
2020-09-09 18:14:59,661 - 测试真实姓名输入如框为空时 - INFO - 真实姓名输入【空】
2020-09-09 18:15:00,087 - 测试真实姓名输入如框为空时 - INFO - 输入内容
2020-09-09 18:15:00,087 - 测试真实姓名输入如框为空时 - INFO - 验证结果
2020-09-09 18:15:01,140 - 测试真实姓名输入如框为空时 - INFO - 正常
