2020-09-03 10:28:10,792 - 测试【邮箱账号】有必填项单选入【子分公司基本信息】保存 - INFO - 使用【邮箱】登录
2020-09-03 10:28:15,593 - 测试【邮箱账号】有必填项单选入【子分公司基本信息】保存 - INFO - 进入意见页面
2020-09-03 10:28:17,196 - 测试【邮箱账号】有必填项单选入【子分公司基本信息】保存 - INFO - 输入必填项【哇哇哇】
2020-09-03 10:28:19,650 - 测试【邮箱账号】有必填项单选入【子分公司基本信息】保存 - INFO - 勾选【子分公司基本信息】
2020-09-03 10:28:24,726 - 测试【邮箱账号】有必填项单选入【子分公司基本信息】保存 - INFO - 点击保存
2020-09-03 10:28:24,831 - 测试【邮箱账号】有必填项单选入【子分公司基本信息】保存 - INFO - 验证提示
2020-09-03 10:28:25,421 - 测试【邮箱账号】有必填项单选入【子分公司基本信息】保存 - INFO - 提示验证成功
2020-09-03 10:28:25,422 - 测试【邮箱账号】有必填项单选入【子分公司基本信息】保存 - INFO - 验证数据
2020-09-03 10:28:25,539 - 测试【邮箱账号】有必填项单选入【子分公司基本信息】保存 - INFO - 数据验证成功
2020-09-03 10:28:32,568 - 测试【邮箱账号】有必填项单选入【股东基本信息】保存 - INFO - 使用【邮箱】登录
2020-09-03 10:28:37,016 - 测试【邮箱账号】有必填项单选入【股东基本信息】保存 - INFO - 进入意见页面
2020-09-03 10:28:38,901 - 测试【邮箱账号】有必填项单选入【股东基本信息】保存 - INFO - 输入必填项【哇哇哇】
2020-09-03 10:28:41,787 - 测试【邮箱账号】有必填项单选入【股东基本信息】保存 - INFO - 勾选【股东基本信息】
2020-09-03 10:28:46,869 - 测试【邮箱账号】有必填项单选入【股东基本信息】保存 - INFO - 点击保存
2020-09-03 10:28:46,973 - 测试【邮箱账号】有必填项单选入【股东基本信息】保存 - INFO - 验证提示
2020-09-03 10:28:47,753 - 测试【邮箱账号】有必填项单选入【股东基本信息】保存 - INFO - 提示验证成功
2020-09-03 10:28:47,753 - 测试【邮箱账号】有必填项单选入【股东基本信息】保存 - INFO - 验证数据
2020-09-03 10:28:47,868 - 测试【邮箱账号】有必填项单选入【股东基本信息】保存 - INFO - 数据验证成功
2020-09-03 10:28:54,582 - 测试【邮箱账号】有必填项单选入【股权变动连续性】保存 - INFO - 使用【邮箱】登录
2020-09-03 10:28:58,928 - 测试【邮箱账号】有必填项单选入【股权变动连续性】保存 - INFO - 进入意见页面
2020-09-03 10:29:00,766 - 测试【邮箱账号】有必填项单选入【股权变动连续性】保存 - INFO - 输入必填项【哇哇哇】
2020-09-03 10:29:03,743 - 测试【邮箱账号】有必填项单选入【股权变动连续性】保存 - INFO - 勾选【股权变动连续性】
