2020-09-03 10:31:01,523 - 测试【邮箱账号】有必填项单选入【采购及销售信息等】保存 - INFO - 使用【邮箱】登录
2020-09-03 10:31:06,104 - 测试【邮箱账号】有必填项单选入【采购及销售信息等】保存 - INFO - 进入意见页面
2020-09-03 10:31:07,775 - 测试【邮箱账号】有必填项单选入【采购及销售信息等】保存 - INFO - 输入必填项【哇哇哇】
2020-09-03 10:31:10,612 - 测试【邮箱账号】有必填项单选入【采购及销售信息等】保存 - INFO - 勾选【采购及销售信息等】
2020-09-03 10:31:15,690 - 测试【邮箱账号】有必填项单选入【采购及销售信息等】保存 - INFO - 点击保存
2020-09-03 10:31:15,790 - 测试【邮箱账号】有必填项单选入【采购及销售信息等】保存 - INFO - 验证提示
2020-09-03 10:31:16,408 - 测试【邮箱账号】有必填项单选入【采购及销售信息等】保存 - INFO - 提示验证成功
2020-09-03 10:31:16,408 - 测试【邮箱账号】有必填项单选入【采购及销售信息等】保存 - INFO - 验证数据
2020-09-03 10:31:16,560 - 测试【邮箱账号】有必填项单选入【采购及销售信息等】保存 - INFO - 数据验证成功
2020-09-03 10:31:23,344 - 测试【邮箱账号】有必填项单选入【中介文件一致性引用】保存 - INFO - 使用【邮箱】登录
2020-09-03 10:31:27,672 - 测试【邮箱账号】有必填项单选入【中介文件一致性引用】保存 - INFO - 进入意见页面
2020-09-03 10:31:29,292 - 测试【邮箱账号】有必填项单选入【中介文件一致性引用】保存 - INFO - 输入必填项【哇哇哇】
2020-09-03 10:31:32,244 - 测试【邮箱账号】有必填项单选入【中介文件一致性引用】保存 - INFO - 勾选【中介文件一致性引用】
2020-09-03 10:31:37,322 - 测试【邮箱账号】有必填项单选入【中介文件一致性引用】保存 - INFO - 点击保存
2020-09-03 10:31:37,423 - 测试【邮箱账号】有必填项单选入【中介文件一致性引用】保存 - INFO - 验证提示
2020-09-03 10:31:38,260 - 测试【邮箱账号】有必填项单选入【中介文件一致性引用】保存 - INFO - 提示验证成功
2020-09-03 10:31:38,260 - 测试【邮箱账号】有必填项单选入【中介文件一致性引用】保存 - INFO - 验证数据
2020-09-03 10:31:38,375 - 测试【邮箱账号】有必填项单选入【中介文件一致性引用】保存 - INFO - 数据验证成功
2020-09-03 10:31:45,700 - 测试【邮箱账号】有必填项单选入【信披完备性】保存 - INFO - 使用【邮箱】登录
2020-09-03 10:31:50,318 - 测试【邮箱账号】有必填项单选入【信披完备性】保存 - INFO - 进入意见页面
2020-09-03 10:31:51,945 - 测试【邮箱账号】有必填项单选入【信披完备性】保存 - INFO - 输入必填项【哇哇哇】
2020-09-03 10:31:54,565 - 测试【邮箱账号】有必填项单选入【信披完备性】保存 - INFO - 勾选【信披完备性】
2020-09-03 10:31:59,631 - 测试【邮箱账号】有必填项单选入【信披完备性】保存 - INFO - 点击保存
2020-09-03 10:31:59,735 - 测试【邮箱账号】有必填项单选入【信披完备性】保存 - INFO - 验证提示
2020-09-03 10:32:00,335 - 测试【邮箱账号】有必填项单选入【信披完备性】保存 - INFO - 提示验证成功
2020-09-03 10:32:00,335 - 测试【邮箱账号】有必填项单选入【信披完备性】保存 - INFO - 验证数据
2020-09-03 10:32:00,454 - 测试【邮箱账号】有必填项单选入【信披完备性】保存 - INFO - 数据验证成功
