2020-09-09 18:28:04,921 - 测试选择“拟上市及拟挂牌企业” - INFO - 登录账号
2020-09-09 18:28:09,177 - 测试选择“拟上市及拟挂牌企业” - INFO - 进入个人信息编辑页
2020-09-09 18:28:11,397 - 测试选择“拟上市及拟挂牌企业” - INFO - 职业选择“拟上市及拟挂牌企业”
2020-09-09 18:28:13,070 - 测试选择“拟上市及拟挂牌企业” - INFO - 验证
2020-09-09 18:28:13,070 - 测试选择“拟上市及拟挂牌企业” - INFO - 验证结果
2020-09-09 18:28:14,615 - 测试选择“拟上市及拟挂牌企业” - INFO - 正常
2020-09-09 18:28:20,953 - 测试【邮箱账号】有必填项单选入【定期报告（年报等）】保存 - INFO - 使用【邮箱】登录
2020-09-09 18:28:25,223 - 测试【邮箱账号】有必填项单选入【定期报告（年报等）】保存 - INFO - 进入意见页面
2020-09-09 18:28:26,878 - 测试【邮箱账号】有必填项单选入【定期报告（年报等）】保存 - INFO - 输入必填项【哇哇哇】
2020-09-09 18:28:29,231 - 测试【邮箱账号】有必填项单选入【定期报告（年报等）】保存 - INFO - 勾选【定期报告（年报等）】
2020-09-09 18:28:34,298 - 测试【邮箱账号】有必填项单选入【定期报告（年报等）】保存 - INFO - 点击保存
2020-09-09 18:28:34,395 - 测试【邮箱账号】有必填项单选入【定期报告（年报等）】保存 - INFO - 验证提示
2020-09-09 18:28:35,117 - 测试【邮箱账号】有必填项单选入【定期报告（年报等）】保存 - INFO - 提示验证成功
2020-09-09 18:28:35,117 - 测试【邮箱账号】有必填项单选入【定期报告（年报等）】保存 - INFO - 验证数据
2020-09-09 18:28:35,268 - 测试【邮箱账号】有必填项单选入【定期报告（年报等）】保存 - INFO - 数据保存失败
2020-09-09 18:28:42,075 - 测试【邮箱账号】有必填项单选入【重组报告】保存 - INFO - 使用【邮箱】登录
2020-09-09 18:28:46,462 - 测试【邮箱账号】有必填项单选入【重组报告】保存 - INFO - 进入意见页面
2020-09-09 18:28:48,145 - 测试【邮箱账号】有必填项单选入【重组报告】保存 - INFO - 输入必填项【哇哇哇】
2020-09-09 18:28:50,632 - 测试【邮箱账号】有必填项单选入【重组报告】保存 - INFO - 勾选【重组报告】
2020-09-09 18:28:55,704 - 测试【邮箱账号】有必填项单选入【重组报告】保存 - INFO - 点击保存
2020-09-09 18:28:55,804 - 测试【邮箱账号】有必填项单选入【重组报告】保存 - INFO - 验证提示
2020-09-09 18:28:56,288 - 测试【邮箱账号】有必填项单选入【重组报告】保存 - INFO - 提示验证成功
2020-09-09 18:28:56,289 - 测试【邮箱账号】有必填项单选入【重组报告】保存 - INFO - 验证数据
2020-09-09 18:28:56,435 - 测试【邮箱账号】有必填项单选入【重组报告】保存 - INFO - 数据保存失败
