2020-08-28 22:30:01,044 - 测试公司名字输入混合类型数据点保存时 - INFO - 登录账号
2020-08-28 22:30:06,278 - 测试公司名字输入混合类型数据点保存时 - INFO - 进入个人信息编辑页
2020-08-28 22:30:08,542 - 测试公司名字输入混合类型数据点保存时 - INFO - 昵称输入@123#$撒大大
2020-08-28 22:30:08,855 - 测试公司名字输入混合类型数据点保存时 - INFO - 点保存
2020-08-28 22:30:10,106 - 测试公司名字输入混合类型数据点保存时 - INFO - 验证结果
2020-08-28 22:30:11,463 - 测试公司名字输入混合类型数据点保存时 - INFO - 保存交互正常
2020-08-28 22:30:12,506 - 测试公司名字输入混合类型数据点保存时 - INFO - 保存数据正常
2020-08-28 22:30:18,185 - 测试性别选择为男时 - INFO - 登录账号
2020-08-28 22:30:22,694 - 测试性别选择为男时 - INFO - 进入个人信息编辑页
2020-08-28 22:30:25,042 - 测试性别选择为男时 - INFO - 选择男
2020-08-28 22:30:26,287 - 测试性别选择为男时 - INFO - 点保存
2020-08-28 22:30:26,359 - 测试性别选择为男时 - INFO - 验证结果
2020-08-28 22:30:27,396 - 测试性别选择为男时 - INFO - 保存交互正常
2020-08-28 22:30:29,542 - 测试性别选择为男时 - INFO - 保存数据正常
2020-08-28 22:30:35,214 - 测试性别选择为女时 - INFO - 登录账号
2020-08-28 22:30:39,679 - 测试性别选择为女时 - INFO - 进入个人信息编辑页
2020-08-28 22:30:41,902 - 测试性别选择为女时 - INFO - 选择女
2020-08-28 22:30:43,188 - 测试性别选择为女时 - INFO - 点保存
2020-08-28 22:30:43,276 - 测试性别选择为女时 - INFO - 验证结果
2020-08-28 22:30:44,314 - 测试性别选择为女时 - INFO - 保存交互正常
2020-08-28 22:30:46,440 - 测试性别选择为女时 - INFO - 数据保存失败
