2020-09-09 18:33:15,122 - 测试【邮箱账号】有必填项单选入【经营指标】保存 - INFO - 使用【邮箱】登录
2020-09-09 18:33:19,351 - 测试【邮箱账号】有必填项单选入【经营指标】保存 - INFO - 进入意见页面
2020-09-09 18:33:20,958 - 测试【邮箱账号】有必填项单选入【经营指标】保存 - INFO - 输入必填项【哇哇哇】
2020-09-09 18:33:23,927 - 测试【邮箱账号】有必填项单选入【经营指标】保存 - INFO - 勾选【经营指标】
2020-09-09 18:33:29,000 - 测试【邮箱账号】有必填项单选入【经营指标】保存 - INFO - 点击保存
2020-09-09 18:33:29,093 - 测试【邮箱账号】有必填项单选入【经营指标】保存 - INFO - 验证提示
2020-09-09 18:33:29,794 - 测试【邮箱账号】有必填项单选入【经营指标】保存 - INFO - 提示验证成功
2020-09-09 18:33:29,794 - 测试【邮箱账号】有必填项单选入【经营指标】保存 - INFO - 验证数据
2020-09-09 18:33:29,907 - 测试【邮箱账号】有必填项单选入【经营指标】保存 - INFO - 数据保存失败
2020-09-09 18:33:36,659 - 测试【邮箱账号】有必填项单选入【发行指标】保存 - INFO - 使用【邮箱】登录
2020-09-09 18:33:40,862 - 测试【邮箱账号】有必填项单选入【发行指标】保存 - INFO - 进入意见页面
2020-09-09 18:33:42,525 - 测试【邮箱账号】有必填项单选入【发行指标】保存 - INFO - 输入必填项【哇哇哇】
2020-09-09 18:33:44,940 - 测试【邮箱账号】有必填项单选入【发行指标】保存 - INFO - 勾选【发行指标】
2020-09-09 18:33:50,049 - 测试【邮箱账号】有必填项单选入【发行指标】保存 - INFO - 点击保存
2020-09-09 18:33:50,143 - 测试【邮箱账号】有必填项单选入【发行指标】保存 - INFO - 验证提示
2020-09-09 18:33:50,674 - 测试【邮箱账号】有必填项单选入【发行指标】保存 - INFO - 提示验证成功
2020-09-09 18:33:50,674 - 测试【邮箱账号】有必填项单选入【发行指标】保存 - INFO - 验证数据
2020-09-09 18:33:50,786 - 测试【邮箱账号】有必填项单选入【发行指标】保存 - INFO - 数据保存失败
2020-09-09 18:33:57,570 - 测试【邮箱账号】有必填项单选入【科目勾稽关系】保存 - INFO - 使用【邮箱】登录
2020-09-09 18:34:01,717 - 测试【邮箱账号】有必填项单选入【科目勾稽关系】保存 - INFO - 进入意见页面
2020-09-09 18:34:03,335 - 测试【邮箱账号】有必填项单选入【科目勾稽关系】保存 - INFO - 输入必填项【哇哇哇】
2020-09-09 18:34:05,787 - 测试【邮箱账号】有必填项单选入【科目勾稽关系】保存 - INFO - 勾选【科目勾稽关系】
2020-09-09 18:34:10,879 - 测试【邮箱账号】有必填项单选入【科目勾稽关系】保存 - INFO - 点击保存
2020-09-09 18:34:10,973 - 测试【邮箱账号】有必填项单选入【科目勾稽关系】保存 - INFO - 验证提示
2020-09-09 18:34:11,656 - 测试【邮箱账号】有必填项单选入【科目勾稽关系】保存 - INFO - 提示验证成功
2020-09-09 18:34:11,657 - 测试【邮箱账号】有必填项单选入【科目勾稽关系】保存 - INFO - 验证数据
2020-09-09 18:34:11,782 - 测试【邮箱账号】有必填项单选入【科目勾稽关系】保存 - INFO - 数据保存失败
