2020-09-05 16:36:06,446 - 测试保存选择“财经公关及媒体” - INFO - 登录账号
2020-09-05 16:36:10,939 - 测试保存选择“财经公关及媒体” - INFO - 进入个人信息编辑页
2020-09-05 16:36:13,136 - 测试保存选择“财经公关及媒体” - INFO - 职业选择“财经公关及媒体”
2020-09-05 16:36:14,837 - 测试保存选择“财经公关及媒体” - INFO - 保存
2020-09-05 16:36:14,837 - 测试保存选择“财经公关及媒体” - INFO - 点保存
2020-09-05 16:36:16,406 - 测试保存选择“财经公关及媒体” - INFO - 正常
2020-09-05 16:36:23,073 - 测试选择“其他” - INFO - 登录账号
2020-09-05 16:36:27,455 - 测试选择“其他” - INFO - 进入个人信息编辑页
2020-09-05 16:36:29,697 - 测试选择“其他” - INFO - 职业选择“其他”
2020-09-05 16:36:31,400 - 测试选择“其他” - INFO - 验证
2020-09-05 16:36:31,400 - 测试选择“其他” - INFO - 验证结果
2020-09-05 16:36:32,962 - 测试选择“其他” - INFO - 正常
2020-09-05 16:36:39,772 - 测试保存选择“其他” - INFO - 登录账号
2020-09-05 16:36:44,774 - 测试保存选择“其他” - INFO - 进入个人信息编辑页
2020-09-05 16:36:46,964 - 测试保存选择“其他” - INFO - 职业选择“其他”
2020-09-05 16:36:48,648 - 测试保存选择“其他” - INFO - 保存
2020-09-05 16:36:48,648 - 测试保存选择“其他” - INFO - 点保存
2020-09-05 16:36:50,191 - 测试保存选择“其他” - INFO - 正常
2020-09-05 16:36:56,942 - 测试保存选择“证券公司（投行/经纪/资管/研究）” - INFO - 登录账号
2020-09-05 16:37:01,379 - 测试保存选择“证券公司（投行/经纪/资管/研究）” - INFO - 进入个人信息编辑页
2020-09-05 16:37:03,583 - 测试保存选择“证券公司（投行/经纪/资管/研究）” - INFO - 职业选择“证券公司（投行/经纪/资管/研究）”
2020-09-05 16:37:05,294 - 测试保存选择“证券公司（投行/经纪/资管/研究）” - INFO - 保存
2020-09-05 16:37:05,294 - 测试保存选择“证券公司（投行/经纪/资管/研究）” - INFO - 点保存
2020-09-05 16:37:06,844 - 测试保存选择“证券公司（投行/经纪/资管/研究）” - INFO - 正常
