2020-09-02 12:49:10,561 - 测试【机构名称】输入框位数限制 - INFO - 登录【手机】账号
2020-09-02 12:49:15,122 - 测试【机构名称】输入框位数限制 - INFO - 进入意见反馈页
2020-09-02 12:49:16,898 - 测试【机构名称】输入框位数限制 - INFO - 【机构名称】输入【51】位数
2020-09-02 12:49:19,332 - 测试【机构名称】输入框位数限制 - INFO - 验证提示
2020-09-02 12:49:19,782 - 测试【机构名称】输入框位数限制 - INFO - 提示验证成功
2020-09-02 12:49:19,782 - 测试【机构名称】输入框位数限制 - INFO - 验证数据
2020-09-02 12:49:19,798 - 测试【机构名称】输入框位数限制 - INFO - 数据验证成功
2020-09-02 12:49:27,900 - 测试【机构名称】输入框位数限制 - INFO - 登录【邮箱】账号
2020-09-02 12:49:27,900 - 测试【机构名称】输入框位数限制 - INFO - 登录【邮箱】账号
2020-09-02 12:49:32,517 - 测试【机构名称】输入框位数限制 - INFO - 进入意见反馈页
2020-09-02 12:49:32,517 - 测试【机构名称】输入框位数限制 - INFO - 进入意见反馈页
2020-09-02 12:49:34,240 - 测试【机构名称】输入框位数限制 - INFO - 【机构名称】输入【51】位数
2020-09-02 12:49:34,240 - 测试【机构名称】输入框位数限制 - INFO - 【机构名称】输入【51】位数
2020-09-02 12:49:36,317 - 测试【机构名称】输入框位数限制 - INFO - 验证提示
2020-09-02 12:49:36,317 - 测试【机构名称】输入框位数限制 - INFO - 验证提示
2020-09-02 12:49:36,796 - 测试【机构名称】输入框位数限制 - INFO - 提示验证成功
2020-09-02 12:49:36,796 - 测试【机构名称】输入框位数限制 - INFO - 提示验证成功
2020-09-02 12:49:36,797 - 测试【机构名称】输入框位数限制 - INFO - 验证数据
2020-09-02 12:49:36,797 - 测试【机构名称】输入框位数限制 - INFO - 验证数据
2020-09-02 12:49:36,800 - 测试【机构名称】输入框位数限制 - INFO - 数据验证成功
2020-09-02 12:49:36,800 - 测试【机构名称】输入框位数限制 - INFO - 数据验证成功
2020-09-02 12:49:43,437 - 测试【联系人】输入框位数限制 - INFO - 登录【邮箱】账号
2020-09-02 12:49:48,055 - 测试【联系人】输入框位数限制 - INFO - 进入意见反馈页
2020-09-02 12:49:49,749 - 测试【联系人】输入框位数限制 - INFO - 【联系人】输入【16】位数
2020-09-02 12:49:50,771 - 测试【联系人】输入框位数限制 - INFO - 验证提示
2020-09-02 12:49:51,263 - 测试【联系人】输入框位数限制 - INFO - 提示验证成功
2020-09-02 12:49:51,263 - 测试【联系人】输入框位数限制 - INFO - 验证数据
2020-09-02 12:49:51,278 - 测试【联系人】输入框位数限制 - INFO - 数据验证成功
2020-09-02 12:49:58,289 - 测试【联系电话】输入框位数限制 - INFO - 登录【邮箱】账号
2020-09-02 12:50:04,111 - 测试【联系电话】输入框位数限制 - INFO - 进入意见反馈页
2020-09-02 12:50:05,735 - 测试【联系电话】输入框位数限制 - INFO - 【联系电话】输入【12】位数
2020-09-02 12:50:06,515 - 测试【联系电话】输入框位数限制 - INFO - 验证提示
2020-09-02 12:50:07,000 - 测试【联系电话】输入框位数限制 - INFO - 提示验证成功
2020-09-02 12:50:07,001 - 测试【联系电话】输入框位数限制 - INFO - 验证数据
2020-09-02 12:50:07,003 - 测试【联系电话】输入框位数限制 - INFO - 数据验证成功
2020-09-02 12:51:20,981 - 测试【联系人】输入框位数限制 - INFO - 登录【手机】账号
2020-09-02 12:51:25,320 - 测试【联系人】输入框位数限制 - INFO - 进入意见反馈页
2020-09-02 12:51:26,935 - 测试【联系人】输入框位数限制 - INFO - 【联系人】输入【16】位数
2020-09-02 12:51:27,916 - 测试【联系人】输入框位数限制 - INFO - 验证提示
2020-09-02 12:51:28,411 - 测试【联系人】输入框位数限制 - INFO - 提示验证成功
2020-09-02 12:51:28,411 - 测试【联系人】输入框位数限制 - INFO - 验证数据
2020-09-02 12:51:28,432 - 测试【联系人】输入框位数限制 - INFO - 数据验证成功
