2020-08-22 14:52:07,385 - 测试真实姓名输入中文时 - INFO - 登录账号
2020-08-22 14:52:11,644 - 测试真实姓名输入中文时 - INFO - 进入个人信息编辑页
2020-08-22 14:52:13,877 - 测试真实姓名输入中文时 - INFO - 真实姓名输入中文
2020-08-22 14:52:14,043 - 测试真实姓名输入中文时 - INFO - 验证结果
2020-08-22 14:52:15,088 - 测试真实姓名输入中文时 - INFO - 正常
2020-08-22 14:52:20,737 - 测试真实姓名输入中文点保存时 - INFO - 登录账号
2020-08-22 14:52:26,142 - 测试真实姓名输入中文点保存时 - INFO - 进入个人信息编辑页
2020-08-22 14:52:28,414 - 测试真实姓名输入中文点保存时 - INFO - 真实姓名输入中文
2020-08-22 14:52:28,593 - 测试真实姓名输入中文点保存时 - INFO - 点保存
2020-08-22 14:52:28,766 - 测试真实姓名输入中文点保存时 - INFO - 验证结果
2020-08-22 14:52:29,803 - 测试真实姓名输入中文点保存时 - INFO - 保存交互正常
2020-08-22 14:52:30,893 - 测试真实姓名输入中文点保存时 - INFO - 保存数据正常
2020-08-22 14:52:36,321 - 测试真实姓名输入如框为空时 - INFO - 登录账号
2020-08-22 14:52:40,629 - 测试真实姓名输入如框为空时 - INFO - 进入个人信息编辑页
2020-08-22 14:52:42,903 - 测试真实姓名输入如框为空时 - INFO - 真实姓名输入【空】
2020-08-22 14:52:43,239 - 测试真实姓名输入如框为空时 - INFO - 验证结果
2020-08-22 14:52:44,281 - 测试真实姓名输入如框为空时 - INFO - 正常
2020-08-22 14:52:49,832 - 测试真实姓名输入如框为空点保存时 - INFO - 登录账号
2020-08-22 14:52:54,434 - 测试真实姓名输入如框为空点保存时 - INFO - 进入个人信息编辑页
2020-08-22 14:52:56,658 - 测试真实姓名输入如框为空点保存时 - INFO - 真实姓名输入【空】
2020-08-22 14:52:56,975 - 测试真实姓名输入如框为空点保存时 - INFO - 点保存
2020-08-22 14:52:57,040 - 测试真实姓名输入如框为空点保存时 - INFO - 验证结果
2020-08-22 14:52:58,075 - 测试真实姓名输入如框为空点保存时 - INFO - 保存交互正常
2020-08-22 14:52:59,126 - 测试真实姓名输入如框为空点保存时 - INFO - 保存数据正常
