2020-07-10 18:58:32,063 - 智能上传 - INFO - 判断如果已存在文件则跳过信息填写
2020-07-10 18:59:02,176 - 智能上传 - INFO - 点击上传
2020-07-10 18:59:02,770 - 智能上传 - INFO - 上传文件D:\用例文件\先融期货-新三板-公转书\公开转让说明书-先融期货.docx
2020-07-10 18:59:05,876 - 智能上传 - INFO - 判断上传进度
2020-07-10 18:59:22,432 - 智能上传 - INFO - 100%成功
2020-07-10 18:59:23,111 - 智能上传 - INFO - 点击上传
2020-07-10 18:59:23,678 - 智能上传 - INFO - 上传文件D:\用例文件\先融期货-新三板-公转书\财务报表-.xlsx
2020-07-10 18:59:26,279 - 智能上传 - INFO - 判断上传进度
2020-07-10 18:59:26,352 - 智能上传 - INFO - 100%成功
2020-07-10 18:59:26,957 - 智能上传 - INFO - 点击上传
2020-07-10 18:59:27,520 - 智能上传 - INFO - 上传文件D:\用例文件\先融期货-新三板-公转书\财务报表附注-.docx
2020-07-10 18:59:30,089 - 智能上传 - INFO - 判断上传进度
2020-07-10 18:59:30,240 - 智能上传 - INFO - 100%成功
2020-07-10 18:59:30,240 - 智能上传 - INFO - 获取现有积分
2020-07-10 18:59:31,329 - 智能上传 - INFO - 点击开始核查
2020-07-10 18:59:31,392 - 智能上传 - INFO - 判断进度
2020-07-10 19:02:01,378 - 智能上传 - INFO - 解析完成
2020-07-10 19:02:04,043 - 智能上传 - INFO - 结果成功3个分别是['公开转让说明书-先融期货.docx', '财务报表-.xlsx', '财务报表附注-.docx']文件，
失败0个分别是[]文件,
建议['没有建议']

2020-07-10 19:02:05,044 - 智能上传 - INFO - 判断如果已存在文件则跳过信息填写
