2020-09-05 16:31:01,659 - 测试“公司名”输入个数限制 - INFO - 登录账号
2020-09-05 16:31:06,122 - 测试“公司名”输入个数限制 - INFO - 进入个人信息编辑页
2020-09-05 16:31:08,391 - 测试“公司名”输入个数限制 - INFO - 公司名输入“17”位数
2020-09-05 16:31:08,784 - 测试“公司名”输入个数限制 - INFO - 验证实际输入个数
2020-09-05 16:31:10,364 - 测试“公司名”输入个数限制 - INFO - 位数限制正常
2020-09-05 16:31:16,993 - 测试“所属部门”输入个数限制 - INFO - 登录账号
2020-09-05 16:31:21,468 - 测试“所属部门”输入个数限制 - INFO - 进入个人信息编辑页
2020-09-05 16:31:23,873 - 测试“所属部门”输入个数限制 - INFO - 所属部门输入“21”位数
2020-09-05 16:31:24,313 - 测试“所属部门”输入个数限制 - INFO - 验证实际输入个数
2020-09-05 16:31:25,876 - 测试“所属部门”输入个数限制 - INFO - 位数限制正常
2020-09-05 16:31:32,678 - 测试“职业名称”输入个数限制 - INFO - 登录账号
2020-09-05 16:31:37,170 - 测试“职业名称”输入个数限制 - INFO - 进入个人信息编辑页
2020-09-05 16:31:39,558 - 测试“职业名称”输入个数限制 - INFO - 职业名称输入“11”位数
2020-09-05 16:31:39,909 - 测试“职业名称”输入个数限制 - INFO - 验证实际输入个数
2020-09-05 16:31:41,465 - 测试“职业名称”输入个数限制 - INFO - 位数限制正常
2020-09-05 16:31:48,228 - 测试性别选择为男时 - INFO - 登录账号
2020-09-05 16:31:52,798 - 测试性别选择为男时 - INFO - 进入个人信息编辑页
2020-09-05 16:31:55,163 - 测试性别选择为男时 - INFO - 选择男
2020-09-05 16:31:55,472 - 测试性别选择为男时 - INFO - 点保存
2020-09-05 16:31:55,580 - 测试性别选择为男时 - INFO - 验证结果
2020-09-05 16:31:56,617 - 测试性别选择为男时 - INFO - 保存交互正常
2020-09-05 16:31:59,731 - 测试性别选择为男时 - INFO - 保存数据正常
