2020-07-10 19:55:45,528 - 智能上传 - INFO - 判断如果已存在文件则跳过信息填写
2020-07-10 19:56:15,725 - 智能上传 - INFO - 点击上传
2020-07-10 19:56:16,408 - 智能上传 - INFO - 上传文件D:\用例文件\华通热力-年报-18年年报\cover.doc
2020-07-10 19:56:19,257 - 智能上传 - INFO - 判断上传进度
2020-07-10 19:56:19,514 - 智能上传 - INFO - 100%成功
2020-07-10 19:56:20,133 - 智能上传 - INFO - 点击上传
2020-07-10 19:56:20,682 - 智能上传 - INFO - 上传文件D:\用例文件\华通热力-年报-18年年报\审计报告.doc
2020-07-10 19:56:23,441 - 智能上传 - INFO - 判断上传进度
2020-07-10 19:56:23,592 - 智能上传 - INFO - 100%成功
2020-07-10 19:56:24,464 - 智能上传 - INFO - 点击上传
2020-07-10 19:56:25,018 - 智能上传 - INFO - 上传文件D:\用例文件\华通热力-年报-18年年报\财务报表(2018)华通热力.xlsx
2020-07-10 19:56:27,893 - 智能上传 - INFO - 判断上传进度
2020-07-10 19:56:28,073 - 智能上传 - INFO - 100%成功
2020-07-10 19:56:28,747 - 智能上传 - INFO - 点击上传
2020-07-10 19:56:29,291 - 智能上传 - INFO - 上传文件D:\用例文件\华通热力-年报-18年年报\财务报表附注(2018)华通热.doc
2020-07-10 19:56:31,958 - 智能上传 - INFO - 判断上传进度
2020-07-10 19:56:32,238 - 智能上传 - INFO - 100%成功
2020-07-10 19:56:32,239 - 智能上传 - INFO - 获取现有积分
2020-07-10 19:56:33,325 - 智能上传 - INFO - 点击开始核查
2020-07-10 19:56:33,393 - 智能上传 - INFO - 判断进度
2020-07-10 19:56:44,825 - 智能上传 - INFO - 结果成功0个分别是[]文件，
失败4个分别是['cover.doc', '审计报告.doc', '财务报表(2018)华通热力.xlsx', '财务报表附注(2018)华通热.doc']文件,
建议['上传文件组合不符合要求，包含2个或以上重复文件（股、债、半年报、附注、审计报告、财务报表）！']

2020-07-10 19:57:00,647 - 智能上传 - INFO - 判断如果已存在文件则跳过信息填写
2020-07-10 19:57:30,772 - 智能上传 - INFO - 点击上传
2020-07-10 19:57:31,387 - 智能上传 - INFO - 上传文件D:\用例文件\宝明科技-创业板\招股说明书.doc
2020-07-10 19:57:34,147 - 智能上传 - INFO - 判断上传进度
2020-07-10 19:57:35,491 - 智能上传 - INFO - 100%成功
2020-07-10 19:57:36,226 - 智能上传 - INFO - 点击上传
2020-07-10 19:57:36,790 - 智能上传 - INFO - 上传文件D:\用例文件\宝明科技-创业板\财务报表.xls
2020-07-10 19:57:39,435 - 智能上传 - INFO - 判断上传进度
2020-07-10 19:57:39,486 - 智能上传 - INFO - 100%成功
2020-07-10 19:57:40,410 - 智能上传 - INFO - 点击上传
2020-07-10 19:57:40,949 - 智能上传 - INFO - 上传文件D:\用例文件\宝明科技-创业板\财务报表附注.docx
2020-07-10 19:57:43,694 - 智能上传 - INFO - 判断上传进度
2020-07-10 19:57:43,788 - 智能上传 - INFO - 100%成功
2020-07-10 19:57:43,788 - 智能上传 - INFO - 获取现有积分
2020-07-10 19:57:44,863 - 智能上传 - INFO - 点击开始核查
2020-07-10 19:57:44,934 - 智能上传 - INFO - 判断进度
2020-07-10 20:01:38,486 - 智能上传 - INFO - 解析完成
2020-07-10 20:01:41,164 - 智能上传 - INFO - 结果成功3个分别是['招股说明书.doc', '财务报表.xls', '财务报表附注.docx']文件，
失败0个分别是[]文件,
建议['没有建议']

2020-07-10 20:01:57,338 - 智能上传 - INFO - 判断如果已存在文件则跳过信息填写
2020-07-10 20:02:27,509 - 智能上传 - INFO - 点击上传
2020-07-10 20:02:28,128 - 智能上传 - INFO - 上传文件D:\用例文件\山东玻纤-科创版-国信证券\合并报表.xlsx
2020-07-10 20:02:30,687 - 智能上传 - INFO - 判断上传进度
2020-07-10 20:02:30,936 - 智能上传 - INFO - 100%成功
2020-07-10 20:02:31,567 - 智能上传 - INFO - 点击上传
2020-07-10 20:02:32,143 - 智能上传 - INFO - 上传文件D:\用例文件\山东玻纤-科创版-国信证券\山东玻纤招股说明书.doc
2020-07-10 20:02:34,656 - 智能上传 - INFO - 判断上传进度
2020-07-10 20:02:36,800 - 智能上传 - INFO - 100%成功
2020-07-10 20:02:37,500 - 智能上传 - INFO - 点击上传
2020-07-10 20:02:38,037 - 智能上传 - INFO - 上传文件D:\用例文件\山东玻纤-科创版-国信证券\玻纤合并报告附注.doc
2020-07-10 20:02:40,504 - 智能上传 - INFO - 判断上传进度
2020-07-10 20:02:41,195 - 智能上传 - INFO - 100%成功
2020-07-10 20:02:41,196 - 智能上传 - INFO - 获取现有积分
2020-07-10 20:02:42,255 - 智能上传 - INFO - 点击开始核查
2020-07-10 20:02:42,318 - 智能上传 - INFO - 判断进度
