2020-09-24 15:58:02,261 - 测试保存选择“其他” - INFO - 登录账号
2020-09-24 15:58:06,597 - 测试保存选择“其他” - INFO - 进入个人信息编辑页
2020-09-24 15:58:08,856 - 测试保存选择“其他” - INFO - 职业选择“其他”
2020-09-24 15:58:11,119 - 测试保存选择“其他” - INFO - 保存
2020-09-24 15:58:11,119 - 测试保存选择“其他” - INFO - 点保存
2020-09-24 15:58:12,669 - 测试保存选择“其他” - INFO - 正常
2020-09-24 15:58:19,340 - 测试保存选择“证券公司（投行/经纪/资管/研究）” - INFO - 登录账号
2020-09-24 15:58:23,713 - 测试保存选择“证券公司（投行/经纪/资管/研究）” - INFO - 进入个人信息编辑页
2020-09-24 15:58:25,980 - 测试保存选择“证券公司（投行/经纪/资管/研究）” - INFO - 职业选择“证券公司（投行/经纪/资管/研究）”
2020-09-24 15:58:28,187 - 测试保存选择“证券公司（投行/经纪/资管/研究）” - INFO - 保存
2020-09-24 15:58:28,187 - 测试保存选择“证券公司（投行/经纪/资管/研究）” - INFO - 点保存
2020-09-24 15:58:29,740 - 测试保存选择“证券公司（投行/经纪/资管/研究）” - INFO - 正常
2020-09-24 15:58:37,305 - 测试选择“律师事务所/法律工作者” - INFO - 登录账号
2020-09-24 15:58:41,583 - 测试选择“律师事务所/法律工作者” - INFO - 进入个人信息编辑页
2020-09-24 15:58:43,860 - 测试选择“律师事务所/法律工作者” - INFO - 职业选择“律师事务所/法律工作者”
2020-09-24 15:58:46,086 - 测试选择“律师事务所/法律工作者” - INFO - 验证
2020-09-24 15:58:46,087 - 测试选择“律师事务所/法律工作者” - INFO - 验证结果
2020-09-24 15:58:47,635 - 测试选择“律师事务所/法律工作者” - INFO - 正常
2020-09-24 15:58:54,262 - 测试保存选择“律师事务所/法律工作者” - INFO - 登录账号
2020-09-24 15:58:58,805 - 测试保存选择“律师事务所/法律工作者” - INFO - 进入个人信息编辑页
2020-09-24 15:59:01,145 - 测试保存选择“律师事务所/法律工作者” - INFO - 职业选择“律师事务所/法律工作者”
2020-09-24 15:59:03,387 - 测试保存选择“律师事务所/法律工作者” - INFO - 保存
2020-09-24 15:59:03,388 - 测试保存选择“律师事务所/法律工作者” - INFO - 点保存
2020-09-24 15:59:04,939 - 测试保存选择“律师事务所/法律工作者” - INFO - 正常
