2020-09-09 18:25:06,898 - 测试选择“财经公关及媒体” - INFO - 登录账号
2020-09-09 18:25:11,077 - 测试选择“财经公关及媒体” - INFO - 进入个人信息编辑页
2020-09-09 18:25:13,282 - 测试选择“财经公关及媒体” - INFO - 职业选择“财经公关及媒体”
2020-09-09 18:25:14,992 - 测试选择“财经公关及媒体” - INFO - 验证
2020-09-09 18:25:14,992 - 测试选择“财经公关及媒体” - INFO - 验证结果
2020-09-09 18:25:16,550 - 测试选择“财经公关及媒体” - INFO - 正常
2020-09-09 18:25:23,378 - 测试保存选择“财经公关及媒体” - INFO - 登录账号
2020-09-09 18:25:27,736 - 测试保存选择“财经公关及媒体” - INFO - 进入个人信息编辑页
2020-09-09 18:25:29,944 - 测试保存选择“财经公关及媒体” - INFO - 职业选择“财经公关及媒体”
2020-09-09 18:25:31,649 - 测试保存选择“财经公关及媒体” - INFO - 保存
2020-09-09 18:25:31,649 - 测试保存选择“财经公关及媒体” - INFO - 点保存
2020-09-09 18:25:33,199 - 测试保存选择“财经公关及媒体” - INFO - 正常
2020-09-09 18:25:39,926 - 测试选择“其他” - INFO - 登录账号
2020-09-09 18:25:44,230 - 测试选择“其他” - INFO - 进入个人信息编辑页
2020-09-09 18:25:46,459 - 测试选择“其他” - INFO - 职业选择“其他”
2020-09-09 18:25:48,157 - 测试选择“其他” - INFO - 验证
2020-09-09 18:25:48,157 - 测试选择“其他” - INFO - 验证结果
2020-09-09 18:25:49,708 - 测试选择“其他” - INFO - 正常
2020-09-09 18:25:55,869 - 测试保存选择“其他” - INFO - 登录账号
2020-09-09 18:26:00,459 - 测试保存选择“其他” - INFO - 进入个人信息编辑页
2020-09-09 18:26:02,655 - 测试保存选择“其他” - INFO - 职业选择“其他”
2020-09-09 18:26:04,348 - 测试保存选择“其他” - INFO - 保存
2020-09-09 18:26:04,348 - 测试保存选择“其他” - INFO - 点保存
2020-09-09 18:26:05,886 - 测试保存选择“其他” - INFO - 正常
