2020-09-07 17:33:18,657 - name - INFO - 登录账号
2020-09-07 17:33:23,493 - name - INFO - 进入积分充值页
2020-09-07 17:33:24,915 - name - INFO - 金额输入框输入1
2020-09-07 17:33:27,002 - name - INFO - 邮寄地址输入“61”位数
2020-09-07 17:33:29,940 - name - INFO - 验证实际输入个数
2020-09-07 17:33:29,954 - name - INFO - 位数限制正确
2020-09-07 17:33:36,661 - name - INFO - 登录账号
2020-09-07 17:33:36,661 - name - INFO - 登录账号
2020-09-07 17:33:41,705 - name - INFO - 进入积分充值页
2020-09-07 17:33:41,705 - name - INFO - 进入积分充值页
2020-09-07 17:33:43,732 - name - INFO - 金额输入框输入1
2020-09-07 17:33:43,732 - name - INFO - 金额输入框输入1
2020-09-07 17:33:45,819 - name - INFO - 邮政编码输入“7”位数
2020-09-07 17:33:45,819 - name - INFO - 邮政编码输入“7”位数
2020-09-07 17:33:48,226 - name - INFO - 验证实际输入个数
2020-09-07 17:33:48,226 - name - INFO - 验证实际输入个数
2020-09-07 17:33:48,239 - name - INFO - 位数限制正确
2020-09-07 17:33:48,239 - name - INFO - 位数限制正确
2020-09-07 17:33:55,499 - name - INFO - 登录账号
2020-09-07 17:33:55,499 - name - INFO - 登录账号
2020-09-07 17:33:55,499 - name - INFO - 登录账号
2020-09-07 17:34:01,240 - name - INFO - 进入积分充值页
2020-09-07 17:34:01,240 - name - INFO - 进入积分充值页
2020-09-07 17:34:01,240 - name - INFO - 进入积分充值页
2020-09-07 17:34:03,339 - name - INFO - 金额输入框输入1
2020-09-07 17:34:03,339 - name - INFO - 金额输入框输入1
2020-09-07 17:34:03,339 - name - INFO - 金额输入框输入1
2020-09-07 17:34:05,429 - name - INFO - 联系人输入“11”位数
2020-09-07 17:34:05,429 - name - INFO - 联系人输入“11”位数
2020-09-07 17:34:05,429 - name - INFO - 联系人输入“11”位数
2020-09-07 17:34:07,848 - name - INFO - 验证实际输入个数
2020-09-07 17:34:07,848 - name - INFO - 验证实际输入个数
2020-09-07 17:34:07,848 - name - INFO - 验证实际输入个数
2020-09-07 17:34:07,860 - name - INFO - 位数限制正确
2020-09-07 17:34:07,860 - name - INFO - 位数限制正确
2020-09-07 17:34:07,860 - name - INFO - 位数限制正确
2020-09-07 17:34:15,880 - name - INFO - 登录账号
2020-09-07 17:34:15,880 - name - INFO - 登录账号
2020-09-07 17:34:15,880 - name - INFO - 登录账号
2020-09-07 17:34:21,460 - name - INFO - 进入积分充值页
2020-09-07 17:34:21,460 - name - INFO - 进入积分充值页
2020-09-07 17:34:21,460 - name - INFO - 进入积分充值页
2020-09-07 17:34:23,216 - name - INFO - 金额输入框输入1
2020-09-07 17:34:23,216 - name - INFO - 金额输入框输入1
2020-09-07 17:34:23,216 - name - INFO - 金额输入框输入1
2020-09-07 17:34:25,322 - name - INFO - 手机号输入“12”位数
2020-09-07 17:34:25,322 - name - INFO - 手机号输入“12”位数
2020-09-07 17:34:25,322 - name - INFO - 手机号输入“12”位数
2020-09-07 17:34:27,883 - name - INFO - 验证实际输入个数
2020-09-07 17:34:27,883 - name - INFO - 验证实际输入个数
2020-09-07 17:34:27,883 - name - INFO - 验证实际输入个数
2020-09-07 17:34:27,899 - name - INFO - 位数限制正确
2020-09-07 17:34:27,899 - name - INFO - 位数限制正确
2020-09-07 17:34:27,899 - name - INFO - 位数限制正确
