2020-09-09 18:43:13,141 - 测试【其他1】输入框位数限制 - INFO - 登录【邮箱】账号
2020-09-09 18:43:17,358 - 测试【其他1】输入框位数限制 - INFO - 进入意见反馈页
2020-09-09 18:43:19,010 - 测试【其他1】输入框位数限制 - INFO - 【其他1】输入【301】位数
2020-09-09 18:43:29,500 - 测试【其他1】输入框位数限制 - INFO - 验证提示
2020-09-09 18:43:29,995 - 测试【其他1】输入框位数限制 - INFO - 提示验证成功
2020-09-09 18:43:29,995 - 测试【其他1】输入框位数限制 - INFO - 验证数据
2020-09-09 18:43:30,010 - 测试【其他1】输入框位数限制 - INFO - 数据验证成功
2020-09-09 18:43:36,480 - 测试【其他1】输入框位数限制 - INFO - 登录【邮箱】账号
2020-09-09 18:43:36,480 - 测试【其他1】输入框位数限制 - INFO - 登录【邮箱】账号
2020-09-09 18:43:40,689 - 测试【其他1】输入框位数限制 - INFO - 进入意见反馈页
2020-09-09 18:43:40,689 - 测试【其他1】输入框位数限制 - INFO - 进入意见反馈页
2020-09-09 18:43:42,300 - 测试【其他1】输入框位数限制 - INFO - 【其他1】输入【301】位数
2020-09-09 18:43:42,300 - 测试【其他1】输入框位数限制 - INFO - 【其他1】输入【301】位数
2020-09-09 18:43:52,364 - 测试【其他1】输入框位数限制 - INFO - 验证提示
2020-09-09 18:43:52,364 - 测试【其他1】输入框位数限制 - INFO - 验证提示
2020-09-09 18:43:52,838 - 测试【其他1】输入框位数限制 - INFO - 提示验证成功
2020-09-09 18:43:52,838 - 测试【其他1】输入框位数限制 - INFO - 提示验证成功
2020-09-09 18:43:52,838 - 测试【其他1】输入框位数限制 - INFO - 验证数据
2020-09-09 18:43:52,838 - 测试【其他1】输入框位数限制 - INFO - 验证数据
2020-09-09 18:43:52,853 - 测试【其他1】输入框位数限制 - INFO - 数据验证成功
2020-09-09 18:43:52,853 - 测试【其他1】输入框位数限制 - INFO - 数据验证成功
2020-09-09 18:43:59,476 - 测试【联系人】输入框位数限制 - INFO - 登录【手机】账号
2020-09-09 18:44:03,832 - 测试【联系人】输入框位数限制 - INFO - 进入意见反馈页
2020-09-09 18:45:05,040 - 测试【其他1】输入框位数限制 - INFO - 登录【手机】账号
2020-09-09 18:45:05,040 - 测试【其他1】输入框位数限制 - INFO - 登录【手机】账号
2020-09-09 18:45:09,368 - 测试【其他1】输入框位数限制 - INFO - 进入意见反馈页
2020-09-09 18:45:09,368 - 测试【其他1】输入框位数限制 - INFO - 进入意见反馈页
2020-09-09 18:45:27,768 - 测试【其他1】输入框位数限制 - INFO - 登录【手机】账号
2020-09-09 18:45:27,768 - 测试【其他1】输入框位数限制 - INFO - 登录【手机】账号
2020-09-09 18:45:31,907 - 测试【其他1】输入框位数限制 - INFO - 进入意见反馈页
2020-09-09 18:45:31,907 - 测试【其他1】输入框位数限制 - INFO - 进入意见反馈页
