2020-08-31 17:51:01,024 - 测试选择“基金公司” - INFO - 登录账号
2020-08-31 17:51:05,900 - 测试选择“基金公司” - INFO - 进入个人信息编辑页
2020-08-31 17:51:08,124 - 测试选择“基金公司” - INFO - 职业选择“基金公司”
2020-08-31 17:51:09,829 - 测试选择“基金公司” - INFO - 验证
2020-08-31 17:51:09,829 - 测试选择“基金公司” - INFO - 验证结果
2020-08-31 17:51:11,376 - 测试选择“基金公司” - INFO - 正常
2020-08-31 17:51:18,273 - 测试保存选择“基金公司” - INFO - 登录账号
2020-08-31 17:51:22,692 - 测试保存选择“基金公司” - INFO - 进入个人信息编辑页
2020-08-31 17:51:24,907 - 测试保存选择“基金公司” - INFO - 职业选择“基金公司”
2020-08-31 17:51:26,660 - 测试保存选择“基金公司” - INFO - 保存
2020-08-31 17:51:26,661 - 测试保存选择“基金公司” - INFO - 点保存
2020-08-31 17:51:28,212 - 测试保存选择“基金公司” - INFO - 正常
2020-08-31 17:51:33,819 - 测试选择“投资咨询公司” - INFO - 登录账号
2020-08-31 17:51:38,512 - 测试选择“投资咨询公司” - INFO - 进入个人信息编辑页
2020-08-31 17:51:40,739 - 测试选择“投资咨询公司” - INFO - 职业选择“投资咨询公司”
2020-08-31 17:51:42,521 - 测试选择“投资咨询公司” - INFO - 验证
2020-08-31 17:51:42,521 - 测试选择“投资咨询公司” - INFO - 验证结果
2020-08-31 17:51:44,066 - 测试选择“投资咨询公司” - INFO - 正常
2020-08-31 17:51:49,689 - 测试保存选择“投资咨询公司” - INFO - 登录账号
2020-08-31 17:51:54,041 - 测试保存选择“投资咨询公司” - INFO - 进入个人信息编辑页
2020-08-31 17:51:56,276 - 测试保存选择“投资咨询公司” - INFO - 职业选择“投资咨询公司”
2020-08-31 17:51:57,992 - 测试保存选择“投资咨询公司” - INFO - 保存
2020-08-31 17:51:57,992 - 测试保存选择“投资咨询公司” - INFO - 点保存
2020-08-31 17:51:59,539 - 测试保存选择“投资咨询公司” - INFO - 正常
