2020-08-31 20:25:04,067 - 测试“昵称”输入个数限制 - INFO - 登录账号
2020-08-31 20:25:08,395 - 测试“昵称”输入个数限制 - INFO - 进入个人信息编辑页
2020-08-31 20:25:10,626 - 测试“昵称”输入个数限制 - INFO - 昵称输入“11”位数
2020-08-31 20:25:10,805 - 测试“昵称”输入个数限制 - INFO - 验证实际输入个数
2020-08-31 20:25:12,360 - 测试“昵称”输入个数限制 - INFO - 位数限制正常
2020-08-31 20:25:17,929 - 测试“真实名字”输入个数限制 - INFO - 登录账号
2020-08-31 20:25:22,406 - 测试“真实名字”输入个数限制 - INFO - 进入个人信息编辑页
2020-08-31 20:25:24,656 - 测试“真实名字”输入个数限制 - INFO - 真实名字输入“11”位数
2020-08-31 20:25:24,852 - 测试“真实名字”输入个数限制 - INFO - 验证实际输入个数
2020-08-31 20:25:26,409 - 测试“真实名字”输入个数限制 - INFO - 位数限制正常
2020-08-31 20:25:32,175 - 测试“公司名”输入个数限制 - INFO - 登录账号
2020-08-31 20:25:36,472 - 测试“公司名”输入个数限制 - INFO - 进入个人信息编辑页
2020-08-31 20:25:38,784 - 测试“公司名”输入个数限制 - INFO - 公司名输入“17”位数
2020-08-31 20:25:39,177 - 测试“公司名”输入个数限制 - INFO - 验证实际输入个数
2020-08-31 20:25:40,730 - 测试“公司名”输入个数限制 - INFO - 位数限制正常
2020-08-31 20:25:46,511 - 测试“所属部门”输入个数限制 - INFO - 登录账号
2020-08-31 20:25:51,040 - 测试“所属部门”输入个数限制 - INFO - 进入个人信息编辑页
2020-08-31 20:25:53,272 - 测试“所属部门”输入个数限制 - INFO - 所属部门输入“21”位数
2020-08-31 20:25:53,505 - 测试“所属部门”输入个数限制 - INFO - 验证实际输入个数
2020-08-31 20:25:55,078 - 测试“所属部门”输入个数限制 - INFO - 位数限制正常
