2020-08-18 19:48:02,549 - 测试真实姓名输入如框为空点保存时 - INFO - 登录账号
2020-08-18 19:48:07,303 - 测试真实姓名输入如框为空点保存时 - INFO - 进入个人信息编辑页
2020-08-18 19:48:09,568 - 测试真实姓名输入如框为空点保存时 - INFO - 真实姓名输入【空】
2020-08-18 19:48:10,123 - 测试真实姓名输入如框为空点保存时 - INFO - 点保存
2020-08-18 19:48:10,245 - 测试真实姓名输入如框为空点保存时 - INFO - 验证结果
2020-08-18 19:48:11,284 - 测试真实姓名输入如框为空点保存时 - INFO - 正常
2020-08-18 19:48:18,820 - 测试真实姓名输入特殊字符时 - INFO - 登录账号
2020-08-18 19:48:23,583 - 测试真实姓名输入特殊字符时 - INFO - 进入个人信息编辑页
2020-08-18 19:48:26,262 - 测试真实姓名输入特殊字符时 - INFO - 真实姓名输入@
2020-08-18 19:48:26,554 - 测试真实姓名输入特殊字符时 - INFO - 验证结果
2020-08-18 19:48:27,610 - 测试真实姓名输入特殊字符时 - INFO - 正常
2020-08-18 19:48:34,466 - 测试真实姓名输入特殊字符点保存时 - INFO - 登录账号
2020-08-18 19:48:39,393 - 测试真实姓名输入特殊字符点保存时 - INFO - 进入个人信息编辑页
2020-08-18 19:48:41,769 - 测试真实姓名输入特殊字符点保存时 - INFO - 真实姓名输入@
2020-08-18 19:48:42,053 - 测试真实姓名输入特殊字符点保存时 - INFO - 点保存
2020-08-18 19:48:42,180 - 测试真实姓名输入特殊字符点保存时 - INFO - 验证结果
2020-08-18 19:48:43,221 - 测试真实姓名输入特殊字符点保存时 - INFO - 正常
2020-08-18 19:48:49,893 - 测试真实姓名输入整数时 - INFO - 登录账号
2020-08-18 19:48:55,192 - 测试真实姓名输入整数时 - INFO - 进入个人信息编辑页
2020-08-18 19:48:57,660 - 测试真实姓名输入整数时 - INFO - 真实姓名输入12312
2020-08-18 19:48:58,092 - 测试真实姓名输入整数时 - INFO - 验证结果
2020-08-18 19:48:59,213 - 测试真实姓名输入整数时 - INFO - 正常
