2020-08-28 22:27:11,140 - 测试真实姓名输入中文时 - INFO - 登录账号
2020-08-28 22:27:16,785 - 测试真实姓名输入中文时 - INFO - 进入个人信息编辑页
2020-08-28 22:27:19,919 - 测试真实姓名输入中文时 - INFO - 真实姓名输入中文
2020-08-28 22:27:20,236 - 测试真实姓名输入中文时 - INFO - 输入内容中文
2020-08-28 22:27:20,237 - 测试真实姓名输入中文时 - INFO - 验证结果
2020-08-28 22:27:21,376 - 测试真实姓名输入中文时 - INFO - 正常
2020-08-28 22:27:27,259 - 测试真实姓名输入中文点保存时 - INFO - 登录账号
2020-08-28 22:27:31,715 - 测试真实姓名输入中文点保存时 - INFO - 进入个人信息编辑页
2020-08-28 22:27:34,017 - 测试真实姓名输入中文点保存时 - INFO - 真实姓名输入中文
2020-08-28 22:27:34,165 - 测试真实姓名输入中文点保存时 - INFO - 输入内容中文
2020-08-28 22:27:34,165 - 测试真实姓名输入中文点保存时 - INFO - 点保存
2020-08-28 22:27:34,250 - 测试真实姓名输入中文点保存时 - INFO - 验证结果
2020-08-28 22:27:35,347 - 测试真实姓名输入中文点保存时 - INFO - 保存交互正常
2020-08-28 22:27:36,481 - 测试真实姓名输入中文点保存时 - INFO - 保存数据正常
2020-08-28 22:27:42,270 - 测试公司名字输入如框为空时 - INFO - 登录账号
2020-08-28 22:27:46,713 - 测试公司名字输入如框为空时 - INFO - 进入个人信息编辑页
2020-08-28 22:27:48,948 - 测试公司名字输入如框为空时 - INFO - 昵称输入【空】
2020-08-28 22:27:49,499 - 测试公司名字输入如框为空时 - INFO - 验证
2020-08-28 22:27:49,499 - 测试公司名字输入如框为空时 - INFO - 验证结果
2020-08-28 22:27:50,539 - 测试公司名字输入如框为空时 - INFO - 正常
2020-08-28 22:27:58,320 - 测试公司名字输入如框为空点保存时 - INFO - 登录账号
2020-08-28 22:28:02,816 - 测试公司名字输入如框为空点保存时 - INFO - 进入个人信息编辑页
2020-08-28 22:28:05,116 - 测试公司名字输入如框为空点保存时 - INFO - 昵称输入【空】
2020-08-28 22:28:05,714 - 测试公司名字输入如框为空点保存时 - INFO - 点保存
2020-08-28 22:28:06,835 - 测试公司名字输入如框为空点保存时 - INFO - 验证结果
2020-08-28 22:28:07,870 - 测试公司名字输入如框为空点保存时 - INFO - 保存交互正常
2020-08-28 22:28:09,047 - 测试公司名字输入如框为空点保存时 - INFO - 保存数据正常
