2020-09-09 17:39:04,273 - 智能上传 - INFO - 判断如果已存在文件则跳过信息填写
2020-09-09 17:39:52,357 - 智能上传 - INFO - 点击上传
2020-09-09 17:39:52,964 - 智能上传 - INFO - 上传文件D:\用例文件\华通热力-年报-18年年报\cover.doc
2020-09-09 17:39:55,579 - 智能上传 - INFO - 判断上传进度
2020-09-09 17:39:55,667 - 智能上传 - INFO - 100%成功
2020-09-09 17:39:56,474 - 智能上传 - INFO - 点击上传
2020-09-09 17:39:57,122 - 智能上传 - INFO - 上传文件D:\用例文件\华通热力-年报-18年年报\审计报告.doc
2020-09-09 17:39:59,784 - 智能上传 - INFO - 判断上传进度
2020-09-09 17:39:59,843 - 智能上传 - INFO - 100%成功
2020-09-09 17:40:00,651 - 智能上传 - INFO - 点击上传
2020-09-09 17:40:01,209 - 智能上传 - INFO - 上传文件D:\用例文件\华通热力-年报-18年年报\财务报表(2018)华通热力.xlsx
2020-09-09 17:40:03,849 - 智能上传 - INFO - 判断上传进度
2020-09-09 17:40:03,940 - 智能上传 - INFO - 100%成功
2020-09-09 17:40:04,781 - 智能上传 - INFO - 点击上传
2020-09-09 17:40:05,332 - 智能上传 - INFO - 上传文件D:\用例文件\华通热力-年报-18年年报\财务报表附注(2018)华通热.doc
2020-09-09 17:40:08,005 - 智能上传 - INFO - 判断上传进度
2020-09-09 17:40:08,077 - 智能上传 - INFO - 100%成功
2020-09-09 17:40:20,022 - 智能上传 - INFO - 判断如果已存在文件则跳过信息填写
2020-09-09 17:41:08,143 - 智能上传 - INFO - 点击上传
2020-09-09 17:41:08,830 - 智能上传 - INFO - 上传文件D:\用例文件\宝明科技-创业板\招股说明书.doc
2020-09-09 17:41:11,556 - 智能上传 - INFO - 判断上传进度
2020-09-09 17:41:12,038 - 智能上传 - INFO - 100%成功
2020-09-09 17:41:13,185 - 智能上传 - INFO - 点击上传
2020-09-09 17:41:13,739 - 智能上传 - INFO - 上传文件D:\用例文件\宝明科技-创业板\财务报表.xls
2020-09-09 17:41:16,416 - 智能上传 - INFO - 判断上传进度
2020-09-09 17:41:16,497 - 智能上传 - INFO - 100%成功
2020-09-09 17:41:17,332 - 智能上传 - INFO - 点击上传
2020-09-09 17:41:17,922 - 智能上传 - INFO - 上传文件D:\用例文件\宝明科技-创业板\财务报表附注.docx
2020-09-09 17:41:20,769 - 智能上传 - INFO - 判断上传进度
2020-09-09 17:41:20,846 - 智能上传 - INFO - 100%成功
2020-09-09 17:41:35,033 - 智能上传 - INFO - 判断如果已存在文件则跳过信息填写
2020-09-09 17:42:23,083 - 智能上传 - INFO - 点击上传
2020-09-09 17:42:23,680 - 智能上传 - INFO - 上传文件D:\用例文件\山东玻纤-科创版-国信证券\合并报表.xlsx
2020-09-09 17:42:26,128 - 智能上传 - INFO - 判断上传进度
2020-09-09 17:42:26,422 - 智能上传 - INFO - 100%成功
2020-09-09 17:42:27,306 - 智能上传 - INFO - 点击上传
2020-09-09 17:42:27,874 - 智能上传 - INFO - 上传文件D:\用例文件\山东玻纤-科创版-国信证券\山东玻纤招股说明书.doc
2020-09-09 17:42:30,315 - 智能上传 - INFO - 判断上传进度
2020-09-09 17:42:32,181 - 智能上传 - INFO - 100%成功
2020-09-09 17:42:33,431 - 智能上传 - INFO - 点击上传
2020-09-09 17:42:33,981 - 智能上传 - INFO - 上传文件D:\用例文件\山东玻纤-科创版-国信证券\玻纤合并报告附注.doc
2020-09-09 17:42:36,457 - 智能上传 - INFO - 判断上传进度
2020-09-09 17:42:36,693 - 智能上传 - INFO - 100%成功
2020-09-09 17:42:48,921 - 智能上传 - INFO - 判断如果已存在文件则跳过信息填写
2020-09-09 17:43:37,131 - 智能上传 - INFO - 点击上传
2020-09-09 17:43:37,726 - 智能上传 - INFO - 上传文件D:\用例文件\青岛海尔-公司债\保荐机构尽职调查报告.doc
2020-09-09 17:43:40,809 - 智能上传 - INFO - 判断上传进度
2020-09-09 17:43:41,531 - 智能上传 - INFO - 100%成功
2020-09-09 17:43:43,098 - 智能上传 - INFO - 点击上传
2020-09-09 17:43:43,648 - 智能上传 - INFO - 上传文件D:\用例文件\青岛海尔-公司债\北京市金.doc
2020-09-09 17:43:46,246 - 智能上传 - INFO - 判断上传进度
2020-09-09 17:43:46,342 - 智能上传 - INFO - 100%成功
2020-09-09 17:43:47,454 - 智能上传 - INFO - 点击上传
2020-09-09 17:43:48,003 - 智能上传 - INFO - 上传文件D:\用例文件\青岛海尔-公司债\证券发行保荐书.doc
2020-09-09 17:43:50,652 - 智能上传 - INFO - 判断上传进度
2020-09-09 17:43:50,773 - 智能上传 - INFO - 100%成功
2020-09-09 17:43:51,672 - 智能上传 - INFO - 点击上传
2020-09-09 17:43:52,210 - 智能上传 - INFO - 上传文件D:\用例文件\青岛海尔-公司债\青岛海尔公开发行.doc
2020-09-09 17:43:54,848 - 智能上传 - INFO - 判断上传进度
2020-09-09 17:43:54,934 - 智能上传 - INFO - 100%成功
2020-09-09 17:43:55,803 - 智能上传 - INFO - 点击上传
2020-09-09 17:43:56,341 - 智能上传 - INFO - 上传文件D:\用例文件\青岛海尔-公司债\青岛海尔股份有限公司公开发行A股可转换公司债券募集说明书.docx
2020-09-09 17:43:58,834 - 智能上传 - INFO - 判断上传进度
2020-09-09 17:43:59,088 - 智能上传 - INFO - 100%成功
