2020-09-09 18:13:12,882 - 错误账号登录 - INFO - 打开浏览器
2020-09-09 18:13:14,109 - 错误账号登录 - INFO - 输入账号
2020-09-09 18:13:15,240 - 错误账号登录 - INFO - 输入密码
2020-09-09 18:13:19,341 - 错误账号登录 - INFO - 点击登录
2020-09-09 18:13:27,609 - 正常登录 - INFO - 打开浏览器
2020-09-09 18:13:28,938 - 正常登录 - INFO - 输入账号
2020-09-09 18:13:30,068 - 正常登录 - INFO - 输入密码
2020-09-09 18:13:34,151 - 正常登录 - INFO - 点击登录
2020-09-09 18:13:41,324 - 跳转用户注册 - INFO - 打开浏览器
2020-09-09 18:13:43,018 - 跳转用户注册 - INFO - 点击用户注册
2020-09-09 18:13:49,109 - 测试不修改内容点保存 - INFO - 登录'sj17600446278@163.com','a123456'
2020-09-09 18:13:53,663 - 测试不修改内容点保存 - INFO - 点修改用户信息
2020-09-09 18:13:56,114 - 测试不修改内容点保存 - INFO - 点保存
2020-09-09 18:19:49,747 - 测试不修改内容点保存 - INFO - 登录'sj17600446278@163.com','a123456'
2020-09-09 18:19:54,007 - 测试不修改内容点保存 - INFO - 点修改用户信息
2020-09-09 18:19:56,199 - 测试不修改内容点保存 - INFO - 点退出按钮
2020-09-09 18:19:58,300 - 测试不修改内容点保存 - INFO - 退出成功
2020-09-09 18:41:39,670 - 测试不修改内容点保存 - INFO - 登录'sj17600446278@163.com','a123456'
2020-09-09 18:41:43,824 - 测试不修改内容点保存 - INFO - 点修改用户信息
2020-09-09 18:41:45,541 - 测试不修改内容点保存 - INFO - 点退出按钮
2020-09-09 18:41:47,657 - 测试不修改内容点保存 - INFO - 退出成功
