2020-09-03 10:27:04,815 - 测试【邮箱账号】有必填项单选入【固收报告】保存 - INFO - 使用【邮箱】登录
2020-09-03 10:27:09,887 - 测试【邮箱账号】有必填项单选入【固收报告】保存 - INFO - 进入意见页面
2020-09-03 10:27:11,566 - 测试【邮箱账号】有必填项单选入【固收报告】保存 - INFO - 输入必填项【哇哇哇】
2020-09-03 10:27:14,008 - 测试【邮箱账号】有必填项单选入【固收报告】保存 - INFO - 勾选【固收报告】
2020-09-03 10:27:19,082 - 测试【邮箱账号】有必填项单选入【固收报告】保存 - INFO - 点击保存
2020-09-03 10:27:19,187 - 测试【邮箱账号】有必填项单选入【固收报告】保存 - INFO - 验证提示
2020-09-03 10:27:19,948 - 测试【邮箱账号】有必填项单选入【固收报告】保存 - INFO - 提示验证成功
2020-09-03 10:27:19,949 - 测试【邮箱账号】有必填项单选入【固收报告】保存 - INFO - 验证数据
2020-09-03 10:27:20,062 - 测试【邮箱账号】有必填项单选入【固收报告】保存 - INFO - 数据验证成功
2020-09-03 10:27:26,800 - 测试【邮箱账号】有必填项单选入【行研报告】保存 - INFO - 使用【邮箱】登录
2020-09-03 10:27:31,139 - 测试【邮箱账号】有必填项单选入【行研报告】保存 - INFO - 进入意见页面
2020-09-03 10:27:32,817 - 测试【邮箱账号】有必填项单选入【行研报告】保存 - INFO - 输入必填项【哇哇哇】
2020-09-03 10:27:35,811 - 测试【邮箱账号】有必填项单选入【行研报告】保存 - INFO - 勾选【行研报告】
2020-09-03 10:27:40,908 - 测试【邮箱账号】有必填项单选入【行研报告】保存 - INFO - 点击保存
2020-09-03 10:27:41,006 - 测试【邮箱账号】有必填项单选入【行研报告】保存 - INFO - 验证提示
2020-09-03 10:27:41,540 - 测试【邮箱账号】有必填项单选入【行研报告】保存 - INFO - 提示验证成功
2020-09-03 10:27:41,541 - 测试【邮箱账号】有必填项单选入【行研报告】保存 - INFO - 验证数据
2020-09-03 10:27:41,656 - 测试【邮箱账号】有必填项单选入【行研报告】保存 - INFO - 数据验证成功
2020-09-03 10:27:48,327 - 测试【邮箱账号】有必填项单选入【发行人基本信息】保存 - INFO - 使用【邮箱】登录
2020-09-03 10:27:52,762 - 测试【邮箱账号】有必填项单选入【发行人基本信息】保存 - INFO - 进入意见页面
2020-09-03 10:27:54,464 - 测试【邮箱账号】有必填项单选入【发行人基本信息】保存 - INFO - 输入必填项【哇哇哇】
2020-09-03 10:27:57,613 - 测试【邮箱账号】有必填项单选入【发行人基本信息】保存 - INFO - 勾选【发行人基本信息】
2020-09-03 10:28:02,715 - 测试【邮箱账号】有必填项单选入【发行人基本信息】保存 - INFO - 点击保存
2020-09-03 10:28:02,829 - 测试【邮箱账号】有必填项单选入【发行人基本信息】保存 - INFO - 验证提示
2020-09-03 10:28:03,385 - 测试【邮箱账号】有必填项单选入【发行人基本信息】保存 - INFO - 提示验证成功
2020-09-03 10:28:03,385 - 测试【邮箱账号】有必填项单选入【发行人基本信息】保存 - INFO - 验证数据
2020-09-03 10:28:03,757 - 测试【邮箱账号】有必填项单选入【发行人基本信息】保存 - INFO - 数据验证成功
