2020-09-09 18:19:04,027 - 测试公司名字输入浮点数时 - INFO - 登录账号
2020-09-09 18:19:08,242 - 测试公司名字输入浮点数时 - INFO - 进入个人信息编辑页
2020-09-09 18:19:10,515 - 测试公司名字输入浮点数时 - INFO - 昵称输入3.1415
2020-09-09 18:19:10,744 - 测试公司名字输入浮点数时 - INFO - 验证
2020-09-09 18:19:10,744 - 测试公司名字输入浮点数时 - INFO - 验证结果
2020-09-09 18:19:11,784 - 测试公司名字输入浮点数时 - INFO - 正常
2020-09-09 18:19:17,934 - 测试公司名字输入浮点数点保存时 - INFO - 登录账号
2020-09-09 18:19:22,098 - 测试公司名字输入浮点数点保存时 - INFO - 进入个人信息编辑页
2020-09-09 18:19:24,310 - 测试公司名字输入浮点数点保存时 - INFO - 昵称输入3.1415
2020-09-09 18:19:24,523 - 测试公司名字输入浮点数点保存时 - INFO - 点保存
2020-09-09 18:19:26,180 - 测试公司名字输入浮点数点保存时 - INFO - 验证结果
2020-09-09 18:19:27,215 - 测试公司名字输入浮点数点保存时 - INFO - 保存交互正常
2020-09-09 18:19:28,759 - 测试公司名字输入浮点数点保存时 - INFO - 保存数据正常
2020-09-09 18:19:35,216 - 测试公司名字输入混合类型数据时 - INFO - 登录账号
2020-09-09 18:19:39,545 - 测试公司名字输入混合类型数据时 - INFO - 进入个人信息编辑页
2020-09-09 18:19:41,826 - 测试公司名字输入混合类型数据时 - INFO - 昵称输入@123#$撒大大
2020-09-09 18:19:42,103 - 测试公司名字输入混合类型数据时 - INFO - 验证
2020-09-09 18:19:42,103 - 测试公司名字输入混合类型数据时 - INFO - 验证结果
2020-09-09 18:19:43,142 - 测试公司名字输入混合类型数据时 - INFO - 正常
2020-09-09 18:19:49,747 - 测试不修改内容点保存 - INFO - 登录'sj17600446278@163.com','a123456'
2020-09-09 18:19:54,007 - 测试不修改内容点保存 - INFO - 点修改用户信息
2020-09-09 18:19:56,199 - 测试不修改内容点保存 - INFO - 点退出按钮
2020-09-09 18:19:58,300 - 测试不修改内容点保存 - INFO - 退出成功
2020-09-09 18:41:39,670 - 测试不修改内容点保存 - INFO - 登录'sj17600446278@163.com','a123456'
2020-09-09 18:41:43,824 - 测试不修改内容点保存 - INFO - 点修改用户信息
2020-09-09 18:41:45,541 - 测试不修改内容点保存 - INFO - 点退出按钮
2020-09-09 18:41:47,657 - 测试不修改内容点保存 - INFO - 退出成功
