2020-08-28 22:11:08,652 - 测试真实姓名输入整数点保存时 - INFO - 登录账号
2020-08-28 22:11:13,254 - 测试真实姓名输入整数点保存时 - INFO - 进入个人信息编辑页
2020-08-28 22:11:15,838 - 测试真实姓名输入整数点保存时 - INFO - 真实姓名输入12312
2020-08-28 22:11:16,162 - 测试真实姓名输入整数点保存时 - INFO - 输入内容12312
2020-08-28 22:11:16,162 - 测试真实姓名输入整数点保存时 - INFO - 点保存
2020-08-28 22:11:16,259 - 测试真实姓名输入整数点保存时 - INFO - 验证结果
2020-08-28 22:11:17,296 - 测试真实姓名输入整数点保存时 - INFO - 保存交互正常
2020-08-28 22:11:18,354 - 测试真实姓名输入整数点保存时 - INFO - 保存数据正常
2020-08-28 22:11:25,580 - 测试真实姓名输入浮点数时 - INFO - 登录账号
2020-08-28 22:11:31,168 - 测试真实姓名输入浮点数时 - INFO - 进入个人信息编辑页
2020-08-28 22:11:33,600 - 测试真实姓名输入浮点数时 - INFO - 真实姓名输入3.1415
2020-08-28 22:11:33,963 - 测试真实姓名输入浮点数时 - INFO - 输入内容3.1415
2020-08-28 22:11:33,963 - 测试真实姓名输入浮点数时 - INFO - 验证结果
2020-08-28 22:11:34,999 - 测试真实姓名输入浮点数时 - INFO - 正常
2020-08-28 22:11:43,410 - 测试真实姓名输入浮点数点保存时 - INFO - 登录账号
2020-08-28 22:11:48,182 - 测试真实姓名输入浮点数点保存时 - INFO - 进入个人信息编辑页
2020-08-28 22:11:50,505 - 测试真实姓名输入浮点数点保存时 - INFO - 真实姓名输入3.1415
2020-08-28 22:11:50,837 - 测试真实姓名输入浮点数点保存时 - INFO - 输入内容3.1415
2020-08-28 22:11:50,838 - 测试真实姓名输入浮点数点保存时 - INFO - 点保存
2020-08-28 22:11:50,939 - 测试真实姓名输入浮点数点保存时 - INFO - 验证结果
2020-08-28 22:11:51,979 - 测试真实姓名输入浮点数点保存时 - INFO - 保存交互正常
2020-08-28 22:11:53,075 - 测试真实姓名输入浮点数点保存时 - INFO - 保存数据正常
