2020-08-31 17:48:04,364 - 测试保存选择“证券公司（投行/经纪/资管/研究）” - INFO - 登录账号
2020-08-31 17:48:08,656 - 测试保存选择“证券公司（投行/经纪/资管/研究）” - INFO - 进入个人信息编辑页
2020-08-31 17:48:10,873 - 测试保存选择“证券公司（投行/经纪/资管/研究）” - INFO - 职业选择“证券公司（投行/经纪/资管/研究）”
2020-08-31 17:48:12,597 - 测试保存选择“证券公司（投行/经纪/资管/研究）” - INFO - 保存
2020-08-31 17:48:12,598 - 测试保存选择“证券公司（投行/经纪/资管/研究）” - INFO - 点保存
2020-08-31 17:48:14,143 - 测试保存选择“证券公司（投行/经纪/资管/研究）” - INFO - 正常
2020-08-31 17:48:20,767 - 测试选择“律师事务所/法律工作者” - INFO - 登录账号
2020-08-31 17:48:25,282 - 测试选择“律师事务所/法律工作者” - INFO - 进入个人信息编辑页
2020-08-31 17:48:27,495 - 测试选择“律师事务所/法律工作者” - INFO - 职业选择“律师事务所/法律工作者”
2020-08-31 17:48:29,198 - 测试选择“律师事务所/法律工作者” - INFO - 验证
2020-08-31 17:48:29,199 - 测试选择“律师事务所/法律工作者” - INFO - 验证结果
2020-08-31 17:48:30,744 - 测试选择“律师事务所/法律工作者” - INFO - 正常
2020-08-31 17:48:37,381 - 测试保存选择“律师事务所/法律工作者” - INFO - 登录账号
2020-08-31 17:48:41,609 - 测试保存选择“律师事务所/法律工作者” - INFO - 进入个人信息编辑页
2020-08-31 17:48:43,893 - 测试保存选择“律师事务所/法律工作者” - INFO - 职业选择“律师事务所/法律工作者”
2020-08-31 17:48:45,587 - 测试保存选择“律师事务所/法律工作者” - INFO - 保存
2020-08-31 17:48:45,588 - 测试保存选择“律师事务所/法律工作者” - INFO - 点保存
2020-08-31 17:48:47,137 - 测试保存选择“律师事务所/法律工作者” - INFO - 正常
2020-08-31 17:48:52,820 - 测试选择“会计师事务所/税务师事务所” - INFO - 登录账号
2020-08-31 17:48:57,400 - 测试选择“会计师事务所/税务师事务所” - INFO - 进入个人信息编辑页
2020-08-31 17:48:59,608 - 测试选择“会计师事务所/税务师事务所” - INFO - 职业选择“会计师事务所/税务师事务所”
2020-08-31 17:49:01,304 - 测试选择“会计师事务所/税务师事务所” - INFO - 验证
2020-08-31 17:49:01,304 - 测试选择“会计师事务所/税务师事务所” - INFO - 验证结果
2020-08-31 17:49:02,849 - 测试选择“会计师事务所/税务师事务所” - INFO - 正常
