2020-08-31 17:53:07,215 - 测试选择“财经公关及媒体” - INFO - 登录账号
2020-08-31 17:53:11,728 - 测试选择“财经公关及媒体” - INFO - 进入个人信息编辑页
2020-08-31 17:53:13,949 - 测试选择“财经公关及媒体” - INFO - 职业选择“财经公关及媒体”
2020-08-31 17:53:15,637 - 测试选择“财经公关及媒体” - INFO - 验证
2020-08-31 17:53:15,638 - 测试选择“财经公关及媒体” - INFO - 验证结果
2020-08-31 17:53:17,184 - 测试选择“财经公关及媒体” - INFO - 正常
2020-08-31 17:53:24,011 - 测试保存选择“财经公关及媒体” - INFO - 登录账号
2020-08-31 17:53:28,756 - 测试保存选择“财经公关及媒体” - INFO - 进入个人信息编辑页
2020-08-31 17:53:30,987 - 测试保存选择“财经公关及媒体” - INFO - 职业选择“财经公关及媒体”
2020-08-31 17:53:32,716 - 测试保存选择“财经公关及媒体” - INFO - 保存
2020-08-31 17:53:32,717 - 测试保存选择“财经公关及媒体” - INFO - 点保存
2020-08-31 17:53:34,266 - 测试保存选择“财经公关及媒体” - INFO - 正常
2020-08-31 17:53:40,271 - 测试选择“其他” - INFO - 登录账号
2020-08-31 17:53:44,605 - 测试选择“其他” - INFO - 进入个人信息编辑页
2020-08-31 17:53:46,857 - 测试选择“其他” - INFO - 职业选择“其他”
2020-08-31 17:53:48,618 - 测试选择“其他” - INFO - 验证
2020-08-31 17:53:48,619 - 测试选择“其他” - INFO - 验证结果
2020-08-31 17:53:50,168 - 测试选择“其他” - INFO - 正常
2020-08-31 17:53:55,714 - 测试保存选择“其他” - INFO - 登录账号
2020-08-31 17:54:00,038 - 测试保存选择“其他” - INFO - 进入个人信息编辑页
2020-08-31 17:54:02,256 - 测试保存选择“其他” - INFO - 职业选择“其他”
2020-08-31 17:54:03,949 - 测试保存选择“其他” - INFO - 保存
2020-08-31 17:54:03,949 - 测试保存选择“其他” - INFO - 点保存
2020-08-31 17:54:05,493 - 测试保存选择“其他” - INFO - 正常
