2020-09-02 12:50:14,765 - 测试【联系地址】输入框位数限制 - INFO - 登录【邮箱】账号
2020-09-02 12:50:19,207 - 测试【联系地址】输入框位数限制 - INFO - 进入意见反馈页
2020-09-02 12:50:20,955 - 测试【联系地址】输入框位数限制 - INFO - 【联系地址】输入【51】位数
2020-09-02 12:50:23,674 - 测试【联系地址】输入框位数限制 - INFO - 验证提示
2020-09-02 12:50:24,174 - 测试【联系地址】输入框位数限制 - INFO - 提示验证成功
2020-09-02 12:50:24,174 - 测试【联系地址】输入框位数限制 - INFO - 验证数据
2020-09-02 12:50:24,193 - 测试【联系地址】输入框位数限制 - INFO - 数据验证成功
2020-09-02 12:50:31,033 - 测试【其他1】输入框位数限制 - INFO - 登录【邮箱】账号
2020-09-02 12:50:35,545 - 测试【其他1】输入框位数限制 - INFO - 进入意见反馈页
2020-09-02 12:50:37,377 - 测试【其他1】输入框位数限制 - INFO - 【其他1】输入【301】位数
2020-09-02 12:50:49,159 - 测试【其他1】输入框位数限制 - INFO - 验证提示
2020-09-02 12:50:49,648 - 测试【其他1】输入框位数限制 - INFO - 提示验证成功
2020-09-02 12:50:49,648 - 测试【其他1】输入框位数限制 - INFO - 验证数据
2020-09-02 12:50:49,663 - 测试【其他1】输入框位数限制 - INFO - 数据验证成功
2020-09-02 12:50:56,475 - 测试【其他1】输入框位数限制 - INFO - 登录【邮箱】账号
2020-09-02 12:50:56,475 - 测试【其他1】输入框位数限制 - INFO - 登录【邮箱】账号
2020-09-02 12:51:01,147 - 测试【其他1】输入框位数限制 - INFO - 进入意见反馈页
2020-09-02 12:51:01,147 - 测试【其他1】输入框位数限制 - INFO - 进入意见反馈页
2020-09-02 12:51:02,856 - 测试【其他1】输入框位数限制 - INFO - 【其他1】输入【301】位数
2020-09-02 12:51:02,856 - 测试【其他1】输入框位数限制 - INFO - 【其他1】输入【301】位数
2020-09-02 12:51:13,879 - 测试【其他1】输入框位数限制 - INFO - 验证提示
2020-09-02 12:51:13,879 - 测试【其他1】输入框位数限制 - INFO - 验证提示
2020-09-02 12:51:14,327 - 测试【其他1】输入框位数限制 - INFO - 提示验证成功
2020-09-02 12:51:14,327 - 测试【其他1】输入框位数限制 - INFO - 提示验证成功
2020-09-02 12:51:14,327 - 测试【其他1】输入框位数限制 - INFO - 验证数据
2020-09-02 12:51:14,327 - 测试【其他1】输入框位数限制 - INFO - 验证数据
2020-09-02 12:51:14,342 - 测试【其他1】输入框位数限制 - INFO - 数据验证成功
2020-09-02 12:51:14,342 - 测试【其他1】输入框位数限制 - INFO - 数据验证成功
2020-09-02 12:51:53,397 - 测试【联系地址】输入框位数限制 - INFO - 登录【手机】账号
2020-09-02 12:51:57,723 - 测试【联系地址】输入框位数限制 - INFO - 进入意见反馈页
2020-09-02 12:51:59,462 - 测试【联系地址】输入框位数限制 - INFO - 【联系地址】输入【51】位数
2020-09-02 12:52:02,359 - 测试【联系地址】输入框位数限制 - INFO - 验证提示
2020-09-02 12:52:02,845 - 测试【联系地址】输入框位数限制 - INFO - 提示验证成功
2020-09-02 12:52:02,845 - 测试【联系地址】输入框位数限制 - INFO - 验证数据
2020-09-02 12:52:02,865 - 测试【联系地址】输入框位数限制 - INFO - 数据验证成功
2020-09-02 12:52:09,402 - 测试【其他1】输入框位数限制 - INFO - 登录【手机】账号
2020-09-02 12:52:09,402 - 测试【其他1】输入框位数限制 - INFO - 登录【手机】账号
2020-09-02 12:52:13,781 - 测试【其他1】输入框位数限制 - INFO - 进入意见反馈页
2020-09-02 12:52:13,781 - 测试【其他1】输入框位数限制 - INFO - 进入意见反馈页
2020-09-02 12:52:15,398 - 测试【其他1】输入框位数限制 - INFO - 【其他1】输入【301】位数
2020-09-02 12:52:15,398 - 测试【其他1】输入框位数限制 - INFO - 【其他1】输入【301】位数
2020-09-02 12:52:27,324 - 测试【其他1】输入框位数限制 - INFO - 验证提示
2020-09-02 12:52:27,324 - 测试【其他1】输入框位数限制 - INFO - 验证提示
2020-09-02 12:52:27,804 - 测试【其他1】输入框位数限制 - INFO - 提示验证成功
2020-09-02 12:52:27,804 - 测试【其他1】输入框位数限制 - INFO - 提示验证成功
2020-09-02 12:52:27,804 - 测试【其他1】输入框位数限制 - INFO - 验证数据
2020-09-02 12:52:27,804 - 测试【其他1】输入框位数限制 - INFO - 验证数据
2020-09-02 12:52:27,819 - 测试【其他1】输入框位数限制 - INFO - 数据验证成功
2020-09-02 12:52:27,819 - 测试【其他1】输入框位数限制 - INFO - 数据验证成功
2020-09-02 12:52:34,938 - 测试【其他1】输入框位数限制 - INFO - 登录【手机】账号
2020-09-02 12:52:34,938 - 测试【其他1】输入框位数限制 - INFO - 登录【手机】账号
2020-09-02 12:52:39,944 - 测试【其他1】输入框位数限制 - INFO - 进入意见反馈页
2020-09-02 12:52:39,944 - 测试【其他1】输入框位数限制 - INFO - 进入意见反馈页
2020-09-02 12:52:41,772 - 测试【其他1】输入框位数限制 - INFO - 【其他1】输入【301】位数
2020-09-02 12:52:41,772 - 测试【其他1】输入框位数限制 - INFO - 【其他1】输入【301】位数
2020-09-02 12:52:53,185 - 测试【其他1】输入框位数限制 - INFO - 验证提示
2020-09-02 12:52:53,185 - 测试【其他1】输入框位数限制 - INFO - 验证提示
2020-09-02 12:52:53,629 - 测试【其他1】输入框位数限制 - INFO - 提示验证成功
2020-09-02 12:52:53,629 - 测试【其他1】输入框位数限制 - INFO - 提示验证成功
2020-09-02 12:52:53,629 - 测试【其他1】输入框位数限制 - INFO - 验证数据
2020-09-02 12:52:53,629 - 测试【其他1】输入框位数限制 - INFO - 验证数据
2020-09-02 12:52:53,645 - 测试【其他1】输入框位数限制 - INFO - 数据验证成功
2020-09-02 12:52:53,645 - 测试【其他1】输入框位数限制 - INFO - 数据验证成功
