2020-09-05 16:26:04,807 - 测试真实姓名输入整数时 - INFO - 登录账号
2020-09-05 16:26:09,559 - 测试真实姓名输入整数时 - INFO - 进入个人信息编辑页
2020-09-05 16:26:11,892 - 测试真实姓名输入整数时 - INFO - 真实姓名输入12312
2020-09-05 16:26:12,232 - 测试真实姓名输入整数时 - INFO - 输入内容12312
2020-09-05 16:26:12,232 - 测试真实姓名输入整数时 - INFO - 验证结果
2020-09-05 16:26:13,269 - 测试真实姓名输入整数时 - INFO - 正常
2020-09-05 16:26:20,073 - 测试真实姓名输入整数点保存时 - INFO - 登录账号
2020-09-05 16:26:24,639 - 测试真实姓名输入整数点保存时 - INFO - 进入个人信息编辑页
2020-09-05 16:26:26,834 - 测试真实姓名输入整数点保存时 - INFO - 真实姓名输入12312
2020-09-05 16:26:27,246 - 测试真实姓名输入整数点保存时 - INFO - 输入内容12312
2020-09-05 16:26:27,246 - 测试真实姓名输入整数点保存时 - INFO - 点保存
2020-09-05 16:26:27,376 - 测试真实姓名输入整数点保存时 - INFO - 验证结果
2020-09-05 16:26:28,416 - 测试真实姓名输入整数点保存时 - INFO - 保存交互正常
2020-09-05 16:26:29,970 - 测试真实姓名输入整数点保存时 - INFO - 保存数据正常
2020-09-05 16:26:36,881 - 测试真实姓名输入浮点数时 - INFO - 登录账号
2020-09-05 16:26:41,629 - 测试真实姓名输入浮点数时 - INFO - 进入个人信息编辑页
2020-09-05 16:26:44,067 - 测试真实姓名输入浮点数时 - INFO - 真实姓名输入3.1415
2020-09-05 16:26:44,441 - 测试真实姓名输入浮点数时 - INFO - 输入内容3.1415
2020-09-05 16:26:44,442 - 测试真实姓名输入浮点数时 - INFO - 验证结果
2020-09-05 16:26:45,477 - 测试真实姓名输入浮点数时 - INFO - 正常
2020-09-05 16:26:52,352 - 测试真实姓名输入浮点数点保存时 - INFO - 登录账号
2020-09-05 16:26:57,520 - 测试真实姓名输入浮点数点保存时 - INFO - 进入个人信息编辑页
2020-09-05 16:26:59,848 - 测试真实姓名输入浮点数点保存时 - INFO - 真实姓名输入3.1415
2020-09-05 16:27:00,217 - 测试真实姓名输入浮点数点保存时 - INFO - 输入内容3.1415
2020-09-05 16:27:00,217 - 测试真实姓名输入浮点数点保存时 - INFO - 点保存
2020-09-05 16:27:00,292 - 测试真实姓名输入浮点数点保存时 - INFO - 验证结果
2020-09-05 16:27:01,325 - 测试真实姓名输入浮点数点保存时 - INFO - 保存交互正常
2020-09-05 16:27:02,877 - 测试真实姓名输入浮点数点保存时 - INFO - 保存数据正常
