2020-09-05 16:29:06,392 - 测试公司名字输入整数点保存时 - INFO - 登录账号
2020-09-05 16:29:10,993 - 测试公司名字输入整数点保存时 - INFO - 进入个人信息编辑页
2020-09-05 16:29:13,414 - 测试公司名字输入整数点保存时 - INFO - 昵称输入12312
2020-09-05 16:29:13,699 - 测试公司名字输入整数点保存时 - INFO - 点保存
2020-09-05 16:29:15,385 - 测试公司名字输入整数点保存时 - INFO - 验证结果
2020-09-05 16:29:16,442 - 测试公司名字输入整数点保存时 - INFO - 保存交互正常
2020-09-05 16:29:17,984 - 测试公司名字输入整数点保存时 - INFO - 保存数据正常
2020-09-05 16:29:24,805 - 测试公司名字输入浮点数时 - INFO - 登录账号
2020-09-05 16:29:29,403 - 测试公司名字输入浮点数时 - INFO - 进入个人信息编辑页
2020-09-05 16:29:31,784 - 测试公司名字输入浮点数时 - INFO - 昵称输入3.1415
2020-09-05 16:29:32,132 - 测试公司名字输入浮点数时 - INFO - 验证
2020-09-05 16:29:32,132 - 测试公司名字输入浮点数时 - INFO - 验证结果
2020-09-05 16:29:33,166 - 测试公司名字输入浮点数时 - INFO - 正常
2020-09-05 16:29:39,942 - 测试公司名字输入浮点数点保存时 - INFO - 登录账号
2020-09-05 16:29:44,907 - 测试公司名字输入浮点数点保存时 - INFO - 进入个人信息编辑页
2020-09-05 16:29:47,300 - 测试公司名字输入浮点数点保存时 - INFO - 昵称输入3.1415
2020-09-05 16:29:47,559 - 测试公司名字输入浮点数点保存时 - INFO - 点保存
2020-09-05 16:29:49,207 - 测试公司名字输入浮点数点保存时 - INFO - 验证结果
2020-09-05 16:29:50,240 - 测试公司名字输入浮点数点保存时 - INFO - 保存交互正常
2020-09-05 16:29:51,784 - 测试公司名字输入浮点数点保存时 - INFO - 保存数据正常
2020-09-05 16:29:58,452 - 测试公司名字输入混合类型数据时 - INFO - 登录账号
2020-09-05 16:30:03,263 - 测试公司名字输入混合类型数据时 - INFO - 进入个人信息编辑页
2020-09-05 16:30:05,528 - 测试公司名字输入混合类型数据时 - INFO - 昵称输入@123#$撒大大
2020-09-05 16:30:05,887 - 测试公司名字输入混合类型数据时 - INFO - 验证
2020-09-05 16:30:05,887 - 测试公司名字输入混合类型数据时 - INFO - 验证结果
2020-09-05 16:30:06,975 - 测试公司名字输入混合类型数据时 - INFO - 正常
