2020-09-09 18:38:09,261 - 测试【邮箱账号】有必填项单选入【商标信息】保存 - INFO - 使用【邮箱】登录
2020-09-09 18:38:13,606 - 测试【邮箱账号】有必填项单选入【商标信息】保存 - INFO - 进入意见页面
2020-09-09 18:38:15,212 - 测试【邮箱账号】有必填项单选入【商标信息】保存 - INFO - 输入必填项【哇哇哇】
2020-09-09 18:38:17,421 - 测试【邮箱账号】有必填项单选入【商标信息】保存 - INFO - 勾选【商标信息】
2020-09-09 18:38:22,483 - 测试【邮箱账号】有必填项单选入【商标信息】保存 - INFO - 点击保存
2020-09-09 18:38:22,583 - 测试【邮箱账号】有必填项单选入【商标信息】保存 - INFO - 验证提示
2020-09-09 18:38:23,133 - 测试【邮箱账号】有必填项单选入【商标信息】保存 - INFO - 提示验证成功
2020-09-09 18:38:23,133 - 测试【邮箱账号】有必填项单选入【商标信息】保存 - INFO - 验证数据
2020-09-09 18:38:23,247 - 测试【邮箱账号】有必填项单选入【商标信息】保存 - INFO - 数据保存失败
2020-09-09 18:38:29,708 - 测试【邮箱账号】有必填项单选入【行业数据】保存 - INFO - 使用【邮箱】登录
2020-09-09 18:38:34,002 - 测试【邮箱账号】有必填项单选入【行业数据】保存 - INFO - 进入意见页面
2020-09-09 18:38:35,652 - 测试【邮箱账号】有必填项单选入【行业数据】保存 - INFO - 输入必填项【哇哇哇】
2020-09-09 18:38:38,028 - 测试【邮箱账号】有必填项单选入【行业数据】保存 - INFO - 勾选【行业数据】
2020-09-09 18:38:43,105 - 测试【邮箱账号】有必填项单选入【行业数据】保存 - INFO - 点击保存
2020-09-09 18:38:43,202 - 测试【邮箱账号】有必填项单选入【行业数据】保存 - INFO - 验证提示
2020-09-09 18:38:43,746 - 测试【邮箱账号】有必填项单选入【行业数据】保存 - INFO - 提示验证成功
2020-09-09 18:38:43,746 - 测试【邮箱账号】有必填项单选入【行业数据】保存 - INFO - 验证数据
2020-09-09 18:38:43,889 - 测试【邮箱账号】有必填项单选入【行业数据】保存 - INFO - 数据保存失败
2020-09-09 18:38:50,720 - 测试【邮箱账号】有必填项单选入【采购及销售信息等】保存 - INFO - 使用【邮箱】登录
2020-09-09 18:38:54,870 - 测试【邮箱账号】有必填项单选入【采购及销售信息等】保存 - INFO - 进入意见页面
2020-09-09 18:38:56,537 - 测试【邮箱账号】有必填项单选入【采购及销售信息等】保存 - INFO - 输入必填项【哇哇哇】
2020-09-09 18:38:58,987 - 测试【邮箱账号】有必填项单选入【采购及销售信息等】保存 - INFO - 勾选【采购及销售信息等】
2020-09-09 18:39:04,065 - 测试【邮箱账号】有必填项单选入【采购及销售信息等】保存 - INFO - 点击保存
2020-09-09 18:39:04,163 - 测试【邮箱账号】有必填项单选入【采购及销售信息等】保存 - INFO - 验证提示
2020-09-09 18:39:04,851 - 测试【邮箱账号】有必填项单选入【采购及销售信息等】保存 - INFO - 提示验证成功
2020-09-09 18:39:04,851 - 测试【邮箱账号】有必填项单选入【采购及销售信息等】保存 - INFO - 验证数据
2020-09-09 18:39:04,962 - 测试【邮箱账号】有必填项单选入【采购及销售信息等】保存 - INFO - 数据保存失败
