2020-08-28 22:15:08,947 - 测试公司名字输入浮点数点保存时 - INFO - 登录账号
2020-08-28 22:15:13,806 - 测试公司名字输入浮点数点保存时 - INFO - 进入个人信息编辑页
2020-08-28 22:15:16,136 - 测试公司名字输入浮点数点保存时 - INFO - 昵称输入3.1415
2020-08-28 22:15:16,508 - 测试公司名字输入浮点数点保存时 - INFO - 点保存
2020-08-28 22:15:17,690 - 测试公司名字输入浮点数点保存时 - INFO - 验证结果
2020-08-28 22:15:18,724 - 测试公司名字输入浮点数点保存时 - INFO - 保存交互正常
2020-08-28 22:15:19,777 - 测试公司名字输入浮点数点保存时 - INFO - 保存数据正常
2020-08-28 22:15:27,291 - 测试公司名字输入混合类型数据时 - INFO - 登录账号
2020-08-28 22:15:32,350 - 测试公司名字输入混合类型数据时 - INFO - 进入个人信息编辑页
2020-08-28 22:15:34,840 - 测试公司名字输入混合类型数据时 - INFO - 昵称输入@123#$撒大大
2020-08-28 22:15:35,229 - 测试公司名字输入混合类型数据时 - INFO - 验证
2020-08-28 22:15:35,229 - 测试公司名字输入混合类型数据时 - INFO - 验证结果
2020-08-28 22:15:36,285 - 测试公司名字输入混合类型数据时 - INFO - 正常
2020-08-28 22:15:43,659 - 测试公司名字输入混合类型数据点保存时 - INFO - 登录账号
2020-08-28 22:15:49,441 - 测试公司名字输入混合类型数据点保存时 - INFO - 进入个人信息编辑页
2020-08-28 22:15:51,800 - 测试公司名字输入混合类型数据点保存时 - INFO - 昵称输入@123#$撒大大
2020-08-28 22:15:52,077 - 测试公司名字输入混合类型数据点保存时 - INFO - 点保存
2020-08-28 22:15:53,243 - 测试公司名字输入混合类型数据点保存时 - INFO - 验证结果
2020-08-28 22:15:54,280 - 测试公司名字输入混合类型数据点保存时 - INFO - 保存交互正常
2020-08-28 22:15:55,343 - 测试公司名字输入混合类型数据点保存时 - INFO - 保存数据正常
