2020-08-22 15:50:12,984 - 测试公司名字输入如框为空点保存时 - INFO - 登录账号
2020-08-22 15:50:17,408 - 测试公司名字输入如框为空点保存时 - INFO - 进入个人信息编辑页
2020-08-22 15:50:19,637 - 测试公司名字输入如框为空点保存时 - INFO - 昵称输入【空】
2020-08-22 15:50:20,249 - 测试公司名字输入如框为空点保存时 - INFO - 点保存
2020-08-22 15:50:21,371 - 测试公司名字输入如框为空点保存时 - INFO - 验证结果
2020-08-22 15:50:22,407 - 测试公司名字输入如框为空点保存时 - INFO - 保存交互正常
2020-08-22 15:50:23,526 - 测试公司名字输入如框为空点保存时 - INFO - 保存数据正常
2020-08-22 15:50:29,008 - 测试公司名字输入特殊字符时 - INFO - 登录账号
2020-08-22 15:50:33,257 - 测试公司名字输入特殊字符时 - INFO - 进入个人信息编辑页
2020-08-22 15:50:35,573 - 测试公司名字输入特殊字符时 - INFO - 昵称输入@
2020-08-22 15:50:35,753 - 测试公司名字输入特殊字符时 - INFO - 验证
2020-08-22 15:50:35,753 - 测试公司名字输入特殊字符时 - INFO - 验证结果
2020-08-22 15:50:36,790 - 测试公司名字输入特殊字符时 - INFO - 正常
2020-08-22 15:50:42,190 - 测试公司名字输入特殊字符点保存时 - INFO - 登录账号
2020-08-22 15:50:46,568 - 测试公司名字输入特殊字符点保存时 - INFO - 进入个人信息编辑页
2020-08-22 15:50:48,801 - 测试公司名字输入特殊字符点保存时 - INFO - 昵称输入@
2020-08-22 15:50:48,938 - 测试公司名字输入特殊字符点保存时 - INFO - 点保存
2020-08-22 15:50:50,070 - 测试公司名字输入特殊字符点保存时 - INFO - 验证结果
2020-08-22 15:50:51,108 - 测试公司名字输入特殊字符点保存时 - INFO - 保存交互正常
2020-08-22 15:50:52,153 - 测试公司名字输入特殊字符点保存时 - INFO - 保存数据正常
2020-08-22 15:50:57,744 - 测试公司名字输入整数时 - INFO - 登录账号
2020-08-22 15:51:01,964 - 测试公司名字输入整数时 - INFO - 进入个人信息编辑页
2020-08-22 15:51:04,186 - 测试公司名字输入整数时 - INFO - 昵称输入12312
2020-08-22 15:51:04,340 - 测试公司名字输入整数时 - INFO - 验证
2020-08-22 15:51:04,340 - 测试公司名字输入整数时 - INFO - 验证结果
2020-08-22 15:51:05,380 - 测试公司名字输入整数时 - INFO - 正常
