2020-09-02 12:51:20,981 - 测试【联系人】输入框位数限制 - INFO - 登录【手机】账号
2020-09-02 12:51:25,320 - 测试【联系人】输入框位数限制 - INFO - 进入意见反馈页
2020-09-02 12:51:26,935 - 测试【联系人】输入框位数限制 - INFO - 【联系人】输入【16】位数
2020-09-02 12:51:27,916 - 测试【联系人】输入框位数限制 - INFO - 验证提示
2020-09-02 12:51:28,411 - 测试【联系人】输入框位数限制 - INFO - 提示验证成功
2020-09-02 12:51:28,411 - 测试【联系人】输入框位数限制 - INFO - 验证数据
2020-09-02 12:51:28,432 - 测试【联系人】输入框位数限制 - INFO - 数据验证成功
2020-09-02 12:51:35,354 - 测试【联系邮箱】输入框位数限制 - INFO - 登录【手机】账号
2020-09-02 12:51:39,798 - 测试【联系邮箱】输入框位数限制 - INFO - 进入意见反馈页
2020-09-02 12:51:41,403 - 测试【联系邮箱】输入框位数限制 - INFO - 【联系邮箱】输入【51】位数
2020-09-02 12:51:44,976 - 测试【联系邮箱】输入框位数限制 - INFO - 验证提示
2020-09-02 12:51:45,449 - 测试【联系邮箱】输入框位数限制 - INFO - 提示验证成功
2020-09-02 12:51:45,450 - 测试【联系邮箱】输入框位数限制 - INFO - 验证数据
2020-09-02 12:51:45,452 - 测试【联系邮箱】输入框位数限制 - INFO - 数据验证成功
2020-09-02 12:51:53,397 - 测试【联系地址】输入框位数限制 - INFO - 登录【手机】账号
2020-09-02 12:51:57,723 - 测试【联系地址】输入框位数限制 - INFO - 进入意见反馈页
2020-09-02 12:51:59,462 - 测试【联系地址】输入框位数限制 - INFO - 【联系地址】输入【51】位数
2020-09-02 12:52:02,359 - 测试【联系地址】输入框位数限制 - INFO - 验证提示
2020-09-02 12:52:02,845 - 测试【联系地址】输入框位数限制 - INFO - 提示验证成功
2020-09-02 12:52:02,845 - 测试【联系地址】输入框位数限制 - INFO - 验证数据
2020-09-02 12:52:02,865 - 测试【联系地址】输入框位数限制 - INFO - 数据验证成功
