2020-09-24 14:04:02,395 - 测试保存选择“其他” - INFO - 登录账号
2020-09-24 14:04:06,898 - 测试保存选择“其他” - INFO - 进入个人信息编辑页
2020-09-24 14:04:09,127 - 测试保存选择“其他” - INFO - 职业选择“其他”
2020-09-24 14:04:11,364 - 测试保存选择“其他” - INFO - 保存
2020-09-24 14:04:11,364 - 测试保存选择“其他” - INFO - 点保存
2020-09-24 14:04:12,914 - 测试保存选择“其他” - INFO - 正常
2020-09-24 14:04:19,528 - 测试保存选择“证券公司（投行/经纪/资管/研究）” - INFO - 登录账号
2020-09-24 14:04:24,116 - 测试保存选择“证券公司（投行/经纪/资管/研究）” - INFO - 进入个人信息编辑页
2020-09-24 14:04:26,451 - 测试保存选择“证券公司（投行/经纪/资管/研究）” - INFO - 职业选择“证券公司（投行/经纪/资管/研究）”
2020-09-24 14:04:28,665 - 测试保存选择“证券公司（投行/经纪/资管/研究）” - INFO - 保存
2020-09-24 14:04:28,665 - 测试保存选择“证券公司（投行/经纪/资管/研究）” - INFO - 点保存
2020-09-24 14:04:30,225 - 测试保存选择“证券公司（投行/经纪/资管/研究）” - INFO - 正常
2020-09-24 14:04:36,935 - 测试选择“律师事务所/法律工作者” - INFO - 登录账号
2020-09-24 14:04:41,293 - 测试选择“律师事务所/法律工作者” - INFO - 进入个人信息编辑页
2020-09-24 14:04:43,754 - 测试选择“律师事务所/法律工作者” - INFO - 职业选择“律师事务所/法律工作者”
2020-09-24 14:04:45,967 - 测试选择“律师事务所/法律工作者” - INFO - 验证
2020-09-24 14:04:45,967 - 测试选择“律师事务所/法律工作者” - INFO - 验证结果
2020-09-24 14:04:47,510 - 测试选择“律师事务所/法律工作者” - INFO - 正常
2020-09-24 14:04:55,138 - 测试保存选择“律师事务所/法律工作者” - INFO - 登录账号
2020-09-24 14:04:59,674 - 测试保存选择“律师事务所/法律工作者” - INFO - 进入个人信息编辑页
2020-09-24 14:05:01,992 - 测试保存选择“律师事务所/法律工作者” - INFO - 职业选择“律师事务所/法律工作者”
2020-09-24 14:05:04,261 - 测试保存选择“律师事务所/法律工作者” - INFO - 保存
2020-09-24 14:05:04,261 - 测试保存选择“律师事务所/法律工作者” - INFO - 点保存
2020-09-24 14:05:05,810 - 测试保存选择“律师事务所/法律工作者” - INFO - 正常
