2020-08-31 17:49:09,562 - 测试保存选择“会计师事务所/税务师事务所” - INFO - 登录账号
2020-08-31 17:49:13,931 - 测试保存选择“会计师事务所/税务师事务所” - INFO - 进入个人信息编辑页
2020-08-31 17:49:16,148 - 测试保存选择“会计师事务所/税务师事务所” - INFO - 职业选择“会计师事务所/税务师事务所”
2020-08-31 17:49:17,838 - 测试保存选择“会计师事务所/税务师事务所” - INFO - 保存
2020-08-31 17:49:17,838 - 测试保存选择“会计师事务所/税务师事务所” - INFO - 点保存
2020-08-31 17:49:19,383 - 测试保存选择“会计师事务所/税务师事务所” - INFO - 正常
2020-08-31 17:49:25,068 - 测试选择“A股上市企业/新三板挂牌企业” - INFO - 登录账号
2020-08-31 17:49:29,412 - 测试选择“A股上市企业/新三板挂牌企业” - INFO - 进入个人信息编辑页
2020-08-31 17:49:31,622 - 测试选择“A股上市企业/新三板挂牌企业” - INFO - 职业选择“A股上市企业/新三板挂牌企业”
2020-08-31 17:49:33,338 - 测试选择“A股上市企业/新三板挂牌企业” - INFO - 验证
2020-08-31 17:49:33,338 - 测试选择“A股上市企业/新三板挂牌企业” - INFO - 验证结果
2020-08-31 17:49:34,886 - 测试选择“A股上市企业/新三板挂牌企业” - INFO - 正常
2020-08-31 17:49:41,460 - 测试保存选择“A股上市企业/新三板挂牌企业” - INFO - 登录账号
2020-08-31 17:49:45,999 - 测试保存选择“A股上市企业/新三板挂牌企业” - INFO - 进入个人信息编辑页
2020-08-31 17:49:48,207 - 测试保存选择“A股上市企业/新三板挂牌企业” - INFO - 职业选择“A股上市企业/新三板挂牌企业”
2020-08-31 17:49:49,903 - 测试保存选择“A股上市企业/新三板挂牌企业” - INFO - 保存
2020-08-31 17:49:49,903 - 测试保存选择“A股上市企业/新三板挂牌企业” - INFO - 点保存
2020-08-31 17:49:51,471 - 测试保存选择“A股上市企业/新三板挂牌企业” - INFO - 正常
2020-08-31 17:49:57,083 - 测试选择“拟上市及拟挂牌企业” - INFO - 登录账号
2020-08-31 17:50:01,408 - 测试选择“拟上市及拟挂牌企业” - INFO - 进入个人信息编辑页
2020-08-31 17:50:03,627 - 测试选择“拟上市及拟挂牌企业” - INFO - 职业选择“拟上市及拟挂牌企业”
2020-08-31 17:50:05,319 - 测试选择“拟上市及拟挂牌企业” - INFO - 验证
2020-08-31 17:50:05,319 - 测试选择“拟上市及拟挂牌企业” - INFO - 验证结果
2020-08-31 17:50:06,865 - 测试选择“拟上市及拟挂牌企业” - INFO - 正常
