2020-09-07 17:30:15,693 - name - INFO - 登录账号
2020-09-07 17:30:21,924 - name - INFO - 进入积分充值页
2020-09-07 17:30:23,479 - name - INFO - 金额输入框输入1
2020-09-07 17:30:25,560 - name - INFO - 邮政编码输入“7”位数
2020-09-07 17:30:29,825 - name - INFO - 验证实际输入个数
2020-09-07 17:30:29,840 - name - INFO - 位数限制正确
2020-09-07 17:30:36,739 - name - INFO - 登录账号
2020-09-07 17:30:36,739 - name - INFO - 登录账号
2020-09-07 17:30:41,951 - name - INFO - 进入积分充值页
2020-09-07 17:30:41,951 - name - INFO - 进入积分充值页
2020-09-07 17:30:43,548 - name - INFO - 金额输入框输入1
2020-09-07 17:30:43,548 - name - INFO - 金额输入框输入1
2020-09-07 17:30:45,749 - name - INFO - 联系人输入“11”位数
2020-09-07 17:30:45,749 - name - INFO - 联系人输入“11”位数
2020-09-07 17:30:50,048 - name - INFO - 验证实际输入个数
2020-09-07 17:30:50,048 - name - INFO - 验证实际输入个数
2020-09-07 17:30:50,059 - name - INFO - 位数限制正确
2020-09-07 17:30:50,059 - name - INFO - 位数限制正确
2020-09-07 17:30:56,664 - name - INFO - 登录账号
2020-09-07 17:30:56,664 - name - INFO - 登录账号
2020-09-07 17:30:56,664 - name - INFO - 登录账号
2020-09-07 17:31:02,262 - name - INFO - 进入积分充值页
2020-09-07 17:31:02,262 - name - INFO - 进入积分充值页
2020-09-07 17:31:02,262 - name - INFO - 进入积分充值页
2020-09-07 17:31:03,928 - name - INFO - 金额输入框输入1
2020-09-07 17:31:03,928 - name - INFO - 金额输入框输入1
2020-09-07 17:31:03,928 - name - INFO - 金额输入框输入1
2020-09-07 17:31:06,043 - name - INFO - 手机号输入“12”位数
2020-09-07 17:31:06,043 - name - INFO - 手机号输入“12”位数
2020-09-07 17:31:06,043 - name - INFO - 手机号输入“12”位数
2020-09-07 17:31:10,439 - name - INFO - 验证实际输入个数
2020-09-07 17:31:10,439 - name - INFO - 验证实际输入个数
2020-09-07 17:31:10,439 - name - INFO - 验证实际输入个数
2020-09-07 17:31:10,451 - name - INFO - 位数限制正确
2020-09-07 17:31:10,451 - name - INFO - 位数限制正确
2020-09-07 17:31:10,451 - name - INFO - 位数限制正确
2020-09-07 17:31:17,338 - name - INFO - 登录账号
2020-09-07 17:31:17,338 - name - INFO - 登录账号
2020-09-07 17:31:17,338 - name - INFO - 登录账号
2020-09-07 17:31:24,591 - name - INFO - 进入积分充值页
2020-09-07 17:31:24,591 - name - INFO - 进入积分充值页
2020-09-07 17:31:24,591 - name - INFO - 进入积分充值页
2020-09-07 17:31:26,154 - name - INFO - 金额输入框输入1
2020-09-07 17:31:26,154 - name - INFO - 金额输入框输入1
2020-09-07 17:31:26,154 - name - INFO - 金额输入框输入1
2020-09-07 17:31:28,254 - name - INFO - 公司名输入“51”位数
2020-09-07 17:31:28,254 - name - INFO - 公司名输入“51”位数
2020-09-07 17:31:28,254 - name - INFO - 公司名输入“51”位数
2020-09-07 17:31:31,052 - name - INFO - 验证实际输入个数
2020-09-07 17:31:31,052 - name - INFO - 验证实际输入个数
2020-09-07 17:31:31,052 - name - INFO - 验证实际输入个数
2020-09-07 17:31:31,063 - name - INFO - 位数限制正确
2020-09-07 17:31:31,063 - name - INFO - 位数限制正确
2020-09-07 17:31:31,063 - name - INFO - 位数限制正确
2020-09-07 17:31:38,080 - name - INFO - 登录账号
2020-09-07 17:31:38,080 - name - INFO - 登录账号
2020-09-07 17:31:38,080 - name - INFO - 登录账号
2020-09-07 17:31:43,678 - name - INFO - 进入积分充值页
2020-09-07 17:31:43,678 - name - INFO - 进入积分充值页
2020-09-07 17:31:43,678 - name - INFO - 进入积分充值页
2020-09-07 17:31:45,487 - name - INFO - 金额输入框输入1
2020-09-07 17:31:45,487 - name - INFO - 金额输入框输入1
2020-09-07 17:31:45,487 - name - INFO - 金额输入框输入1
2020-09-07 17:31:47,600 - name - INFO - 纳税人识输入“21”位数
2020-09-07 17:31:47,600 - name - INFO - 纳税人识输入“21”位数
2020-09-07 17:31:47,600 - name - INFO - 纳税人识输入“21”位数
2020-09-07 17:31:50,292 - name - INFO - 验证实际输入个数
2020-09-07 17:31:50,292 - name - INFO - 验证实际输入个数
2020-09-07 17:31:50,292 - name - INFO - 验证实际输入个数
2020-09-07 17:31:50,304 - name - INFO - 位数限制正确
2020-09-07 17:31:50,304 - name - INFO - 位数限制正确
2020-09-07 17:31:50,304 - name - INFO - 位数限制正确
2020-09-07 17:31:57,038 - name - INFO - 登录账号
2020-09-07 17:31:57,038 - name - INFO - 登录账号
2020-09-07 17:31:57,038 - name - INFO - 登录账号
2020-09-07 17:32:02,482 - name - INFO - 进入积分充值页
2020-09-07 17:32:02,482 - name - INFO - 进入积分充值页
2020-09-07 17:32:02,482 - name - INFO - 进入积分充值页
2020-09-07 17:32:04,423 - name - INFO - 金额输入框输入1
2020-09-07 17:32:04,423 - name - INFO - 金额输入框输入1
2020-09-07 17:32:04,423 - name - INFO - 金额输入框输入1
2020-09-07 17:32:06,525 - name - INFO - 手机输入“21”位数
2020-09-07 17:32:06,525 - name - INFO - 手机输入“21”位数
2020-09-07 17:32:06,525 - name - INFO - 手机输入“21”位数
2020-09-07 17:32:09,140 - name - INFO - 验证实际输入个数
2020-09-07 17:32:09,140 - name - INFO - 验证实际输入个数
2020-09-07 17:32:09,140 - name - INFO - 验证实际输入个数
2020-09-07 17:32:09,154 - name - INFO - 没有位数限制
2020-09-07 17:32:09,154 - name - INFO - 没有位数限制
2020-09-07 17:32:09,154 - name - INFO - 没有位数限制
2020-09-07 17:32:18,824 - name - INFO - 登录账号
2020-09-07 17:32:18,824 - name - INFO - 登录账号
2020-09-07 17:32:18,824 - name - INFO - 登录账号
2020-09-07 17:32:26,190 - name - INFO - 进入积分充值页
2020-09-07 17:32:26,190 - name - INFO - 进入积分充值页
2020-09-07 17:32:26,190 - name - INFO - 进入积分充值页
2020-09-07 17:32:28,122 - name - INFO - 金额输入框输入1
2020-09-07 17:32:28,122 - name - INFO - 金额输入框输入1
2020-09-07 17:32:28,122 - name - INFO - 金额输入框输入1
2020-09-07 17:32:30,209 - name - INFO - 公司地址输入“51”位数
2020-09-07 17:32:30,209 - name - INFO - 公司地址输入“51”位数
2020-09-07 17:32:30,209 - name - INFO - 公司地址输入“51”位数
2020-09-07 17:32:32,925 - name - INFO - 验证实际输入个数
2020-09-07 17:32:32,925 - name - INFO - 验证实际输入个数
2020-09-07 17:32:32,925 - name - INFO - 验证实际输入个数
2020-09-07 17:32:32,937 - name - INFO - 位数限制正确
2020-09-07 17:32:32,937 - name - INFO - 位数限制正确
2020-09-07 17:32:32,937 - name - INFO - 位数限制正确
2020-09-07 17:32:40,483 - name - INFO - 登录账号
2020-09-07 17:32:40,483 - name - INFO - 登录账号
2020-09-07 17:32:40,483 - name - INFO - 登录账号
2020-09-07 17:32:45,883 - name - INFO - 进入积分充值页
2020-09-07 17:32:45,883 - name - INFO - 进入积分充值页
2020-09-07 17:32:45,883 - name - INFO - 进入积分充值页
2020-09-07 17:32:47,331 - name - INFO - 金额输入框输入1
2020-09-07 17:32:47,331 - name - INFO - 金额输入框输入1
2020-09-07 17:32:47,331 - name - INFO - 金额输入框输入1
2020-09-07 17:32:49,429 - name - INFO - 开户银行输入“31”位数
2020-09-07 17:32:49,429 - name - INFO - 开户银行输入“31”位数
2020-09-07 17:32:49,429 - name - INFO - 开户银行输入“31”位数
2020-09-07 17:32:52,023 - name - INFO - 验证实际输入个数
2020-09-07 17:32:52,023 - name - INFO - 验证实际输入个数
2020-09-07 17:32:52,023 - name - INFO - 验证实际输入个数
2020-09-07 17:32:52,038 - name - INFO - 位数限制正确
2020-09-07 17:32:52,038 - name - INFO - 位数限制正确
2020-09-07 17:32:52,038 - name - INFO - 位数限制正确
2020-09-07 17:32:58,843 - name - INFO - 登录账号
2020-09-07 17:32:58,843 - name - INFO - 登录账号
2020-09-07 17:32:58,843 - name - INFO - 登录账号
2020-09-07 17:33:06,449 - name - INFO - 进入积分充值页
2020-09-07 17:33:06,449 - name - INFO - 进入积分充值页
2020-09-07 17:33:06,449 - name - INFO - 进入积分充值页
2020-09-07 17:33:07,769 - name - INFO - 金额输入框输入1
2020-09-07 17:33:07,769 - name - INFO - 金额输入框输入1
2020-09-07 17:33:07,769 - name - INFO - 金额输入框输入1
2020-09-07 17:33:09,855 - name - INFO - 账户输入“21”位数
2020-09-07 17:33:09,855 - name - INFO - 账户输入“21”位数
2020-09-07 17:33:09,855 - name - INFO - 账户输入“21”位数
2020-09-07 17:33:12,291 - name - INFO - 验证实际输入个数
2020-09-07 17:33:12,291 - name - INFO - 验证实际输入个数
2020-09-07 17:33:12,291 - name - INFO - 验证实际输入个数
2020-09-07 17:33:12,305 - name - INFO - 位数限制正确
2020-09-07 17:33:12,305 - name - INFO - 位数限制正确
2020-09-07 17:33:12,305 - name - INFO - 位数限制正确
2020-09-07 17:33:18,657 - name - INFO - 登录账号
2020-09-07 17:33:18,657 - name - INFO - 登录账号
2020-09-07 17:33:18,657 - name - INFO - 登录账号
2020-09-07 17:33:23,493 - name - INFO - 进入积分充值页
2020-09-07 17:33:23,493 - name - INFO - 进入积分充值页
2020-09-07 17:33:23,493 - name - INFO - 进入积分充值页
2020-09-07 17:33:24,915 - name - INFO - 金额输入框输入1
2020-09-07 17:33:24,915 - name - INFO - 金额输入框输入1
2020-09-07 17:33:24,915 - name - INFO - 金额输入框输入1
2020-09-07 17:33:27,002 - name - INFO - 邮寄地址输入“61”位数
2020-09-07 17:33:27,002 - name - INFO - 邮寄地址输入“61”位数
2020-09-07 17:33:27,002 - name - INFO - 邮寄地址输入“61”位数
2020-09-07 17:33:29,940 - name - INFO - 验证实际输入个数
2020-09-07 17:33:29,940 - name - INFO - 验证实际输入个数
2020-09-07 17:33:29,940 - name - INFO - 验证实际输入个数
2020-09-07 17:33:29,954 - name - INFO - 位数限制正确
2020-09-07 17:33:29,954 - name - INFO - 位数限制正确
2020-09-07 17:33:29,954 - name - INFO - 位数限制正确
2020-09-07 17:33:36,661 - name - INFO - 登录账号
2020-09-07 17:33:36,661 - name - INFO - 登录账号
2020-09-07 17:33:36,661 - name - INFO - 登录账号
2020-09-07 17:33:41,705 - name - INFO - 进入积分充值页
2020-09-07 17:33:41,705 - name - INFO - 进入积分充值页
2020-09-07 17:33:41,705 - name - INFO - 进入积分充值页
2020-09-07 17:33:43,732 - name - INFO - 金额输入框输入1
2020-09-07 17:33:43,732 - name - INFO - 金额输入框输入1
2020-09-07 17:33:43,732 - name - INFO - 金额输入框输入1
2020-09-07 17:33:45,819 - name - INFO - 邮政编码输入“7”位数
2020-09-07 17:33:45,819 - name - INFO - 邮政编码输入“7”位数
2020-09-07 17:33:45,819 - name - INFO - 邮政编码输入“7”位数
2020-09-07 17:33:48,226 - name - INFO - 验证实际输入个数
2020-09-07 17:33:48,226 - name - INFO - 验证实际输入个数
2020-09-07 17:33:48,226 - name - INFO - 验证实际输入个数
2020-09-07 17:33:48,239 - name - INFO - 位数限制正确
2020-09-07 17:33:48,239 - name - INFO - 位数限制正确
2020-09-07 17:33:48,239 - name - INFO - 位数限制正确
2020-09-07 17:33:55,499 - name - INFO - 登录账号
2020-09-07 17:33:55,499 - name - INFO - 登录账号
2020-09-07 17:33:55,499 - name - INFO - 登录账号
2020-09-07 17:34:01,240 - name - INFO - 进入积分充值页
2020-09-07 17:34:01,240 - name - INFO - 进入积分充值页
2020-09-07 17:34:01,240 - name - INFO - 进入积分充值页
2020-09-07 17:34:03,339 - name - INFO - 金额输入框输入1
2020-09-07 17:34:03,339 - name - INFO - 金额输入框输入1
2020-09-07 17:34:03,339 - name - INFO - 金额输入框输入1
2020-09-07 17:34:05,429 - name - INFO - 联系人输入“11”位数
2020-09-07 17:34:05,429 - name - INFO - 联系人输入“11”位数
2020-09-07 17:34:05,429 - name - INFO - 联系人输入“11”位数
2020-09-07 17:34:07,848 - name - INFO - 验证实际输入个数
2020-09-07 17:34:07,848 - name - INFO - 验证实际输入个数
2020-09-07 17:34:07,848 - name - INFO - 验证实际输入个数
2020-09-07 17:34:07,860 - name - INFO - 位数限制正确
2020-09-07 17:34:07,860 - name - INFO - 位数限制正确
2020-09-07 17:34:07,860 - name - INFO - 位数限制正确
2020-09-07 17:34:15,880 - name - INFO - 登录账号
2020-09-07 17:34:15,880 - name - INFO - 登录账号
2020-09-07 17:34:15,880 - name - INFO - 登录账号
2020-09-07 17:34:21,460 - name - INFO - 进入积分充值页
2020-09-07 17:34:21,460 - name - INFO - 进入积分充值页
2020-09-07 17:34:21,460 - name - INFO - 进入积分充值页
2020-09-07 17:34:23,216 - name - INFO - 金额输入框输入1
2020-09-07 17:34:23,216 - name - INFO - 金额输入框输入1
2020-09-07 17:34:23,216 - name - INFO - 金额输入框输入1
2020-09-07 17:34:25,322 - name - INFO - 手机号输入“12”位数
2020-09-07 17:34:25,322 - name - INFO - 手机号输入“12”位数
2020-09-07 17:34:25,322 - name - INFO - 手机号输入“12”位数
2020-09-07 17:34:27,883 - name - INFO - 验证实际输入个数
2020-09-07 17:34:27,883 - name - INFO - 验证实际输入个数
2020-09-07 17:34:27,883 - name - INFO - 验证实际输入个数
2020-09-07 17:34:27,899 - name - INFO - 位数限制正确
2020-09-07 17:34:27,899 - name - INFO - 位数限制正确
2020-09-07 17:34:27,899 - name - INFO - 位数限制正确
