2020-08-28 22:14:00,864 - 测试公司名字输入特殊字符点保存时 - INFO - 登录账号
2020-08-28 22:14:05,490 - 测试公司名字输入特殊字符点保存时 - INFO - 进入个人信息编辑页
2020-08-28 22:14:07,818 - 测试公司名字输入特殊字符点保存时 - INFO - 昵称输入@
2020-08-28 22:14:08,035 - 测试公司名字输入特殊字符点保存时 - INFO - 点保存
2020-08-28 22:14:09,172 - 测试公司名字输入特殊字符点保存时 - INFO - 验证结果
2020-08-28 22:14:10,209 - 测试公司名字输入特殊字符点保存时 - INFO - 保存交互正常
2020-08-28 22:14:11,270 - 测试公司名字输入特殊字符点保存时 - INFO - 保存数据正常
2020-08-28 22:14:18,627 - 测试公司名字输入整数时 - INFO - 登录账号
2020-08-28 22:14:23,287 - 测试公司名字输入整数时 - INFO - 进入个人信息编辑页
2020-08-28 22:14:25,485 - 测试公司名字输入整数时 - INFO - 昵称输入12312
2020-08-28 22:14:25,789 - 测试公司名字输入整数时 - INFO - 验证
2020-08-28 22:14:25,789 - 测试公司名字输入整数时 - INFO - 验证结果
2020-08-28 22:14:26,827 - 测试公司名字输入整数时 - INFO - 正常
2020-08-28 22:14:34,103 - 测试公司名字输入整数点保存时 - INFO - 登录账号
2020-08-28 22:14:38,612 - 测试公司名字输入整数点保存时 - INFO - 进入个人信息编辑页
2020-08-28 22:14:41,138 - 测试公司名字输入整数点保存时 - INFO - 昵称输入12312
2020-08-28 22:14:41,447 - 测试公司名字输入整数点保存时 - INFO - 点保存
2020-08-28 22:14:42,645 - 测试公司名字输入整数点保存时 - INFO - 验证结果
2020-08-28 22:14:43,682 - 测试公司名字输入整数点保存时 - INFO - 保存交互正常
2020-08-28 22:14:44,752 - 测试公司名字输入整数点保存时 - INFO - 保存数据正常
2020-08-28 22:14:52,080 - 测试公司名字输入浮点数时 - INFO - 登录账号
2020-08-28 22:14:56,665 - 测试公司名字输入浮点数时 - INFO - 进入个人信息编辑页
2020-08-28 22:14:58,951 - 测试公司名字输入浮点数时 - INFO - 昵称输入3.1415
2020-08-28 22:14:59,415 - 测试公司名字输入浮点数时 - INFO - 验证
2020-08-28 22:14:59,416 - 测试公司名字输入浮点数时 - INFO - 验证结果
2020-08-28 22:15:00,458 - 测试公司名字输入浮点数时 - INFO - 正常
