2020-07-10 19:57:00,647 - 智能上传 - INFO - 判断如果已存在文件则跳过信息填写
2020-07-10 19:57:30,772 - 智能上传 - INFO - 点击上传
2020-07-10 19:57:31,387 - 智能上传 - INFO - 上传文件D:\用例文件\宝明科技-创业板\招股说明书.doc
2020-07-10 19:57:34,147 - 智能上传 - INFO - 判断上传进度
2020-07-10 19:57:35,491 - 智能上传 - INFO - 100%成功
2020-07-10 19:57:36,226 - 智能上传 - INFO - 点击上传
2020-07-10 19:57:36,790 - 智能上传 - INFO - 上传文件D:\用例文件\宝明科技-创业板\财务报表.xls
2020-07-10 19:57:39,435 - 智能上传 - INFO - 判断上传进度
2020-07-10 19:57:39,486 - 智能上传 - INFO - 100%成功
2020-07-10 19:57:40,410 - 智能上传 - INFO - 点击上传
2020-07-10 19:57:40,949 - 智能上传 - INFO - 上传文件D:\用例文件\宝明科技-创业板\财务报表附注.docx
2020-07-10 19:57:43,694 - 智能上传 - INFO - 判断上传进度
2020-07-10 19:57:43,788 - 智能上传 - INFO - 100%成功
2020-07-10 19:57:43,788 - 智能上传 - INFO - 获取现有积分
2020-07-10 19:57:44,863 - 智能上传 - INFO - 点击开始核查
2020-07-10 19:57:44,934 - 智能上传 - INFO - 判断进度
2020-07-10 20:01:38,486 - 智能上传 - INFO - 解析完成
2020-07-10 20:01:41,164 - 智能上传 - INFO - 结果成功3个分别是['招股说明书.doc', '财务报表.xls', '财务报表附注.docx']文件，
失败0个分别是[]文件,
建议['没有建议']

2020-07-10 20:01:57,338 - 智能上传 - INFO - 判断如果已存在文件则跳过信息填写
2020-07-10 20:02:27,509 - 智能上传 - INFO - 点击上传
2020-07-10 20:02:28,128 - 智能上传 - INFO - 上传文件D:\用例文件\山东玻纤-科创版-国信证券\合并报表.xlsx
2020-07-10 20:02:30,687 - 智能上传 - INFO - 判断上传进度
2020-07-10 20:02:30,936 - 智能上传 - INFO - 100%成功
2020-07-10 20:02:31,567 - 智能上传 - INFO - 点击上传
2020-07-10 20:02:32,143 - 智能上传 - INFO - 上传文件D:\用例文件\山东玻纤-科创版-国信证券\山东玻纤招股说明书.doc
2020-07-10 20:02:34,656 - 智能上传 - INFO - 判断上传进度
2020-07-10 20:02:36,800 - 智能上传 - INFO - 100%成功
2020-07-10 20:02:37,500 - 智能上传 - INFO - 点击上传
2020-07-10 20:02:38,037 - 智能上传 - INFO - 上传文件D:\用例文件\山东玻纤-科创版-国信证券\玻纤合并报告附注.doc
2020-07-10 20:02:40,504 - 智能上传 - INFO - 判断上传进度
2020-07-10 20:02:41,195 - 智能上传 - INFO - 100%成功
2020-07-10 20:02:41,196 - 智能上传 - INFO - 获取现有积分
2020-07-10 20:02:42,255 - 智能上传 - INFO - 点击开始核查
2020-07-10 20:02:42,318 - 智能上传 - INFO - 判断进度
