2020-08-31 20:23:04,683 - 测试“昵称”输入个数限制 - INFO - 登录账号
2020-08-31 20:23:09,025 - 测试“昵称”输入个数限制 - INFO - 进入个人信息编辑页
2020-08-31 20:23:11,242 - 测试“昵称”输入个数限制 - INFO - 昵称输入“11”位数
2020-08-31 20:23:11,438 - 测试“昵称”输入个数限制 - INFO - 验证实际输入个数
2020-08-31 20:23:12,997 - 测试“昵称”输入个数限制 - INFO - 位数限制正常
2020-08-31 20:23:18,713 - 测试“真实名字”输入个数限制 - INFO - 登录账号
2020-08-31 20:23:23,028 - 测试“真实名字”输入个数限制 - INFO - 进入个人信息编辑页
2020-08-31 20:23:25,271 - 测试“真实名字”输入个数限制 - INFO - 真实名字输入“11”位数
2020-08-31 20:23:25,490 - 测试“真实名字”输入个数限制 - INFO - 验证实际输入个数
2020-08-31 20:23:27,050 - 测试“真实名字”输入个数限制 - INFO - 位数限制正常
2020-08-31 20:23:32,692 - 测试“公司名”输入个数限制 - INFO - 登录账号
2020-08-31 20:23:37,029 - 测试“公司名”输入个数限制 - INFO - 进入个人信息编辑页
2020-08-31 20:23:39,236 - 测试“公司名”输入个数限制 - INFO - 公司名输入“17”位数
2020-08-31 20:23:39,456 - 测试“公司名”输入个数限制 - INFO - 验证实际输入个数
2020-08-31 20:23:41,013 - 测试“公司名”输入个数限制 - INFO - 公司名没有位数限制
2020-08-31 20:23:47,210 - 测试“所属部门”输入个数限制 - INFO - 登录账号
2020-08-31 20:23:51,653 - 测试“所属部门”输入个数限制 - INFO - 进入个人信息编辑页
2020-08-31 20:23:53,868 - 测试“所属部门”输入个数限制 - INFO - 所属部门输入“21”位数
2020-08-31 20:23:54,137 - 测试“所属部门”输入个数限制 - INFO - 验证实际输入个数
2020-08-31 20:23:55,695 - 测试“所属部门”输入个数限制 - INFO - 所属部门没有位数限制
