2020-07-13 16:15:27,963 - 错误账号登录 - INFO - 打开浏览器
2020-07-13 16:15:29,413 - 错误账号登录 - INFO - 输入账号
2020-07-13 16:15:30,685 - 错误账号登录 - INFO - 输入密码
2020-07-13 16:15:34,282 - 错误账号登录 - INFO - 点击登录
2020-07-13 16:15:44,705 - 错误账号登录 - INFO - 打开浏览器
2020-07-13 16:15:44,705 - 错误账号登录 - INFO - 打开浏览器
2020-07-13 16:15:45,802 - 错误账号登录 - INFO - 输入账号
2020-07-13 16:15:45,802 - 错误账号登录 - INFO - 输入账号
2020-07-13 16:15:47,029 - 错误账号登录 - INFO - 输入密码
2020-07-13 16:15:47,029 - 错误账号登录 - INFO - 输入密码
2020-07-13 16:15:50,171 - 错误账号登录 - INFO - 点击登录
2020-07-13 16:15:50,171 - 错误账号登录 - INFO - 点击登录
2020-07-13 16:16:01,314 - 正常登录 - INFO - 打开浏览器
2020-07-13 16:16:02,719 - 正常登录 - INFO - 输入账号
2020-07-13 16:16:03,881 - 正常登录 - INFO - 输入密码
2020-07-13 16:16:08,241 - 正常登录 - INFO - 点击登录
2020-07-13 16:16:18,955 - 错误账号登录 - INFO - 打开浏览器
2020-07-13 16:16:18,955 - 错误账号登录 - INFO - 打开浏览器
2020-07-13 16:16:20,061 - 错误账号登录 - INFO - 输入账号
2020-07-13 16:16:20,061 - 错误账号登录 - INFO - 输入账号
2020-07-13 16:16:21,337 - 错误账号登录 - INFO - 输入密码
2020-07-13 16:16:21,337 - 错误账号登录 - INFO - 输入密码
2020-07-13 16:16:25,596 - 错误账号登录 - INFO - 点击登录
2020-07-13 16:16:25,596 - 错误账号登录 - INFO - 点击登录
2020-07-13 16:16:35,436 - 错误账号登录 - INFO - 打开浏览器
2020-07-13 16:16:35,436 - 错误账号登录 - INFO - 打开浏览器
2020-07-13 16:16:36,685 - 错误账号登录 - INFO - 输入账号
2020-07-13 16:16:36,685 - 错误账号登录 - INFO - 输入账号
2020-07-13 16:16:37,881 - 错误账号登录 - INFO - 输入密码
2020-07-13 16:16:37,881 - 错误账号登录 - INFO - 输入密码
2020-07-13 16:16:42,024 - 错误账号登录 - INFO - 点击登录
2020-07-13 16:16:42,024 - 错误账号登录 - INFO - 点击登录
