2020-09-09 18:22:09,451 - 测试选择“银行/保险/信托/期货等金融机构” - INFO - 登录账号
2020-09-09 18:22:13,640 - 测试选择“银行/保险/信托/期货等金融机构” - INFO - 进入个人信息编辑页
2020-09-09 18:22:15,841 - 测试选择“银行/保险/信托/期货等金融机构” - INFO - 职业选择“银行/保险/信托/期货等金融机构”
2020-09-09 18:22:17,555 - 测试选择“银行/保险/信托/期货等金融机构” - INFO - 验证
2020-09-09 18:22:17,555 - 测试选择“银行/保险/信托/期货等金融机构” - INFO - 验证结果
2020-09-09 18:22:19,109 - 测试选择“银行/保险/信托/期货等金融机构” - INFO - 正常
2020-09-09 18:22:25,493 - 测试保存选择“银行/保险/信托/期货等金融机构” - INFO - 登录账号
2020-09-09 18:22:29,712 - 测试保存选择“银行/保险/信托/期货等金融机构” - INFO - 进入个人信息编辑页
2020-09-09 18:22:31,921 - 测试保存选择“银行/保险/信托/期货等金融机构” - INFO - 职业选择“银行/保险/信托/期货等金融机构”
2020-09-09 18:22:33,605 - 测试保存选择“银行/保险/信托/期货等金融机构” - INFO - 保存
2020-09-09 18:22:33,606 - 测试保存选择“银行/保险/信托/期货等金融机构” - INFO - 点保存
2020-09-09 18:22:35,170 - 测试保存选择“银行/保险/信托/期货等金融机构” - INFO - 正常
2020-09-09 18:22:41,734 - 测试选择“基金公司” - INFO - 登录账号
2020-09-09 18:22:45,911 - 测试选择“基金公司” - INFO - 进入个人信息编辑页
2020-09-09 18:22:48,201 - 测试选择“基金公司” - INFO - 职业选择“基金公司”
2020-09-09 18:22:49,909 - 测试选择“基金公司” - INFO - 验证
2020-09-09 18:22:49,909 - 测试选择“基金公司” - INFO - 验证结果
2020-09-09 18:22:51,464 - 测试选择“基金公司” - INFO - 正常
2020-09-09 18:22:58,032 - 测试保存选择“基金公司” - INFO - 登录账号
2020-09-09 18:23:02,348 - 测试保存选择“基金公司” - INFO - 进入个人信息编辑页
2020-09-09 18:23:04,557 - 测试保存选择“基金公司” - INFO - 职业选择“基金公司”
2020-09-09 18:23:06,236 - 测试保存选择“基金公司” - INFO - 保存
2020-09-09 18:23:06,236 - 测试保存选择“基金公司” - INFO - 点保存
2020-09-09 18:23:07,805 - 测试保存选择“基金公司” - INFO - 正常
