2020-08-22 14:53:04,566 - 测试真实姓名输入特殊字符时 - INFO - 登录账号
2020-08-22 14:53:09,063 - 测试真实姓名输入特殊字符时 - INFO - 进入个人信息编辑页
2020-08-22 14:53:11,288 - 测试真实姓名输入特殊字符时 - INFO - 真实姓名输入@
2020-08-22 14:53:11,421 - 测试真实姓名输入特殊字符时 - INFO - 验证结果
2020-08-22 14:53:12,462 - 测试真实姓名输入特殊字符时 - INFO - 正常
2020-08-22 14:53:19,047 - 测试真实姓名输入特殊字符点保存时 - INFO - 登录账号
2020-08-22 14:53:23,333 - 测试真实姓名输入特殊字符点保存时 - INFO - 进入个人信息编辑页
2020-08-22 14:53:25,744 - 测试真实姓名输入特殊字符点保存时 - INFO - 真实姓名输入@
2020-08-22 14:53:25,897 - 测试真实姓名输入特殊字符点保存时 - INFO - 点保存
2020-08-22 14:53:25,973 - 测试真实姓名输入特殊字符点保存时 - INFO - 验证结果
2020-08-22 14:53:27,008 - 测试真实姓名输入特殊字符点保存时 - INFO - 保存交互正常
2020-08-22 14:53:28,077 - 测试真实姓名输入特殊字符点保存时 - INFO - 保存数据正常
2020-08-22 14:53:33,607 - 测试真实姓名输入整数时 - INFO - 登录账号
2020-08-22 14:53:37,915 - 测试真实姓名输入整数时 - INFO - 进入个人信息编辑页
2020-08-22 14:53:40,128 - 测试真实姓名输入整数时 - INFO - 真实姓名输入12312
2020-08-22 14:53:40,289 - 测试真实姓名输入整数时 - INFO - 验证结果
2020-08-22 14:53:41,327 - 测试真实姓名输入整数时 - INFO - 正常
2020-08-22 14:53:46,952 - 测试真实姓名输入整数点保存时 - INFO - 登录账号
2020-08-22 14:53:51,975 - 测试真实姓名输入整数点保存时 - INFO - 进入个人信息编辑页
2020-08-22 14:53:54,277 - 测试真实姓名输入整数点保存时 - INFO - 真实姓名输入12312
2020-08-22 14:53:54,526 - 测试真实姓名输入整数点保存时 - INFO - 点保存
2020-08-22 14:53:54,623 - 测试真实姓名输入整数点保存时 - INFO - 验证结果
2020-08-22 14:53:55,663 - 测试真实姓名输入整数点保存时 - INFO - 保存交互正常
2020-08-22 14:53:56,710 - 测试真实姓名输入整数点保存时 - INFO - 保存数据正常
