2020-09-02 11:03:13,176 - 测试【联系地址】输入框位数限制 - INFO - 登录【邮箱】账号
2020-09-02 11:03:17,481 - 测试【联系地址】输入框位数限制 - INFO - 进入意见反馈页
2020-09-02 11:03:18,612 - 测试【联系地址】输入框位数限制 - INFO - 【联系地址】输入【51】位数
2020-09-02 11:03:20,958 - 测试【联系地址】输入框位数限制 - INFO - 验证提示
2020-09-02 11:03:21,442 - 测试【联系地址】输入框位数限制 - INFO - 提示验证成功
2020-09-02 11:03:21,442 - 测试【联系地址】输入框位数限制 - INFO - 验证数据
2020-09-02 11:03:21,460 - 测试【联系地址】输入框位数限制 - INFO - 数据验证成功
2020-09-02 11:03:26,980 - 测试【其他1】输入框位数限制 - INFO - 登录【邮箱】账号
2020-09-02 11:03:31,476 - 测试【其他1】输入框位数限制 - INFO - 进入意见反馈页
2020-09-02 11:03:32,606 - 测试【其他1】输入框位数限制 - INFO - 【其他1】输入【301】位数
2020-09-02 11:03:43,200 - 测试【其他1】输入框位数限制 - INFO - 验证提示
2020-09-02 11:03:43,674 - 测试【其他1】输入框位数限制 - INFO - 提示验证成功
2020-09-02 11:03:43,674 - 测试【其他1】输入框位数限制 - INFO - 验证数据
2020-09-02 11:03:43,690 - 测试【其他1】输入框位数限制 - INFO - 数据验证成功
2020-09-02 11:03:50,310 - 测试【其他1】输入框位数限制 - INFO - 登录【邮箱】账号
2020-09-02 11:03:50,310 - 测试【其他1】输入框位数限制 - INFO - 登录【邮箱】账号
2020-09-02 11:03:54,707 - 测试【其他1】输入框位数限制 - INFO - 进入意见反馈页
2020-09-02 11:03:54,707 - 测试【其他1】输入框位数限制 - INFO - 进入意见反馈页
2020-09-02 11:03:55,820 - 测试【其他1】输入框位数限制 - INFO - 【其他1】输入【301】位数
2020-09-02 11:03:55,820 - 测试【其他1】输入框位数限制 - INFO - 【其他1】输入【301】位数
2020-09-02 11:04:06,454 - 测试【其他1】输入框位数限制 - INFO - 验证提示
2020-09-02 11:04:06,454 - 测试【其他1】输入框位数限制 - INFO - 验证提示
2020-09-02 11:04:06,928 - 测试【其他1】输入框位数限制 - INFO - 提示验证成功
2020-09-02 11:04:06,928 - 测试【其他1】输入框位数限制 - INFO - 提示验证成功
2020-09-02 11:04:06,928 - 测试【其他1】输入框位数限制 - INFO - 验证数据
2020-09-02 11:04:06,928 - 测试【其他1】输入框位数限制 - INFO - 验证数据
2020-09-02 11:04:06,944 - 测试【其他1】输入框位数限制 - INFO - 数据验证成功
2020-09-02 11:04:06,944 - 测试【其他1】输入框位数限制 - INFO - 数据验证成功
