2020-09-03 10:25:10,466 - 测试【邮箱账号】有必填项单选入【经营指标】保存 - INFO - 使用【邮箱】登录
2020-09-03 10:25:15,356 - 测试【邮箱账号】有必填项单选入【经营指标】保存 - INFO - 进入意见页面
2020-09-03 10:25:17,128 - 测试【邮箱账号】有必填项单选入【经营指标】保存 - INFO - 输入必填项【哇哇哇】
2020-09-03 10:25:20,619 - 测试【邮箱账号】有必填项单选入【经营指标】保存 - INFO - 勾选【经营指标】
2020-09-03 10:25:25,709 - 测试【邮箱账号】有必填项单选入【经营指标】保存 - INFO - 点击保存
2020-09-03 10:25:25,832 - 测试【邮箱账号】有必填项单选入【经营指标】保存 - INFO - 验证提示
2020-09-03 10:25:26,518 - 测试【邮箱账号】有必填项单选入【经营指标】保存 - INFO - 提示验证成功
2020-09-03 10:25:26,518 - 测试【邮箱账号】有必填项单选入【经营指标】保存 - INFO - 验证数据
2020-09-03 10:25:26,646 - 测试【邮箱账号】有必填项单选入【经营指标】保存 - INFO - 数据验证成功
2020-09-03 10:25:34,197 - 测试【邮箱账号】有必填项单选入【发行指标】保存 - INFO - 使用【邮箱】登录
2020-09-03 10:25:38,652 - 测试【邮箱账号】有必填项单选入【发行指标】保存 - INFO - 进入意见页面
2020-09-03 10:25:40,402 - 测试【邮箱账号】有必填项单选入【发行指标】保存 - INFO - 输入必填项【哇哇哇】
2020-09-03 10:25:43,414 - 测试【邮箱账号】有必填项单选入【发行指标】保存 - INFO - 勾选【发行指标】
2020-09-03 10:25:48,492 - 测试【邮箱账号】有必填项单选入【发行指标】保存 - INFO - 点击保存
2020-09-03 10:25:48,597 - 测试【邮箱账号】有必填项单选入【发行指标】保存 - INFO - 验证提示
2020-09-03 10:25:49,517 - 测试【邮箱账号】有必填项单选入【发行指标】保存 - INFO - 提示验证成功
2020-09-03 10:25:49,517 - 测试【邮箱账号】有必填项单选入【发行指标】保存 - INFO - 验证数据
2020-09-03 10:25:49,632 - 测试【邮箱账号】有必填项单选入【发行指标】保存 - INFO - 数据验证成功
2020-09-03 10:25:56,660 - 测试【邮箱账号】有必填项单选入【科目勾稽关系】保存 - INFO - 使用【邮箱】登录
2020-09-03 10:26:01,314 - 测试【邮箱账号】有必填项单选入【科目勾稽关系】保存 - INFO - 进入意见页面
2020-09-03 10:26:02,938 - 测试【邮箱账号】有必填项单选入【科目勾稽关系】保存 - INFO - 输入必填项【哇哇哇】
2020-09-03 10:26:05,936 - 测试【邮箱账号】有必填项单选入【科目勾稽关系】保存 - INFO - 勾选【科目勾稽关系】
2020-09-03 10:26:11,006 - 测试【邮箱账号】有必填项单选入【科目勾稽关系】保存 - INFO - 点击保存
2020-09-03 10:26:11,103 - 测试【邮箱账号】有必填项单选入【科目勾稽关系】保存 - INFO - 验证提示
2020-09-03 10:26:11,725 - 测试【邮箱账号】有必填项单选入【科目勾稽关系】保存 - INFO - 提示验证成功
2020-09-03 10:26:11,726 - 测试【邮箱账号】有必填项单选入【科目勾稽关系】保存 - INFO - 验证数据
2020-09-03 10:26:11,862 - 测试【邮箱账号】有必填项单选入【科目勾稽关系】保存 - INFO - 数据验证成功
