2020-09-09 18:21:04,271 - 测试“职业名称”输入个数限制 - INFO - 登录账号
2020-09-09 18:21:08,425 - 测试“职业名称”输入个数限制 - INFO - 进入个人信息编辑页
2020-09-09 18:21:10,731 - 测试“职业名称”输入个数限制 - INFO - 职业名称输入“11”位数
2020-09-09 18:21:10,960 - 测试“职业名称”输入个数限制 - INFO - 验证实际输入个数
2020-09-09 18:21:12,521 - 测试“职业名称”输入个数限制 - INFO - 位数限制正常
2020-09-09 18:21:18,949 - 测试性别选择为男时 - INFO - 登录账号
2020-09-09 18:21:23,150 - 测试性别选择为男时 - INFO - 进入个人信息编辑页
2020-09-09 18:21:25,382 - 测试性别选择为男时 - INFO - 选择男
2020-09-09 18:21:25,623 - 测试性别选择为男时 - INFO - 点保存
2020-09-09 18:21:25,730 - 测试性别选择为男时 - INFO - 验证结果
2020-09-09 18:21:26,781 - 测试性别选择为男时 - INFO - 保存交互正常
2020-09-09 18:21:30,010 - 测试性别选择为男时 - INFO - 保存数据正常
2020-09-09 18:21:36,128 - 测试性别选择为女时 - INFO - 登录账号
2020-09-09 18:21:40,419 - 测试性别选择为女时 - INFO - 进入个人信息编辑页
2020-09-09 18:21:42,660 - 测试性别选择为女时 - INFO - 选择女
2020-09-09 18:21:42,900 - 测试性别选择为女时 - INFO - 点保存
2020-09-09 18:21:42,999 - 测试性别选择为女时 - INFO - 验证结果
2020-09-09 18:21:44,047 - 测试性别选择为女时 - INFO - 保存交互正常
2020-09-09 18:21:47,208 - 测试性别选择为女时 - INFO - 保存数据正常
2020-09-09 18:21:53,382 - 测试保存选择“拟上市及拟挂牌企业” - INFO - 登录账号
2020-09-09 18:21:57,571 - 测试保存选择“拟上市及拟挂牌企业” - INFO - 进入个人信息编辑页
2020-09-09 18:21:59,790 - 测试保存选择“拟上市及拟挂牌企业” - INFO - 职业选择“拟上市及拟挂牌企业”
2020-09-09 18:22:01,537 - 测试保存选择“拟上市及拟挂牌企业” - INFO - 保存
2020-09-09 18:22:01,537 - 测试保存选择“拟上市及拟挂牌企业” - INFO - 点保存
2020-09-09 18:22:03,079 - 测试保存选择“拟上市及拟挂牌企业” - INFO - 正常
