2020-09-07 17:32:18,824 - name - INFO - 登录账号
2020-09-07 17:32:26,190 - name - INFO - 进入积分充值页
2020-09-07 17:32:28,122 - name - INFO - 金额输入框输入1
2020-09-07 17:32:30,209 - name - INFO - 公司地址输入“51”位数
2020-09-07 17:32:32,925 - name - INFO - 验证实际输入个数
2020-09-07 17:32:32,937 - name - INFO - 位数限制正确
2020-09-07 17:32:40,483 - name - INFO - 登录账号
2020-09-07 17:32:40,483 - name - INFO - 登录账号
2020-09-07 17:32:45,883 - name - INFO - 进入积分充值页
2020-09-07 17:32:45,883 - name - INFO - 进入积分充值页
2020-09-07 17:32:47,331 - name - INFO - 金额输入框输入1
2020-09-07 17:32:47,331 - name - INFO - 金额输入框输入1
2020-09-07 17:32:49,429 - name - INFO - 开户银行输入“31”位数
2020-09-07 17:32:49,429 - name - INFO - 开户银行输入“31”位数
2020-09-07 17:32:52,023 - name - INFO - 验证实际输入个数
2020-09-07 17:32:52,023 - name - INFO - 验证实际输入个数
2020-09-07 17:32:52,038 - name - INFO - 位数限制正确
2020-09-07 17:32:52,038 - name - INFO - 位数限制正确
2020-09-07 17:32:58,843 - name - INFO - 登录账号
2020-09-07 17:32:58,843 - name - INFO - 登录账号
2020-09-07 17:32:58,843 - name - INFO - 登录账号
2020-09-07 17:33:06,449 - name - INFO - 进入积分充值页
2020-09-07 17:33:06,449 - name - INFO - 进入积分充值页
2020-09-07 17:33:06,449 - name - INFO - 进入积分充值页
2020-09-07 17:33:07,769 - name - INFO - 金额输入框输入1
2020-09-07 17:33:07,769 - name - INFO - 金额输入框输入1
2020-09-07 17:33:07,769 - name - INFO - 金额输入框输入1
2020-09-07 17:33:09,855 - name - INFO - 账户输入“21”位数
2020-09-07 17:33:09,855 - name - INFO - 账户输入“21”位数
2020-09-07 17:33:09,855 - name - INFO - 账户输入“21”位数
2020-09-07 17:33:12,291 - name - INFO - 验证实际输入个数
2020-09-07 17:33:12,291 - name - INFO - 验证实际输入个数
2020-09-07 17:33:12,291 - name - INFO - 验证实际输入个数
2020-09-07 17:33:12,305 - name - INFO - 位数限制正确
2020-09-07 17:33:12,305 - name - INFO - 位数限制正确
2020-09-07 17:33:12,305 - name - INFO - 位数限制正确
2020-09-07 17:33:18,657 - name - INFO - 登录账号
2020-09-07 17:33:18,657 - name - INFO - 登录账号
2020-09-07 17:33:18,657 - name - INFO - 登录账号
2020-09-07 17:33:23,493 - name - INFO - 进入积分充值页
2020-09-07 17:33:23,493 - name - INFO - 进入积分充值页
2020-09-07 17:33:23,493 - name - INFO - 进入积分充值页
2020-09-07 17:33:24,915 - name - INFO - 金额输入框输入1
2020-09-07 17:33:24,915 - name - INFO - 金额输入框输入1
2020-09-07 17:33:24,915 - name - INFO - 金额输入框输入1
2020-09-07 17:33:27,002 - name - INFO - 邮寄地址输入“61”位数
2020-09-07 17:33:27,002 - name - INFO - 邮寄地址输入“61”位数
2020-09-07 17:33:27,002 - name - INFO - 邮寄地址输入“61”位数
2020-09-07 17:33:29,940 - name - INFO - 验证实际输入个数
2020-09-07 17:33:29,940 - name - INFO - 验证实际输入个数
2020-09-07 17:33:29,940 - name - INFO - 验证实际输入个数
2020-09-07 17:33:29,954 - name - INFO - 位数限制正确
2020-09-07 17:33:29,954 - name - INFO - 位数限制正确
2020-09-07 17:33:29,954 - name - INFO - 位数限制正确
2020-09-07 17:33:36,661 - name - INFO - 登录账号
2020-09-07 17:33:36,661 - name - INFO - 登录账号
2020-09-07 17:33:36,661 - name - INFO - 登录账号
2020-09-07 17:33:41,705 - name - INFO - 进入积分充值页
2020-09-07 17:33:41,705 - name - INFO - 进入积分充值页
2020-09-07 17:33:41,705 - name - INFO - 进入积分充值页
2020-09-07 17:33:43,732 - name - INFO - 金额输入框输入1
2020-09-07 17:33:43,732 - name - INFO - 金额输入框输入1
2020-09-07 17:33:43,732 - name - INFO - 金额输入框输入1
2020-09-07 17:33:45,819 - name - INFO - 邮政编码输入“7”位数
2020-09-07 17:33:45,819 - name - INFO - 邮政编码输入“7”位数
2020-09-07 17:33:45,819 - name - INFO - 邮政编码输入“7”位数
2020-09-07 17:33:48,226 - name - INFO - 验证实际输入个数
2020-09-07 17:33:48,226 - name - INFO - 验证实际输入个数
2020-09-07 17:33:48,226 - name - INFO - 验证实际输入个数
2020-09-07 17:33:48,239 - name - INFO - 位数限制正确
2020-09-07 17:33:48,239 - name - INFO - 位数限制正确
2020-09-07 17:33:48,239 - name - INFO - 位数限制正确
2020-09-07 17:33:55,499 - name - INFO - 登录账号
2020-09-07 17:33:55,499 - name - INFO - 登录账号
2020-09-07 17:33:55,499 - name - INFO - 登录账号
2020-09-07 17:34:01,240 - name - INFO - 进入积分充值页
2020-09-07 17:34:01,240 - name - INFO - 进入积分充值页
2020-09-07 17:34:01,240 - name - INFO - 进入积分充值页
2020-09-07 17:34:03,339 - name - INFO - 金额输入框输入1
2020-09-07 17:34:03,339 - name - INFO - 金额输入框输入1
2020-09-07 17:34:03,339 - name - INFO - 金额输入框输入1
2020-09-07 17:34:05,429 - name - INFO - 联系人输入“11”位数
2020-09-07 17:34:05,429 - name - INFO - 联系人输入“11”位数
2020-09-07 17:34:05,429 - name - INFO - 联系人输入“11”位数
2020-09-07 17:34:07,848 - name - INFO - 验证实际输入个数
2020-09-07 17:34:07,848 - name - INFO - 验证实际输入个数
2020-09-07 17:34:07,848 - name - INFO - 验证实际输入个数
2020-09-07 17:34:07,860 - name - INFO - 位数限制正确
2020-09-07 17:34:07,860 - name - INFO - 位数限制正确
2020-09-07 17:34:07,860 - name - INFO - 位数限制正确
2020-09-07 17:34:15,880 - name - INFO - 登录账号
2020-09-07 17:34:15,880 - name - INFO - 登录账号
2020-09-07 17:34:15,880 - name - INFO - 登录账号
2020-09-07 17:34:21,460 - name - INFO - 进入积分充值页
2020-09-07 17:34:21,460 - name - INFO - 进入积分充值页
2020-09-07 17:34:21,460 - name - INFO - 进入积分充值页
2020-09-07 17:34:23,216 - name - INFO - 金额输入框输入1
2020-09-07 17:34:23,216 - name - INFO - 金额输入框输入1
2020-09-07 17:34:23,216 - name - INFO - 金额输入框输入1
2020-09-07 17:34:25,322 - name - INFO - 手机号输入“12”位数
2020-09-07 17:34:25,322 - name - INFO - 手机号输入“12”位数
2020-09-07 17:34:25,322 - name - INFO - 手机号输入“12”位数
2020-09-07 17:34:27,883 - name - INFO - 验证实际输入个数
2020-09-07 17:34:27,883 - name - INFO - 验证实际输入个数
2020-09-07 17:34:27,883 - name - INFO - 验证实际输入个数
2020-09-07 17:34:27,899 - name - INFO - 位数限制正确
2020-09-07 17:34:27,899 - name - INFO - 位数限制正确
2020-09-07 17:34:27,899 - name - INFO - 位数限制正确
