2020-09-02 12:52:09,402 - 测试【其他1】输入框位数限制 - INFO - 登录【手机】账号
2020-09-02 12:52:13,781 - 测试【其他1】输入框位数限制 - INFO - 进入意见反馈页
2020-09-02 12:52:15,398 - 测试【其他1】输入框位数限制 - INFO - 【其他1】输入【301】位数
2020-09-02 12:52:27,324 - 测试【其他1】输入框位数限制 - INFO - 验证提示
2020-09-02 12:52:27,804 - 测试【其他1】输入框位数限制 - INFO - 提示验证成功
2020-09-02 12:52:27,804 - 测试【其他1】输入框位数限制 - INFO - 验证数据
2020-09-02 12:52:27,819 - 测试【其他1】输入框位数限制 - INFO - 数据验证成功
2020-09-02 12:52:34,938 - 测试【其他1】输入框位数限制 - INFO - 登录【手机】账号
2020-09-02 12:52:34,938 - 测试【其他1】输入框位数限制 - INFO - 登录【手机】账号
2020-09-02 12:52:39,944 - 测试【其他1】输入框位数限制 - INFO - 进入意见反馈页
2020-09-02 12:52:39,944 - 测试【其他1】输入框位数限制 - INFO - 进入意见反馈页
2020-09-02 12:52:41,772 - 测试【其他1】输入框位数限制 - INFO - 【其他1】输入【301】位数
2020-09-02 12:52:41,772 - 测试【其他1】输入框位数限制 - INFO - 【其他1】输入【301】位数
2020-09-02 12:52:53,185 - 测试【其他1】输入框位数限制 - INFO - 验证提示
2020-09-02 12:52:53,185 - 测试【其他1】输入框位数限制 - INFO - 验证提示
2020-09-02 12:52:53,629 - 测试【其他1】输入框位数限制 - INFO - 提示验证成功
2020-09-02 12:52:53,629 - 测试【其他1】输入框位数限制 - INFO - 提示验证成功
2020-09-02 12:52:53,629 - 测试【其他1】输入框位数限制 - INFO - 验证数据
2020-09-02 12:52:53,629 - 测试【其他1】输入框位数限制 - INFO - 验证数据
2020-09-02 12:52:53,645 - 测试【其他1】输入框位数限制 - INFO - 数据验证成功
2020-09-02 12:52:53,645 - 测试【其他1】输入框位数限制 - INFO - 数据验证成功
