2020-09-09 18:15:07,669 - 测试真实姓名输入如框为空点保存时 - INFO - 登录账号
2020-09-09 18:15:12,118 - 测试真实姓名输入如框为空点保存时 - INFO - 进入个人信息编辑页
2020-09-09 18:15:14,384 - 测试真实姓名输入如框为空点保存时 - INFO - 真实姓名输入【空】
2020-09-09 18:15:14,962 - 测试真实姓名输入如框为空点保存时 - INFO - 输入内容
2020-09-09 18:15:14,963 - 测试真实姓名输入如框为空点保存时 - INFO - 点保存
2020-09-09 18:15:15,066 - 测试真实姓名输入如框为空点保存时 - INFO - 验证结果
2020-09-09 18:15:16,112 - 测试真实姓名输入如框为空点保存时 - INFO - 保存交互正常
2020-09-09 18:15:17,677 - 测试真实姓名输入如框为空点保存时 - INFO - 保存数据正常
2020-09-09 18:15:24,786 - 测试真实姓名输入特殊字符时 - INFO - 登录账号
2020-09-09 18:15:29,290 - 测试真实姓名输入特殊字符时 - INFO - 进入个人信息编辑页
2020-09-09 18:15:31,532 - 测试真实姓名输入特殊字符时 - INFO - 真实姓名输入@
2020-09-09 18:15:31,653 - 测试真实姓名输入特殊字符时 - INFO - 输入内容@
2020-09-09 18:15:31,654 - 测试真实姓名输入特殊字符时 - INFO - 验证结果
2020-09-09 18:15:32,706 - 测试真实姓名输入特殊字符时 - INFO - 正常
2020-09-09 18:15:39,191 - 测试真实姓名输入特殊字符点保存时 - INFO - 登录账号
2020-09-09 18:15:43,496 - 测试真实姓名输入特殊字符点保存时 - INFO - 进入个人信息编辑页
2020-09-09 18:15:45,769 - 测试真实姓名输入特殊字符点保存时 - INFO - 真实姓名输入@
2020-09-09 18:15:45,931 - 测试真实姓名输入特殊字符点保存时 - INFO - 输入内容@
2020-09-09 18:15:45,932 - 测试真实姓名输入特殊字符点保存时 - INFO - 点保存
2020-09-09 18:15:46,032 - 测试真实姓名输入特殊字符点保存时 - INFO - 验证结果
2020-09-09 18:15:47,080 - 测试真实姓名输入特殊字符点保存时 - INFO - 保存交互正常
2020-09-09 18:15:48,639 - 测试真实姓名输入特殊字符点保存时 - INFO - 保存数据正常
2020-09-09 18:15:55,219 - 测试真实姓名输入整数时 - INFO - 登录账号
2020-09-09 18:15:59,552 - 测试真实姓名输入整数时 - INFO - 进入个人信息编辑页
2020-09-09 18:16:01,757 - 测试真实姓名输入整数时 - INFO - 真实姓名输入12312
2020-09-09 18:16:01,924 - 测试真实姓名输入整数时 - INFO - 输入内容12312
2020-09-09 18:16:01,925 - 测试真实姓名输入整数时 - INFO - 验证结果
2020-09-09 18:16:02,971 - 测试真实姓名输入整数时 - INFO - 正常
