2020-09-03 10:22:06,835 - 测试【邮箱账号】有必填项单选入【保荐书】保存 - INFO - 使用【邮箱】登录
2020-09-03 10:22:11,686 - 测试【邮箱账号】有必填项单选入【保荐书】保存 - INFO - 进入意见页面
2020-09-03 10:22:13,317 - 测试【邮箱账号】有必填项单选入【保荐书】保存 - INFO - 输入必填项【哇哇哇】
2020-09-03 10:22:16,305 - 测试【邮箱账号】有必填项单选入【保荐书】保存 - INFO - 勾选【保荐书】
2020-09-03 10:22:21,418 - 测试【邮箱账号】有必填项单选入【保荐书】保存 - INFO - 点击保存
2020-09-03 10:22:21,513 - 测试【邮箱账号】有必填项单选入【保荐书】保存 - INFO - 验证提示
2020-09-03 10:22:22,102 - 测试【邮箱账号】有必填项单选入【保荐书】保存 - INFO - 提示验证成功
2020-09-03 10:22:22,103 - 测试【邮箱账号】有必填项单选入【保荐书】保存 - INFO - 验证数据
2020-09-03 10:22:22,251 - 测试【邮箱账号】有必填项单选入【保荐书】保存 - INFO - 数据验证成功
2020-09-03 10:22:29,793 - 测试【邮箱账号】有必填项单选入【法律意见书】保存 - INFO - 使用【邮箱】登录
2020-09-03 10:22:34,379 - 测试【邮箱账号】有必填项单选入【法律意见书】保存 - INFO - 进入意见页面
2020-09-03 10:22:36,186 - 测试【邮箱账号】有必填项单选入【法律意见书】保存 - INFO - 输入必填项【哇哇哇】
2020-09-03 10:22:39,794 - 测试【邮箱账号】有必填项单选入【法律意见书】保存 - INFO - 勾选【法律意见书】
2020-09-03 10:22:44,899 - 测试【邮箱账号】有必填项单选入【法律意见书】保存 - INFO - 点击保存
2020-09-03 10:22:44,997 - 测试【邮箱账号】有必填项单选入【法律意见书】保存 - INFO - 验证提示
2020-09-03 10:22:45,615 - 测试【邮箱账号】有必填项单选入【法律意见书】保存 - INFO - 提示验证成功
2020-09-03 10:22:45,615 - 测试【邮箱账号】有必填项单选入【法律意见书】保存 - INFO - 验证数据
2020-09-03 10:22:45,733 - 测试【邮箱账号】有必填项单选入【法律意见书】保存 - INFO - 数据验证成功
2020-09-03 10:22:52,933 - 测试【邮箱账号】有必填项单选入【固收报告】保存 - INFO - 使用【邮箱】登录
2020-09-03 10:22:57,634 - 测试【邮箱账号】有必填项单选入【固收报告】保存 - INFO - 进入意见页面
2020-09-03 10:22:59,401 - 测试【邮箱账号】有必填项单选入【固收报告】保存 - INFO - 输入必填项【哇哇哇】
2020-09-03 10:23:02,512 - 测试【邮箱账号】有必填项单选入【固收报告】保存 - INFO - 勾选【固收报告】
2020-09-03 10:23:07,585 - 测试【邮箱账号】有必填项单选入【固收报告】保存 - INFO - 点击保存
2020-09-03 10:23:07,679 - 测试【邮箱账号】有必填项单选入【固收报告】保存 - INFO - 验证提示
2020-09-03 10:23:08,549 - 测试【邮箱账号】有必填项单选入【固收报告】保存 - INFO - 提示验证成功
2020-09-03 10:23:08,549 - 测试【邮箱账号】有必填项单选入【固收报告】保存 - INFO - 验证数据
2020-09-03 10:23:08,660 - 测试【邮箱账号】有必填项单选入【固收报告】保存 - INFO - 数据验证成功
2020-09-03 10:27:04,815 - 测试【邮箱账号】有必填项单选入【固收报告】保存 - INFO - 使用【邮箱】登录
2020-09-03 10:27:09,887 - 测试【邮箱账号】有必填项单选入【固收报告】保存 - INFO - 进入意见页面
2020-09-03 10:27:11,566 - 测试【邮箱账号】有必填项单选入【固收报告】保存 - INFO - 输入必填项【哇哇哇】
2020-09-03 10:27:14,008 - 测试【邮箱账号】有必填项单选入【固收报告】保存 - INFO - 勾选【固收报告】
2020-09-03 10:27:19,082 - 测试【邮箱账号】有必填项单选入【固收报告】保存 - INFO - 点击保存
2020-09-03 10:27:19,187 - 测试【邮箱账号】有必填项单选入【固收报告】保存 - INFO - 验证提示
2020-09-03 10:27:19,948 - 测试【邮箱账号】有必填项单选入【固收报告】保存 - INFO - 提示验证成功
2020-09-03 10:27:19,949 - 测试【邮箱账号】有必填项单选入【固收报告】保存 - INFO - 验证数据
2020-09-03 10:27:20,062 - 测试【邮箱账号】有必填项单选入【固收报告】保存 - INFO - 数据验证成功
