2020-09-03 10:23:15,978 - 测试【邮箱账号】有必填项单选入【行研报告】保存 - INFO - 使用【邮箱】登录
2020-09-03 10:23:20,967 - 测试【邮箱账号】有必填项单选入【行研报告】保存 - INFO - 进入意见页面
2020-09-03 10:23:22,583 - 测试【邮箱账号】有必填项单选入【行研报告】保存 - INFO - 输入必填项【哇哇哇】
2020-09-03 10:23:25,063 - 测试【邮箱账号】有必填项单选入【行研报告】保存 - INFO - 勾选【行研报告】
2020-09-03 10:23:30,140 - 测试【邮箱账号】有必填项单选入【行研报告】保存 - INFO - 点击保存
2020-09-03 10:23:30,234 - 测试【邮箱账号】有必填项单选入【行研报告】保存 - INFO - 验证提示
2020-09-03 10:23:30,860 - 测试【邮箱账号】有必填项单选入【行研报告】保存 - INFO - 提示验证成功
2020-09-03 10:23:30,860 - 测试【邮箱账号】有必填项单选入【行研报告】保存 - INFO - 验证数据
2020-09-03 10:23:30,980 - 测试【邮箱账号】有必填项单选入【行研报告】保存 - INFO - 数据验证成功
2020-09-03 10:23:38,700 - 测试【邮箱账号】有必填项单选入【债券发行报告（公司债、企业债、可转债、金融债、PPN等）】保存 - INFO - 使用【邮箱】登录
2020-09-03 10:23:43,214 - 测试【邮箱账号】有必填项单选入【债券发行报告（公司债、企业债、可转债、金融债、PPN等）】保存 - INFO - 进入意见页面
2020-09-03 10:23:44,968 - 测试【邮箱账号】有必填项单选入【债券发行报告（公司债、企业债、可转债、金融债、PPN等）】保存 - INFO - 输入必填项【哇哇哇】
2020-09-03 10:23:48,076 - 测试【邮箱账号】有必填项单选入【债券发行报告（公司债、企业债、可转债、金融债、PPN等）】保存 - INFO - 勾选【债券发行报告（公司债、企业债、可转债、金融债、PPN等）】
2020-09-03 10:23:53,177 - 测试【邮箱账号】有必填项单选入【债券发行报告（公司债、企业债、可转债、金融债、PPN等）】保存 - INFO - 点击保存
2020-09-03 10:23:53,280 - 测试【邮箱账号】有必填项单选入【债券发行报告（公司债、企业债、可转债、金融债、PPN等）】保存 - INFO - 验证提示
2020-09-03 10:23:54,104 - 测试【邮箱账号】有必填项单选入【债券发行报告（公司债、企业债、可转债、金融债、PPN等）】保存 - INFO - 提示验证成功
2020-09-03 10:23:54,104 - 测试【邮箱账号】有必填项单选入【债券发行报告（公司债、企业债、可转债、金融债、PPN等）】保存 - INFO - 验证数据
2020-09-03 10:23:54,219 - 测试【邮箱账号】有必填项单选入【债券发行报告（公司债、企业债、可转债、金融债、PPN等）】保存 - INFO - 数据验证成功
2020-09-03 10:27:26,800 - 测试【邮箱账号】有必填项单选入【行研报告】保存 - INFO - 使用【邮箱】登录
2020-09-03 10:27:31,139 - 测试【邮箱账号】有必填项单选入【行研报告】保存 - INFO - 进入意见页面
2020-09-03 10:27:32,817 - 测试【邮箱账号】有必填项单选入【行研报告】保存 - INFO - 输入必填项【哇哇哇】
2020-09-03 10:27:35,811 - 测试【邮箱账号】有必填项单选入【行研报告】保存 - INFO - 勾选【行研报告】
2020-09-03 10:27:40,908 - 测试【邮箱账号】有必填项单选入【行研报告】保存 - INFO - 点击保存
2020-09-03 10:27:41,006 - 测试【邮箱账号】有必填项单选入【行研报告】保存 - INFO - 验证提示
2020-09-03 10:27:41,540 - 测试【邮箱账号】有必填项单选入【行研报告】保存 - INFO - 提示验证成功
2020-09-03 10:27:41,541 - 测试【邮箱账号】有必填项单选入【行研报告】保存 - INFO - 验证数据
2020-09-03 10:27:41,656 - 测试【邮箱账号】有必填项单选入【行研报告】保存 - INFO - 数据验证成功
