2020-09-09 18:35:00,285 - 测试【邮箱账号】有必填项单选入【固收报告】保存 - INFO - 使用【邮箱】登录
2020-09-09 18:35:04,583 - 测试【邮箱账号】有必填项单选入【固收报告】保存 - INFO - 进入意见页面
2020-09-09 18:35:06,221 - 测试【邮箱账号】有必填项单选入【固收报告】保存 - INFO - 输入必填项【哇哇哇】
2020-09-09 18:35:08,615 - 测试【邮箱账号】有必填项单选入【固收报告】保存 - INFO - 勾选【固收报告】
2020-09-09 18:35:13,682 - 测试【邮箱账号】有必填项单选入【固收报告】保存 - INFO - 点击保存
2020-09-09 18:35:13,776 - 测试【邮箱账号】有必填项单选入【固收报告】保存 - INFO - 验证提示
2020-09-09 18:35:14,464 - 测试【邮箱账号】有必填项单选入【固收报告】保存 - INFO - 提示验证成功
2020-09-09 18:35:14,464 - 测试【邮箱账号】有必填项单选入【固收报告】保存 - INFO - 验证数据
2020-09-09 18:35:14,575 - 测试【邮箱账号】有必填项单选入【固收报告】保存 - INFO - 数据保存失败
2020-09-09 18:35:21,246 - 测试【邮箱账号】有必填项单选入【行研报告】保存 - INFO - 使用【邮箱】登录
2020-09-09 18:35:25,437 - 测试【邮箱账号】有必填项单选入【行研报告】保存 - INFO - 进入意见页面
2020-09-09 18:35:27,035 - 测试【邮箱账号】有必填项单选入【行研报告】保存 - INFO - 输入必填项【哇哇哇】
2020-09-09 18:35:29,466 - 测试【邮箱账号】有必填项单选入【行研报告】保存 - INFO - 勾选【行研报告】
2020-09-09 18:35:34,541 - 测试【邮箱账号】有必填项单选入【行研报告】保存 - INFO - 点击保存
2020-09-09 18:35:34,637 - 测试【邮箱账号】有必填项单选入【行研报告】保存 - INFO - 验证提示
2020-09-09 18:35:35,156 - 测试【邮箱账号】有必填项单选入【行研报告】保存 - INFO - 提示验证成功
2020-09-09 18:35:35,157 - 测试【邮箱账号】有必填项单选入【行研报告】保存 - INFO - 验证数据
2020-09-09 18:35:35,273 - 测试【邮箱账号】有必填项单选入【行研报告】保存 - INFO - 数据保存失败
2020-09-09 18:35:42,215 - 测试【邮箱账号】有必填项单选入【发行人基本信息】保存 - INFO - 使用【邮箱】登录
2020-09-09 18:35:46,472 - 测试【邮箱账号】有必填项单选入【发行人基本信息】保存 - INFO - 进入意见页面
2020-09-09 18:35:48,084 - 测试【邮箱账号】有必填项单选入【发行人基本信息】保存 - INFO - 输入必填项【哇哇哇】
2020-09-09 18:35:50,330 - 测试【邮箱账号】有必填项单选入【发行人基本信息】保存 - INFO - 勾选【发行人基本信息】
2020-09-09 18:35:55,388 - 测试【邮箱账号】有必填项单选入【发行人基本信息】保存 - INFO - 点击保存
2020-09-09 18:35:55,483 - 测试【邮箱账号】有必填项单选入【发行人基本信息】保存 - INFO - 验证提示
2020-09-09 18:35:56,175 - 测试【邮箱账号】有必填项单选入【发行人基本信息】保存 - INFO - 提示验证成功
2020-09-09 18:35:56,175 - 测试【邮箱账号】有必填项单选入【发行人基本信息】保存 - INFO - 验证数据
2020-09-09 18:35:56,301 - 测试【邮箱账号】有必填项单选入【发行人基本信息】保存 - INFO - 数据保存失败
