2020-07-11 10:55:04,209 - 智能上传 - INFO - 判断如果已存在文件则跳过信息填写
2020-07-11 10:55:34,321 - 智能上传 - INFO - 点击上传
2020-07-11 10:55:34,937 - 智能上传 - INFO - 上传文件D:\用例文件\青岛海尔-公司债\保荐机构尽职调查报告.doc
2020-07-11 10:55:37,844 - 智能上传 - INFO - 判断上传进度
2020-07-11 10:55:39,419 - 智能上传 - INFO - 100%成功
2020-07-11 10:55:40,098 - 智能上传 - INFO - 点击上传
2020-07-11 10:55:40,647 - 智能上传 - INFO - 上传文件D:\用例文件\青岛海尔-公司债\北京市金.doc
2020-07-11 10:55:43,583 - 智能上传 - INFO - 判断上传进度
2020-07-11 10:55:44,077 - 智能上传 - INFO - 100%成功
2020-07-11 10:55:44,809 - 智能上传 - INFO - 点击上传
2020-07-11 10:55:45,372 - 智能上传 - INFO - 上传文件D:\用例文件\青岛海尔-公司债\证券发行保荐书.doc
2020-07-11 10:55:48,076 - 智能上传 - INFO - 判断上传进度
2020-07-11 10:55:48,197 - 智能上传 - INFO - 100%成功
2020-07-11 10:55:49,132 - 智能上传 - INFO - 点击上传
2020-07-11 10:55:49,679 - 智能上传 - INFO - 上传文件D:\用例文件\青岛海尔-公司债\青岛海尔公开发行.doc
2020-07-11 10:55:52,310 - 智能上传 - INFO - 判断上传进度
2020-07-11 10:55:52,449 - 智能上传 - INFO - 100%成功
2020-07-11 10:55:53,154 - 智能上传 - INFO - 点击上传
2020-07-11 10:55:53,694 - 智能上传 - INFO - 上传文件D:\用例文件\青岛海尔-公司债\青岛海尔股份有限公司公开发行A股可转换公司债券募集说明书.docx
2020-07-11 10:55:56,383 - 智能上传 - INFO - 判断上传进度
2020-07-11 10:55:56,975 - 智能上传 - INFO - 100%成功
2020-07-11 10:55:56,976 - 智能上传 - INFO - 获取现有积分
2020-07-11 10:55:58,019 - 智能上传 - INFO - 点击开始核查
2020-07-11 10:55:58,088 - 智能上传 - INFO - 判断进度
2020-07-11 10:56:26,288 - 智能上传 - INFO - 结果成功0个分别是[]文件，
失败5个分别是['保荐机构尽职调查报告.doc', '北京市金.doc', '证券发行保荐书.doc', '青岛海尔公开发行.doc', '青岛海尔股份有限公司公开发行A股可转换公司债券募集说明书.docx']文件,
建议['上传文件组合不符合要求，包含2个或以上重复文件（股、债、半年报、附注、审计报告、财务报表）！']

