2020-08-22 15:34:13,527 - 测试公司名字输入如框为空点保存时 - INFO - 登录账号
2020-08-22 15:34:17,807 - 测试公司名字输入如框为空点保存时 - INFO - 进入个人信息编辑页
2020-08-22 15:34:20,055 - 测试公司名字输入如框为空点保存时 - INFO - 昵称输入【空】
2020-08-22 15:34:20,391 - 测试公司名字输入如框为空点保存时 - INFO - 点保存
2020-08-22 15:34:20,458 - 测试公司名字输入如框为空点保存时 - INFO - 验证结果
2020-08-22 15:34:21,492 - 测试公司名字输入如框为空点保存时 - INFO - 没有限制为空点保存时提示
2020-08-22 15:34:27,388 - 测试公司名字输入特殊字符时 - INFO - 登录账号
2020-08-22 15:34:31,704 - 测试公司名字输入特殊字符时 - INFO - 进入个人信息编辑页
2020-08-22 15:34:34,029 - 测试公司名字输入特殊字符时 - INFO - 昵称输入@
2020-08-22 15:34:34,116 - 测试公司名字输入特殊字符时 - INFO - 验证
2020-08-22 15:34:34,116 - 测试公司名字输入特殊字符时 - INFO - 验证结果
2020-08-22 15:34:35,162 - 测试公司名字输入特殊字符时 - INFO - 没有限制特殊字符时提示
2020-08-22 15:34:40,876 - 测试公司名字输入特殊字符点保存时 - INFO - 登录账号
2020-08-22 15:34:45,380 - 测试公司名字输入特殊字符点保存时 - INFO - 进入个人信息编辑页
2020-08-22 15:34:47,608 - 测试公司名字输入特殊字符点保存时 - INFO - 昵称输入@
2020-08-22 15:34:47,693 - 测试公司名字输入特殊字符点保存时 - INFO - 点保存
2020-08-22 15:34:47,775 - 测试公司名字输入特殊字符点保存时 - INFO - 验证结果
2020-08-22 15:34:48,816 - 测试公司名字输入特殊字符点保存时 - INFO - 没有限制特殊字符点保存时提示
2020-08-22 15:34:55,474 - 测试公司名字输入整数时 - INFO - 登录账号
2020-08-22 15:34:59,770 - 测试公司名字输入整数时 - INFO - 进入个人信息编辑页
2020-08-22 15:35:01,996 - 测试公司名字输入整数时 - INFO - 昵称输入12312
2020-08-22 15:35:02,157 - 测试公司名字输入整数时 - INFO - 验证
2020-08-22 15:35:02,157 - 测试公司名字输入整数时 - INFO - 验证结果
2020-08-22 15:35:03,194 - 测试公司名字输入整数时 - INFO - 正常
