2020-09-05 16:34:08,274 - 测试保存选择“投资咨询公司” - INFO - 登录账号
2020-09-05 16:34:12,820 - 测试保存选择“投资咨询公司” - INFO - 进入个人信息编辑页
2020-09-05 16:34:15,087 - 测试保存选择“投资咨询公司” - INFO - 职业选择“投资咨询公司”
2020-09-05 16:34:16,910 - 测试保存选择“投资咨询公司” - INFO - 保存
2020-09-05 16:34:16,911 - 测试保存选择“投资咨询公司” - INFO - 点保存
2020-09-05 16:34:18,455 - 测试保存选择“投资咨询公司” - INFO - 正常
2020-09-05 16:34:25,318 - 测试选择“VC/PE(含券商直投)” - INFO - 登录账号
2020-09-05 16:34:30,231 - 测试选择“VC/PE(含券商直投)” - INFO - 进入个人信息编辑页
2020-09-05 16:34:32,591 - 测试选择“VC/PE(含券商直投)” - INFO - 职业选择“VC/PE(含券商直投)”
2020-09-05 16:34:34,288 - 测试选择“VC/PE(含券商直投)” - INFO - 验证
2020-09-05 16:34:34,289 - 测试选择“VC/PE(含券商直投)” - INFO - 验证结果
2020-09-05 16:34:35,830 - 测试选择“VC/PE(含券商直投)” - INFO - 正常
2020-09-05 16:34:42,580 - 测试保存选择“VC/PE(含券商直投)” - INFO - 登录账号
2020-09-05 16:34:47,683 - 测试保存选择“VC/PE(含券商直投)” - INFO - 进入个人信息编辑页
2020-09-05 16:34:49,892 - 测试保存选择“VC/PE(含券商直投)” - INFO - 职业选择“VC/PE(含券商直投)”
2020-09-05 16:34:51,581 - 测试保存选择“VC/PE(含券商直投)” - INFO - 保存
2020-09-05 16:34:51,581 - 测试保存选择“VC/PE(含券商直投)” - INFO - 点保存
2020-09-05 16:34:53,122 - 测试保存选择“VC/PE(含券商直投)” - INFO - 正常
2020-09-05 16:34:59,695 - 测试选择“全国高校” - INFO - 登录账号
2020-09-05 16:35:04,407 - 测试选择“全国高校” - INFO - 进入个人信息编辑页
2020-09-05 16:35:06,605 - 测试选择“全国高校” - INFO - 职业选择“全国高校”
