2020-09-09 18:30:06,649 - 测试【邮箱账号】有必填项单选入【审计报告】保存 - INFO - 使用【邮箱】登录
2020-09-09 18:30:10,829 - 测试【邮箱账号】有必填项单选入【审计报告】保存 - INFO - 进入意见页面
2020-09-09 18:30:12,505 - 测试【邮箱账号】有必填项单选入【审计报告】保存 - INFO - 输入必填项【哇哇哇】
2020-09-09 18:30:14,978 - 测试【邮箱账号】有必填项单选入【审计报告】保存 - INFO - 勾选【审计报告】
2020-09-09 18:30:20,072 - 测试【邮箱账号】有必填项单选入【审计报告】保存 - INFO - 点击保存
2020-09-09 18:30:20,173 - 测试【邮箱账号】有必填项单选入【审计报告】保存 - INFO - 验证提示
2020-09-09 18:30:20,693 - 测试【邮箱账号】有必填项单选入【审计报告】保存 - INFO - 提示验证成功
2020-09-09 18:30:20,693 - 测试【邮箱账号】有必填项单选入【审计报告】保存 - INFO - 验证数据
2020-09-09 18:30:20,826 - 测试【邮箱账号】有必填项单选入【审计报告】保存 - INFO - 数据保存失败
2020-09-09 18:30:27,544 - 测试【邮箱账号】有必填项单选入【保荐书】保存 - INFO - 使用【邮箱】登录
2020-09-09 18:30:31,821 - 测试【邮箱账号】有必填项单选入【保荐书】保存 - INFO - 进入意见页面
2020-09-09 18:30:33,511 - 测试【邮箱账号】有必填项单选入【保荐书】保存 - INFO - 输入必填项【哇哇哇】
2020-09-09 18:30:35,867 - 测试【邮箱账号】有必填项单选入【保荐书】保存 - INFO - 勾选【保荐书】
2020-09-09 18:30:40,939 - 测试【邮箱账号】有必填项单选入【保荐书】保存 - INFO - 点击保存
2020-09-09 18:30:41,029 - 测试【邮箱账号】有必填项单选入【保荐书】保存 - INFO - 验证提示
2020-09-09 18:30:41,716 - 测试【邮箱账号】有必填项单选入【保荐书】保存 - INFO - 提示验证成功
2020-09-09 18:30:41,717 - 测试【邮箱账号】有必填项单选入【保荐书】保存 - INFO - 验证数据
2020-09-09 18:30:41,833 - 测试【邮箱账号】有必填项单选入【保荐书】保存 - INFO - 数据保存失败
2020-09-09 18:30:48,275 - 测试【邮箱账号】有必填项单选入【法律意见书】保存 - INFO - 使用【邮箱】登录
2020-09-09 18:30:52,458 - 测试【邮箱账号】有必填项单选入【法律意见书】保存 - INFO - 进入意见页面
2020-09-09 18:30:54,205 - 测试【邮箱账号】有必填项单选入【法律意见书】保存 - INFO - 输入必填项【哇哇哇】
2020-09-09 18:30:56,730 - 测试【邮箱账号】有必填项单选入【法律意见书】保存 - INFO - 勾选【法律意见书】
2020-09-09 18:31:01,790 - 测试【邮箱账号】有必填项单选入【法律意见书】保存 - INFO - 点击保存
2020-09-09 18:31:01,881 - 测试【邮箱账号】有必填项单选入【法律意见书】保存 - INFO - 验证提示
2020-09-09 18:31:02,575 - 测试【邮箱账号】有必填项单选入【法律意见书】保存 - INFO - 提示验证成功
2020-09-09 18:31:02,575 - 测试【邮箱账号】有必填项单选入【法律意见书】保存 - INFO - 验证数据
2020-09-09 18:31:02,714 - 测试【邮箱账号】有必填项单选入【法律意见书】保存 - INFO - 数据保存失败
