2020-09-03 10:32:08,148 - 测试【邮箱账号】有必填项单选入【语句/段落描述完整性】保存 - INFO - 使用【邮箱】登录
2020-09-03 10:32:12,414 - 测试【邮箱账号】有必填项单选入【语句/段落描述完整性】保存 - INFO - 进入意见页面
2020-09-03 10:32:14,076 - 测试【邮箱账号】有必填项单选入【语句/段落描述完整性】保存 - INFO - 输入必填项【哇哇哇】
2020-09-03 10:32:17,078 - 测试【邮箱账号】有必填项单选入【语句/段落描述完整性】保存 - INFO - 勾选【语句/段落描述完整性】
2020-09-03 10:32:22,180 - 测试【邮箱账号】有必填项单选入【语句/段落描述完整性】保存 - INFO - 点击保存
2020-09-03 10:32:22,315 - 测试【邮箱账号】有必填项单选入【语句/段落描述完整性】保存 - INFO - 验证提示
2020-09-03 10:32:22,928 - 测试【邮箱账号】有必填项单选入【语句/段落描述完整性】保存 - INFO - 提示验证成功
2020-09-03 10:32:22,928 - 测试【邮箱账号】有必填项单选入【语句/段落描述完整性】保存 - INFO - 验证数据
2020-09-03 10:32:23,049 - 测试【邮箱账号】有必填项单选入【语句/段落描述完整性】保存 - INFO - 数据验证成功
2020-09-03 10:32:29,911 - 测试【邮箱账号】有必填项单选入【其他低级错误类型（含错别字、符号、变动计算等）】保存 - INFO - 使用【邮箱】登录
2020-09-03 10:32:34,542 - 测试【邮箱账号】有必填项单选入【其他低级错误类型（含错别字、符号、变动计算等）】保存 - INFO - 进入意见页面
2020-09-03 10:32:36,151 - 测试【邮箱账号】有必填项单选入【其他低级错误类型（含错别字、符号、变动计算等）】保存 - INFO - 输入必填项【哇哇哇】
2020-09-03 10:32:38,949 - 测试【邮箱账号】有必填项单选入【其他低级错误类型（含错别字、符号、变动计算等）】保存 - INFO - 勾选【其他低级错误类型（含错别字、符号、变动计算等）】
2020-09-03 10:32:44,041 - 测试【邮箱账号】有必填项单选入【其他低级错误类型（含错别字、符号、变动计算等）】保存 - INFO - 点击保存
2020-09-03 10:32:44,133 - 测试【邮箱账号】有必填项单选入【其他低级错误类型（含错别字、符号、变动计算等）】保存 - INFO - 验证提示
2020-09-03 10:32:45,021 - 测试【邮箱账号】有必填项单选入【其他低级错误类型（含错别字、符号、变动计算等）】保存 - INFO - 提示验证成功
2020-09-03 10:32:45,021 - 测试【邮箱账号】有必填项单选入【其他低级错误类型（含错别字、符号、变动计算等）】保存 - INFO - 验证数据
2020-09-03 10:32:45,140 - 测试【邮箱账号】有必填项单选入【其他低级错误类型（含错别字、符号、变动计算等）】保存 - INFO - 数据验证成功
2020-09-03 10:32:52,011 - 测试【邮箱账号】有必填项单选入【跨版本对比核查】保存 - INFO - 使用【邮箱】登录
2020-09-03 10:32:56,593 - 测试【邮箱账号】有必填项单选入【跨版本对比核查】保存 - INFO - 进入意见页面
2020-09-03 10:32:58,219 - 测试【邮箱账号】有必填项单选入【跨版本对比核查】保存 - INFO - 输入必填项【哇哇哇】
2020-09-03 10:33:01,429 - 测试【邮箱账号】有必填项单选入【跨版本对比核查】保存 - INFO - 勾选【跨版本对比核查】
2020-09-03 10:33:06,510 - 测试【邮箱账号】有必填项单选入【跨版本对比核查】保存 - INFO - 点击保存
2020-09-03 10:33:06,630 - 测试【邮箱账号】有必填项单选入【跨版本对比核查】保存 - INFO - 验证提示
2020-09-03 10:33:07,510 - 测试【邮箱账号】有必填项单选入【跨版本对比核查】保存 - INFO - 提示验证成功
2020-09-03 10:33:07,510 - 测试【邮箱账号】有必填项单选入【跨版本对比核查】保存 - INFO - 验证数据
2020-09-03 10:33:07,632 - 测试【邮箱账号】有必填项单选入【跨版本对比核查】保存 - INFO - 数据验证成功
