2020-09-03 09:51:12,045 - 测试【邮箱账号】有必填项单选入【重组报告】保存 - INFO - 使用【邮箱】登录
2020-09-03 09:51:17,153 - 测试【邮箱账号】有必填项单选入【重组报告】保存 - INFO - 进入意见页面
2020-09-03 09:51:19,372 - 测试【邮箱账号】有必填项单选入【重组报告】保存 - INFO - 输入必填项【哇哇哇】
2020-09-03 09:51:22,898 - 测试【邮箱账号】有必填项单选入【重组报告】保存 - INFO - 勾选【重组报告】
2020-09-03 09:51:30,273 - 测试【邮箱账号】有必填项单选入【重组报告】保存 - INFO - 使用【邮箱】登录
2020-09-03 09:51:30,273 - 测试【邮箱账号】有必填项单选入【重组报告】保存 - INFO - 使用【邮箱】登录
2020-09-03 09:51:35,027 - 测试【邮箱账号】有必填项单选入【重组报告】保存 - INFO - 进入意见页面
2020-09-03 09:51:35,027 - 测试【邮箱账号】有必填项单选入【重组报告】保存 - INFO - 进入意见页面
2020-09-03 09:51:37,047 - 测试【邮箱账号】有必填项单选入【重组报告】保存 - INFO - 输入必填项【哇哇哇】
2020-09-03 09:51:37,047 - 测试【邮箱账号】有必填项单选入【重组报告】保存 - INFO - 输入必填项【哇哇哇】
2020-09-03 09:51:39,899 - 测试【邮箱账号】有必填项单选入【重组报告】保存 - INFO - 勾选【重组报告】
2020-09-03 09:51:39,899 - 测试【邮箱账号】有必填项单选入【重组报告】保存 - INFO - 勾选【重组报告】
2020-09-03 09:51:44,992 - 测试【邮箱账号】有必填项单选入【重组报告】保存 - INFO - 点击保存
2020-09-03 09:51:44,992 - 测试【邮箱账号】有必填项单选入【重组报告】保存 - INFO - 点击保存
2020-09-03 09:51:45,130 - 测试【邮箱账号】有必填项单选入【重组报告】保存 - INFO - 验证提示
2020-09-03 09:51:45,130 - 测试【邮箱账号】有必填项单选入【重组报告】保存 - INFO - 验证提示
2020-09-03 09:51:45,726 - 测试【邮箱账号】有必填项单选入【重组报告】保存 - INFO - 提示验证成功
2020-09-03 09:51:45,726 - 测试【邮箱账号】有必填项单选入【重组报告】保存 - INFO - 提示验证成功
2020-09-03 09:51:45,726 - 测试【邮箱账号】有必填项单选入【重组报告】保存 - INFO - 验证数据
2020-09-03 09:51:45,726 - 测试【邮箱账号】有必填项单选入【重组报告】保存 - INFO - 验证数据
2020-09-03 09:51:45,851 - 测试【邮箱账号】有必填项单选入【重组报告】保存 - INFO - 数据验证成功
2020-09-03 09:51:45,851 - 测试【邮箱账号】有必填项单选入【重组报告】保存 - INFO - 数据验证成功
2020-09-03 09:51:53,142 - 测试【邮箱账号】有必填项单选入【重组报告】保存 - INFO - 使用【邮箱】登录
2020-09-03 09:51:53,142 - 测试【邮箱账号】有必填项单选入【重组报告】保存 - INFO - 使用【邮箱】登录
2020-09-03 09:51:53,142 - 测试【邮箱账号】有必填项单选入【重组报告】保存 - INFO - 使用【邮箱】登录
2020-09-03 09:51:58,392 - 测试【邮箱账号】有必填项单选入【重组报告】保存 - INFO - 进入意见页面
2020-09-03 09:51:58,392 - 测试【邮箱账号】有必填项单选入【重组报告】保存 - INFO - 进入意见页面
2020-09-03 09:51:58,392 - 测试【邮箱账号】有必填项单选入【重组报告】保存 - INFO - 进入意见页面
2020-09-03 09:52:00,125 - 测试【邮箱账号】有必填项单选入【重组报告】保存 - INFO - 输入必填项【哇哇哇】
2020-09-03 09:52:00,125 - 测试【邮箱账号】有必填项单选入【重组报告】保存 - INFO - 输入必填项【哇哇哇】
2020-09-03 09:52:00,125 - 测试【邮箱账号】有必填项单选入【重组报告】保存 - INFO - 输入必填项【哇哇哇】
2020-09-03 09:52:02,727 - 测试【邮箱账号】有必填项单选入【重组报告】保存 - INFO - 勾选【重组报告】
2020-09-03 09:52:02,727 - 测试【邮箱账号】有必填项单选入【重组报告】保存 - INFO - 勾选【重组报告】
2020-09-03 09:52:02,727 - 测试【邮箱账号】有必填项单选入【重组报告】保存 - INFO - 勾选【重组报告】
2020-09-03 09:52:07,800 - 测试【邮箱账号】有必填项单选入【重组报告】保存 - INFO - 点击保存
2020-09-03 09:52:07,800 - 测试【邮箱账号】有必填项单选入【重组报告】保存 - INFO - 点击保存
2020-09-03 09:52:07,800 - 测试【邮箱账号】有必填项单选入【重组报告】保存 - INFO - 点击保存
2020-09-03 09:52:07,900 - 测试【邮箱账号】有必填项单选入【重组报告】保存 - INFO - 验证提示
2020-09-03 09:52:07,900 - 测试【邮箱账号】有必填项单选入【重组报告】保存 - INFO - 验证提示
2020-09-03 09:52:07,900 - 测试【邮箱账号】有必填项单选入【重组报告】保存 - INFO - 验证提示
2020-09-03 09:52:08,452 - 测试【邮箱账号】有必填项单选入【重组报告】保存 - INFO - 提示验证成功
2020-09-03 09:52:08,452 - 测试【邮箱账号】有必填项单选入【重组报告】保存 - INFO - 提示验证成功
2020-09-03 09:52:08,452 - 测试【邮箱账号】有必填项单选入【重组报告】保存 - INFO - 提示验证成功
2020-09-03 09:52:08,454 - 测试【邮箱账号】有必填项单选入【重组报告】保存 - INFO - 验证数据
2020-09-03 09:52:08,454 - 测试【邮箱账号】有必填项单选入【重组报告】保存 - INFO - 验证数据
2020-09-03 09:52:08,454 - 测试【邮箱账号】有必填项单选入【重组报告】保存 - INFO - 验证数据
2020-09-03 09:52:08,575 - 测试【邮箱账号】有必填项单选入【重组报告】保存 - INFO - 数据验证成功
2020-09-03 09:52:08,575 - 测试【邮箱账号】有必填项单选入【重组报告】保存 - INFO - 数据验证成功
2020-09-03 09:52:08,575 - 测试【邮箱账号】有必填项单选入【重组报告】保存 - INFO - 数据验证成功
2020-09-03 09:52:15,947 - 测试【邮箱账号】有必填项单选入【重组报告】保存 - INFO - 使用【邮箱】登录
2020-09-03 09:52:15,947 - 测试【邮箱账号】有必填项单选入【重组报告】保存 - INFO - 使用【邮箱】登录
2020-09-03 09:52:15,947 - 测试【邮箱账号】有必填项单选入【重组报告】保存 - INFO - 使用【邮箱】登录
2020-09-03 09:52:21,429 - 测试【邮箱账号】有必填项单选入【重组报告】保存 - INFO - 进入意见页面
2020-09-03 09:52:21,429 - 测试【邮箱账号】有必填项单选入【重组报告】保存 - INFO - 进入意见页面
2020-09-03 09:52:21,429 - 测试【邮箱账号】有必填项单选入【重组报告】保存 - INFO - 进入意见页面
2020-09-03 09:52:23,170 - 测试【邮箱账号】有必填项单选入【重组报告】保存 - INFO - 输入必填项【哇哇哇】
2020-09-03 09:52:23,170 - 测试【邮箱账号】有必填项单选入【重组报告】保存 - INFO - 输入必填项【哇哇哇】
2020-09-03 09:52:23,170 - 测试【邮箱账号】有必填项单选入【重组报告】保存 - INFO - 输入必填项【哇哇哇】
2020-09-03 09:52:26,730 - 测试【邮箱账号】有必填项单选入【重组报告】保存 - INFO - 勾选【重组报告】
2020-09-03 09:52:26,730 - 测试【邮箱账号】有必填项单选入【重组报告】保存 - INFO - 勾选【重组报告】
2020-09-03 09:52:26,730 - 测试【邮箱账号】有必填项单选入【重组报告】保存 - INFO - 勾选【重组报告】
2020-09-03 09:52:31,836 - 测试【邮箱账号】有必填项单选入【重组报告】保存 - INFO - 点击保存
2020-09-03 09:52:31,836 - 测试【邮箱账号】有必填项单选入【重组报告】保存 - INFO - 点击保存
2020-09-03 09:52:31,836 - 测试【邮箱账号】有必填项单选入【重组报告】保存 - INFO - 点击保存
2020-09-03 09:52:31,949 - 测试【邮箱账号】有必填项单选入【重组报告】保存 - INFO - 验证提示
2020-09-03 09:52:31,949 - 测试【邮箱账号】有必填项单选入【重组报告】保存 - INFO - 验证提示
2020-09-03 09:52:31,949 - 测试【邮箱账号】有必填项单选入【重组报告】保存 - INFO - 验证提示
2020-09-03 09:52:32,831 - 测试【邮箱账号】有必填项单选入【重组报告】保存 - INFO - 提示验证成功
2020-09-03 09:52:32,831 - 测试【邮箱账号】有必填项单选入【重组报告】保存 - INFO - 提示验证成功
2020-09-03 09:52:32,831 - 测试【邮箱账号】有必填项单选入【重组报告】保存 - INFO - 提示验证成功
2020-09-03 09:52:32,837 - 测试【邮箱账号】有必填项单选入【重组报告】保存 - INFO - 验证数据
2020-09-03 09:52:32,837 - 测试【邮箱账号】有必填项单选入【重组报告】保存 - INFO - 验证数据
2020-09-03 09:52:32,837 - 测试【邮箱账号】有必填项单选入【重组报告】保存 - INFO - 验证数据
2020-09-03 09:52:32,951 - 测试【邮箱账号】有必填项单选入【重组报告】保存 - INFO - 数据验证成功
2020-09-03 09:52:32,951 - 测试【邮箱账号】有必填项单选入【重组报告】保存 - INFO - 数据验证成功
2020-09-03 09:52:32,951 - 测试【邮箱账号】有必填项单选入【重组报告】保存 - INFO - 数据验证成功
2020-09-03 09:52:40,468 - 测试【邮箱账号】有必填项单选入【重组报告】保存 - INFO - 使用【邮箱】登录
2020-09-03 09:52:40,468 - 测试【邮箱账号】有必填项单选入【重组报告】保存 - INFO - 使用【邮箱】登录
2020-09-03 09:52:40,468 - 测试【邮箱账号】有必填项单选入【重组报告】保存 - INFO - 使用【邮箱】登录
2020-09-03 09:52:45,757 - 测试【邮箱账号】有必填项单选入【重组报告】保存 - INFO - 进入意见页面
2020-09-03 09:52:45,757 - 测试【邮箱账号】有必填项单选入【重组报告】保存 - INFO - 进入意见页面
2020-09-03 09:52:45,757 - 测试【邮箱账号】有必填项单选入【重组报告】保存 - INFO - 进入意见页面
2020-09-03 09:52:47,567 - 测试【邮箱账号】有必填项单选入【重组报告】保存 - INFO - 输入必填项【哇哇哇】
2020-09-03 09:52:47,567 - 测试【邮箱账号】有必填项单选入【重组报告】保存 - INFO - 输入必填项【哇哇哇】
2020-09-03 09:52:47,567 - 测试【邮箱账号】有必填项单选入【重组报告】保存 - INFO - 输入必填项【哇哇哇】
2020-09-03 09:52:50,671 - 测试【邮箱账号】有必填项单选入【重组报告】保存 - INFO - 勾选【重组报告】
2020-09-03 09:52:50,671 - 测试【邮箱账号】有必填项单选入【重组报告】保存 - INFO - 勾选【重组报告】
2020-09-03 09:52:50,671 - 测试【邮箱账号】有必填项单选入【重组报告】保存 - INFO - 勾选【重组报告】
2020-09-03 09:52:55,773 - 测试【邮箱账号】有必填项单选入【重组报告】保存 - INFO - 点击保存
2020-09-03 09:52:55,773 - 测试【邮箱账号】有必填项单选入【重组报告】保存 - INFO - 点击保存
2020-09-03 09:52:55,773 - 测试【邮箱账号】有必填项单选入【重组报告】保存 - INFO - 点击保存
2020-09-03 09:52:55,864 - 测试【邮箱账号】有必填项单选入【重组报告】保存 - INFO - 验证提示
2020-09-03 09:52:55,864 - 测试【邮箱账号】有必填项单选入【重组报告】保存 - INFO - 验证提示
2020-09-03 09:52:55,864 - 测试【邮箱账号】有必填项单选入【重组报告】保存 - INFO - 验证提示
2020-09-03 09:52:56,774 - 测试【邮箱账号】有必填项单选入【重组报告】保存 - INFO - 提示验证成功
2020-09-03 09:52:56,774 - 测试【邮箱账号】有必填项单选入【重组报告】保存 - INFO - 提示验证成功
2020-09-03 09:52:56,774 - 测试【邮箱账号】有必填项单选入【重组报告】保存 - INFO - 提示验证成功
2020-09-03 09:52:56,775 - 测试【邮箱账号】有必填项单选入【重组报告】保存 - INFO - 验证数据
2020-09-03 09:52:56,775 - 测试【邮箱账号】有必填项单选入【重组报告】保存 - INFO - 验证数据
2020-09-03 09:52:56,775 - 测试【邮箱账号】有必填项单选入【重组报告】保存 - INFO - 验证数据
2020-09-03 09:52:56,881 - 测试【邮箱账号】有必填项单选入【重组报告】保存 - INFO - 数据验证成功
2020-09-03 09:52:56,881 - 测试【邮箱账号】有必填项单选入【重组报告】保存 - INFO - 数据验证成功
2020-09-03 09:52:56,881 - 测试【邮箱账号】有必填项单选入【重组报告】保存 - INFO - 数据验证成功
