2020-09-07 16:42:42,344 - name - INFO - 登录账号
2020-09-07 16:42:53,111 - name - INFO - 进入积分充值页
2020-09-07 16:42:55,124 - name - INFO - 金额输入框输入1
2020-09-07 16:42:57,272 - name - INFO - 公司名输入“51”位数
2020-09-07 16:43:02,363 - name - INFO - 验证实际输入个数
2020-09-07 16:43:02,375 - name - INFO - 位数限制正确
2020-09-07 16:43:10,807 - name - INFO - 登录账号
2020-09-07 16:43:16,662 - name - INFO - 进入积分充值页
2020-09-07 16:43:18,393 - name - INFO - 金额输入框输入1
2020-09-07 16:43:20,493 - name - INFO - 纳税人识输入“21”位数
2020-09-07 16:43:25,029 - name - INFO - 验证实际输入个数
2020-09-07 16:43:25,040 - name - INFO - 位数限制正确
2020-09-07 16:43:33,270 - name - INFO - 登录账号
2020-09-07 16:43:39,666 - name - INFO - 进入积分充值页
2020-09-07 16:43:41,780 - name - INFO - 金额输入框输入1
2020-09-07 16:43:43,890 - name - INFO - 邮寄地址输入“61”位数
2020-09-07 16:43:48,560 - name - INFO - 验证实际输入个数
2020-09-07 16:43:48,570 - name - INFO - 没有位数限制
2020-09-07 16:43:56,904 - name - INFO - 登录账号
2020-09-07 16:44:02,014 - name - INFO - 进入积分充值页
2020-09-07 16:44:03,533 - name - INFO - 金额输入框输入1
2020-09-07 16:44:05,620 - name - INFO - 邮政编码输入“7”位数
2020-09-07 16:44:09,920 - name - INFO - 验证实际输入个数
2020-09-07 16:44:09,928 - name - INFO - 没有位数限制
2020-09-07 16:44:17,827 - name - INFO - 登录账号
2020-09-07 16:44:23,132 - name - INFO - 进入积分充值页
2020-09-07 16:44:24,760 - name - INFO - 金额输入框输入1
2020-09-07 16:44:26,849 - name - INFO - 联系人输入“11”位数
2020-09-07 16:44:31,156 - name - INFO - 验证实际输入个数
2020-09-07 16:44:31,164 - name - INFO - 没有位数限制
2020-09-07 16:44:39,425 - name - INFO - 登录账号
2020-09-07 16:44:44,360 - name - INFO - 进入积分充值页
2020-09-07 16:44:45,639 - name - INFO - 金额输入框输入1
2020-09-07 16:44:47,733 - name - INFO - 手机号输入“12”位数
2020-09-07 16:44:52,086 - name - INFO - 验证实际输入个数
2020-09-07 16:44:52,094 - name - INFO - 没有位数限制
2020-09-07 16:45:00,302 - name - INFO - 登录账号
2020-09-07 16:45:05,622 - name - INFO - 进入积分充值页
2020-09-07 16:45:07,422 - name - INFO - 金额输入框输入1
2020-09-07 16:45:09,491 - name - INFO - 公司名输入“51”位数
2020-09-07 16:45:12,161 - name - INFO - 验证实际输入个数
2020-09-07 16:45:12,174 - name - INFO - 位数限制正确
2020-09-07 16:45:19,383 - name - INFO - 登录账号
2020-09-07 16:45:25,006 - name - INFO - 进入积分充值页
2020-09-07 16:45:26,552 - name - INFO - 金额输入框输入1
2020-09-07 16:45:28,633 - name - INFO - 纳税人识输入“21”位数
2020-09-07 16:45:31,037 - name - INFO - 验证实际输入个数
2020-09-07 16:45:31,049 - name - INFO - 位数限制正确
2020-09-07 16:45:37,818 - name - INFO - 登录账号
2020-09-07 16:45:42,981 - name - INFO - 进入积分充值页
2020-09-07 16:45:44,239 - name - INFO - 金额输入框输入1
2020-09-07 16:45:46,335 - name - INFO - 手机输入“21”位数
2020-09-07 16:45:49,084 - name - INFO - 验证实际输入个数
2020-09-07 16:45:49,085 - name - INFO - 没有位数限制
2020-09-07 16:45:56,925 - name - INFO - 登录账号
2020-09-07 16:46:01,986 - name - INFO - 进入积分充值页
2020-09-07 16:46:03,235 - name - INFO - 金额输入框输入1
2020-09-07 16:46:05,318 - name - INFO - 公司地址输入“51”位数
2020-09-07 16:46:08,175 - name - INFO - 验证实际输入个数
2020-09-07 16:46:08,176 - name - INFO - 没有位数限制
2020-09-07 16:46:16,343 - name - INFO - 登录账号
2020-09-07 16:46:25,412 - name - INFO - 进入积分充值页
2020-09-07 16:46:26,838 - name - INFO - 金额输入框输入1
2020-09-07 16:46:28,924 - name - INFO - 开户银行输入“31”位数
2020-09-07 16:46:31,461 - name - INFO - 验证实际输入个数
2020-09-07 16:46:31,462 - name - INFO - 没有位数限制
2020-09-07 16:46:39,314 - name - INFO - 登录账号
2020-09-07 16:46:44,383 - name - INFO - 进入积分充值页
2020-09-07 16:46:45,612 - name - INFO - 金额输入框输入1
2020-09-07 16:46:47,702 - name - INFO - 账户输入“21”位数
2020-09-07 16:46:50,308 - name - INFO - 验证实际输入个数
2020-09-07 16:46:50,309 - name - INFO - 没有位数限制
2020-09-07 16:46:58,723 - name - INFO - 登录账号
2020-09-07 16:47:04,181 - name - INFO - 进入积分充值页
2020-09-07 16:47:05,574 - name - INFO - 金额输入框输入1
2020-09-07 16:47:07,657 - name - INFO - 邮寄地址输入“61”位数
2020-09-07 16:47:10,632 - name - INFO - 验证实际输入个数
2020-09-07 16:47:10,644 - name - INFO - 没有位数限制
2020-09-07 16:47:18,870 - name - INFO - 登录账号
2020-09-07 16:47:24,205 - name - INFO - 进入积分充值页
2020-09-07 16:47:25,500 - name - INFO - 金额输入框输入1
2020-09-07 16:47:27,583 - name - INFO - 邮政编码输入“7”位数
2020-09-07 16:47:29,873 - name - INFO - 验证实际输入个数
2020-09-07 16:47:29,889 - name - INFO - 没有位数限制
2020-09-07 16:47:37,964 - name - INFO - 登录账号
2020-09-07 16:47:43,526 - name - INFO - 进入积分充值页
2020-09-07 16:47:45,129 - name - INFO - 金额输入框输入1
2020-09-07 16:47:47,337 - name - INFO - 联系人输入“11”位数
2020-09-07 16:47:49,676 - name - INFO - 验证实际输入个数
2020-09-07 16:47:49,689 - name - INFO - 没有位数限制
2020-09-07 16:47:57,882 - name - INFO - 登录账号
2020-09-07 16:48:03,240 - name - INFO - 进入积分充值页
2020-09-07 16:48:04,715 - name - INFO - 金额输入框输入1
2020-09-07 16:48:06,794 - name - INFO - 手机号输入“12”位数
2020-09-07 16:48:09,140 - name - INFO - 验证实际输入个数
2020-09-07 16:48:09,152 - name - INFO - 没有位数限制
