2020-08-22 15:51:12,116 - 测试公司名字输入整数点保存时 - INFO - 登录账号
2020-08-22 15:51:16,428 - 测试公司名字输入整数点保存时 - INFO - 进入个人信息编辑页
2020-08-22 15:51:18,669 - 测试公司名字输入整数点保存时 - INFO - 昵称输入12312
2020-08-22 15:51:18,834 - 测试公司名字输入整数点保存时 - INFO - 点保存
2020-08-22 15:51:20,009 - 测试公司名字输入整数点保存时 - INFO - 验证结果
2020-08-22 15:51:21,045 - 测试公司名字输入整数点保存时 - INFO - 保存交互正常
2020-08-22 15:51:22,103 - 测试公司名字输入整数点保存时 - INFO - 保存数据正常
2020-08-22 15:51:27,525 - 测试公司名字输入浮点数时 - INFO - 登录账号
2020-08-22 15:51:31,798 - 测试公司名字输入浮点数时 - INFO - 进入个人信息编辑页
2020-08-22 15:51:34,036 - 测试公司名字输入浮点数时 - INFO - 昵称输入3.1415
2020-08-22 15:51:34,214 - 测试公司名字输入浮点数时 - INFO - 验证
2020-08-22 15:51:34,214 - 测试公司名字输入浮点数时 - INFO - 验证结果
2020-08-22 15:51:35,264 - 测试公司名字输入浮点数时 - INFO - 正常
2020-08-22 15:51:40,709 - 测试公司名字输入浮点数点保存时 - INFO - 登录账号
2020-08-22 15:51:45,005 - 测试公司名字输入浮点数点保存时 - INFO - 进入个人信息编辑页
2020-08-22 15:51:47,321 - 测试公司名字输入浮点数点保存时 - INFO - 昵称输入3.1415
2020-08-22 15:51:47,487 - 测试公司名字输入浮点数点保存时 - INFO - 点保存
2020-08-22 15:51:48,652 - 测试公司名字输入浮点数点保存时 - INFO - 验证结果
2020-08-22 15:51:49,688 - 测试公司名字输入浮点数点保存时 - INFO - 保存交互正常
2020-08-22 15:51:50,732 - 测试公司名字输入浮点数点保存时 - INFO - 保存数据正常
2020-08-22 15:51:56,185 - 测试公司名字输入混合类型数据时 - INFO - 登录账号
2020-08-22 15:52:00,888 - 测试公司名字输入混合类型数据时 - INFO - 进入个人信息编辑页
2020-08-22 15:52:03,113 - 测试公司名字输入混合类型数据时 - INFO - 昵称输入@123#$撒大大
2020-08-22 15:52:03,323 - 测试公司名字输入混合类型数据时 - INFO - 验证
2020-08-22 15:52:03,323 - 测试公司名字输入混合类型数据时 - INFO - 验证结果
2020-08-22 15:52:04,361 - 测试公司名字输入混合类型数据时 - INFO - 正常
