2020-08-31 17:52:05,195 - 测试选择“VC/PE(含券商直投)” - INFO - 登录账号
2020-08-31 17:52:09,571 - 测试选择“VC/PE(含券商直投)” - INFO - 进入个人信息编辑页
2020-08-31 17:52:11,785 - 测试选择“VC/PE(含券商直投)” - INFO - 职业选择“VC/PE(含券商直投)”
2020-08-31 17:52:13,497 - 测试选择“VC/PE(含券商直投)” - INFO - 验证
2020-08-31 17:52:13,497 - 测试选择“VC/PE(含券商直投)” - INFO - 验证结果
2020-08-31 17:52:15,045 - 测试选择“VC/PE(含券商直投)” - INFO - 正常
2020-08-31 17:52:20,677 - 测试保存选择“VC/PE(含券商直投)” - INFO - 登录账号
2020-08-31 17:52:25,024 - 测试保存选择“VC/PE(含券商直投)” - INFO - 进入个人信息编辑页
2020-08-31 17:52:27,246 - 测试保存选择“VC/PE(含券商直投)” - INFO - 职业选择“VC/PE(含券商直投)”
2020-08-31 17:52:28,941 - 测试保存选择“VC/PE(含券商直投)” - INFO - 保存
2020-08-31 17:52:28,942 - 测试保存选择“VC/PE(含券商直投)” - INFO - 点保存
2020-08-31 17:52:30,487 - 测试保存选择“VC/PE(含券商直投)” - INFO - 正常
2020-08-31 17:52:36,124 - 测试选择“全国高校” - INFO - 登录账号
2020-08-31 17:52:40,542 - 测试选择“全国高校” - INFO - 进入个人信息编辑页
2020-08-31 17:52:42,766 - 测试选择“全国高校” - INFO - 职业选择“全国高校”
2020-08-31 17:52:44,477 - 测试选择“全国高校” - INFO - 验证
2020-08-31 17:52:44,477 - 测试选择“全国高校” - INFO - 验证结果
2020-08-31 17:52:46,021 - 测试选择“全国高校” - INFO - 正常
2020-08-31 17:52:51,595 - 测试保存选择“全国高校” - INFO - 登录账号
2020-08-31 17:52:55,951 - 测试保存选择“全国高校” - INFO - 进入个人信息编辑页
2020-08-31 17:52:58,305 - 测试保存选择“全国高校” - INFO - 职业选择“全国高校”
2020-08-31 17:53:00,024 - 测试保存选择“全国高校” - INFO - 保存
2020-08-31 17:53:00,024 - 测试保存选择“全国高校” - INFO - 点保存
2020-08-31 17:53:01,571 - 测试保存选择“全国高校” - INFO - 正常
