2020-09-09 18:36:03,090 - 测试【邮箱账号】有必填项单选入【子分公司基本信息】保存 - INFO - 使用【邮箱】登录
2020-09-09 18:36:07,276 - 测试【邮箱账号】有必填项单选入【子分公司基本信息】保存 - INFO - 进入意见页面
2020-09-09 18:36:08,905 - 测试【邮箱账号】有必填项单选入【子分公司基本信息】保存 - INFO - 输入必填项【哇哇哇】
2020-09-09 18:36:11,253 - 测试【邮箱账号】有必填项单选入【子分公司基本信息】保存 - INFO - 勾选【子分公司基本信息】
2020-09-09 18:36:16,318 - 测试【邮箱账号】有必填项单选入【子分公司基本信息】保存 - INFO - 点击保存
2020-09-09 18:36:16,413 - 测试【邮箱账号】有必填项单选入【子分公司基本信息】保存 - INFO - 验证提示
2020-09-09 18:36:17,112 - 测试【邮箱账号】有必填项单选入【子分公司基本信息】保存 - INFO - 提示验证成功
2020-09-09 18:36:17,113 - 测试【邮箱账号】有必填项单选入【子分公司基本信息】保存 - INFO - 验证数据
2020-09-09 18:36:17,229 - 测试【邮箱账号】有必填项单选入【子分公司基本信息】保存 - INFO - 数据保存失败
2020-09-09 18:36:23,924 - 测试【邮箱账号】有必填项单选入【股东基本信息】保存 - INFO - 使用【邮箱】登录
2020-09-09 18:36:28,310 - 测试【邮箱账号】有必填项单选入【股东基本信息】保存 - INFO - 进入意见页面
2020-09-09 18:36:30,004 - 测试【邮箱账号】有必填项单选入【股东基本信息】保存 - INFO - 输入必填项【哇哇哇】
2020-09-09 18:36:32,361 - 测试【邮箱账号】有必填项单选入【股东基本信息】保存 - INFO - 勾选【股东基本信息】
2020-09-09 18:36:37,425 - 测试【邮箱账号】有必填项单选入【股东基本信息】保存 - INFO - 点击保存
2020-09-09 18:36:37,522 - 测试【邮箱账号】有必填项单选入【股东基本信息】保存 - INFO - 验证提示
2020-09-09 18:36:38,032 - 测试【邮箱账号】有必填项单选入【股东基本信息】保存 - INFO - 提示验证成功
2020-09-09 18:36:38,033 - 测试【邮箱账号】有必填项单选入【股东基本信息】保存 - INFO - 验证数据
2020-09-09 18:36:38,218 - 测试【邮箱账号】有必填项单选入【股东基本信息】保存 - INFO - 数据保存失败
2020-09-09 18:36:44,936 - 测试【邮箱账号】有必填项单选入【股权变动连续性】保存 - INFO - 使用【邮箱】登录
2020-09-09 18:36:49,388 - 测试【邮箱账号】有必填项单选入【股权变动连续性】保存 - INFO - 进入意见页面
2020-09-09 18:36:51,011 - 测试【邮箱账号】有必填项单选入【股权变动连续性】保存 - INFO - 输入必填项【哇哇哇】
2020-09-09 18:36:53,244 - 测试【邮箱账号】有必填项单选入【股权变动连续性】保存 - INFO - 勾选【股权变动连续性】
2020-09-09 18:36:58,310 - 测试【邮箱账号】有必填项单选入【股权变动连续性】保存 - INFO - 点击保存
2020-09-09 18:36:58,402 - 测试【邮箱账号】有必填项单选入【股权变动连续性】保存 - INFO - 验证提示
2020-09-09 18:36:58,924 - 测试【邮箱账号】有必填项单选入【股权变动连续性】保存 - INFO - 提示验证成功
2020-09-09 18:36:58,925 - 测试【邮箱账号】有必填项单选入【股权变动连续性】保存 - INFO - 验证数据
2020-09-09 18:36:59,041 - 测试【邮箱账号】有必填项单选入【股权变动连续性】保存 - INFO - 数据保存失败
