2020-09-24 15:56:01,567 - 测试保存选择“VC/PE(含券商直投)” - INFO - 登录账号
2020-09-24 15:56:05,817 - 测试保存选择“VC/PE(含券商直投)” - INFO - 进入个人信息编辑页
2020-09-24 15:56:08,123 - 测试保存选择“VC/PE(含券商直投)” - INFO - 职业选择“VC/PE(含券商直投)”
2020-09-24 15:56:10,367 - 测试保存选择“VC/PE(含券商直投)” - INFO - 保存
2020-09-24 15:56:10,367 - 测试保存选择“VC/PE(含券商直投)” - INFO - 点保存
2020-09-24 15:56:11,921 - 测试保存选择“VC/PE(含券商直投)” - INFO - 正常
2020-09-24 15:56:18,836 - 测试选择“全国高校” - INFO - 登录账号
2020-09-24 15:56:23,319 - 测试选择“全国高校” - INFO - 进入个人信息编辑页
2020-09-24 15:56:25,610 - 测试选择“全国高校” - INFO - 职业选择“全国高校”
2020-09-24 15:56:27,840 - 测试选择“全国高校” - INFO - 验证
2020-09-24 15:56:27,840 - 测试选择“全国高校” - INFO - 验证结果
2020-09-24 15:56:29,387 - 测试选择“全国高校” - INFO - 正常
2020-09-24 15:56:35,870 - 测试选择“证券公司（投行/经纪/资管/研究）” - INFO - 登录账号
2020-09-24 15:56:41,077 - 测试选择“证券公司（投行/经纪/资管/研究）” - INFO - 进入个人信息编辑页
2020-09-24 15:56:43,337 - 测试选择“证券公司（投行/经纪/资管/研究）” - INFO - 职业选择“证券公司（投行/经纪/资管/研究）”
2020-09-24 15:56:45,560 - 测试选择“证券公司（投行/经纪/资管/研究）” - INFO - 验证
2020-09-24 15:56:45,560 - 测试选择“证券公司（投行/经纪/资管/研究）” - INFO - 验证结果
2020-09-24 15:56:47,104 - 测试选择“证券公司（投行/经纪/资管/研究）” - INFO - 正常
2020-09-24 15:56:54,167 - 测试保存选择“全国高校” - INFO - 登录账号
2020-09-24 15:56:58,726 - 测试保存选择“全国高校” - INFO - 进入个人信息编辑页
2020-09-24 15:57:00,969 - 测试保存选择“全国高校” - INFO - 职业选择“全国高校”
2020-09-24 15:57:03,173 - 测试保存选择“全国高校” - INFO - 保存
2020-09-24 15:57:03,173 - 测试保存选择“全国高校” - INFO - 点保存
2020-09-24 15:57:04,718 - 测试保存选择“全国高校” - INFO - 正常
