2020-08-22 15:01:04,736 - 测试昵称输入整数点保存时 - INFO - 登录账号
2020-08-22 15:01:09,130 - 测试昵称输入整数点保存时 - INFO - 进入个人信息编辑页
2020-08-22 15:01:11,355 - 测试昵称输入整数点保存时 - INFO - 昵称输入12312
2020-08-22 15:01:11,542 - 测试昵称输入整数点保存时 - INFO - 点保存
2020-08-22 15:01:11,622 - 测试昵称输入整数点保存时 - INFO - 验证结果
2020-08-22 15:01:12,662 - 测试昵称输入整数点保存时 - INFO - 保存交互正常
2020-08-22 15:01:13,756 - 测试昵称输入整数点保存时 - INFO - 保存数据正常
2020-08-22 15:01:19,159 - 测试昵称输入浮点数时 - INFO - 登录账号
2020-08-22 15:01:23,418 - 测试昵称输入浮点数时 - INFO - 进入个人信息编辑页
2020-08-22 15:01:25,667 - 测试昵称输入浮点数时 - INFO - 昵称输入3.1415
2020-08-22 15:01:25,881 - 测试昵称输入浮点数时 - INFO - 验证结果
2020-08-22 15:01:26,917 - 测试昵称输入浮点数时 - INFO - 正常
2020-08-22 15:01:32,332 - 测试昵称输入浮点数点保存时 - INFO - 登录账号
2020-08-22 15:01:36,651 - 测试昵称输入浮点数点保存时 - INFO - 进入个人信息编辑页
2020-08-22 15:01:38,884 - 测试昵称输入浮点数点保存时 - INFO - 昵称输入3.1415
2020-08-22 15:01:39,057 - 测试昵称输入浮点数点保存时 - INFO - 点保存
2020-08-22 15:01:39,153 - 测试昵称输入浮点数点保存时 - INFO - 验证结果
2020-08-22 15:01:40,187 - 测试昵称输入浮点数点保存时 - INFO - 限制错误浮点数属于非特殊字符
2020-08-22 15:01:45,832 - 测试昵称输入混合类型数据时 - INFO - 登录账号
2020-08-22 15:01:50,185 - 测试昵称输入混合类型数据时 - INFO - 进入个人信息编辑页
2020-08-22 15:01:52,406 - 测试昵称输入混合类型数据时 - INFO - 昵称输入@123#$撒大大
2020-08-22 15:01:52,608 - 测试昵称输入混合类型数据时 - INFO - 验证结果
2020-08-22 15:01:53,648 - 测试昵称输入混合类型数据时 - INFO - 正常
2020-08-22 15:01:59,099 - 测试昵称输入混合类型数据点保存时 - INFO - 登录账号
2020-08-22 15:02:03,722 - 测试昵称输入混合类型数据点保存时 - INFO - 进入个人信息编辑页
2020-08-22 15:02:05,953 - 测试昵称输入混合类型数据点保存时 - INFO - 昵称输入@123#$撒大大
2020-08-22 15:02:06,173 - 测试昵称输入混合类型数据点保存时 - INFO - 点保存
2020-08-22 15:02:06,287 - 测试昵称输入混合类型数据点保存时 - INFO - 验证结果
2020-08-22 15:02:07,322 - 测试昵称输入混合类型数据点保存时 - INFO - 保存交互正常
2020-08-22 15:02:08,553 - 测试昵称输入混合类型数据点保存时 - INFO - 保存数据正常
