2020-08-22 15:35:08,783 - 测试公司名字输入整数点保存时 - INFO - 登录账号
2020-08-22 15:35:13,078 - 测试公司名字输入整数点保存时 - INFO - 进入个人信息编辑页
2020-08-22 15:35:15,305 - 测试公司名字输入整数点保存时 - INFO - 昵称输入12312
2020-08-22 15:35:15,408 - 测试公司名字输入整数点保存时 - INFO - 点保存
2020-08-22 15:35:15,491 - 测试公司名字输入整数点保存时 - INFO - 验证结果
2020-08-22 15:35:16,524 - 测试公司名字输入整数点保存时 - INFO - 保存交互正常
2020-08-22 15:35:17,621 - 测试公司名字输入整数点保存时 - INFO - 数据保存失败
2020-08-22 15:35:23,349 - 测试公司名字输入浮点数时 - INFO - 登录账号
2020-08-22 15:35:27,756 - 测试公司名字输入浮点数时 - INFO - 进入个人信息编辑页
2020-08-22 15:35:29,991 - 测试公司名字输入浮点数时 - INFO - 昵称输入3.1415
2020-08-22 15:35:30,145 - 测试公司名字输入浮点数时 - INFO - 验证
2020-08-22 15:35:30,145 - 测试公司名字输入浮点数时 - INFO - 验证结果
2020-08-22 15:35:31,183 - 测试公司名字输入浮点数时 - INFO - 正常
2020-08-22 15:35:36,626 - 测试公司名字输入浮点数点保存时 - INFO - 登录账号
2020-08-22 15:35:40,938 - 测试公司名字输入浮点数点保存时 - INFO - 进入个人信息编辑页
2020-08-22 15:35:43,279 - 测试公司名字输入浮点数点保存时 - INFO - 昵称输入3.1415
2020-08-22 15:35:43,463 - 测试公司名字输入浮点数点保存时 - INFO - 点保存
2020-08-22 15:35:43,576 - 测试公司名字输入浮点数点保存时 - INFO - 验证结果
2020-08-22 15:35:44,613 - 测试公司名字输入浮点数点保存时 - INFO - 保存交互正常
2020-08-22 15:35:45,708 - 测试公司名字输入浮点数点保存时 - INFO - 数据保存失败
2020-08-22 15:35:51,445 - 测试公司名字输入混合类型数据时 - INFO - 登录账号
