2020-09-17 09:23:23,375 - 智能上传 - INFO - 判断如果已存在文件则跳过信息填写
2020-09-17 09:23:53,657 - 智能上传 - INFO - 点击上传
2020-09-17 09:23:54,377 - 智能上传 - INFO - 上传文件D:\用例文件\先融期货-新三板-公转书\公开转让说明书-先融期货.docx
2020-09-17 09:23:58,041 - 智能上传 - INFO - 判断上传进度
2020-09-17 09:24:00,430 - 智能上传 - INFO - 100%成功
2020-09-17 09:24:01,061 - 智能上传 - INFO - 点击上传
2020-09-17 09:24:01,617 - 智能上传 - INFO - 上传文件D:\用例文件\先融期货-新三板-公转书\财务报表-.xlsx
2020-09-17 09:24:04,439 - 智能上传 - INFO - 判断上传进度
2020-09-17 09:24:14,587 - 智能上传 - INFO - 100%成功
2020-09-17 09:24:15,166 - 智能上传 - INFO - 点击上传
2020-09-17 09:24:15,711 - 智能上传 - INFO - 上传文件D:\用例文件\先融期货-新三板-公转书\财务报表附注-.docx
2020-09-17 09:24:18,458 - 智能上传 - INFO - 判断上传进度
2020-09-17 09:24:18,502 - 智能上传 - INFO - 100%成功
2020-09-17 09:24:33,169 - 智能上传 - INFO - 判断如果已存在文件则跳过信息填写
2020-09-17 09:25:03,438 - 智能上传 - INFO - 点击上传
2020-09-17 09:25:04,027 - 智能上传 - INFO - 上传文件D:\用例文件\华通热力-半年报-19年半年报\04财务报表附注.doc
2020-09-17 09:25:06,813 - 智能上传 - INFO - 判断上传进度
2020-09-17 09:25:07,560 - 智能上传 - INFO - 100%成功
2020-09-17 09:25:08,262 - 智能上传 - INFO - 点击上传
2020-09-17 09:25:08,829 - 智能上传 - INFO - 上传文件D:\用例文件\华通热力-半年报-19年半年报\2019年半年度报告全文.doc
2020-09-17 09:25:11,382 - 智能上传 - INFO - 判断上传进度
2020-09-17 09:25:13,714 - 智能上传 - INFO - 100%成功
2020-09-17 09:25:14,873 - 智能上传 - INFO - 点击上传
2020-09-17 09:25:15,447 - 智能上传 - INFO - 上传文件D:\用例文件\华通热力-半年报-19年半年报\华通2019630审阅财务报表.xlsx
2020-09-17 09:25:18,218 - 智能上传 - INFO - 判断上传进度
2020-09-17 09:25:18,347 - 智能上传 - INFO - 100%成功
2020-09-17 09:25:31,628 - 智能上传 - INFO - 判断如果已存在文件则跳过信息填写
2020-09-17 09:26:01,859 - 智能上传 - INFO - 点击上传
2020-09-17 09:26:02,466 - 智能上传 - INFO - 上传文件D:\用例文件\华通热力-年报-18年年报\cover.doc
2020-09-17 09:26:05,179 - 智能上传 - INFO - 判断上传进度
2020-09-17 09:26:05,358 - 智能上传 - INFO - 100%成功
2020-09-17 09:26:05,951 - 智能上传 - INFO - 点击上传
2020-09-17 09:26:06,530 - 智能上传 - INFO - 上传文件D:\用例文件\华通热力-年报-18年年报\审计报告.doc
2020-09-17 09:26:09,223 - 智能上传 - INFO - 判断上传进度
2020-09-17 09:26:09,398 - 智能上传 - INFO - 100%成功
2020-09-17 09:26:10,382 - 智能上传 - INFO - 点击上传
2020-09-17 09:26:10,931 - 智能上传 - INFO - 上传文件D:\用例文件\华通热力-年报-18年年报\财务报表(2018)华通热力.xlsx
2020-09-17 09:26:13,562 - 智能上传 - INFO - 判断上传进度
2020-09-17 09:26:14,014 - 智能上传 - INFO - 100%成功
2020-09-17 09:26:14,611 - 智能上传 - INFO - 点击上传
2020-09-17 09:26:15,158 - 智能上传 - INFO - 上传文件D:\用例文件\华通热力-年报-18年年报\财务报表附注(2018)华通热.doc
2020-09-17 09:26:17,593 - 智能上传 - INFO - 判断上传进度
2020-09-17 09:26:18,293 - 智能上传 - INFO - 100%成功
2020-09-17 09:26:33,958 - 智能上传 - INFO - 判断如果已存在文件则跳过信息填写
2020-09-17 09:27:04,173 - 智能上传 - INFO - 点击上传
2020-09-17 09:27:04,775 - 智能上传 - INFO - 上传文件D:\用例文件\宝明科技-创业板\招股说明书.doc
2020-09-17 09:27:07,649 - 智能上传 - INFO - 判断上传进度
2020-09-17 09:27:09,207 - 智能上传 - INFO - 100%成功
2020-09-17 09:27:09,888 - 智能上传 - INFO - 点击上传
2020-09-17 09:27:10,473 - 智能上传 - INFO - 上传文件D:\用例文件\宝明科技-创业板\财务报表.xls
2020-09-17 09:27:13,232 - 智能上传 - INFO - 判断上传进度
2020-09-17 09:27:13,960 - 智能上传 - INFO - 100%成功
2020-09-17 09:27:14,938 - 智能上传 - INFO - 点击上传
2020-09-17 09:27:15,487 - 智能上传 - INFO - 上传文件D:\用例文件\宝明科技-创业板\财务报表附注.docx
2020-09-17 09:27:17,979 - 智能上传 - INFO - 判断上传进度
2020-09-17 09:27:18,370 - 智能上传 - INFO - 100%成功
2020-09-17 09:27:31,755 - 智能上传 - INFO - 判断如果已存在文件则跳过信息填写
2020-09-17 09:28:02,019 - 智能上传 - INFO - 点击上传
2020-09-17 09:28:02,654 - 智能上传 - INFO - 上传文件D:\用例文件\山东玻纤-科创版-国信证券\合并报表.xlsx
2020-09-17 09:28:05,434 - 智能上传 - INFO - 判断上传进度
2020-09-17 09:28:05,854 - 智能上传 - INFO - 100%成功
2020-09-17 09:28:06,485 - 智能上传 - INFO - 点击上传
2020-09-17 09:28:07,045 - 智能上传 - INFO - 上传文件D:\用例文件\山东玻纤-科创版-国信证券\山东玻纤招股说明书.doc
2020-09-17 09:28:09,871 - 智能上传 - INFO - 判断上传进度
2020-09-17 09:28:12,227 - 智能上传 - INFO - 100%成功
2020-09-17 09:28:12,900 - 智能上传 - INFO - 点击上传
2020-09-17 09:28:13,446 - 智能上传 - INFO - 上传文件D:\用例文件\山东玻纤-科创版-国信证券\玻纤合并报告附注.doc
2020-09-17 09:28:16,153 - 智能上传 - INFO - 判断上传进度
2020-09-17 09:28:16,847 - 智能上传 - INFO - 100%成功
2020-09-17 09:28:30,617 - 智能上传 - INFO - 判断如果已存在文件则跳过信息填写
2020-09-17 09:29:00,878 - 智能上传 - INFO - 点击上传
2020-09-17 09:29:01,491 - 智能上传 - INFO - 上传文件D:\用例文件\青岛海尔-公司债\保荐机构尽职调查报告.doc
2020-09-17 09:29:04,374 - 智能上传 - INFO - 判断上传进度
2020-09-17 09:29:05,499 - 智能上传 - INFO - 100%成功
2020-09-17 09:29:06,448 - 智能上传 - INFO - 点击上传
2020-09-17 09:29:07,012 - 智能上传 - INFO - 上传文件D:\用例文件\青岛海尔-公司债\北京市金.doc
2020-09-17 09:29:09,557 - 智能上传 - INFO - 判断上传进度
2020-09-17 09:29:10,137 - 智能上传 - INFO - 100%成功
2020-09-17 09:29:10,889 - 智能上传 - INFO - 点击上传
2020-09-17 09:29:11,441 - 智能上传 - INFO - 上传文件D:\用例文件\青岛海尔-公司债\证券发行保荐书.doc
2020-09-17 09:29:14,010 - 智能上传 - INFO - 判断上传进度
2020-09-17 09:29:14,167 - 智能上传 - INFO - 100%成功
2020-09-17 09:29:15,092 - 智能上传 - INFO - 点击上传
2020-09-17 09:29:15,635 - 智能上传 - INFO - 上传文件D:\用例文件\青岛海尔-公司债\青岛海尔公开发行.doc
2020-09-17 09:29:18,074 - 智能上传 - INFO - 判断上传进度
2020-09-17 09:29:18,361 - 智能上传 - INFO - 100%成功
2020-09-17 09:29:18,987 - 智能上传 - INFO - 点击上传
2020-09-17 09:29:19,561 - 智能上传 - INFO - 上传文件D:\用例文件\青岛海尔-公司债\青岛海尔股份有限公司公开发行A股可转换公司债券募集说明书.docx
2020-09-17 09:29:22,021 - 智能上传 - INFO - 判断上传进度
2020-09-17 09:29:22,735 - 智能上传 - INFO - 100%成功
