2020-09-09 18:37:05,882 - 测试【邮箱账号】有必填项单选入【主要客户/供应商基本信息】保存 - INFO - 使用【邮箱】登录
2020-09-09 18:37:10,214 - 测试【邮箱账号】有必填项单选入【主要客户/供应商基本信息】保存 - INFO - 进入意见页面
2020-09-09 18:37:11,873 - 测试【邮箱账号】有必填项单选入【主要客户/供应商基本信息】保存 - INFO - 输入必填项【哇哇哇】
2020-09-09 18:37:14,112 - 测试【邮箱账号】有必填项单选入【主要客户/供应商基本信息】保存 - INFO - 勾选【主要客户/供应商基本信息】
2020-09-09 18:37:19,184 - 测试【邮箱账号】有必填项单选入【主要客户/供应商基本信息】保存 - INFO - 点击保存
2020-09-09 18:37:19,279 - 测试【邮箱账号】有必填项单选入【主要客户/供应商基本信息】保存 - INFO - 验证提示
2020-09-09 18:37:19,840 - 测试【邮箱账号】有必填项单选入【主要客户/供应商基本信息】保存 - INFO - 提示验证成功
2020-09-09 18:37:19,840 - 测试【邮箱账号】有必填项单选入【主要客户/供应商基本信息】保存 - INFO - 验证数据
2020-09-09 18:37:19,981 - 测试【邮箱账号】有必填项单选入【主要客户/供应商基本信息】保存 - INFO - 数据保存失败
2020-09-09 18:37:26,789 - 测试【邮箱账号】有必填项单选入【专利信息】保存 - INFO - 使用【邮箱】登录
2020-09-09 18:37:31,059 - 测试【邮箱账号】有必填项单选入【专利信息】保存 - INFO - 进入意见页面
2020-09-09 18:37:32,672 - 测试【邮箱账号】有必填项单选入【专利信息】保存 - INFO - 输入必填项【哇哇哇】
2020-09-09 18:37:35,107 - 测试【邮箱账号】有必填项单选入【专利信息】保存 - INFO - 勾选【专利信息】
2020-09-09 18:37:40,169 - 测试【邮箱账号】有必填项单选入【专利信息】保存 - INFO - 点击保存
2020-09-09 18:37:40,262 - 测试【邮箱账号】有必填项单选入【专利信息】保存 - INFO - 验证提示
2020-09-09 18:37:40,800 - 测试【邮箱账号】有必填项单选入【专利信息】保存 - INFO - 提示验证成功
2020-09-09 18:37:40,800 - 测试【邮箱账号】有必填项单选入【专利信息】保存 - INFO - 验证数据
2020-09-09 18:37:40,936 - 测试【邮箱账号】有必填项单选入【专利信息】保存 - INFO - 数据保存失败
2020-09-09 18:37:47,744 - 测试【邮箱账号】有必填项单选入【合同编号】保存 - INFO - 使用【邮箱】登录
2020-09-09 18:37:52,338 - 测试【邮箱账号】有必填项单选入【合同编号】保存 - INFO - 进入意见页面
2020-09-09 18:37:53,977 - 测试【邮箱账号】有必填项单选入【合同编号】保存 - INFO - 输入必填项【哇哇哇】
2020-09-09 18:37:56,267 - 测试【邮箱账号】有必填项单选入【合同编号】保存 - INFO - 勾选【合同编号】
2020-09-09 18:38:01,335 - 测试【邮箱账号】有必填项单选入【合同编号】保存 - INFO - 点击保存
2020-09-09 18:38:01,432 - 测试【邮箱账号】有必填项单选入【合同编号】保存 - INFO - 验证提示
2020-09-09 18:38:02,138 - 测试【邮箱账号】有必填项单选入【合同编号】保存 - INFO - 提示验证成功
2020-09-09 18:38:02,138 - 测试【邮箱账号】有必填项单选入【合同编号】保存 - INFO - 验证数据
2020-09-09 18:38:02,252 - 测试【邮箱账号】有必填项单选入【合同编号】保存 - INFO - 数据保存失败
