2020-09-09 18:29:03,462 - 测试【邮箱账号】有必填项单选入【基金募集报告】保存 - INFO - 使用【邮箱】登录
2020-09-09 18:29:07,810 - 测试【邮箱账号】有必填项单选入【基金募集报告】保存 - INFO - 进入意见页面
2020-09-09 18:29:09,417 - 测试【邮箱账号】有必填项单选入【基金募集报告】保存 - INFO - 输入必填项【哇哇哇】
2020-09-09 18:29:11,679 - 测试【邮箱账号】有必填项单选入【基金募集报告】保存 - INFO - 勾选【基金募集报告】
2020-09-09 18:29:16,743 - 测试【邮箱账号】有必填项单选入【基金募集报告】保存 - INFO - 点击保存
2020-09-09 18:29:16,834 - 测试【邮箱账号】有必填项单选入【基金募集报告】保存 - INFO - 验证提示
2020-09-09 18:29:17,579 - 测试【邮箱账号】有必填项单选入【基金募集报告】保存 - INFO - 提示验证成功
2020-09-09 18:29:17,579 - 测试【邮箱账号】有必填项单选入【基金募集报告】保存 - INFO - 验证数据
2020-09-09 18:29:17,701 - 测试【邮箱账号】有必填项单选入【基金募集报告】保存 - INFO - 数据保存失败
2020-09-09 18:29:24,481 - 测试【邮箱账号】有必填项单选入【其他再融资报告】保存 - INFO - 使用【邮箱】登录
2020-09-09 18:29:28,762 - 测试【邮箱账号】有必填项单选入【其他再融资报告】保存 - INFO - 进入意见页面
2020-09-09 18:29:30,390 - 测试【邮箱账号】有必填项单选入【其他再融资报告】保存 - INFO - 输入必填项【哇哇哇】
2020-09-09 18:29:32,829 - 测试【邮箱账号】有必填项单选入【其他再融资报告】保存 - INFO - 勾选【其他再融资报告】
2020-09-09 18:29:37,895 - 测试【邮箱账号】有必填项单选入【其他再融资报告】保存 - INFO - 点击保存
2020-09-09 18:29:37,992 - 测试【邮箱账号】有必填项单选入【其他再融资报告】保存 - INFO - 验证提示
2020-09-09 18:29:38,494 - 测试【邮箱账号】有必填项单选入【其他再融资报告】保存 - INFO - 提示验证成功
2020-09-09 18:29:38,495 - 测试【邮箱账号】有必填项单选入【其他再融资报告】保存 - INFO - 验证数据
2020-09-09 18:29:38,620 - 测试【邮箱账号】有必填项单选入【其他再融资报告】保存 - INFO - 数据保存失败
2020-09-09 18:29:45,748 - 测试【邮箱账号】有必填项单选入【评级报告】保存 - INFO - 使用【邮箱】登录
2020-09-09 18:29:50,002 - 测试【邮箱账号】有必填项单选入【评级报告】保存 - INFO - 进入意见页面
2020-09-09 18:29:51,605 - 测试【邮箱账号】有必填项单选入【评级报告】保存 - INFO - 输入必填项【哇哇哇】
2020-09-09 18:29:53,876 - 测试【邮箱账号】有必填项单选入【评级报告】保存 - INFO - 勾选【评级报告】
2020-09-09 18:29:58,941 - 测试【邮箱账号】有必填项单选入【评级报告】保存 - INFO - 点击保存
2020-09-09 18:29:59,039 - 测试【邮箱账号】有必填项单选入【评级报告】保存 - INFO - 验证提示
2020-09-09 18:29:59,729 - 测试【邮箱账号】有必填项单选入【评级报告】保存 - INFO - 提示验证成功
2020-09-09 18:29:59,730 - 测试【邮箱账号】有必填项单选入【评级报告】保存 - INFO - 验证数据
2020-09-09 18:29:59,861 - 测试【邮箱账号】有必填项单选入【评级报告】保存 - INFO - 数据保存失败
